2025-05-16 22:14:13,155 - overlay - INFO - Fetching all CameraURLs records
2025-05-16 22:14:13,254 - recording_session - INFO - 🚀 SlowMoWorkers started: 4 threads
2025-05-16 22:14:13,255 - overlay - INFO - Fetching all CameraURLs records
2025-05-16 22:14:13,267 - recording_session - INFO - 🎥 Recording thread started for camera 1
2025-05-16 22:14:13,269 - overlay - INFO - Started recording for camera 1: rtsp://192.168.100.150:8547/h264
2025-05-16 22:14:13,283 - recording_session - INFO - 🎥 Recording thread started for camera 2
2025-05-16 22:14:13,284 - overlay - INFO - Started recording for camera 2: rtsp://192.168.100.150:8547/h264
2025-05-16 22:14:13,295 - recording_session - INFO - 🎥 Recording thread started for camera 3
2025-05-16 22:14:13,295 - overlay - INFO - Started recording for camera 3: rtsp://192.168.100.150:8547/h264
2025-05-16 22:14:13,304 - recording_session - INFO - 🧪 Starting GStreamer pipeline for camera 2
2025-05-16 22:14:13,304 - recording_session - INFO - 🧪 Starting GStreamer pipeline for camera 3
2025-05-16 22:14:13,304 - recording_session - INFO - 🧪 Starting GStreamer pipeline for camera 1
2025-05-16 22:14:13,307 - recording_session - INFO - 🎥 Recording thread started for camera 4
2025-05-16 22:14:13,307 - overlay - INFO - Started recording for camera 4: rtsp://192.168.100.150:8547/h264
2025-05-16 22:14:13,308 - recording_session - INFO - ✅ Pipeline PLAYING for camera 2
2025-05-16 22:14:13,310 - recording_session - INFO - ✅ Pipeline PLAYING for camera 1
2025-05-16 22:14:13,310 - recording_session - INFO - ✅ Pipeline PLAYING for camera 3
2025-05-16 22:14:13,326 - recording_session - INFO - 🧪 Starting GStreamer pipeline for camera 4
2025-05-16 22:14:13,329 - recording_session - INFO - ✅ Pipeline PLAYING for camera 4
2025-05-16 22:14:29,155 - overlay - INFO - Fetching all graphics records
2025-05-16 22:14:29,155 - overlay - INFO - Fetching all CameraURLs records
2025-05-16 22:14:29,159 - overlay - INFO - Found 1 graphics records
2025-05-16 22:14:29,162 - overlay - INFO - Found 4 CameraURLs records
2025-05-16 22:14:29,271 - overlay - INFO - Fetching gamestats with ID: 1
2025-05-16 22:14:29,271 - overlay - INFO - Fetching graphics with ID: 1
2025-05-16 22:14:29,336 - overlay - INFO - Fetching graphics with ID: 1
2025-05-16 22:14:32,826 - overlay - INFO - Fetching all graphics records
2025-05-16 22:14:32,828 - overlay - INFO - Fetching all CameraURLs records
2025-05-16 22:14:32,829 - overlay - INFO - Found 1 graphics records
2025-05-16 22:14:32,833 - overlay - INFO - Found 4 CameraURLs records
2025-05-16 22:14:32,943 - overlay - INFO - Fetching gamestats with ID: 1
2025-05-16 22:14:32,944 - overlay - INFO - Fetching graphics with ID: 1
2025-05-16 22:14:32,997 - overlay - INFO - Fetching graphics with ID: 1
