2025-04-27 22:55:11,140 - overlay - INFO - Fetching all CameraURLs records
2025-04-27 22:55:11,152 - recording_session - INFO - 🚀 SlowMoWorker started
2025-04-27 22:55:11,156 - overlay - INFO - Fetching all CameraURLs records
2025-04-27 22:55:11,172 - recording_session - INFO - 🎥 Recording thread started for camera 1
2025-04-27 22:55:11,174 - overlay - INFO - Started recording for camera 1: rtsp://192.168.100.150:8547/h264
2025-04-27 22:55:11,174 - recording_session - INFO - 🧹 Cleanup done. Deleted 0 files.
2025-04-27 22:55:11,185 - recording_session - INFO - 🧪 Starting GStreamer pipeline for camera 1
2025-04-27 22:55:11,187 - recording_session - INFO - 🎥 Recording thread started for camera 2
2025-04-27 22:55:11,187 - recording_session - INFO - ✅ Pipeline set to PLAYING for camera 1
2025-04-27 22:55:11,187 - overlay - INFO - Started recording for camera 2: rtsp://192.168.100.150:8547/h264
2025-04-27 22:55:11,198 - recording_session - INFO - 🧪 Starting GStreamer pipeline for camera 2
2025-04-27 22:55:11,209 - recording_session - INFO - 🎥 Recording thread started for camera 3
2025-04-27 22:55:11,210 - recording_session - INFO - ✅ Pipeline set to PLAYING for camera 2
2025-04-27 22:55:11,210 - overlay - INFO - Started recording for camera 3: rtsp://192.168.100.150:8547/h264
2025-04-27 22:55:11,212 - recording_session - INFO - 🧪 Starting GStreamer pipeline for camera 3
2025-04-27 22:55:11,213 - recording_session - INFO - ✅ Pipeline set to PLAYING for camera 3
2025-04-27 22:55:11,222 - recording_session - INFO - 🎥 Recording thread started for camera 4
2025-04-27 22:55:11,222 - overlay - INFO - Started recording for camera 4: rtsp://192.168.100.150:8547/h264
2025-04-27 22:55:11,226 - recording_session - INFO - 🧪 Starting GStreamer pipeline for camera 4
2025-04-27 22:55:11,230 - recording_session - INFO - ✅ Pipeline set to PLAYING for camera 4
2025-04-27 22:55:11,254 - recording_session - INFO - 🔌 pad-added signal for camera 4
2025-04-27 22:55:11,255 - recording_session - INFO - 🔗 Linked rtspsrc pad to depay for camera 4
