2025-04-27 22:56:41,394 - overlay - INFO - Fetching all CameraURLs records
2025-04-27 22:56:41,403 - recording_session - INFO - 🚀 SlowMoWorker started
2025-04-27 22:56:41,405 - overlay - INFO - Fetching all CameraURLs records
2025-04-27 22:56:41,413 - recording_session - INFO - 🧹 Cleanup done. Deleted 0 files.
2025-04-27 22:56:41,428 - recording_session - INFO - 🎥 Recording thread started for camera 1
2025-04-27 22:56:41,430 - overlay - INFO - Started recording for camera 1: rtsp://192.168.100.150:8547/h264
2025-04-27 22:56:41,439 - recording_session - INFO - 🎥 Recording thread started for camera 2
2025-04-27 22:56:41,440 - overlay - INFO - Started recording for camera 2: rtsp://192.168.100.150:8547/h264
2025-04-27 22:56:41,445 - recording_session - INFO - 🧪 Starting GStreamer pipeline for camera 1
2025-04-27 22:56:41,445 - recording_session - INFO - 🧪 Starting GStreamer pipeline for camera 2
2025-04-27 22:56:41,446 - recording_session - INFO - 🎥 Recording thread started for camera 3
2025-04-27 22:56:41,446 - overlay - INFO - Started recording for camera 3: rtsp://192.168.100.150:8547/h264
2025-04-27 22:56:41,447 - recording_session - INFO - ✅ Pipeline set to PLAYING for camera 1
2025-04-27 22:56:41,448 - recording_session - INFO - 🧪 Starting GStreamer pipeline for camera 3
2025-04-27 22:56:41,448 - recording_session - INFO - ✅ Pipeline set to PLAYING for camera 2
2025-04-27 22:56:41,467 - recording_session - INFO - 🎥 Recording thread started for camera 4
2025-04-27 22:56:41,467 - recording_session - INFO - ✅ Pipeline set to PLAYING for camera 3
2025-04-27 22:56:41,468 - overlay - INFO - Started recording for camera 4: rtsp://192.168.100.150:8547/h264
2025-04-27 22:56:41,473 - recording_session - INFO - 🧪 Starting GStreamer pipeline for camera 4
2025-04-27 22:56:41,475 - recording_session - INFO - ✅ Pipeline set to PLAYING for camera 4
2025-04-27 22:56:41,504 - recording_session - INFO - 🔌 pad-added signal for camera 4
2025-04-27 22:56:41,504 - recording_session - INFO - 🔗 Linked rtspsrc pad to depay for camera 4
