2025-05-11 19:20:34,034 - overlay - INFO - Fetching all CameraURLs records
2025-05-11 19:20:34,048 - recording_session - INFO - ðŸš€ SlowMoWorkers started: 4 threads
2025-05-11 19:20:34,048 - overlay - INFO - Fetching all CameraURLs records
2025-05-11 19:20:34,058 - recording_session - INFO - ðŸŽ¥ Recording thread started for camera 1
2025-05-11 19:20:34,062 - overlay - INFO - Started recording for camera 1: rtsp://192.168.100.150:8547/h264
2025-05-11 19:20:34,077 - recording_session - INFO - ðŸŽ¥ Recording thread started for camera 2
2025-05-11 19:20:34,077 - overlay - INFO - Started recording for camera 2: rtsp://192.168.100.150:8547/h264
2025-05-11 19:20:34,091 - recording_session - INFO - ðŸŽ¥ Recording thread started for camera 3
2025-05-11 19:20:34,092 - overlay - INFO - Started recording for camera 3: rtsp://192.168.100.150:8547/h264
2025-05-11 19:20:34,104 - recording_session - INFO - ðŸŽ¥ Recording thread started for camera 4
2025-05-11 19:20:34,104 - overlay - INFO - Started recording for camera 4: rtsp://192.168.100.150:8547/h264
2025-05-11 19:20:34,104 - recording_session - INFO - ðŸ§ª Starting GStreamer pipeline for camera 1
2025-05-11 19:20:34,105 - recording_session - INFO - ðŸ§ª Starting GStreamer pipeline for camera 2
2025-05-11 19:20:34,106 - recording_session - INFO - ðŸ§ª Starting GStreamer pipeline for camera 3
2025-05-11 19:20:34,109 - recording_session - INFO - ðŸ§ª Starting GStreamer pipeline for camera 4
2025-05-11 19:20:34,135 - recording_session - INFO - âœ… Pipeline PLAYING for camera 4
2025-05-11 19:20:34,136 - recording_session - INFO - âœ… Pipeline PLAYING for camera 1
2025-05-11 19:20:34,137 - recording_session - INFO - âœ… Pipeline PLAYING for camera 2
2025-05-11 19:20:34,137 - recording_session - INFO - âœ… Pipeline PLAYING for camera 3
2025-05-11 19:20:34,361 - recording_session - INFO - âœ… Linked rtspsrc â†’ depay for camera 3
2025-05-11 19:20:34,361 - recording_session - INFO - âœ… Linked rtspsrc â†’ depay for camera 4
2025-05-11 19:20:34,365 - recording_session - INFO - âœ… Linked rtspsrc â†’ depay for camera 2
2025-05-11 19:20:34,366 - recording_session - INFO - âœ… Linked rtspsrc â†’ depay for camera 1
2025-05-11 19:20:34,381 - recording_session - INFO - ðŸ“ Started recording chunk: /var/www/html/public/assets/uploads/CAM4/2025-05-11/1746973234.mp4
2025-05-11 19:20:34,393 - recording_session - INFO - ðŸ“ Started recording chunk: /var/www/html/public/assets/uploads/CAM3/2025-05-11/1746973234.mp4
2025-05-11 19:20:34,414 - recording_session - INFO - ðŸ“ Started recording chunk: /var/www/html/public/assets/uploads/CAM1/2025-05-11/1746973234.mp4
2025-05-11 19:20:34,431 - recording_session - INFO - ðŸ“ Started recording chunk: /var/www/html/public/assets/uploads/CAM2/2025-05-11/1746973234.mp4
2025-05-11 19:20:50,299 - overlay - INFO - Fetching all graphics records
2025-05-11 19:20:50,299 - overlay - INFO - Fetching all CameraURLs records
2025-05-11 19:20:50,310 - overlay - INFO - Found 1 graphics records
2025-05-11 19:20:50,311 - overlay - INFO - Found 4 CameraURLs records
2025-05-11 19:20:50,431 - overlay - INFO - Fetching graphics with ID: 1
2025-05-11 19:20:50,431 - overlay - INFO - Fetching gamestats with ID: 1
2025-05-11 19:20:50,481 - overlay - INFO - Fetching graphics with ID: 1
2025-05-11 19:20:57,450 - overlay - INFO - Loaded stream target (ID: 1): srt => srt://origin-v2.vewbie.com:7010
2025-05-11 19:20:57,450 - overlay - INFO - Creating pipeline for srt stream to: srt://origin-v2.vewbie.com:7010
2025-05-11 19:20:57,455 - overlay - ERROR - Unexpected error: object of type `GstMpegTsMux' does not have property `stream-header'
2025-05-11 19:21:12,630 - recording_session - INFO - Finalizing chunk: /var/www/html/public/assets/uploads/CAM1/2025-05-11/1746973234.mp4
