2025-04-27 22:52:24,903 - overlay - INFO - Fetching all CameraURLs records
2025-04-27 22:52:24,912 - recording_session - INFO - 🚀 SlowMoWorker started
2025-04-27 22:52:24,913 - overlay - INFO - Fetching all CameraURLs records
2025-04-27 22:52:24,918 - recording_session - INFO - 🧹 Cleanup done. Deleted 0 files.
2025-04-27 22:52:24,946 - recording_session - INFO - 🎥 Recording thread started for camera 1
2025-04-27 22:52:24,947 - overlay - INFO - Started recording for camera 1: rtsp://192.168.100.150:8547/h264
2025-04-27 22:52:24,957 - recording_session - INFO - 🎥 Recording thread started for camera 2
2025-04-27 22:52:24,957 - overlay - INFO - Started recording for camera 2: rtsp://192.168.100.150:8547/h264
2025-04-27 22:52:24,966 - recording_session - INFO - 🎥 Recording thread started for camera 3
2025-04-27 22:52:24,967 - overlay - INFO - Started recording for camera 3: rtsp://192.168.100.150:8547/h264
2025-04-27 22:52:24,973 - recording_session - INFO - 🧪 Starting GStreamer pipeline for camera 1
2025-04-27 22:52:24,973 - recording_session - INFO - 🧪 Starting GStreamer pipeline for camera 3
2025-04-27 22:52:24,973 - recording_session - INFO - 🧪 Starting GStreamer pipeline for camera 2
2025-04-27 22:52:24,975 - recording_session - INFO - ✅ Pipeline set to PLAYING for camera 2
2025-04-27 22:52:24,975 - recording_session - INFO - ✅ Pipeline set to PLAYING for camera 3
2025-04-27 22:52:24,975 - recording_session - INFO - ✅ Pipeline set to PLAYING for camera 1
2025-04-27 22:52:24,986 - recording_session - INFO - 🎥 Recording thread started for camera 4
2025-04-27 22:52:24,986 - overlay - INFO - Started recording for camera 4: rtsp://192.168.100.150:8547/h264
2025-04-27 22:52:24,996 - recording_session - INFO - 🧪 Starting GStreamer pipeline for camera 4
2025-04-27 22:52:25,000 - recording_session - INFO - ✅ Pipeline set to PLAYING for camera 4
2025-04-27 22:52:25,067 - recording_session - INFO - 🔌 pad-added signal for camera 3
2025-04-27 22:52:25,068 - recording_session - INFO - 🔗 Linked rtspsrc pad to depay for camera 3
2025-04-27 22:52:25,090 - recording_session - INFO - 🔌 pad-added signal for camera 4
2025-04-27 22:52:25,091 - recording_session - INFO - 🔗 Linked rtspsrc pad to depay for camera 4
