2025-05-18 13:27:46,973 - overlay - INFO - Fetching all CameraURLs records
2025-05-18 13:27:47,337 - recording_session - INFO - 🚀 SlowMoWorkers started: 4 threads
2025-05-18 13:27:47,338 - overlay - INFO - Fetching all CameraURLs records
2025-05-18 13:27:47,356 - recording_session - INFO - 🎥 Recording thread started for camera 1
2025-05-18 13:27:47,356 - overlay - INFO - Started recording for camera 1: rtsp://192.168.100.150:8547/h264
2025-05-18 13:27:47,374 - recording_session - INFO - 🎥 Recording thread started for camera 2
2025-05-18 13:27:47,374 - overlay - INFO - Started recording for camera 2: rtsp://192.168.100.150:8547/h264
2025-05-18 13:27:47,390 - recording_session - INFO - 🎥 Recording thread started for camera 3
2025-05-18 13:27:47,390 - overlay - INFO - Started recording for camera 3: rtsp://192.168.100.150:8547/h264
2025-05-18 13:27:47,403 - recording_session - INFO - 🎥 Recording thread started for camera 4
2025-05-18 13:27:47,404 - overlay - INFO - Started recording for camera 4: rtsp://192.168.100.150:8547/h264
2025-05-18 13:27:47,426 - recording_session - INFO - 🧪 Starting GStreamer pipeline for camera 4
2025-05-18 13:27:47,426 - recording_session - INFO - 🧪 Starting GStreamer pipeline for camera 2
2025-05-18 13:27:47,426 - recording_session - INFO - 🧪 Starting GStreamer pipeline for camera 3
2025-05-18 13:27:47,426 - recording_session - INFO - 🧪 Starting GStreamer pipeline for camera 1
2025-05-18 13:27:47,431 - recording_session - INFO - ✅ Pipeline PLAYING for camera 4
2025-05-18 13:27:47,431 - recording_session - INFO - ✅ Pipeline PLAYING for camera 2
2025-05-18 13:27:47,431 - recording_session - INFO - ✅ Pipeline PLAYING for camera 3
2025-05-18 13:27:47,432 - recording_session - INFO - ✅ Pipeline PLAYING for camera 1
2025-05-18 15:27:47,418 - overlay - INFO - Deleted old file: /var/www/html/public/assets/uploads/CAM1/2025-05-18/1747519980.mp4
2025-05-18 16:27:47,439 - overlay - INFO - Deleted old file: /var/www/html/public/assets/uploads/CAM3/2025-05-18/1747519980.mp4
2025-05-18 17:27:47,442 - overlay - INFO - Deleted old file: /var/www/html/public/assets/uploads/CAM2/2025-05-18/1747519980.mp4
2025-05-18 18:27:47,445 - overlay - INFO - Deleted old file: /var/www/html/public/assets/uploads/CAM4/2025-05-18/1747519980.mp4
