2025-04-27 22:55:53,905 - overlay - INFO - Fetching all CameraURLs records
2025-04-27 22:55:53,915 - recording_session - INFO - 🚀 SlowMoWorker started
2025-04-27 22:55:53,916 - overlay - INFO - Fetching all CameraURLs records
2025-04-27 22:55:53,927 - recording_session - INFO - 🧹 Cleanup done. Deleted 0 files.
2025-04-27 22:55:53,936 - recording_session - INFO - 🎥 Recording thread started for camera 1
2025-04-27 22:55:53,941 - overlay - INFO - Started recording for camera 1: rtsp://192.168.100.150:8547/h264
2025-04-27 22:55:53,953 - recording_session - INFO - 🎥 Recording thread started for camera 2
2025-04-27 22:55:53,953 - overlay - INFO - Started recording for camera 2: rtsp://192.168.100.150:8547/h264
2025-04-27 22:55:53,962 - recording_session - INFO - 🎥 Recording thread started for camera 3
2025-04-27 22:55:53,963 - overlay - INFO - Started recording for camera 3: rtsp://192.168.100.150:8547/h264
2025-04-27 22:55:53,964 - recording_session - INFO - 🧪 Starting GStreamer pipeline for camera 1
2025-04-27 22:55:53,964 - recording_session - INFO - 🧪 Starting GStreamer pipeline for camera 2
2025-04-27 22:55:53,964 - recording_session - INFO - 🧪 Starting GStreamer pipeline for camera 3
2025-04-27 22:55:53,968 - recording_session - INFO - ✅ Pipeline set to PLAYING for camera 1
2025-04-27 22:55:53,968 - recording_session - INFO - ✅ Pipeline set to PLAYING for camera 3
2025-04-27 22:55:53,968 - recording_session - INFO - ✅ Pipeline set to PLAYING for camera 2
2025-04-27 22:55:53,980 - recording_session - INFO - 🎥 Recording thread started for camera 4
2025-04-27 22:55:53,986 - overlay - INFO - Started recording for camera 4: rtsp://192.168.100.150:8547/h264
2025-04-27 22:55:53,990 - recording_session - INFO - 🧪 Starting GStreamer pipeline for camera 4
2025-04-27 22:55:53,992 - recording_session - INFO - ✅ Pipeline set to PLAYING for camera 4
2025-04-27 22:55:54,018 - recording_session - INFO - 🔌 pad-added signal for camera 3
2025-04-27 22:55:54,018 - recording_session - INFO - 🔗 Linked rtspsrc pad to depay for camera 3
2025-04-27 22:55:54,028 - recording_session - INFO - 🔌 pad-added signal for camera 4
2025-04-27 22:55:54,031 - recording_session - INFO - 🔗 Linked rtspsrc pad to depay for camera 4
