2025-04-27 22:37:40,404 - overlay - INFO - Fetching all CameraURLs records
2025-04-27 22:37:40,414 - recording_session - INFO - 🚀 SlowMoWorker started
2025-04-27 22:37:40,415 - overlay - INFO - Fetching all CameraURLs records
2025-04-27 22:37:40,435 - recording_session - INFO - 🧹 Cleanup done. Deleted 0 files.
2025-04-27 22:37:40,438 - recording_session - INFO - 🎥 Recording thread started for camera 1
2025-04-27 22:37:40,439 - overlay - INFO - Started recording for camera 1: rtsp://192.168.100.150:8547/h264
2025-04-27 22:37:40,452 - recording_session - INFO - 🧪 Starting GStreamer pipeline for camera 1
2025-04-27 22:37:40,452 - recording_session - INFO - 🎥 Recording thread started for camera 2
2025-04-27 22:37:40,453 - overlay - INFO - Started recording for camera 2: rtsp://192.168.100.150:8547/h264
2025-04-27 22:37:40,453 - recording_session - INFO - ✅ Pipeline set to PLAYING for camera 1
2025-04-27 22:37:40,469 - recording_session - INFO - 🧪 Starting GStreamer pipeline for camera 2
2025-04-27 22:37:40,471 - recording_session - INFO - 🎥 Recording thread started for camera 3
2025-04-27 22:37:40,471 - recording_session - INFO - ✅ Pipeline set to PLAYING for camera 2
2025-04-27 22:37:40,471 - overlay - INFO - Started recording for camera 3: rtsp://192.168.100.150:8547/h264
2025-04-27 22:37:40,474 - recording_session - INFO - 🧪 Starting GStreamer pipeline for camera 3
2025-04-27 22:37:40,476 - recording_session - INFO - ✅ Pipeline set to PLAYING for camera 3
2025-04-27 22:37:40,486 - recording_session - INFO - 🎥 Recording thread started for camera 4
2025-04-27 22:37:40,486 - overlay - INFO - Started recording for camera 4: rtsp://192.168.100.150:8547/h264
2025-04-27 22:37:40,491 - recording_session - INFO - 🧪 Starting GStreamer pipeline for camera 4
2025-04-27 22:37:40,493 - recording_session - INFO - ✅ Pipeline set to PLAYING for camera 4
2025-04-27 22:37:40,519 - recording_session - INFO - 🔌 pad-added signal for camera 4
2025-04-27 22:37:40,520 - recording_session - INFO - 🔗 Linked rtspsrc pad to depay for camera 4
