2025-04-27 22:57:57,388 - overlay - INFO - Fetching all CameraURLs records
2025-04-27 22:57:57,399 - recording_session - INFO - 🚀 SlowMoWorker started
2025-04-27 22:57:57,401 - overlay - INFO - Fetching all CameraURLs records
2025-04-27 22:57:57,411 - recording_session - INFO - 🧹 Cleanup done. Deleted 0 files.
2025-04-27 22:57:57,420 - recording_session - INFO - 🎥 Recording thread started for camera 1
2025-04-27 22:57:57,425 - overlay - INFO - Started recording for camera 1: rtsp://192.168.100.150:8547/h264
2025-04-27 22:57:57,436 - recording_session - INFO - 🎥 Recording thread started for camera 2
2025-04-27 22:57:57,437 - overlay - INFO - Started recording for camera 2: rtsp://192.168.100.150:8547/h264
2025-04-27 22:57:57,440 - recording_session - INFO - 🧪 Starting GStreamer pipeline for camera 1
2025-04-27 22:57:57,441 - recording_session - INFO - 🧪 Starting GStreamer pipeline for camera 2
2025-04-27 22:57:57,442 - recording_session - INFO - ✅ Pipeline set to PLAYING for camera 1
2025-04-27 22:57:57,444 - recording_session - INFO - ✅ Pipeline set to PLAYING for camera 2
2025-04-27 22:57:57,451 - recording_session - INFO - 🎥 Recording thread started for camera 3
2025-04-27 22:57:57,452 - overlay - INFO - Started recording for camera 3: rtsp://192.168.100.150:8547/h264
2025-04-27 22:57:57,453 - recording_session - INFO - 🧪 Starting GStreamer pipeline for camera 3
2025-04-27 22:57:57,459 - recording_session - INFO - ✅ Pipeline set to PLAYING for camera 3
2025-04-27 22:57:57,462 - recording_session - INFO - 🎥 Recording thread started for camera 4
2025-04-27 22:57:57,462 - overlay - INFO - Started recording for camera 4: rtsp://192.168.100.150:8547/h264
2025-04-27 22:57:57,465 - recording_session - INFO - 🧪 Starting GStreamer pipeline for camera 4
2025-04-27 22:57:57,467 - recording_session - INFO - ✅ Pipeline set to PLAYING for camera 4
2025-04-27 22:57:57,497 - recording_session - INFO - 🔌 pad-added signal for camera 4
2025-04-27 22:57:57,498 - recording_session - INFO - 🔗 Linked rtspsrc pad to depay for camera 4
