2025-05-11 19:17:15,588 - overlay - INFO - Fetching all CameraURLs records
2025-05-11 19:17:15,599 - recording_session - INFO - ðŸš€ SlowMoWorkers started: 4 threads
2025-05-11 19:17:15,599 - overlay - INFO - Fetching all CameraURLs records
2025-05-11 19:17:15,615 - recording_session - INFO - ðŸŽ¥ Recording thread started for camera 1
2025-05-11 19:17:15,617 - overlay - INFO - Started recording for camera 1: rtsp://192.168.100.150:8547/h264
2025-05-11 19:17:15,629 - recording_session - INFO - ðŸŽ¥ Recording thread started for camera 2
2025-05-11 19:17:15,630 - overlay - INFO - Started recording for camera 2: rtsp://192.168.100.150:8547/h264
2025-05-11 19:17:15,641 - recording_session - INFO - ðŸŽ¥ Recording thread started for camera 3
2025-05-11 19:17:15,641 - overlay - INFO - Started recording for camera 3: rtsp://192.168.100.150:8547/h264
2025-05-11 19:17:15,649 - recording_session - INFO - ðŸŽ¥ Recording thread started for camera 4
2025-05-11 19:17:15,649 - overlay - INFO - Started recording for camera 4: rtsp://192.168.100.150:8547/h264
2025-05-11 19:17:15,650 - recording_session - INFO - ðŸ§ª Starting GStreamer pipeline for camera 1
2025-05-11 19:17:15,651 - recording_session - INFO - ðŸ§ª Starting GStreamer pipeline for camera 3
2025-05-11 19:17:15,652 - recording_session - INFO - ðŸ§ª Starting GStreamer pipeline for camera 2
2025-05-11 19:17:15,664 - recording_session - INFO - âœ… Pipeline PLAYING for camera 1
2025-05-11 19:17:15,690 - recording_session - INFO - ðŸ§ª Starting GStreamer pipeline for camera 4
2025-05-11 19:17:15,691 - recording_session - INFO - âœ… Pipeline PLAYING for camera 3
2025-05-11 19:17:15,694 - recording_session - INFO - âœ… Pipeline PLAYING for camera 2
2025-05-11 19:17:15,718 - recording_session - INFO - âœ… Pipeline PLAYING for camera 4
2025-05-11 19:17:15,874 - recording_session - INFO - âœ… Linked rtspsrc â†’ depay for camera 4
2025-05-11 19:17:15,874 - recording_session - INFO - âœ… Linked rtspsrc â†’ depay for camera 2
2025-05-11 19:17:15,875 - recording_session - INFO - âœ… Linked rtspsrc â†’ depay for camera 3
2025-05-11 19:17:15,882 - recording_session - INFO - âœ… Linked rtspsrc â†’ depay for camera 1
2025-05-11 19:17:15,892 - recording_session - INFO - ðŸ“ Started recording chunk: /var/www/html/public/assets/uploads/CAM3/2025-05-11/1746973035.mp4
2025-05-11 19:17:15,904 - recording_session - INFO - ðŸ“ Started recording chunk: /var/www/html/public/assets/uploads/CAM1/2025-05-11/1746973035.mp4
2025-05-11 19:17:15,923 - recording_session - INFO - ðŸ“ Started recording chunk: /var/www/html/public/assets/uploads/CAM4/2025-05-11/1746973035.mp4
2025-05-11 19:17:15,943 - recording_session - INFO - ðŸ“ Started recording chunk: /var/www/html/public/assets/uploads/CAM2/2025-05-11/1746973035.mp4
2025-05-11 19:17:23,020 - overlay - INFO - Fetching all graphics records
2025-05-11 19:17:23,020 - overlay - INFO - Fetching all CameraURLs records
2025-05-11 19:17:23,024 - overlay - INFO - Found 1 graphics records
2025-05-11 19:17:23,025 - overlay - INFO - Found 4 CameraURLs records
2025-05-11 19:17:23,146 - overlay - INFO - Fetching graphics with ID: 1
2025-05-11 19:17:23,146 - overlay - INFO - Fetching gamestats with ID: 1
2025-05-11 19:17:23,198 - overlay - INFO - Fetching graphics with ID: 1
2025-05-11 19:17:25,368 - overlay - INFO - Loaded stream target (ID: 1): srt => srt://origin-v2.vewbie.com:7010
2025-05-11 19:17:25,369 - overlay - INFO - Creating pipeline for srt stream to: srt://origin-v2.vewbie.com:7010
2025-05-11 19:17:25,379 - overlay - ERROR - Unexpected error: object of type `GstMpegTsMux' does not have property `stream-header'
2025-05-11 19:17:49,005 - overlay - INFO - Fetching gamestats with ID: 1
2025-05-11 19:17:49,021 - overlay - INFO - Fetching graphics with ID: 1
2025-05-11 19:17:49,243 - recording_session - INFO - Finalizing chunk: /var/www/html/public/assets/uploads/CAM1/2025-05-11/1746973035.mp4
