2025-04-27 23:02:37,655 - overlay - INFO - Fetching all CameraURLs records
2025-04-27 23:02:37,664 - recording_session - INFO - 🚀 SlowMoWorker started
2025-04-27 23:02:37,665 - overlay - INFO - Fetching all CameraURLs records
2025-04-27 23:02:37,687 - recording_session - INFO - 🎥 Recording thread started for camera 1
2025-04-27 23:02:37,689 - overlay - INFO - Started recording for camera 1: rtsp://192.168.100.150:8547/h264
2025-04-27 23:02:37,689 - recording_session - INFO - 🧹 Cleanup done. Deleted 0 files.
2025-04-27 23:02:37,706 - recording_session - INFO - 🎥 Recording thread started for camera 2
2025-04-27 23:02:37,706 - overlay - INFO - Started recording for camera 2: rtsp://192.168.100.150:8547/h264
2025-04-27 23:02:37,709 - recording_session - INFO - 🧪 Starting GStreamer pipeline for camera 1
2025-04-27 23:02:37,710 - recording_session - INFO - 🧪 Starting GStreamer pipeline for camera 2
2025-04-27 23:02:37,712 - recording_session - INFO - ✅ Pipeline set to PLAYING for camera 2
2025-04-27 23:02:37,712 - recording_session - INFO - ✅ Pipeline set to PLAYING for camera 1
2025-04-27 23:02:37,734 - recording_session - INFO - 🎥 Recording thread started for camera 3
2025-04-27 23:02:37,735 - overlay - INFO - Started recording for camera 3: rtsp://192.168.100.150:8547/h264
2025-04-27 23:02:37,744 - recording_session - INFO - 🧪 Starting GStreamer pipeline for camera 3
2025-04-27 23:02:37,745 - recording_session - INFO - ✅ Pipeline set to PLAYING for camera 3
2025-04-27 23:02:37,754 - recording_session - INFO - 🎥 Recording thread started for camera 4
2025-04-27 23:02:37,754 - overlay - INFO - Started recording for camera 4: rtsp://192.168.100.150:8547/h264
2025-04-27 23:02:37,768 - recording_session - INFO - 🧪 Starting GStreamer pipeline for camera 4
2025-04-27 23:02:37,769 - recording_session - INFO - ✅ Pipeline set to PLAYING for camera 4
2025-04-27 23:02:37,792 - recording_session - INFO - 🔌 pad-added signal for camera 4
2025-04-27 23:02:37,793 - recording_session - INFO - 🔗 Linked rtspsrc pad to depay for camera 4
