2025-04-27 22:38:46,605 - overlay - INFO - Fetching all CameraURLs records
2025-04-27 22:38:46,616 - recording_session - INFO - 🚀 SlowMoWorker started
2025-04-27 22:38:46,617 - overlay - INFO - Fetching all CameraURLs records
2025-04-27 22:38:46,643 - recording_session - INFO - 🎥 Recording thread started for camera 1
2025-04-27 22:38:46,643 - overlay - INFO - Started recording for camera 1: rtsp://192.168.100.150:8547/h264
2025-04-27 22:38:46,645 - recording_session - INFO - 🧹 Cleanup done. Deleted 0 files.
2025-04-27 22:38:46,660 - recording_session - INFO - 🎥 Recording thread started for camera 2
2025-04-27 22:38:46,661 - overlay - INFO - Started recording for camera 2: rtsp://192.168.100.150:8547/h264
2025-04-27 22:38:46,670 - recording_session - INFO - 🧪 Starting GStreamer pipeline for camera 1
2025-04-27 22:38:46,671 - recording_session - INFO - 🧪 Starting GStreamer pipeline for camera 2
2025-04-27 22:38:46,673 - recording_session - INFO - ✅ Pipeline set to PLAYING for camera 2
2025-04-27 22:38:46,674 - recording_session - INFO - ✅ Pipeline set to PLAYING for camera 1
2025-04-27 22:38:46,693 - recording_session - INFO - 🎥 Recording thread started for camera 3
2025-04-27 22:38:46,694 - overlay - INFO - Started recording for camera 3: rtsp://192.168.100.150:8547/h264
2025-04-27 22:38:46,697 - recording_session - INFO - 🧪 Starting GStreamer pipeline for camera 3
2025-04-27 22:38:46,703 - recording_session - INFO - ✅ Pipeline set to PLAYING for camera 3
2025-04-27 22:38:46,706 - recording_session - INFO - 🎥 Recording thread started for camera 4
2025-04-27 22:38:46,708 - overlay - INFO - Started recording for camera 4: rtsp://192.168.100.150:8547/h264
2025-04-27 22:38:46,712 - recording_session - INFO - 🧪 Starting GStreamer pipeline for camera 4
2025-04-27 22:38:46,713 - recording_session - INFO - ✅ Pipeline set to PLAYING for camera 4
2025-04-27 22:38:46,743 - recording_session - INFO - 🔌 pad-added signal for camera 4
2025-04-27 22:38:46,743 - recording_session - INFO - 🔗 Linked rtspsrc pad to depay for camera 4
