2025-05-11 13:26:04,101 - overlay - INFO - Fetching all CameraURLs records
2025-05-11 13:26:04,111 - recording_session - INFO - ðŸš€ SlowMoWorkers started: 4 threads
2025-05-11 13:26:04,111 - overlay - INFO - Fetching all CameraURLs records
2025-05-11 13:26:04,123 - recording_session - INFO - ðŸŽ¥ Recording thread started for camera 1
2025-05-11 13:26:04,125 - overlay - INFO - Started recording for camera 1: rtsp://192.168.100.150:8547/h264
2025-05-11 13:26:04,140 - recording_session - INFO - ðŸŽ¥ Recording thread started for camera 2
2025-05-11 13:26:04,140 - overlay - INFO - Started recording for camera 2: rtsp://192.168.100.150:8547/h264
2025-05-11 13:26:04,151 - recording_session - INFO - ðŸŽ¥ Recording thread started for camera 3
2025-05-11 13:26:04,151 - overlay - INFO - Started recording for camera 3: rtsp://192.168.100.150:8547/h264
2025-05-11 13:26:04,157 - recording_session - INFO - ðŸ§ª Starting GStreamer pipeline for camera 1
2025-05-11 13:26:04,158 - recording_session - INFO - ðŸ§ª Starting GStreamer pipeline for camera 2
2025-05-11 13:26:04,158 - recording_session - INFO - ðŸ§ª Starting GStreamer pipeline for camera 3
2025-05-11 13:26:04,163 - recording_session - INFO - ðŸŽ¥ Recording thread started for camera 4
2025-05-11 13:26:04,163 - overlay - INFO - Started recording for camera 4: rtsp://192.168.100.150:8547/h264
2025-05-11 13:26:04,168 - recording_session - INFO - ðŸ§ª Starting GStreamer pipeline for camera 4
2025-05-11 13:26:04,182 - recording_session - INFO - âœ… Pipeline PLAYING for camera 1
2025-05-11 13:26:04,196 - recording_session - INFO - âœ… Pipeline PLAYING for camera 2
2025-05-11 13:26:04,208 - recording_session - INFO - âœ… Pipeline PLAYING for camera 4
2025-05-11 13:26:04,249 - recording_session - INFO - âœ… Pipeline PLAYING for camera 3
2025-05-11 13:26:04,413 - recording_session - INFO - âœ… Linked rtspsrc â†’ depay for camera 4
2025-05-11 13:26:04,414 - recording_session - INFO - âœ… Linked rtspsrc â†’ depay for camera 2
2025-05-11 13:26:04,415 - recording_session - INFO - âœ… Linked rtspsrc â†’ depay for camera 1
2025-05-11 13:26:04,422 - recording_session - INFO - âœ… Linked rtspsrc â†’ depay for camera 3
2025-05-11 13:26:04,434 - recording_session - INFO - ðŸ“ Started recording chunk: /var/www/html/public/assets/uploads/CAM1/2025-05-11/1746951964.mp4
2025-05-11 13:26:04,447 - recording_session - INFO - ðŸ“ Started recording chunk: /var/www/html/public/assets/uploads/CAM2/2025-05-11/1746951964.mp4
2025-05-11 13:26:04,464 - recording_session - INFO - ðŸ“ Started recording chunk: /var/www/html/public/assets/uploads/CAM4/2025-05-11/1746951964.mp4
2025-05-11 13:26:04,489 - recording_session - INFO - ðŸ“ Started recording chunk: /var/www/html/public/assets/uploads/CAM3/2025-05-11/1746951964.mp4
2025-05-11 13:26:23,632 - overlay - INFO - Fetching all graphics records
2025-05-11 13:26:23,632 - overlay - INFO - Fetching all CameraURLs records
2025-05-11 13:26:23,637 - overlay - INFO - Found 1 graphics records
2025-05-11 13:26:23,640 - overlay - INFO - Found 4 CameraURLs records
2025-05-11 13:26:23,759 - overlay - INFO - Fetching gamestats with ID: 1
2025-05-11 13:26:23,760 - overlay - INFO - Fetching graphics with ID: 1
2025-05-11 13:26:23,818 - overlay - INFO - Fetching graphics with ID: 1
2025-05-11 13:26:27,392 - overlay - INFO - Loaded stream target (ID: 1): srt => srt://origin-v2.vewbie.com:7010
2025-05-11 13:26:27,393 - overlay - INFO - Creating pipeline for srt stream to: srt://origin-v2.vewbie.com:7010
2025-05-11 13:26:27,533 - overlay - INFO - ðŸ§© Dynamic overlay URL set to: http://103.217.176.16:8080/scorecards/baseball/scorecard/1
2025-05-11 13:26:27,534 - overlay - INFO - Adding overlay for position: tl
2025-05-11 13:26:27,536 - overlay - INFO - Screenshot capture started...
2025-05-11 13:26:27,541 - overlay - INFO - Position set to tl (X: 10, Y: 10)
2025-05-11 13:26:27,605 - overlay - INFO - State changed: NULL -> READY
2025-05-11 13:26:27,606 - overlay - INFO - State changed: NULL -> READY
2025-05-11 13:26:27,606 - overlay - INFO - State changed: NULL -> READY
2025-05-11 13:26:27,607 - overlay - INFO - State changed: NULL -> READY
2025-05-11 13:26:27,607 - overlay - INFO - State changed: NULL -> READY
2025-05-11 13:26:27,607 - overlay - INFO - State changed: NULL -> READY
2025-05-11 13:26:27,607 - overlay - INFO - State changed: NULL -> READY
2025-05-11 13:26:27,608 - overlay - INFO - State changed: NULL -> READY
2025-05-11 13:26:27,608 - overlay - INFO - State changed: NULL -> READY
2025-05-11 13:26:27,608 - overlay - INFO - State changed: NULL -> READY
2025-05-11 13:26:27,608 - overlay - INFO - State changed: NULL -> READY
2025-05-11 13:26:27,608 - overlay - INFO - State changed: NULL -> READY
2025-05-11 13:26:27,608 - overlay - INFO - State changed: NULL -> READY
2025-05-11 13:26:27,608 - overlay - INFO - State changed: NULL -> READY
2025-05-11 13:26:27,608 - overlay - INFO - State changed: NULL -> READY
2025-05-11 13:26:27,608 - overlay - INFO - State changed: NULL -> READY
2025-05-11 13:26:27,608 - overlay - INFO - State changed: NULL -> READY
2025-05-11 13:26:27,609 - overlay - INFO - State changed: NULL -> READY
2025-05-11 13:26:27,609 - overlay - INFO - State changed: NULL -> READY
2025-05-11 13:26:27,609 - overlay - INFO - State changed: NULL -> READY
2025-05-11 13:26:27,609 - overlay - INFO - State changed: NULL -> READY
2025-05-11 13:26:27,609 - overlay - INFO - State changed: NULL -> READY
2025-05-11 13:26:27,615 - overlay - INFO - State changed: NULL -> READY
2025-05-11 13:26:27,616 - overlay - INFO - State changed: NULL -> READY
2025-05-11 13:26:27,618 - overlay - INFO - State changed: NULL -> READY
2025-05-11 13:26:27,618 - overlay - INFO - State changed: NULL -> READY
2025-05-11 13:26:27,619 - overlay - INFO - State changed: NULL -> READY
2025-05-11 13:26:27,619 - overlay - INFO - State changed: NULL -> READY
2025-05-11 13:26:27,619 - overlay - INFO - State changed: READY -> PAUSED
2025-05-11 13:26:27,619 - overlay - INFO - State changed: READY -> PAUSED
2025-05-11 13:26:27,619 - overlay - INFO - State changed: READY -> PAUSED
2025-05-11 13:26:27,619 - overlay - INFO - State changed: READY -> PAUSED
2025-05-11 13:26:27,619 - overlay - INFO - State changed: READY -> PAUSED
2025-05-11 13:26:27,619 - overlay - INFO - State changed: READY -> PAUSED
2025-05-11 13:26:27,620 - overlay - INFO - State changed: READY -> PAUSED
2025-05-11 13:26:27,620 - overlay - INFO - State changed: READY -> PAUSED
2025-05-11 13:26:27,620 - overlay - INFO - State changed: READY -> PAUSED
2025-05-11 13:26:27,620 - overlay - INFO - State changed: READY -> PAUSED
2025-05-11 13:26:27,620 - overlay - INFO - State changed: READY -> PAUSED
2025-05-11 13:26:27,620 - overlay - INFO - State changed: READY -> PAUSED
2025-05-11 13:26:27,620 - overlay - INFO - State changed: READY -> PAUSED
2025-05-11 13:26:27,620 - overlay - INFO - State changed: READY -> PAUSED
2025-05-11 13:26:27,620 - overlay - INFO - State changed: READY -> PAUSED
2025-05-11 13:26:27,620 - overlay - INFO - State changed: READY -> PAUSED
2025-05-11 13:26:27,621 - overlay - INFO - State changed: READY -> PAUSED
2025-05-11 13:26:27,621 - overlay - INFO - State changed: READY -> PAUSED
2025-05-11 13:26:27,621 - overlay - INFO - State changed: READY -> PAUSED
2025-05-11 13:26:27,621 - overlay - INFO - State changed: READY -> PAUSED
2025-05-11 13:26:27,621 - overlay - INFO - State changed: READY -> PAUSED
2025-05-11 13:26:27,621 - overlay - INFO - State changed: READY -> PAUSED
2025-05-11 13:26:27,621 - overlay - INFO - State changed: READY -> PAUSED
2025-05-11 13:26:27,621 - overlay - INFO - State changed: NULL -> READY
2025-05-11 13:26:27,621 - overlay - INFO - State changed: READY -> PAUSED
2025-05-11 13:26:27,621 - overlay - INFO - State changed: READY -> PAUSED
2025-05-11 13:26:27,622 - overlay - INFO - State changed: NULL -> READY
2025-05-11 13:26:27,623 - overlay - INFO - State changed: READY -> PAUSED
2025-05-11 13:26:27,623 - overlay - INFO - State changed: READY -> PAUSED
2025-05-11 13:26:27,624 - overlay - INFO - State changed: NULL -> READY
2025-05-11 13:26:27,624 - overlay - INFO - State changed: READY -> PAUSED
2025-05-11 13:26:27,625 - overlay - INFO - State changed: READY -> PAUSED
2025-05-11 13:26:27,625 - overlay - INFO - State changed: NULL -> READY
2025-05-11 13:26:27,626 - overlay - INFO - State changed: READY -> PAUSED
2025-05-11 13:26:27,626 - overlay - INFO - State changed: READY -> PAUSED
2025-05-11 13:26:27,626 - overlay - INFO - State changed: READY -> PAUSED
2025-05-11 13:26:27,627 - overlay - INFO - State changed: PAUSED -> PAUSED
2025-05-11 13:26:27,630 - overlay - INFO - State changed: NULL -> READY
2025-05-11 13:26:27,631 - overlay - INFO - State changed: READY -> PAUSED
2025-05-11 13:26:27,631 - overlay - INFO - State changed: NULL -> READY
2025-05-11 13:26:27,631 - overlay - INFO - State changed: READY -> PAUSED
2025-05-11 13:26:27,631 - overlay - INFO - State changed: NULL -> READY
2025-05-11 13:26:27,631 - overlay - INFO - State changed: READY -> PAUSED
2025-05-11 13:26:27,631 - overlay - INFO - State changed: NULL -> READY
2025-05-11 13:26:27,631 - overlay - INFO - State changed: READY -> PAUSED
2025-05-11 13:26:27,632 - overlay - INFO - State changed: NULL -> READY
2025-05-11 13:26:27,633 - overlay - INFO - State changed: READY -> PAUSED
2025-05-11 13:26:27,633 - overlay - INFO - State changed: NULL -> READY
2025-05-11 13:26:27,634 - overlay - INFO - State changed: READY -> PAUSED
2025-05-11 13:26:27,634 - overlay - INFO - State changed: NULL -> READY
2025-05-11 13:26:27,634 - overlay - INFO - State changed: READY -> PAUSED
2025-05-11 13:26:27,634 - overlay - INFO - State changed: NULL -> READY
2025-05-11 13:26:27,635 - overlay - INFO - State changed: READY -> PAUSED
2025-05-11 13:26:27,635 - overlay - INFO - State changed: NULL -> READY
2025-05-11 13:26:27,635 - overlay - INFO - State changed: READY -> PAUSED
2025-05-11 13:26:27,635 - overlay - INFO - State changed: NULL -> READY
2025-05-11 13:26:27,635 - overlay - INFO - State changed: READY -> PAUSED
2025-05-11 13:26:27,635 - overlay - INFO - State changed: NULL -> READY
2025-05-11 13:26:27,635 - overlay - INFO - State changed: READY -> PAUSED
2025-05-11 13:26:27,636 - overlay - INFO - State changed: NULL -> READY
2025-05-11 13:26:27,636 - overlay - INFO - State changed: READY -> PAUSED
2025-05-11 13:26:27,638 - overlay - INFO - State changed: NULL -> READY
2025-05-11 13:26:27,638 - overlay - INFO - State changed: READY -> PAUSED
2025-05-11 13:26:27,639 - overlay - INFO - State changed: NULL -> READY
2025-05-11 13:26:27,639 - overlay - INFO - State changed: READY -> PAUSED
2025-05-11 13:26:27,639 - overlay - INFO - State changed: NULL -> READY
2025-05-11 13:26:27,639 - overlay - INFO - State changed: READY -> PAUSED
2025-05-11 13:26:27,639 - overlay - INFO - State changed: NULL -> READY
2025-05-11 13:26:27,639 - overlay - INFO - State changed: READY -> PAUSED
2025-05-11 13:26:27,669 - overlay - INFO - State changed: PAUSED -> PLAYING
2025-05-11 13:26:27,670 - overlay - INFO - State changed: PAUSED -> PLAYING
2025-05-11 13:26:27,670 - overlay - INFO - State changed: PAUSED -> PLAYING
2025-05-11 13:26:27,670 - overlay - INFO - Pipeline thread started with state transition
2025-05-11 13:26:27,671 - overlay - INFO - State changed: PAUSED -> PLAYING
2025-05-11 13:26:27,671 - overlay - INFO - State changed: PAUSED -> PLAYING
2025-05-11 13:26:27,672 - overlay - INFO - State changed: PAUSED -> PLAYING
2025-05-11 13:26:27,672 - overlay - INFO - State changed: PAUSED -> PLAYING
2025-05-11 13:26:27,672 - overlay - INFO - State changed: PAUSED -> PLAYING
2025-05-11 13:26:27,672 - overlay - INFO - State changed: PAUSED -> PLAYING
2025-05-11 13:26:27,672 - overlay - INFO - State changed: PAUSED -> PLAYING
2025-05-11 13:26:27,672 - overlay - INFO - State changed: PAUSED -> PLAYING
2025-05-11 13:26:27,673 - overlay - INFO - State changed: PAUSED -> PLAYING
2025-05-11 13:26:27,673 - overlay - INFO - State changed: PAUSED -> PLAYING
2025-05-11 13:26:27,674 - overlay - INFO - State changed: PAUSED -> PLAYING
2025-05-11 13:26:27,675 - overlay - INFO - State changed: PAUSED -> PLAYING
2025-05-11 13:26:27,676 - overlay - INFO - State changed: PAUSED -> PLAYING
2025-05-11 13:26:27,676 - overlay - INFO - State changed: PAUSED -> PLAYING
2025-05-11 13:26:27,676 - overlay - INFO - State changed: PAUSED -> PLAYING
2025-05-11 13:26:27,676 - overlay - INFO - State changed: PAUSED -> PLAYING
2025-05-11 13:26:27,676 - overlay - INFO - State changed: PAUSED -> PLAYING
2025-05-11 13:26:27,677 - overlay - INFO - State changed: PAUSED -> PLAYING
2025-05-11 13:26:27,677 - overlay - INFO - State changed: PAUSED -> PLAYING
2025-05-11 13:26:27,677 - overlay - INFO - State changed: PAUSED -> PLAYING
2025-05-11 13:26:27,677 - overlay - INFO - State changed: PAUSED -> PLAYING
2025-05-11 13:26:27,678 - overlay - INFO - State changed: PAUSED -> PLAYING
2025-05-11 13:26:27,678 - overlay - INFO - State changed: PAUSED -> PLAYING
2025-05-11 13:26:27,678 - overlay - INFO - State changed: PAUSED -> PLAYING
2025-05-11 13:26:27,678 - overlay - INFO - State changed: NULL -> READY
2025-05-11 13:26:27,678 - overlay - INFO - State changed: NULL -> READY
2025-05-11 13:26:27,678 - overlay - INFO - State changed: READY -> PAUSED
2025-05-11 13:26:27,678 - overlay - INFO - State changed: PAUSED -> PLAYING
2025-05-11 13:26:27,678 - overlay - INFO - State changed: NULL -> READY
2025-05-11 13:26:27,678 - overlay - INFO - State changed: READY -> PAUSED
2025-05-11 13:26:27,678 - overlay - INFO - State changed: PAUSED -> PLAYING
2025-05-11 13:26:27,678 - overlay - INFO - State changed: NULL -> READY
2025-05-11 13:26:27,679 - overlay - INFO - State changed: NULL -> READY
2025-05-11 13:26:27,679 - overlay - INFO - State changed: READY -> PAUSED
2025-05-11 13:26:27,679 - overlay - INFO - State changed: PAUSED -> PLAYING
2025-05-11 13:26:27,679 - overlay - INFO - State changed: NULL -> READY
2025-05-11 13:26:27,679 - overlay - INFO - State changed: PAUSED -> PLAYING
2025-05-11 13:26:27,679 - overlay - INFO - State changed: PAUSED -> PLAYING
2025-05-11 13:26:27,679 - overlay - INFO - State changed: READY -> PAUSED
2025-05-11 13:26:27,679 - overlay - INFO - State changed: PAUSED -> PLAYING
2025-05-11 13:26:27,679 - overlay - INFO - State changed: PAUSED -> PLAYING
2025-05-11 13:26:27,679 - overlay - INFO - State changed: PAUSED -> PLAYING
2025-05-11 13:26:27,679 - overlay - INFO - State changed: PAUSED -> PLAYING
2025-05-11 13:26:27,679 - overlay - INFO - State changed: NULL -> READY
2025-05-11 13:26:27,680 - overlay - INFO - State changed: READY -> PAUSED
2025-05-11 13:26:27,680 - overlay - INFO - State changed: PAUSED -> PLAYING
2025-05-11 13:26:27,680 - overlay - INFO - State changed: NULL -> READY
2025-05-11 13:26:27,680 - overlay - INFO - State changed: READY -> PAUSED
2025-05-11 13:26:27,680 - overlay - INFO - State changed: PAUSED -> PLAYING
2025-05-11 13:26:27,680 - overlay - INFO - State changed: READY -> PAUSED
2025-05-11 13:26:27,680 - overlay - INFO - State changed: PAUSED -> PLAYING
2025-05-11 13:26:27,680 - overlay - INFO - State changed: READY -> PAUSED
2025-05-11 13:26:27,680 - overlay - INFO - State changed: PAUSED -> PLAYING
2025-05-11 13:26:27,680 - overlay - INFO - State changed: PAUSED -> PLAYING
2025-05-11 13:26:27,681 - overlay - INFO - State changed: PAUSED -> PLAYING
2025-05-11 13:26:27,681 - overlay - INFO - State changed: PAUSED -> PLAYING
2025-05-11 13:26:27,681 - overlay - INFO - State changed: PAUSED -> PLAYING
2025-05-11 13:26:27,681 - overlay - INFO - State changed: PAUSED -> PLAYING
2025-05-11 13:26:27,681 - overlay - INFO - State changed: PAUSED -> PLAYING
2025-05-11 13:26:27,681 - overlay - INFO - State changed: PAUSED -> PLAYING
2025-05-11 13:26:27,681 - overlay - INFO - State changed: PAUSED -> PLAYING
2025-05-11 13:26:27,681 - overlay - INFO - State changed: READY -> PAUSED
2025-05-11 13:26:27,682 - overlay - INFO - State changed: PAUSED -> PLAYING
2025-05-11 13:26:27,682 - overlay - INFO - State changed: READY -> PAUSED
2025-05-11 13:26:27,682 - overlay - INFO - State changed: PAUSED -> PLAYING
2025-05-11 13:26:27,682 - overlay - INFO - State changed: READY -> PAUSED
2025-05-11 13:26:27,682 - overlay - INFO - State changed: PAUSED -> PLAYING
2025-05-11 13:26:27,682 - overlay - INFO - State changed: READY -> PAUSED
2025-05-11 13:26:27,682 - overlay - INFO - State changed: PAUSED -> PLAYING
2025-05-11 13:26:27,682 - overlay - INFO - State changed: PAUSED -> PLAYING
2025-05-11 13:26:27,682 - overlay - INFO - State changed: PAUSED -> PLAYING
2025-05-11 13:26:27,682 - overlay - INFO - State changed: PAUSED -> PLAYING
2025-05-11 13:26:27,682 - overlay - INFO - State changed: PAUSED -> PLAYING
2025-05-11 13:26:27,683 - overlay - INFO - State changed: READY -> PAUSED
2025-05-11 13:26:27,683 - overlay - INFO - State changed: PAUSED -> PLAYING
2025-05-11 13:26:27,683 - overlay - INFO - State changed: READY -> PAUSED
2025-05-11 13:26:27,683 - overlay - INFO - State changed: PAUSED -> PLAYING
2025-05-11 13:26:27,683 - overlay - INFO - State changed: PAUSED -> PLAYING
2025-05-11 13:26:27,683 - overlay - INFO - State changed: PAUSED -> PLAYING
2025-05-11 13:26:27,683 - overlay - INFO - State changed: PAUSED -> PLAYING
2025-05-11 13:26:27,683 - overlay - INFO - State changed: PAUSED -> PLAYING
2025-05-11 13:26:27,683 - overlay - INFO - State changed: READY -> PAUSED
2025-05-11 13:26:27,683 - overlay - INFO - State changed: PAUSED -> PLAYING
2025-05-11 13:26:27,683 - overlay - INFO - State changed: READY -> PAUSED
2025-05-11 13:26:27,684 - overlay - INFO - State changed: PAUSED -> PLAYING
2025-05-11 13:26:27,684 - overlay - ERROR - GStreamer ERROR: Internal data stream error.
2025-05-11 13:26:27,684 - overlay - ERROR - Debug info: ../libs/gst/base/gstbasesrc.c(3177): gst_base_src_loop (): /GstPipeline:main-pipeline/GstPulseSrc:mic_source:
streaming stopped, reason not-linked (-1)
2025-05-11 13:26:27,717 - overlay - INFO - State changed: NULL -> READY
2025-05-11 13:26:27,717 - overlay - INFO - State changed: NULL -> READY
2025-05-11 13:26:27,717 - overlay - INFO - State changed: NULL -> READY
2025-05-11 13:26:27,718 - overlay - INFO - State changed: NULL -> READY
2025-05-11 13:26:27,718 - overlay - INFO - State changed: READY -> PAUSED
2025-05-11 13:26:27,718 - overlay - INFO - State changed: PAUSED -> PLAYING
2025-05-11 13:26:27,719 - overlay - INFO - State changed: NULL -> READY
2025-05-11 13:26:27,719 - overlay - INFO - State changed: READY -> PAUSED
2025-05-11 13:26:27,719 - overlay - INFO - State changed: PAUSED -> PLAYING
2025-05-11 13:26:27,719 - overlay - INFO - State changed: READY -> PAUSED
2025-05-11 13:26:27,719 - overlay - INFO - State changed: PAUSED -> PLAYING
2025-05-11 13:26:27,719 - overlay - INFO - State changed: READY -> PAUSED
2025-05-11 13:26:27,719 - overlay - INFO - State changed: PAUSED -> PLAYING
2025-05-11 13:26:27,719 - overlay - INFO - State changed: NULL -> READY
2025-05-11 13:26:27,719 - overlay - INFO - State changed: READY -> PAUSED
2025-05-11 13:26:27,719 - overlay - INFO - State changed: PAUSED -> PLAYING
2025-05-11 13:26:27,720 - overlay - INFO - State changed: NULL -> READY
2025-05-11 13:26:27,720 - overlay - INFO - State changed: READY -> PAUSED
2025-05-11 13:26:27,720 - overlay - INFO - State changed: PAUSED -> PLAYING
2025-05-11 13:26:27,720 - overlay - INFO - State changed: READY -> PAUSED
2025-05-11 13:26:27,720 - overlay - INFO - State changed: PAUSED -> PLAYING
2025-05-11 13:26:27,720 - overlay - INFO - State changed: NULL -> READY
2025-05-11 13:26:27,720 - overlay - INFO - State changed: READY -> PAUSED
2025-05-11 13:26:27,720 - overlay - INFO - State changed: PAUSED -> PLAYING
2025-05-11 13:26:28,155 - overlay - INFO - ðŸŒ Opening overlay URL in Playwright: http://103.217.176.16:8080/scorecards/baseball/scorecard/1
2025-05-11 13:26:28,898 - overlay - INFO - Fetching gamestats with ID: 1
2025-05-11 13:26:28,899 - overlay - INFO - Fetching graphics with ID: 1
2025-05-11 13:26:28,925 - overlay - INFO - Fetching graphics with ID: 1
2025-05-11 13:26:29,679 - overlay - INFO - State changed: NULL -> READY
2025-05-11 13:26:29,679 - overlay - INFO - State changed: NULL -> READY
2025-05-11 13:26:29,680 - overlay - INFO - State changed: PAUSED -> PAUSED
2025-05-11 13:26:29,680 - overlay - INFO - State changed: READY -> PAUSED
2025-05-11 13:26:29,680 - overlay - INFO - State changed: NULL -> READY
2025-05-11 13:26:29,680 - overlay - INFO - State changed: NULL -> READY
2025-05-11 13:26:29,680 - overlay - INFO - State changed: PAUSED -> PAUSED
2025-05-11 13:26:29,680 - overlay - INFO - State changed: READY -> PAUSED
2025-05-11 13:26:29,680 - overlay - INFO - State changed: NULL -> READY
2025-05-11 13:26:29,680 - overlay - INFO - State changed: NULL -> READY
2025-05-11 13:26:29,680 - overlay - INFO - State changed: PAUSED -> PAUSED
2025-05-11 13:26:29,680 - overlay - INFO - State changed: READY -> PAUSED
2025-05-11 13:26:29,680 - overlay - INFO - State changed: NULL -> READY
2025-05-11 13:26:29,681 - overlay - INFO - State changed: NULL -> READY
2025-05-11 13:26:29,681 - overlay - INFO - State changed: PAUSED -> PAUSED
2025-05-11 13:26:29,681 - overlay - INFO - State changed: READY -> PAUSED
2025-05-11 13:26:29,686 - overlay - INFO - State changed: NULL -> READY
2025-05-11 13:26:29,688 - overlay - INFO - State changed: NULL -> READY
2025-05-11 13:26:29,688 - overlay - INFO - State changed: READY -> PAUSED
2025-05-11 13:26:29,688 - overlay - INFO - State changed: READY -> PAUSED
2025-05-11 13:26:29,689 - overlay - INFO - State changed: NULL -> READY
2025-05-11 13:26:29,689 - overlay - INFO - State changed: NULL -> READY
2025-05-11 13:26:29,689 - overlay - INFO - State changed: READY -> PAUSED
2025-05-11 13:26:29,689 - overlay - INFO - State changed: READY -> PAUSED
2025-05-11 13:26:29,689 - overlay - INFO - State changed: NULL -> READY
2025-05-11 13:26:29,689 - overlay - INFO - State changed: READY -> PAUSED
2025-05-11 13:26:29,689 - overlay - INFO - State changed: NULL -> READY
2025-05-11 13:26:29,690 - overlay - INFO - State changed: NULL -> READY
2025-05-11 13:26:29,690 - overlay - INFO - State changed: READY -> PAUSED
2025-05-11 13:26:29,690 - overlay - INFO - State changed: READY -> PAUSED
2025-05-11 13:26:29,690 - overlay - INFO - State changed: NULL -> READY
2025-05-11 13:26:29,690 - overlay - INFO - State changed: READY -> PAUSED
2025-05-11 13:26:29,690 - overlay - INFO - State changed: NULL -> READY
2025-05-11 13:26:29,691 - overlay - INFO - State changed: READY -> PAUSED
2025-05-11 13:26:29,693 - overlay - INFO - State changed: NULL -> READY
2025-05-11 13:26:29,694 - overlay - INFO - State changed: NULL -> READY
2025-05-11 13:26:29,694 - overlay - INFO - State changed: READY -> PAUSED
2025-05-11 13:26:29,696 - overlay - INFO - State changed: READY -> PAUSED
2025-05-11 13:26:29,699 - overlay - INFO - State changed: NULL -> READY
2025-05-11 13:26:29,700 - overlay - INFO - State changed: READY -> PAUSED
2025-05-11 13:26:29,704 - overlay - INFO - ðŸ§© on_pad_added called from source4
2025-05-11 13:26:29,705 - overlay - INFO - ðŸ§© on_pad_added called from source1
2025-05-11 13:26:29,705 - overlay - INFO - ðŸ“¦ Pad caps: video/x-raw, format=(string)NV12, width=(int)1920, height=(int)1080, interlace-mode=(string)progressive, multiview-mode=(string)mono, multiview-flags=(GstVideoMultiviewFlagsSet)0:ffffffff:/right-view-first/left-flipped/left-flopped/right-flipped/right-flopped/half-aspect/mixed-mono, pixel-aspect-ratio=(fraction)1/1, colorimetry=(string)1:3:5:1, framerate=(fraction)30/1;
2025-05-11 13:26:29,706 - overlay - INFO - ðŸ“¦ Pad caps: video/x-raw, format=(string)NV12, width=(int)1920, height=(int)1080, interlace-mode=(string)progressive, multiview-mode=(string)mono, multiview-flags=(GstVideoMultiviewFlagsSet)0:ffffffff:/right-view-first/left-flipped/left-flopped/right-flipped/right-flopped/half-aspect/mixed-mono, pixel-aspect-ratio=(fraction)1/1, colorimetry=(string)1:3:5:1, framerate=(fraction)30/1;
2025-05-11 13:26:29,706 - overlay - INFO - ðŸ”— Handling pad from source URI: rtsp://192.168.100.150:8547/h264
2025-05-11 13:26:29,707 - overlay - INFO - âœ… Requested sink pad sink_0 for rtsp://192.168.100.150:8547/h264
2025-05-11 13:26:29,706 - overlay - INFO - ðŸ”— Handling pad from source URI: rtsp://192.168.100.150:8547/h264
2025-05-11 13:26:29,710 - overlay - INFO - âœ… Requested sink pad sink_1 for rtsp://192.168.100.150:8547/h264
2025-05-11 13:26:29,708 - overlay - INFO - ðŸ§© on_pad_added called from source2
2025-05-11 13:26:29,721 - overlay - INFO - ðŸ“¦ Pad caps: video/x-raw, format=(string)NV12, width=(int)1920, height=(int)1080, interlace-mode=(string)progressive, multiview-mode=(string)mono, multiview-flags=(GstVideoMultiviewFlagsSet)0:ffffffff:/right-view-first/left-flipped/left-flopped/right-flipped/right-flopped/half-aspect/mixed-mono, pixel-aspect-ratio=(fraction)1/1, colorimetry=(string)1:3:5:1, framerate=(fraction)30/1;
2025-05-11 13:26:29,721 - overlay - INFO - ðŸ”— Handling pad from source URI: rtsp://192.168.100.150:8547/h264
2025-05-11 13:26:29,721 - overlay - INFO - âœ… Requested sink pad sink_2 for rtsp://192.168.100.150:8547/h264
2025-05-11 13:26:29,726 - overlay - INFO - âœ… Successfully linked rtsp://192.168.100.150:8547/h264 to sink_0
2025-05-11 13:26:29,728 - overlay - INFO - ðŸŽ¬ Set active pad to rtsp://192.168.100.150:8547/h264
2025-05-11 13:26:29,728 - overlay - INFO - State changed: READY -> PAUSED
2025-05-11 13:26:29,730 - overlay - INFO - State changed: PAUSED -> PAUSED
2025-05-11 13:26:29,731 - overlay - INFO - ðŸ§© on_pad_added called from source3
2025-05-11 13:26:29,731 - overlay - INFO - ðŸ“¦ Pad caps: video/x-raw, format=(string)NV12, width=(int)1920, height=(int)1080, interlace-mode=(string)progressive, multiview-mode=(string)mono, multiview-flags=(GstVideoMultiviewFlagsSet)0:ffffffff:/right-view-first/left-flipped/left-flopped/right-flipped/right-flopped/half-aspect/mixed-mono, pixel-aspect-ratio=(fraction)1/1, colorimetry=(string)1:3:5:1, framerate=(fraction)30/1;
2025-05-11 13:26:29,735 - overlay - INFO - ðŸ”— Handling pad from source URI: rtsp://192.168.100.150:8547/h264
2025-05-11 13:26:29,736 - overlay - INFO - âœ… Requested sink pad sink_3 for rtsp://192.168.100.150:8547/h264
2025-05-11 13:26:29,754 - overlay - INFO - âœ… Successfully linked rtsp://192.168.100.150:8547/h264 to sink_3
2025-05-11 13:26:29,754 - overlay - INFO - ðŸŽ¬ Set active pad to rtsp://192.168.100.150:8547/h264
2025-05-11 13:26:29,755 - overlay - INFO - State changed: READY -> PAUSED
2025-05-11 13:26:29,755 - overlay - INFO - State changed: PAUSED -> PAUSED
2025-05-11 13:26:29,757 - overlay - INFO - âœ… Successfully linked rtsp://192.168.100.150:8547/h264 to sink_1
2025-05-11 13:26:29,758 - overlay - INFO - ðŸŽ¬ Set active pad to rtsp://192.168.100.150:8547/h264
2025-05-11 13:26:29,758 - overlay - INFO - State changed: READY -> PAUSED
2025-05-11 13:26:29,758 - overlay - INFO - State changed: PAUSED -> PAUSED
2025-05-11 13:26:29,764 - overlay - INFO - âœ… Successfully linked rtsp://192.168.100.150:8547/h264 to sink_2
2025-05-11 13:26:29,765 - overlay - INFO - ðŸŽ¬ Set active pad to rtsp://192.168.100.150:8547/h264
2025-05-11 13:26:29,765 - overlay - INFO - State changed: READY -> PAUSED
2025-05-11 13:26:29,765 - overlay - INFO - State changed: PAUSED -> PAUSED
2025-05-11 13:26:29,865 - overlay - INFO - ðŸ”§ Injected transparent background for overlay rendering
2025-05-11 13:26:29,945 - overlay - INFO - ðŸ“¸ Screenshot captured: url_shots/9fb1442b-c3b5-4038-ba38-c295f87efcd5.png
2025-05-11 13:26:29,949 - overlay - INFO - ðŸ–¼ï¸ Updated overlay with PNG: url_shots/9fb1442b-c3b5-4038-ba38-c295f87efcd5.png
2025-05-11 13:26:30,671 - overlay - INFO - Switching to rtsp://192.168.100.150:8547/h264 (Attempt 1/15)
2025-05-11 13:26:30,671 - overlay - INFO - Setting camera ID 1 as default
2025-05-11 13:26:30,680 - overlay - INFO - All cameras' Default fields set to false
2025-05-11 13:26:30,701 - overlay - INFO - Camera ID 1 set as default
2025-05-11 13:26:31,024 - overlay - INFO - ðŸ“¸ Screenshot captured: url_shots/3d45630b-ab51-4675-bc8a-60ffbe2d2dfc.png
2025-05-11 13:26:31,026 - overlay - INFO - ðŸ–¼ï¸ Updated overlay with PNG: url_shots/3d45630b-ab51-4675-bc8a-60ffbe2d2dfc.png
2025-05-11 13:26:32,088 - overlay - INFO - ðŸ“¸ Screenshot captured: url_shots/cc7e06a4-500d-4d9f-9d71-6b7cc0d43ce4.png
2025-05-11 13:26:32,090 - overlay - INFO - ðŸ–¼ï¸ Updated overlay with PNG: url_shots/cc7e06a4-500d-4d9f-9d71-6b7cc0d43ce4.png
2025-05-11 13:26:33,153 - overlay - INFO - ðŸ“¸ Screenshot captured: url_shots/5215b155-78d5-48cd-a794-9aee0e0237d1.png
2025-05-11 13:26:33,157 - overlay - INFO - ðŸ–¼ï¸ Updated overlay with PNG: url_shots/5215b155-78d5-48cd-a794-9aee0e0237d1.png
2025-05-11 13:26:34,228 - overlay - INFO - ðŸ“¸ Screenshot captured: url_shots/f2267b96-7a8f-4b0a-9467-4d8df25ad104.png
2025-05-11 13:26:34,232 - overlay - INFO - ðŸ–¼ï¸ Updated overlay with PNG: url_shots/f2267b96-7a8f-4b0a-9467-4d8df25ad104.png
2025-05-11 13:26:35,287 - overlay - INFO - ðŸ“¸ Screenshot captured: url_shots/1ba4647e-30db-4554-8172-11215ba76285.png
2025-05-11 13:26:35,291 - overlay - INFO - ðŸ–¼ï¸ Updated overlay with PNG: url_shots/1ba4647e-30db-4554-8172-11215ba76285.png
2025-05-11 13:26:36,360 - overlay - INFO - ðŸ“¸ Screenshot captured: url_shots/c9e39c07-744e-4f78-8a93-0fe47ab280f7.png
2025-05-11 13:26:36,363 - overlay - INFO - ðŸ–¼ï¸ Updated overlay with PNG: url_shots/c9e39c07-744e-4f78-8a93-0fe47ab280f7.png
2025-05-11 13:26:37,427 - overlay - INFO - ðŸ“¸ Screenshot captured: url_shots/3132185f-992c-4048-b615-ad771146e144.png
2025-05-11 13:26:37,430 - overlay - INFO - ðŸ–¼ï¸ Updated overlay with PNG: url_shots/3132185f-992c-4048-b615-ad771146e144.png
2025-05-11 13:26:38,488 - overlay - INFO - ðŸ“¸ Screenshot captured: url_shots/eb90697b-0cf8-4585-bb2d-d7c0b1f6f044.png
2025-05-11 13:26:38,492 - overlay - INFO - ðŸ–¼ï¸ Updated overlay with PNG: url_shots/eb90697b-0cf8-4585-bb2d-d7c0b1f6f044.png
2025-05-11 13:26:38,891 - overlay - INFO - Fetching gamestats with ID: 1
2025-05-11 13:26:38,905 - overlay - INFO - Fetching graphics with ID: 1
2025-05-11 13:26:39,561 - overlay - INFO - ðŸ“¸ Screenshot captured: url_shots/938bcc51-d820-468a-b144-909a317e41fb.png
2025-05-11 13:26:39,564 - overlay - INFO - ðŸ–¼ï¸ Updated overlay with PNG: url_shots/938bcc51-d820-468a-b144-909a317e41fb.png
2025-05-11 13:26:40,626 - overlay - INFO - ðŸ“¸ Screenshot captured: url_shots/548167e6-f1d1-467b-acef-83f245b97fef.png
2025-05-11 13:26:40,630 - overlay - INFO - ðŸ–¼ï¸ Updated overlay with PNG: url_shots/548167e6-f1d1-467b-acef-83f245b97fef.png
2025-05-11 13:26:41,688 - overlay - INFO - ðŸ“¸ Screenshot captured: url_shots/67c0aad6-1f7e-446c-8e45-863fa6b08d31.png
2025-05-11 13:26:41,691 - overlay - INFO - ðŸ–¼ï¸ Updated overlay with PNG: url_shots/67c0aad6-1f7e-446c-8e45-863fa6b08d31.png
2025-05-11 13:26:42,753 - overlay - INFO - ðŸ“¸ Screenshot captured: url_shots/b26da74f-1249-4219-b062-c4478c20cd59.png
2025-05-11 13:26:42,757 - overlay - INFO - ðŸ–¼ï¸ Updated overlay with PNG: url_shots/b26da74f-1249-4219-b062-c4478c20cd59.png
2025-05-11 13:26:43,821 - overlay - INFO - ðŸ“¸ Screenshot captured: url_shots/1cf541f6-6e28-4814-80d8-9030717f26ad.png
2025-05-11 13:26:43,822 - overlay - INFO - ðŸ–¼ï¸ Updated overlay with PNG: url_shots/1cf541f6-6e28-4814-80d8-9030717f26ad.png
2025-05-11 13:26:44,894 - overlay - INFO - ðŸ“¸ Screenshot captured: url_shots/0ee34cf1-479e-4abd-85c5-4db7d7d49f9b.png
2025-05-11 13:26:44,897 - overlay - INFO - ðŸ–¼ï¸ Updated overlay with PNG: url_shots/0ee34cf1-479e-4abd-85c5-4db7d7d49f9b.png
2025-05-11 13:26:45,959 - overlay - INFO - ðŸ“¸ Screenshot captured: url_shots/a8a0995b-dcc5-42c9-9429-6f486c6884e0.png
2025-05-11 13:26:45,961 - overlay - INFO - ðŸ–¼ï¸ Updated overlay with PNG: url_shots/a8a0995b-dcc5-42c9-9429-6f486c6884e0.png
2025-05-11 13:26:47,026 - overlay - INFO - ðŸ“¸ Screenshot captured: url_shots/e6275c27-67e4-4c24-9a8c-69a691be6e9a.png
2025-05-11 13:26:47,030 - overlay - INFO - ðŸ–¼ï¸ Updated overlay with PNG: url_shots/e6275c27-67e4-4c24-9a8c-69a691be6e9a.png
2025-05-11 13:26:48,094 - overlay - INFO - ðŸ“¸ Screenshot captured: url_shots/9b8f5fac-8c40-4411-918c-cceee96cdcf1.png
2025-05-11 13:26:48,098 - overlay - INFO - ðŸ–¼ï¸ Updated overlay with PNG: url_shots/9b8f5fac-8c40-4411-918c-cceee96cdcf1.png
2025-05-11 13:26:48,892 - overlay - INFO - Fetching gamestats with ID: 1
2025-05-11 13:26:48,911 - overlay - INFO - Fetching graphics with ID: 1
2025-05-11 13:26:49,161 - overlay - INFO - ðŸ“¸ Screenshot captured: url_shots/03339817-d3f9-4306-8b99-03d2389565c9.png
2025-05-11 13:26:49,164 - overlay - INFO - ðŸ–¼ï¸ Updated overlay with PNG: url_shots/03339817-d3f9-4306-8b99-03d2389565c9.png
2025-05-11 13:26:50,243 - overlay - INFO - ðŸ“¸ Screenshot captured: url_shots/99cf312b-cec5-48ae-88c6-524c1c3e355e.png
2025-05-11 13:26:50,246 - overlay - INFO - ðŸ–¼ï¸ Updated overlay with PNG: url_shots/99cf312b-cec5-48ae-88c6-524c1c3e355e.png
2025-05-11 13:26:51,302 - overlay - INFO - ðŸ“¸ Screenshot captured: url_shots/159ce487-9cd4-4de3-b5a1-20c06eb907d0.png
2025-05-11 13:26:51,304 - overlay - INFO - ðŸ–¼ï¸ Updated overlay with PNG: url_shots/159ce487-9cd4-4de3-b5a1-20c06eb907d0.png
2025-05-11 13:26:52,359 - overlay - INFO - ðŸ“¸ Screenshot captured: url_shots/ab592cc8-cf83-48e2-a3db-bb5932fff601.png
2025-05-11 13:26:52,360 - overlay - INFO - ðŸ–¼ï¸ Updated overlay with PNG: url_shots/ab592cc8-cf83-48e2-a3db-bb5932fff601.png
2025-05-11 13:26:53,422 - overlay - INFO - ðŸ“¸ Screenshot captured: url_shots/ea248ff4-4cc0-41fc-9461-1af4c62e4562.png
2025-05-11 13:26:53,425 - overlay - INFO - ðŸ–¼ï¸ Updated overlay with PNG: url_shots/ea248ff4-4cc0-41fc-9461-1af4c62e4562.png
2025-05-11 13:26:54,494 - overlay - INFO - ðŸ“¸ Screenshot captured: url_shots/4f47dcde-d77f-4c09-ae2b-004772df4ffa.png
2025-05-11 13:26:54,495 - overlay - INFO - ðŸ–¼ï¸ Updated overlay with PNG: url_shots/4f47dcde-d77f-4c09-ae2b-004772df4ffa.png
2025-05-11 13:26:55,559 - overlay - INFO - ðŸ“¸ Screenshot captured: url_shots/479e413b-7278-4db7-8ba2-22faa769ae3e.png
2025-05-11 13:26:55,561 - overlay - INFO - ðŸ–¼ï¸ Updated overlay with PNG: url_shots/479e413b-7278-4db7-8ba2-22faa769ae3e.png
2025-05-11 13:26:56,627 - overlay - INFO - ðŸ“¸ Screenshot captured: url_shots/b8d4efb7-8e66-46b6-913d-a231a43fda87.png
2025-05-11 13:26:56,630 - overlay - INFO - ðŸ–¼ï¸ Updated overlay with PNG: url_shots/b8d4efb7-8e66-46b6-913d-a231a43fda87.png
2025-05-11 13:26:57,685 - overlay - INFO - ðŸ“¸ Screenshot captured: url_shots/6d2a5d15-c9ca-412b-addb-1591a3ab44ba.png
2025-05-11 13:26:57,689 - overlay - INFO - ðŸ–¼ï¸ Updated overlay with PNG: url_shots/6d2a5d15-c9ca-412b-addb-1591a3ab44ba.png
2025-05-11 13:26:58,761 - overlay - INFO - ðŸ“¸ Screenshot captured: url_shots/805573dc-9405-4e6f-9593-bad14a6077dc.png
2025-05-11 13:26:58,765 - overlay - INFO - ðŸ–¼ï¸ Updated overlay with PNG: url_shots/805573dc-9405-4e6f-9593-bad14a6077dc.png
2025-05-11 13:26:58,897 - overlay - INFO - Fetching gamestats with ID: 1
2025-05-11 13:26:58,915 - overlay - INFO - Fetching graphics with ID: 1
2025-05-11 13:26:59,827 - overlay - INFO - ðŸ“¸ Screenshot captured: url_shots/b99c787f-095e-4596-b867-269c33b2b416.png
2025-05-11 13:26:59,831 - overlay - INFO - ðŸ–¼ï¸ Updated overlay with PNG: url_shots/b99c787f-095e-4596-b867-269c33b2b416.png
2025-05-11 13:27:00,885 - overlay - INFO - ðŸ“¸ Screenshot captured: url_shots/bf144e89-58ce-4b0e-a698-8042a8aa1bdf.png
2025-05-11 13:27:00,889 - overlay - INFO - ðŸ–¼ï¸ Updated overlay with PNG: url_shots/bf144e89-58ce-4b0e-a698-8042a8aa1bdf.png
2025-05-11 13:27:01,128 - recording_session - INFO - Finalizing chunk: /var/www/html/public/assets/uploads/CAM1/2025-05-11/1746951964.mp4
2025-05-11 13:27:01,333 - recording_session - INFO - ðŸ“¤ Enqueuing for slow motion: /var/www/html/public/assets/uploads/CAM1/2025-05-11/1746951964.mp4
2025-05-11 13:27:01,334 - recording_session - INFO - Finalizing chunk: /var/www/html/public/assets/uploads/CAM2/2025-05-11/1746951964.mp4
2025-05-11 13:27:01,527 - ffmpeg_post_process - INFO - ðŸŽžï¸ Processing slow motion: /var/www/html/public/assets/uploads/CAM1/2025-05-11/1746951964.mp4
2025-05-11 13:27:01,527 - recording_session - INFO - ðŸ“¤ Enqueuing for slow motion: /var/www/html/public/assets/uploads/CAM2/2025-05-11/1746951964.mp4
2025-05-11 13:27:01,528 - recording_session - INFO - Finalizing chunk: /var/www/html/public/assets/uploads/CAM3/2025-05-11/1746951964.mp4
2025-05-11 13:27:01,701 - ffmpeg_post_process - INFO - ðŸŽžï¸ Processing slow motion: /var/www/html/public/assets/uploads/CAM2/2025-05-11/1746951964.mp4
2025-05-11 13:27:01,738 - recording_session - INFO - ðŸ“¤ Enqueuing for slow motion: /var/www/html/public/assets/uploads/CAM3/2025-05-11/1746951964.mp4
2025-05-11 13:27:01,738 - recording_session - INFO - Finalizing chunk: /var/www/html/public/assets/uploads/CAM4/2025-05-11/1746951964.mp4
2025-05-11 13:27:01,909 - overlay - INFO - Stopping pipeline...
2025-05-11 13:27:01,948 - recording_session - INFO - ðŸ“¤ Enqueuing for slow motion: /var/www/html/public/assets/uploads/CAM4/2025-05-11/1746951964.mp4
2025-05-11 13:27:01,949 - overlay - INFO - State changed: PLAYING -> PAUSED
2025-05-11 13:27:01,949 - overlay - INFO - State changed: PLAYING -> PAUSED
2025-05-11 13:27:01,949 - overlay - INFO - State changed: PLAYING -> PAUSED
2025-05-11 13:27:01,949 - overlay - INFO - State changed: PLAYING -> PAUSED
2025-05-11 13:27:01,949 - overlay - INFO - State changed: PLAYING -> PAUSED
2025-05-11 13:27:01,949 - overlay - INFO - State changed: PLAYING -> PAUSED
2025-05-11 13:27:01,949 - overlay - INFO - State changed: PLAYING -> PAUSED
2025-05-11 13:27:01,950 - overlay - INFO - State changed: PLAYING -> PAUSED
2025-05-11 13:27:01,950 - overlay - INFO - State changed: PLAYING -> PAUSED
2025-05-11 13:27:01,950 - overlay - INFO - State changed: PLAYING -> PAUSED
2025-05-11 13:27:01,950 - overlay - INFO - State changed: PLAYING -> PAUSED
2025-05-11 13:27:01,950 - overlay - INFO - State changed: PLAYING -> PAUSED
2025-05-11 13:27:01,950 - overlay - INFO - State changed: PLAYING -> PAUSED
2025-05-11 13:27:01,950 - overlay - INFO - State changed: PLAYING -> PAUSED
2025-05-11 13:27:01,950 - overlay - INFO - State changed: PLAYING -> PAUSED
2025-05-11 13:27:01,950 - overlay - INFO - State changed: PLAYING -> PAUSED
2025-05-11 13:27:01,950 - overlay - INFO - State changed: PLAYING -> PAUSED
2025-05-11 13:27:01,950 - overlay - INFO - State changed: PLAYING -> PAUSED
2025-05-11 13:27:01,950 - overlay - INFO - State changed: PLAYING -> PAUSED
2025-05-11 13:27:01,951 - overlay - INFO - State changed: PLAYING -> PAUSED
2025-05-11 13:27:01,951 - overlay - INFO - State changed: PLAYING -> PAUSED
2025-05-11 13:27:01,951 - overlay - INFO - State changed: PLAYING -> PAUSED
2025-05-11 13:27:01,951 - overlay - INFO - State changed: PLAYING -> PAUSED
2025-05-11 13:27:01,951 - overlay - INFO - State changed: PLAYING -> PAUSED
2025-05-11 13:27:01,951 - overlay - INFO - State changed: PLAYING -> PAUSED
2025-05-11 13:27:01,951 - overlay - INFO - State changed: PLAYING -> PAUSED
2025-05-11 13:27:01,951 - overlay - INFO - State changed: PLAYING -> PAUSED
2025-05-11 13:27:01,951 - overlay - INFO - State changed: PLAYING -> PAUSED
2025-05-11 13:27:01,951 - overlay - INFO - State changed: PAUSED -> READY
2025-05-11 13:27:01,952 - overlay - INFO - State changed: PAUSED -> READY
2025-05-11 13:27:01,952 - overlay - INFO - State changed: PLAYING -> PAUSED
2025-05-11 13:27:01,952 - overlay - INFO - State changed: PLAYING -> PAUSED
2025-05-11 13:27:01,952 - overlay - INFO - State changed: PLAYING -> PAUSED
2025-05-11 13:27:01,952 - overlay - INFO - State changed: PLAYING -> PAUSED
2025-05-11 13:27:01,952 - overlay - INFO - State changed: PLAYING -> PAUSED
2025-05-11 13:27:01,952 - overlay - INFO - State changed: PLAYING -> PAUSED
2025-05-11 13:27:01,952 - overlay - INFO - State changed: PLAYING -> PAUSED
2025-05-11 13:27:01,953 - overlay - INFO - State changed: PLAYING -> PAUSED
2025-05-11 13:27:01,953 - overlay - INFO - State changed: PAUSED -> READY
2025-05-11 13:27:01,953 - overlay - INFO - State changed: PAUSED -> READY
2025-05-11 13:27:01,953 - overlay - INFO - State changed: PLAYING -> PAUSED
2025-05-11 13:27:01,953 - overlay - INFO - State changed: PLAYING -> PAUSED
2025-05-11 13:27:01,953 - overlay - INFO - State changed: PLAYING -> PAUSED
2025-05-11 13:27:01,953 - overlay - INFO - State changed: PLAYING -> PAUSED
2025-05-11 13:27:01,953 - overlay - INFO - State changed: PLAYING -> PAUSED
2025-05-11 13:27:01,953 - overlay - INFO - State changed: PLAYING -> PAUSED
2025-05-11 13:27:01,953 - overlay - INFO - State changed: PLAYING -> PAUSED
2025-05-11 13:27:01,953 - overlay - INFO - State changed: PLAYING -> PAUSED
2025-05-11 13:27:01,954 - overlay - INFO - State changed: PAUSED -> READY
2025-05-11 13:27:01,954 - overlay - INFO - State changed: PAUSED -> READY
2025-05-11 13:27:01,954 - overlay - INFO - State changed: PLAYING -> PAUSED
2025-05-11 13:27:01,954 - overlay - INFO - State changed: PLAYING -> PAUSED
2025-05-11 13:27:01,954 - overlay - INFO - State changed: PLAYING -> PAUSED
2025-05-11 13:27:01,954 - overlay - INFO - State changed: PLAYING -> PAUSED
2025-05-11 13:27:01,954 - overlay - INFO - State changed: PLAYING -> PAUSED
2025-05-11 13:27:01,954 - overlay - INFO - State changed: PLAYING -> PAUSED
2025-05-11 13:27:01,954 - overlay - INFO - State changed: PLAYING -> PAUSED
2025-05-11 13:27:01,954 - overlay - INFO - State changed: PLAYING -> PAUSED
2025-05-11 13:27:01,955 - overlay - INFO - State changed: PLAYING -> PAUSED
2025-05-11 13:27:01,955 - overlay - INFO - State changed: PLAYING -> PAUSED
2025-05-11 13:27:01,955 - overlay - INFO - State changed: PLAYING -> PAUSED
2025-05-11 13:27:01,955 - overlay - INFO - State changed: PLAYING -> PAUSED
2025-05-11 13:27:01,955 - overlay - INFO - State changed: PLAYING -> PAUSED
2025-05-11 13:27:01,955 - overlay - INFO - State changed: PLAYING -> PAUSED
2025-05-11 13:27:01,955 - overlay - INFO - State changed: PLAYING -> PAUSED
2025-05-11 13:27:01,955 - overlay - INFO - State changed: PLAYING -> PAUSED
2025-05-11 13:27:01,955 - overlay - INFO - State changed: PAUSED -> READY
2025-05-11 13:27:01,955 - overlay - INFO - State changed: PAUSED -> READY
2025-05-11 13:27:01,955 - overlay - INFO - State changed: PAUSED -> READY
2025-05-11 13:27:01,955 - overlay - INFO - State changed: PAUSED -> READY
2025-05-11 13:27:01,956 - overlay - INFO - State changed: PAUSED -> READY
2025-05-11 13:27:01,956 - overlay - INFO - State changed: PAUSED -> READY
2025-05-11 13:27:01,956 - overlay - INFO - State changed: PAUSED -> READY
2025-05-11 13:27:01,956 - overlay - INFO - State changed: PAUSED -> READY
2025-05-11 13:27:01,956 - overlay - INFO - State changed: PAUSED -> READY
2025-05-11 13:27:01,956 - overlay - INFO - State changed: PAUSED -> READY
2025-05-11 13:27:01,956 - overlay - INFO - State changed: PAUSED -> READY
2025-05-11 13:27:01,956 - overlay - INFO - State changed: PAUSED -> READY
2025-05-11 13:27:01,956 - overlay - INFO - State changed: PAUSED -> READY
2025-05-11 13:27:01,966 - overlay - INFO - State changed: PAUSED -> READY
2025-05-11 13:27:01,967 - overlay - INFO - State changed: PAUSED -> READY
2025-05-11 13:27:01,968 - overlay - INFO - State changed: PAUSED -> READY
2025-05-11 13:27:01,969 - overlay - INFO - State changed: PAUSED -> READY
2025-05-11 13:27:01,969 - overlay - INFO - State changed: PAUSED -> READY
2025-05-11 13:27:01,970 - overlay - INFO - State changed: READY -> NULL
2025-05-11 13:27:01,970 - overlay - INFO - State changed: READY -> NULL
2025-05-11 13:27:01,971 - overlay - INFO - State changed: READY -> NULL
2025-05-11 13:27:01,971 - overlay - INFO - State changed: READY -> NULL
2025-05-11 13:27:01,972 - overlay - INFO - State changed: PAUSED -> READY
2025-05-11 13:27:01,972 - overlay - INFO - State changed: PAUSED -> READY
2025-05-11 13:27:01,973 - overlay - INFO - State changed: PAUSED -> READY
2025-05-11 13:27:01,973 - overlay - INFO - State changed: PAUSED -> READY
2025-05-11 13:27:01,973 - overlay - INFO - State changed: PAUSED -> READY
2025-05-11 13:27:01,974 - overlay - INFO - State changed: PAUSED -> READY
2025-05-11 13:27:01,974 - overlay - INFO - State changed: PAUSED -> READY
2025-05-11 13:27:01,974 - overlay - INFO - State changed: PAUSED -> READY
2025-05-11 13:27:01,975 - overlay - INFO - State changed: PAUSED -> READY
2025-05-11 13:27:01,975 - overlay - INFO - State changed: READY -> NULL
2025-05-11 13:27:01,976 - overlay - INFO - State changed: PLAYING -> PAUSED
2025-05-11 13:27:01,976 - overlay - INFO - State changed: PAUSED -> READY
2025-05-11 13:27:01,977 - overlay - INFO - State changed: READY -> NULL
2025-05-11 13:27:01,977 - overlay - INFO - State changed: READY -> NULL
2025-05-11 13:27:01,977 - overlay - INFO - State changed: PLAYING -> PAUSED
2025-05-11 13:27:01,978 - overlay - INFO - State changed: PAUSED -> READY
2025-05-11 13:27:01,978 - overlay - INFO - State changed: READY -> NULL
2025-05-11 13:27:01,979 - overlay - INFO - State changed: PLAYING -> PAUSED
2025-05-11 13:27:01,979 - overlay - INFO - State changed: PAUSED -> READY
2025-05-11 13:27:01,980 - overlay - INFO - State changed: READY -> NULL
2025-05-11 13:27:01,980 - overlay - INFO - State changed: READY -> NULL
2025-05-11 13:27:01,980 - overlay - INFO - State changed: READY -> NULL
2025-05-11 13:27:01,981 - overlay - INFO - State changed: READY -> NULL
2025-05-11 13:27:01,981 - overlay - INFO - State changed: READY -> NULL
2025-05-11 13:27:01,981 - overlay - INFO - State changed: READY -> NULL
2025-05-11 13:27:01,982 - overlay - INFO - State changed: READY -> NULL
2025-05-11 13:27:01,994 - overlay - INFO - State changed: PAUSED -> READY
2025-05-11 13:27:01,995 - overlay - INFO - State changed: READY -> NULL
2025-05-11 13:27:01,995 - overlay - INFO - State changed: PAUSED -> READY
2025-05-11 13:27:01,996 - overlay - INFO - State changed: PAUSED -> READY
2025-05-11 13:27:01,996 - overlay - INFO - State changed: PAUSED -> READY
2025-05-11 13:27:01,996 - overlay - INFO - State changed: PAUSED -> READY
2025-05-11 13:27:01,996 - overlay - INFO - State changed: PAUSED -> READY
2025-05-11 13:27:01,996 - overlay - INFO - State changed: PAUSED -> READY
2025-05-11 13:27:01,996 - overlay - INFO - State changed: READY -> NULL
2025-05-11 13:27:01,996 - overlay - INFO - State changed: READY -> NULL
2025-05-11 13:27:01,996 - overlay - INFO - State changed: READY -> NULL
2025-05-11 13:27:01,996 - overlay - INFO - State changed: READY -> NULL
2025-05-11 13:27:01,997 - overlay - INFO - State changed: PAUSED -> READY
2025-05-11 13:27:01,997 - overlay - INFO - State changed: PAUSED -> READY
2025-05-11 13:27:01,997 - overlay - INFO - State changed: PAUSED -> READY
2025-05-11 13:27:01,997 - overlay - INFO - State changed: PAUSED -> READY
2025-05-11 13:27:01,997 - overlay - INFO - State changed: PAUSED -> READY
2025-05-11 13:27:01,997 - overlay - INFO - State changed: PAUSED -> READY
2025-05-11 13:27:01,997 - overlay - INFO - State changed: PAUSED -> READY
2025-05-11 13:27:01,997 - overlay - INFO - State changed: PAUSED -> READY
2025-05-11 13:27:01,998 - overlay - INFO - State changed: PAUSED -> READY
2025-05-11 13:27:01,998 - overlay - INFO - State changed: READY -> NULL
2025-05-11 13:27:01,998 - overlay - INFO - State changed: PLAYING -> PAUSED
2025-05-11 13:27:01,998 - overlay - INFO - State changed: PAUSED -> READY
2025-05-11 13:27:01,998 - overlay - INFO - State changed: READY -> NULL
2025-05-11 13:27:01,998 - overlay - INFO - State changed: READY -> NULL
2025-05-11 13:27:01,998 - overlay - INFO - State changed: PLAYING -> PAUSED
2025-05-11 13:27:01,999 - overlay - INFO - State changed: PAUSED -> READY
2025-05-11 13:27:01,999 - overlay - INFO - State changed: READY -> NULL
2025-05-11 13:27:01,999 - overlay - INFO - State changed: PLAYING -> PAUSED
2025-05-11 13:27:01,999 - overlay - INFO - State changed: PAUSED -> READY
2025-05-11 13:27:01,999 - overlay - INFO - State changed: READY -> NULL
2025-05-11 13:27:01,999 - overlay - INFO - State changed: READY -> NULL
2025-05-11 13:27:01,999 - overlay - INFO - State changed: READY -> NULL
2025-05-11 13:27:01,999 - overlay - INFO - State changed: READY -> NULL
2025-05-11 13:27:01,999 - overlay - INFO - State changed: READY -> NULL
2025-05-11 13:27:01,999 - overlay - INFO - State changed: READY -> NULL
2025-05-11 13:27:01,999 - overlay - INFO - State changed: READY -> NULL
2025-05-11 13:27:02,003 - overlay - INFO - State changed: PAUSED -> READY
2025-05-11 13:27:02,003 - overlay - INFO - State changed: READY -> NULL
2025-05-11 13:27:02,004 - overlay - INFO - State changed: PAUSED -> READY
2025-05-11 13:27:02,011 - overlay - INFO - State changed: PAUSED -> READY
2025-05-11 13:27:02,012 - overlay - INFO - State changed: PAUSED -> READY
2025-05-11 13:27:02,012 - overlay - INFO - State changed: PAUSED -> READY
2025-05-11 13:27:02,013 - overlay - INFO - State changed: PAUSED -> READY
2025-05-11 13:27:02,013 - overlay - INFO - State changed: PAUSED -> READY
2025-05-11 13:27:02,013 - overlay - INFO - State changed: READY -> NULL
2025-05-11 13:27:02,013 - overlay - INFO - State changed: READY -> NULL
2025-05-11 13:27:02,013 - overlay - INFO - State changed: READY -> NULL
2025-05-11 13:27:02,014 - overlay - INFO - State changed: READY -> NULL
2025-05-11 13:27:02,014 - overlay - INFO - State changed: PAUSED -> READY
2025-05-11 13:27:02,014 - overlay - INFO - State changed: PAUSED -> READY
2025-05-11 13:27:02,014 - overlay - INFO - State changed: PAUSED -> READY
2025-05-11 13:27:02,014 - overlay - INFO - State changed: PAUSED -> READY
2025-05-11 13:27:02,014 - overlay - INFO - State changed: PAUSED -> READY
2025-05-11 13:27:02,014 - overlay - INFO - State changed: PAUSED -> READY
2025-05-11 13:27:02,014 - overlay - INFO - State changed: PAUSED -> READY
2025-05-11 13:27:02,014 - overlay - INFO - State changed: PAUSED -> READY
2025-05-11 13:27:02,015 - overlay - INFO - State changed: PAUSED -> READY
2025-05-11 13:27:02,015 - overlay - INFO - State changed: READY -> NULL
2025-05-11 13:27:02,015 - overlay - INFO - State changed: PLAYING -> PAUSED
2025-05-11 13:27:02,015 - overlay - INFO - State changed: PAUSED -> READY
2025-05-11 13:27:02,015 - overlay - INFO - State changed: READY -> NULL
2025-05-11 13:27:02,015 - overlay - INFO - State changed: READY -> NULL
2025-05-11 13:27:02,015 - overlay - INFO - State changed: PLAYING -> PAUSED
2025-05-11 13:27:02,015 - overlay - INFO - State changed: PAUSED -> READY
2025-05-11 13:27:02,015 - overlay - INFO - State changed: READY -> NULL
2025-05-11 13:27:02,016 - overlay - INFO - State changed: PLAYING -> PAUSED
2025-05-11 13:27:02,016 - overlay - INFO - State changed: PAUSED -> READY
2025-05-11 13:27:02,016 - overlay - INFO - State changed: READY -> NULL
2025-05-11 13:27:02,016 - overlay - INFO - State changed: READY -> NULL
2025-05-11 13:27:02,017 - overlay - INFO - State changed: READY -> NULL
2025-05-11 13:27:02,017 - overlay - INFO - State changed: READY -> NULL
2025-05-11 13:27:02,017 - overlay - INFO - State changed: READY -> NULL
2025-05-11 13:27:02,017 - overlay - INFO - State changed: READY -> NULL
2025-05-11 13:27:02,017 - overlay - INFO - State changed: READY -> NULL
2025-05-11 13:27:02,021 - overlay - INFO - State changed: PAUSED -> READY
2025-05-11 13:27:02,021 - overlay - INFO - State changed: READY -> NULL
2025-05-11 13:27:02,022 - overlay - INFO - State changed: PAUSED -> READY
2025-05-11 13:27:02,032 - overlay - INFO - State changed: PAUSED -> READY
2025-05-11 13:27:02,032 - overlay - INFO - State changed: PAUSED -> READY
2025-05-11 13:27:02,033 - overlay - INFO - State changed: PAUSED -> READY
2025-05-11 13:27:02,034 - overlay - INFO - State changed: PAUSED -> READY
2025-05-11 13:27:02,034 - overlay - INFO - State changed: PAUSED -> READY
2025-05-11 13:27:02,034 - overlay - INFO - State changed: READY -> NULL
2025-05-11 13:27:02,034 - overlay - INFO - State changed: READY -> NULL
2025-05-11 13:27:02,034 - overlay - INFO - State changed: READY -> NULL
2025-05-11 13:27:02,034 - overlay - INFO - State changed: READY -> NULL
2025-05-11 13:27:02,034 - overlay - INFO - State changed: PAUSED -> READY
2025-05-11 13:27:02,035 - overlay - INFO - State changed: PAUSED -> READY
2025-05-11 13:27:02,035 - overlay - INFO - State changed: PAUSED -> READY
2025-05-11 13:27:02,035 - overlay - INFO - State changed: PAUSED -> READY
2025-05-11 13:27:02,035 - overlay - INFO - State changed: PAUSED -> READY
2025-05-11 13:27:02,035 - overlay - INFO - State changed: PAUSED -> READY
2025-05-11 13:27:02,035 - overlay - INFO - State changed: PAUSED -> READY
2025-05-11 13:27:02,035 - overlay - INFO - State changed: PAUSED -> READY
2025-05-11 13:27:02,035 - overlay - INFO - State changed: PAUSED -> READY
2025-05-11 13:27:02,035 - overlay - INFO - State changed: READY -> NULL
2025-05-11 13:27:02,035 - overlay - INFO - State changed: PLAYING -> PAUSED
2025-05-11 13:27:02,036 - overlay - INFO - State changed: PAUSED -> READY
2025-05-11 13:27:02,036 - overlay - INFO - State changed: READY -> NULL
2025-05-11 13:27:02,036 - overlay - INFO - State changed: READY -> NULL
2025-05-11 13:27:02,036 - overlay - INFO - State changed: PLAYING -> PAUSED
2025-05-11 13:27:02,036 - overlay - INFO - State changed: PAUSED -> READY
2025-05-11 13:27:02,036 - overlay - INFO - State changed: READY -> NULL
2025-05-11 13:27:02,036 - overlay - INFO - State changed: PLAYING -> PAUSED
2025-05-11 13:27:02,037 - overlay - INFO - State changed: PAUSED -> READY
2025-05-11 13:27:02,037 - overlay - INFO - State changed: READY -> NULL
2025-05-11 13:27:02,037 - overlay - INFO - State changed: READY -> NULL
2025-05-11 13:27:02,037 - overlay - INFO - State changed: READY -> NULL
2025-05-11 13:27:02,037 - overlay - INFO - State changed: READY -> NULL
2025-05-11 13:27:02,037 - overlay - INFO - State changed: READY -> NULL
2025-05-11 13:27:02,037 - overlay - INFO - State changed: READY -> NULL
2025-05-11 13:27:02,037 - overlay - INFO - State changed: READY -> NULL
2025-05-11 13:27:02,040 - overlay - INFO - State changed: PAUSED -> READY
2025-05-11 13:27:02,040 - overlay - INFO - State changed: READY -> NULL
2025-05-11 13:27:02,040 - overlay - INFO - State changed: PAUSED -> READY
2025-05-11 13:27:02,041 - overlay - INFO - State changed: PAUSED -> READY
2025-05-11 13:27:02,041 - overlay - INFO - State changed: PAUSED -> READY
2025-05-11 13:27:02,041 - overlay - INFO - State changed: PAUSED -> READY
2025-05-11 13:27:02,041 - overlay - INFO - State changed: PAUSED -> READY
2025-05-11 13:27:02,041 - overlay - INFO - State changed: PAUSED -> READY
2025-05-11 13:27:02,041 - overlay - INFO - State changed: READY -> NULL
2025-05-11 13:27:02,042 - overlay - INFO - State changed: READY -> NULL
2025-05-11 13:27:02,042 - overlay - INFO - State changed: READY -> NULL
2025-05-11 13:27:02,042 - overlay - INFO - State changed: READY -> NULL
2025-05-11 13:27:02,042 - overlay - INFO - State changed: READY -> NULL
2025-05-11 13:27:02,042 - overlay - INFO - State changed: READY -> NULL
2025-05-11 13:27:02,042 - overlay - INFO - State changed: READY -> NULL
2025-05-11 13:27:02,042 - overlay - INFO - State changed: READY -> NULL
2025-05-11 13:27:02,042 - overlay - INFO - State changed: READY -> NULL
2025-05-11 13:27:02,042 - overlay - INFO - State changed: READY -> NULL
2025-05-11 13:27:02,042 - overlay - INFO - State changed: READY -> NULL
2025-05-11 13:27:02,042 - overlay - INFO - State changed: READY -> NULL
2025-05-11 13:27:02,043 - overlay - INFO - State changed: READY -> NULL
2025-05-11 13:27:02,044 - overlay - INFO - State changed: READY -> NULL
2025-05-11 13:27:02,044 - overlay - INFO - State changed: READY -> NULL
2025-05-11 13:27:02,044 - overlay - INFO - State changed: READY -> NULL
2025-05-11 13:27:02,045 - overlay - INFO - State changed: READY -> NULL
2025-05-11 13:27:02,045 - overlay - INFO - State changed: READY -> NULL
2025-05-11 13:27:02,045 - overlay - INFO - State changed: READY -> NULL
2025-05-11 13:27:02,045 - overlay - INFO - State changed: READY -> NULL
2025-05-11 13:27:02,045 - overlay - INFO - State changed: READY -> NULL
2025-05-11 13:27:02,045 - overlay - INFO - State changed: READY -> NULL
2025-05-11 13:27:02,045 - overlay - INFO - State changed: READY -> NULL
2025-05-11 13:27:02,045 - overlay - INFO - State changed: READY -> NULL
2025-05-11 13:27:02,046 - overlay - INFO - State changed: READY -> NULL
2025-05-11 13:27:02,046 - overlay - INFO - State changed: READY -> NULL
2025-05-11 13:27:02,049 - overlay - INFO - Pipeline fully stopped and resources released
