2025-04-27 22:59:03,904 - overlay - INFO - Fetching all CameraURLs records
2025-04-27 22:59:03,913 - recording_session - INFO - 🚀 SlowMoWorker started
2025-04-27 22:59:03,914 - overlay - INFO - Fetching all CameraURLs records
2025-04-27 22:59:03,929 - recording_session - INFO - 🎥 Recording thread started for camera 1
2025-04-27 22:59:03,943 - overlay - INFO - Started recording for camera 1: rtsp://192.168.100.150:8547/h264
2025-04-27 22:59:03,946 - recording_session - INFO - 🧹 Cleanup done. Deleted 0 files.
2025-04-27 22:59:03,952 - recording_session - INFO - 🧪 Starting GStreamer pipeline for camera 1
2025-04-27 22:59:03,953 - recording_session - INFO - ✅ Pipeline set to PLAYING for camera 1
2025-04-27 22:59:03,961 - recording_session - INFO - 🎥 Recording thread started for camera 2
2025-04-27 22:59:03,968 - overlay - INFO - Started recording for camera 2: rtsp://192.168.100.150:8547/h264
2025-04-27 22:59:03,969 - recording_session - INFO - 🧪 Starting GStreamer pipeline for camera 2
2025-04-27 22:59:03,971 - recording_session - INFO - ✅ Pipeline set to PLAYING for camera 2
2025-04-27 22:59:03,978 - recording_session - INFO - 🎥 Recording thread started for camera 3
2025-04-27 22:59:03,979 - overlay - INFO - Started recording for camera 3: rtsp://192.168.100.150:8547/h264
2025-04-27 22:59:03,980 - recording_session - INFO - 🧪 Starting GStreamer pipeline for camera 3
2025-04-27 22:59:03,981 - recording_session - INFO - ✅ Pipeline set to PLAYING for camera 3
2025-04-27 22:59:03,989 - recording_session - INFO - 🎥 Recording thread started for camera 4
2025-04-27 22:59:03,990 - overlay - INFO - Started recording for camera 4: rtsp://192.168.100.150:8547/h264
2025-04-27 22:59:03,993 - recording_session - INFO - 🧪 Starting GStreamer pipeline for camera 4
2025-04-27 22:59:03,996 - recording_session - INFO - ✅ Pipeline set to PLAYING for camera 4
2025-04-27 22:59:04,024 - recording_session - INFO - 🔌 pad-added signal for camera 4
2025-04-27 22:59:04,024 - recording_session - INFO - 🔗 Linked rtspsrc pad to depay for camera 4
