2025-05-11 21:30:56,990 - overlay - INFO - Fetching all CameraURLs records
2025-05-11 21:30:56,998 - recording_session - INFO - ðŸš€ SlowMoWorkers started: 4 threads
2025-05-11 21:30:56,998 - overlay - INFO - Fetching all CameraURLs records
2025-05-11 21:30:57,016 - recording_session - INFO - ðŸŽ¥ Recording thread started for camera 1
2025-05-11 21:30:57,020 - overlay - INFO - Started recording for camera 1: rtsp://192.168.100.150:8547/h264
2025-05-11 21:30:57,035 - recording_session - INFO - ðŸŽ¥ Recording thread started for camera 2
2025-05-11 21:30:57,035 - overlay - INFO - Started recording for camera 2: rtsp://192.168.100.150:8547/h264
2025-05-11 21:30:57,046 - recording_session - INFO - ðŸŽ¥ Recording thread started for camera 3
2025-05-11 21:30:57,047 - overlay - INFO - Started recording for camera 3: rtsp://192.168.100.150:8547/h264
2025-05-11 21:30:57,054 - recording_session - INFO - ðŸŽ¥ Recording thread started for camera 4
2025-05-11 21:30:57,054 - overlay - INFO - Started recording for camera 4: rtsp://192.168.100.150:8547/h264
2025-05-11 21:30:57,057 - recording_session - INFO - ðŸ§ª Starting GStreamer pipeline for camera 3
2025-05-11 21:30:57,057 - recording_session - INFO - ðŸ§ª Starting GStreamer pipeline for camera 1
2025-05-11 21:30:57,057 - recording_session - INFO - ðŸ§ª Starting GStreamer pipeline for camera 2
2025-05-11 21:30:57,062 - recording_session - INFO - ðŸ§ª Starting GStreamer pipeline for camera 4
2025-05-11 21:30:57,086 - recording_session - INFO - âœ… Pipeline PLAYING for camera 1
2025-05-11 21:30:57,089 - recording_session - INFO - âœ… Pipeline PLAYING for camera 3
2025-05-11 21:30:57,089 - recording_session - INFO - âœ… Pipeline PLAYING for camera 2
2025-05-11 21:30:57,100 - recording_session - INFO - âœ… Pipeline PLAYING for camera 4
2025-05-11 21:30:57,268 - recording_session - INFO - âœ… Linked rtspsrc â†’ depay for camera 3
2025-05-11 21:30:57,269 - recording_session - INFO - âœ… Linked rtspsrc â†’ depay for camera 4
2025-05-11 21:30:57,278 - recording_session - INFO - âœ… Linked rtspsrc â†’ depay for camera 2
2025-05-11 21:30:57,282 - recording_session - INFO - ðŸ“ Started recording chunk: /var/www/html/public/assets/uploads/CAM4/2025-05-11/1746981057.mp4
2025-05-11 21:30:57,291 - recording_session - INFO - âœ… Linked rtspsrc â†’ depay for camera 1
2025-05-11 21:30:57,293 - recording_session - INFO - ðŸ“ Started recording chunk: /var/www/html/public/assets/uploads/CAM2/2025-05-11/1746981057.mp4
2025-05-11 21:30:57,304 - recording_session - INFO - ðŸ“ Started recording chunk: /var/www/html/public/assets/uploads/CAM1/2025-05-11/1746981057.mp4
2025-05-11 21:30:57,315 - recording_session - INFO - ðŸ“ Started recording chunk: /var/www/html/public/assets/uploads/CAM3/2025-05-11/1746981057.mp4
2025-05-11 21:31:07,623 - overlay - INFO - Fetching all CameraURLs records
2025-05-11 21:31:07,624 - overlay - INFO - Fetching all graphics records
2025-05-11 21:31:07,628 - overlay - INFO - Found 4 CameraURLs records
2025-05-11 21:31:07,638 - overlay - INFO - Found 1 graphics records
2025-05-11 21:31:07,797 - overlay - INFO - Fetching gamestats with ID: 1
2025-05-11 21:31:07,797 - overlay - INFO - Fetching graphics with ID: 1
2025-05-11 21:31:07,825 - overlay - INFO - Fetching graphics with ID: 1
2025-05-11 21:31:13,866 - overlay - INFO - Loaded stream target (ID: 1): srt => srt://origin-v2.vewbie.com:7010
2025-05-11 21:31:13,867 - overlay - INFO - Creating pipeline for srt stream to: srt://origin-v2.vewbie.com:7010
2025-05-11 21:31:13,874 - overlay - ERROR - Unexpected error: object of type `GstUDPSrc' does not have property `wave'
2025-05-11 21:31:47,719 - recording_session - INFO - Finalizing chunk: /var/www/html/public/assets/uploads/CAM1/2025-05-11/1746981057.mp4
