2025-04-27 23:07:26,887 - overlay - INFO - Fetching all CameraURLs records
2025-04-27 23:07:26,896 - recording_session - INFO - 🚀 SlowMoWorker started
2025-04-27 23:07:26,897 - overlay - INFO - Fetching all CameraURLs records
2025-04-27 23:07:26,913 - recording_session - INFO - 🧹 Cleanup done. Deleted 0 files.
2025-04-27 23:07:26,926 - recording_session - INFO - 🎥 Recording thread started for camera 1
2025-04-27 23:07:26,931 - overlay - INFO - Started recording for camera 1: rtsp://192.168.100.150:8547/h264
2025-04-27 23:07:26,940 - recording_session - INFO - 🎥 Recording thread started for camera 2
2025-04-27 23:07:26,941 - overlay - INFO - Started recording for camera 2: rtsp://192.168.100.150:8547/h264
2025-04-27 23:07:26,949 - recording_session - INFO - 🧪 Starting GStreamer pipeline for camera 2
2025-04-27 23:07:26,950 - recording_session - INFO - 🧪 Starting GStreamer pipeline for camera 1
2025-04-27 23:07:26,952 - recording_session - INFO - 🎥 Recording thread started for camera 3
2025-04-27 23:07:26,953 - recording_session - INFO - ✅ Pipeline set to PLAYING for camera 2
2025-04-27 23:07:26,953 - overlay - INFO - Started recording for camera 3: rtsp://192.168.100.150:8547/h264
2025-04-27 23:07:26,954 - recording_session - INFO - ✅ Pipeline set to PLAYING for camera 1
2025-04-27 23:07:26,970 - recording_session - INFO - 🧪 Starting GStreamer pipeline for camera 3
2025-04-27 23:07:26,974 - recording_session - INFO - ✅ Pipeline set to PLAYING for camera 3
2025-04-27 23:07:26,980 - recording_session - INFO - 🎥 Recording thread started for camera 4
2025-04-27 23:07:26,980 - overlay - INFO - Started recording for camera 4: rtsp://192.168.100.150:8547/h264
2025-04-27 23:07:26,988 - recording_session - INFO - 🧪 Starting GStreamer pipeline for camera 4
2025-04-27 23:07:26,992 - recording_session - INFO - ✅ Pipeline set to PLAYING for camera 4
2025-04-27 23:07:27,009 - recording_session - INFO - 🔌 pad-added signal for camera 3
2025-04-27 23:07:27,011 - recording_session - INFO - 🔗 Linked rtspsrc pad to depay for camera 3
