2025-04-27 22:51:08,889 - overlay - INFO - Fetching all CameraURLs records
2025-04-27 22:51:08,898 - recording_session - INFO - 🚀 SlowMoWorker started
2025-04-27 22:51:08,903 - overlay - INFO - Fetching all CameraURLs records
2025-04-27 22:51:08,907 - recording_session - INFO - 🧹 Cleanup done. Deleted 0 files.
2025-04-27 22:51:08,926 - recording_session - INFO - 🎥 Recording thread started for camera 1
2025-04-27 22:51:08,933 - overlay - INFO - Started recording for camera 1: rtsp://192.168.100.150:8547/h264
2025-04-27 22:51:08,943 - recording_session - INFO - 🎥 Recording thread started for camera 2
2025-04-27 22:51:08,944 - overlay - INFO - Started recording for camera 2: rtsp://192.168.100.150:8547/h264
2025-04-27 22:51:08,947 - recording_session - INFO - 🧪 Starting GStreamer pipeline for camera 2
2025-04-27 22:51:08,948 - recording_session - INFO - 🧪 Starting GStreamer pipeline for camera 1
2025-04-27 22:51:08,949 - recording_session - INFO - ✅ Pipeline set to PLAYING for camera 2
2025-04-27 22:51:08,951 - recording_session - INFO - ✅ Pipeline set to PLAYING for camera 1
2025-04-27 22:51:08,951 - recording_session - INFO - 🎥 Recording thread started for camera 3
2025-04-27 22:51:08,975 - overlay - INFO - Started recording for camera 3: rtsp://192.168.100.150:8547/h264
2025-04-27 22:51:08,975 - recording_session - INFO - 🧪 Starting GStreamer pipeline for camera 3
2025-04-27 22:51:08,984 - recording_session - INFO - ✅ Pipeline set to PLAYING for camera 3
2025-04-27 22:51:08,995 - recording_session - INFO - 🎥 Recording thread started for camera 4
2025-04-27 22:51:08,995 - overlay - INFO - Started recording for camera 4: rtsp://192.168.100.150:8547/h264
2025-04-27 22:51:09,000 - recording_session - INFO - 🧪 Starting GStreamer pipeline for camera 4
2025-04-27 22:51:09,002 - recording_session - INFO - ✅ Pipeline set to PLAYING for camera 4
2025-04-27 22:51:09,025 - recording_session - INFO - 🔌 pad-added signal for camera 3
2025-04-27 22:51:09,026 - recording_session - INFO - 🔗 Linked rtspsrc pad to depay for camera 3
2025-04-27 22:51:09,039 - recording_session - INFO - 🔌 pad-added signal for camera 4
2025-04-27 22:51:09,039 - recording_session - INFO - 🔗 Linked rtspsrc pad to depay for camera 4
