2025-05-11 00:12:46,890 - overlay - INFO - Fetching all CameraURLs records
2025-05-11 00:12:46,908 - recording_session - INFO - ðŸš€ SlowMoWorkers started: 4 threads
2025-05-11 00:12:46,908 - overlay - INFO - Fetching all CameraURLs records
2025-05-11 00:12:46,915 - recording_session - INFO - ðŸŽ¥ Recording thread started for camera 1
2025-05-11 00:12:46,917 - overlay - INFO - Started recording for camera 1: rtsp://192.168.100.150:8547/h264
2025-05-11 00:12:46,932 - recording_session - INFO - ðŸŽ¥ Recording thread started for camera 2
2025-05-11 00:12:46,932 - overlay - INFO - Started recording for camera 2: rtsp://192.168.100.150:8547/h264
2025-05-11 00:12:46,943 - recording_session - INFO - ðŸŽ¥ Recording thread started for camera 3
2025-05-11 00:12:46,944 - overlay - INFO - Started recording for camera 3: rtsp://192.168.100.150:8547/h264
2025-05-11 00:12:46,950 - recording_session - INFO - ðŸ§ª Starting GStreamer pipeline for camera 3
2025-05-11 00:12:46,950 - recording_session - INFO - ðŸ§ª Starting GStreamer pipeline for camera 2
2025-05-11 00:12:46,950 - recording_session - INFO - ðŸ§ª Starting GStreamer pipeline for camera 1
2025-05-11 00:12:46,955 - recording_session - INFO - ðŸŽ¥ Recording thread started for camera 4
2025-05-11 00:12:46,956 - overlay - INFO - Started recording for camera 4: rtsp://192.168.100.150:8547/h264
2025-05-11 00:12:46,960 - recording_session - INFO - ðŸ§ª Starting GStreamer pipeline for camera 4
2025-05-11 00:12:46,972 - recording_session - INFO - âœ… Pipeline PLAYING for camera 2
2025-05-11 00:12:46,975 - recording_session - INFO - âœ… Pipeline PLAYING for camera 3
2025-05-11 00:12:46,976 - recording_session - INFO - âœ… Pipeline PLAYING for camera 1
2025-05-11 00:12:46,998 - recording_session - INFO - âœ… Pipeline PLAYING for camera 4
2025-05-11 00:12:47,175 - recording_session - INFO - âœ… Linked rtspsrc â†’ depay for camera 4
2025-05-11 00:12:47,179 - recording_session - INFO - âœ… Linked rtspsrc â†’ depay for camera 2
2025-05-11 00:12:47,180 - recording_session - INFO - âœ… Linked rtspsrc â†’ depay for camera 3
2025-05-11 00:12:47,180 - recording_session - INFO - âœ… Linked rtspsrc â†’ depay for camera 1
2025-05-11 00:12:47,192 - recording_session - INFO - ðŸ“ Started recording chunk: /var/www/html/public/assets/uploads/CAM4/2025-05-11/1746904367.mp4
2025-05-11 00:12:47,205 - recording_session - INFO - ðŸ“ Started recording chunk: /var/www/html/public/assets/uploads/CAM3/2025-05-11/1746904367.mp4
2025-05-11 00:12:47,226 - recording_session - INFO - ðŸ“ Started recording chunk: /var/www/html/public/assets/uploads/CAM1/2025-05-11/1746904367.mp4
2025-05-11 00:12:47,247 - recording_session - INFO - ðŸ“ Started recording chunk: /var/www/html/public/assets/uploads/CAM2/2025-05-11/1746904367.mp4
2025-05-11 00:13:04,915 - overlay - INFO - Fetching all graphics records
2025-05-11 00:13:04,916 - overlay - INFO - Fetching all CameraURLs records
2025-05-11 00:13:04,953 - overlay - INFO - Found 1 graphics records
2025-05-11 00:13:04,954 - overlay - INFO - Found 4 CameraURLs records
2025-05-11 00:13:05,084 - overlay - INFO - Fetching gamestats with ID: 1
2025-05-11 00:13:05,092 - overlay - INFO - Fetching graphics with ID: 1
2025-05-11 00:13:05,142 - overlay - INFO - Fetching graphics with ID: 1
2025-05-11 00:13:10,815 - overlay - INFO - Loaded stream target (ID: 1): srt => srt://origin-v2.vewbie.com:7010
2025-05-11 00:13:10,816 - overlay - INFO - Creating pipeline for srt stream to: srt://origin-v2.vewbie.com:7010
2025-05-11 00:13:10,849 - overlay - ERROR - Unexpected error: object of type `GstMpegTsMux' does not have property `max-delay'
