2025-04-27 22:35:21,783 - overlay - INFO - Fetching all CameraURLs records
2025-04-27 22:35:21,797 - recording_session - INFO - 🚀 SlowMoWorker started
2025-04-27 22:35:21,799 - overlay - INFO - Fetching all CameraURLs records
2025-04-27 22:35:21,825 - recording_session - INFO - 🎥 Recording thread started for camera 1
2025-04-27 22:35:21,829 - overlay - INFO - Started recording for camera 1: rtsp://192.168.100.150:8547/h264
2025-04-27 22:35:21,835 - recording_session - INFO - 🧹 Cleanup done. Deleted 0 files.
2025-04-27 22:35:21,850 - recording_session - INFO - 🎥 Recording thread started for camera 2
2025-04-27 22:35:21,850 - overlay - INFO - Started recording for camera 2: rtsp://192.168.100.150:8547/h264
2025-04-27 22:35:21,876 - recording_session - INFO - 🎥 Recording thread started for camera 3
2025-04-27 22:35:21,878 - overlay - INFO - Started recording for camera 3: rtsp://192.168.100.150:8547/h264
2025-04-27 22:35:21,882 - recording_session - INFO - 🧪 Starting GStreamer pipeline for camera 3
2025-04-27 22:35:21,882 - recording_session - INFO - 🧪 Starting GStreamer pipeline for camera 1
2025-04-27 22:35:21,882 - recording_session - INFO - 🧪 Starting GStreamer pipeline for camera 2
2025-04-27 22:35:21,884 - recording_session - INFO - ✅ Pipeline set to PLAYING for camera 3
2025-04-27 22:35:21,886 - recording_session - INFO - ✅ Pipeline set to PLAYING for camera 2
2025-04-27 22:35:21,886 - recording_session - INFO - ✅ Pipeline set to PLAYING for camera 1
2025-04-27 22:35:21,897 - recording_session - INFO - 🎥 Recording thread started for camera 4
2025-04-27 22:35:21,897 - overlay - INFO - Started recording for camera 4: rtsp://192.168.100.150:8547/h264
2025-04-27 22:35:21,912 - recording_session - INFO - 🧪 Starting GStreamer pipeline for camera 4
2025-04-27 22:35:21,914 - recording_session - INFO - ✅ Pipeline set to PLAYING for camera 4
2025-04-27 22:35:21,949 - recording_session - INFO - 🔌 pad-added signal for camera 4
2025-04-27 22:35:21,951 - recording_session - INFO - 🔗 Linked rtspsrc pad to depay for camera 4
