2025-04-27 23:00:43,647 - overlay - INFO - Fetching all CameraURLs records
2025-04-27 23:00:43,657 - recording_session - INFO - 🚀 SlowMoWorker started
2025-04-27 23:00:43,659 - overlay - INFO - Fetching all CameraURLs records
2025-04-27 23:00:43,667 - recording_session - INFO - 🧹 Cleanup done. Deleted 0 files.
2025-04-27 23:00:43,704 - recording_session - INFO - 🎥 Recording thread started for camera 1
2025-04-27 23:00:43,706 - overlay - INFO - Started recording for camera 1: rtsp://192.168.100.150:8547/h264
2025-04-27 23:00:43,717 - recording_session - INFO - 🎥 Recording thread started for camera 2
2025-04-27 23:00:43,717 - overlay - INFO - Started recording for camera 2: rtsp://192.168.100.150:8547/h264
2025-04-27 23:00:43,721 - recording_session - INFO - 🧪 Starting GStreamer pipeline for camera 1
2025-04-27 23:00:43,722 - recording_session - INFO - 🧪 Starting GStreamer pipeline for camera 2
2025-04-27 23:00:43,723 - recording_session - INFO - ✅ Pipeline set to PLAYING for camera 1
2025-04-27 23:00:43,723 - recording_session - INFO - ✅ Pipeline set to PLAYING for camera 2
2025-04-27 23:00:43,733 - recording_session - INFO - 🎥 Recording thread started for camera 3
2025-04-27 23:00:43,740 - overlay - INFO - Started recording for camera 3: rtsp://192.168.100.150:8547/h264
2025-04-27 23:00:43,742 - recording_session - INFO - 🧪 Starting GStreamer pipeline for camera 3
2025-04-27 23:00:43,744 - recording_session - INFO - ✅ Pipeline set to PLAYING for camera 3
2025-04-27 23:00:43,764 - recording_session - INFO - 🎥 Recording thread started for camera 4
2025-04-27 23:00:43,764 - overlay - INFO - Started recording for camera 4: rtsp://192.168.100.150:8547/h264
2025-04-27 23:00:43,774 - recording_session - INFO - 🧪 Starting GStreamer pipeline for camera 4
2025-04-27 23:00:43,777 - recording_session - INFO - ✅ Pipeline set to PLAYING for camera 4
2025-04-27 23:00:43,784 - recording_session - INFO - 🔌 pad-added signal for camera 2
2025-04-27 23:00:43,785 - recording_session - INFO - 🔗 Linked rtspsrc pad to depay for camera 2
2025-04-27 23:00:43,795 - recording_session - INFO - 🔌 pad-added signal for camera 3
2025-04-27 23:00:43,797 - recording_session - INFO - 🔗 Linked rtspsrc pad to depay for camera 3
2025-04-27 23:00:43,807 - recording_session - INFO - 🔌 pad-added signal for camera 4
2025-04-27 23:00:43,807 - recording_session - INFO - 🔗 Linked rtspsrc pad to depay for camera 4
