2025-04-27 17:11:35,237 - overlay - INFO - Fetching all CameraURLs records
2025-04-27 17:11:35,246 - recording_session - INFO - 🚀 SlowMoWorker started
2025-04-27 17:11:35,247 - overlay - INFO - Fetching all CameraURLs records
2025-04-27 17:11:35,279 - recording_session - INFO - 🎥 Recording thread started for camera 1
2025-04-27 17:11:35,280 - overlay - INFO - Started recording for camera 1: rtsp://192.168.100.150:8547/h264
2025-04-27 17:11:35,281 - recording_session - INFO - 🧹 Cleanup done. Deleted 0 files.
2025-04-27 17:11:35,292 - recording_session - INFO - 🎥 Recording thread started for camera 2
2025-04-27 17:11:35,293 - overlay - INFO - Started recording for camera 2: rtsp://192.168.100.150:8547/h264
2025-04-27 17:11:35,312 - recording_session - INFO - 🎥 Recording thread started for camera 3
2025-04-27 17:11:35,313 - overlay - INFO - Started recording for camera 3: rtsp://192.168.100.150:8547/h264
2025-04-27 17:11:35,317 - recording_session - INFO - 🧪 Starting GStreamer pipeline for camera 2
2025-04-27 17:11:35,317 - recording_session - INFO - 🧪 Starting GStreamer pipeline for camera 3
2025-04-27 17:11:35,317 - recording_session - INFO - 🧪 Starting GStreamer pipeline for camera 1
2025-04-27 17:11:35,321 - recording_session - INFO - ✅ Pipeline set to PLAYING for camera 2
2025-04-27 17:11:35,321 - recording_session - INFO - 🎥 Recording thread started for camera 4
2025-04-27 17:11:35,321 - recording_session - INFO - ✅ Pipeline set to PLAYING for camera 3
2025-04-27 17:11:35,321 - recording_session - INFO - ✅ Pipeline set to PLAYING for camera 1
2025-04-27 17:11:35,329 - overlay - INFO - Started recording for camera 4: rtsp://192.168.100.150:8547/h264
2025-04-27 17:11:35,340 - recording_session - INFO - 🧪 Starting GStreamer pipeline for camera 4
2025-04-27 17:11:35,342 - recording_session - INFO - ✅ Pipeline set to PLAYING for camera 4
2025-04-27 17:11:35,472 - recording_session - INFO - 🔌 pad-added signal for camera 2
2025-04-27 17:11:35,473 - recording_session - INFO - 🔌 pad-added signal for camera 3
2025-04-27 17:11:35,473 - recording_session - INFO - 🔌 pad-added signal for camera 1
2025-04-27 17:11:35,474 - recording_session - INFO - 🔗 Linked rtspsrc pad to depay for camera 2
2025-04-27 17:11:35,474 - recording_session - INFO - 🔗 Linked rtspsrc pad to depay for camera 3
2025-04-27 17:11:35,474 - recording_session - INFO - 🔌 pad-added signal for camera 4
2025-04-27 17:11:35,474 - recording_session - INFO - 🔗 Linked rtspsrc pad to depay for camera 1
2025-04-27 17:11:35,476 - recording_session - INFO - 🔗 Linked rtspsrc pad to depay for camera 4
2025-04-27 17:11:35,491 - recording_session - INFO - 📁 Started recording chunk: /var/www/html/public/assets/uploads/CAM4/2025-04-27/1745755895.mp4
2025-04-27 17:11:35,508 - recording_session - INFO - 📁 Started recording chunk: /var/www/html/public/assets/uploads/CAM1/2025-04-27/1745755895.mp4
2025-04-27 17:11:35,525 - recording_session - INFO - 📁 Started recording chunk: /var/www/html/public/assets/uploads/CAM2/2025-04-27/1745755895.mp4
2025-04-27 17:11:35,541 - recording_session - INFO - 📁 Started recording chunk: /var/www/html/public/assets/uploads/CAM3/2025-04-27/1745755895.mp4
2025-04-27 17:11:36,315 - recording_session - INFO - 📊 RAM Usage: 8.3% | CPU: 9.0%
2025-04-27 17:11:40,257 - overlay - INFO - Fetching gamestats with ID: 1
2025-04-27 17:11:40,279 - overlay - INFO - Fetching graphics with ID: 1
2025-04-27 17:11:43,997 - overlay - INFO - Fetching gamestats with ID: 1
2025-04-27 17:11:44,010 - overlay - INFO - Fetching graphics with ID: 1
2025-04-27 17:11:50,235 - overlay - INFO - Fetching gamestats with ID: 1
2025-04-27 17:11:50,253 - overlay - INFO - Fetching graphics with ID: 1
2025-04-27 17:11:51,050 - overlay - INFO - Fetching all graphics records
2025-04-27 17:11:51,056 - overlay - INFO - Fetching all CameraURLs records
2025-04-27 17:11:51,060 - overlay - INFO - Found 1 graphics records
2025-04-27 17:11:51,063 - overlay - INFO - Found 4 CameraURLs records
2025-04-27 17:11:51,163 - overlay - INFO - Fetching gamestats with ID: 1
2025-04-27 17:11:51,163 - overlay - INFO - Fetching graphics with ID: 1
2025-04-27 17:11:51,218 - overlay - INFO - Fetching graphics with ID: 1
2025-04-27 17:11:52,632 - overlay - INFO - Fetching streamtargets with ID: 1
2025-04-27 17:11:52,639 - overlay - INFO - Loaded stream target (ID: 1): srt => srt://origin-v2.vewbie.com:7010
2025-04-27 17:11:52,639 - overlay - INFO - Creating pipeline for srt stream to: srt://origin-v2.vewbie.com:7010
2025-04-27 17:11:52,761 - overlay - INFO - 🧩 Dynamic overlay URL set to: http://192.168.8.47:8080/scorecards/baseball/scorecard/1
2025-04-27 17:11:52,763 - overlay - INFO - Adding overlay for position: bc
2025-04-27 17:11:52,764 - overlay - INFO - Screenshot capture started...
2025-04-27 17:11:52,769 - overlay - INFO - Position set to bc (X: 660, Y: -10)
2025-04-27 17:11:52,945 - overlay - INFO - State changed: NULL -> READY
2025-04-27 17:11:52,946 - overlay - INFO - State changed: NULL -> READY
2025-04-27 17:11:52,946 - overlay - INFO - State changed: NULL -> READY
2025-04-27 17:11:52,946 - overlay - INFO - State changed: NULL -> READY
2025-04-27 17:11:52,946 - overlay - INFO - State changed: NULL -> READY
2025-04-27 17:11:52,946 - overlay - INFO - State changed: NULL -> READY
2025-04-27 17:11:52,946 - overlay - INFO - State changed: NULL -> READY
2025-04-27 17:11:52,946 - overlay - INFO - State changed: NULL -> READY
2025-04-27 17:11:52,947 - overlay - INFO - State changed: NULL -> READY
2025-04-27 17:11:52,947 - overlay - INFO - State changed: NULL -> READY
2025-04-27 17:11:52,947 - overlay - INFO - State changed: NULL -> READY
2025-04-27 17:11:52,947 - overlay - INFO - State changed: NULL -> READY
2025-04-27 17:11:52,947 - overlay - INFO - State changed: NULL -> READY
2025-04-27 17:11:52,947 - overlay - INFO - State changed: NULL -> READY
2025-04-27 17:11:52,947 - overlay - INFO - State changed: NULL -> READY
2025-04-27 17:11:52,947 - overlay - INFO - State changed: NULL -> READY
2025-04-27 17:11:52,947 - overlay - INFO - State changed: NULL -> READY
2025-04-27 17:11:52,947 - overlay - INFO - State changed: NULL -> READY
2025-04-27 17:11:52,948 - overlay - INFO - State changed: NULL -> READY
2025-04-27 17:11:52,948 - overlay - INFO - State changed: NULL -> READY
2025-04-27 17:11:52,948 - overlay - INFO - State changed: NULL -> READY
2025-04-27 17:11:52,948 - overlay - INFO - State changed: READY -> PAUSED
2025-04-27 17:11:52,948 - overlay - INFO - State changed: READY -> PAUSED
2025-04-27 17:11:52,948 - overlay - INFO - State changed: READY -> PAUSED
2025-04-27 17:11:52,948 - overlay - INFO - State changed: READY -> PAUSED
2025-04-27 17:11:52,948 - overlay - INFO - State changed: READY -> PAUSED
2025-04-27 17:11:52,948 - overlay - INFO - State changed: READY -> PAUSED
2025-04-27 17:11:52,948 - overlay - INFO - State changed: READY -> PAUSED
2025-04-27 17:11:52,948 - overlay - INFO - State changed: READY -> PAUSED
2025-04-27 17:11:52,949 - overlay - INFO - State changed: READY -> PAUSED
2025-04-27 17:11:52,949 - overlay - INFO - State changed: READY -> PAUSED
2025-04-27 17:11:52,949 - overlay - INFO - State changed: READY -> PAUSED
2025-04-27 17:11:52,949 - overlay - INFO - State changed: READY -> PAUSED
2025-04-27 17:11:52,949 - overlay - INFO - State changed: READY -> PAUSED
2025-04-27 17:11:52,949 - overlay - INFO - State changed: READY -> PAUSED
2025-04-27 17:11:52,949 - overlay - INFO - State changed: READY -> PAUSED
2025-04-27 17:11:52,949 - overlay - INFO - State changed: NULL -> READY
2025-04-27 17:11:52,949 - overlay - INFO - State changed: READY -> PAUSED
2025-04-27 17:11:52,949 - overlay - INFO - State changed: READY -> PAUSED
2025-04-27 17:11:52,950 - overlay - INFO - State changed: NULL -> READY
2025-04-27 17:11:52,950 - overlay - INFO - State changed: READY -> PAUSED
2025-04-27 17:11:52,950 - overlay - INFO - State changed: READY -> PAUSED
2025-04-27 17:11:52,950 - overlay - INFO - State changed: NULL -> READY
2025-04-27 17:11:52,950 - overlay - INFO - State changed: READY -> PAUSED
2025-04-27 17:11:52,950 - overlay - INFO - State changed: READY -> PAUSED
2025-04-27 17:11:52,951 - overlay - INFO - State changed: NULL -> READY
2025-04-27 17:11:52,951 - overlay - INFO - State changed: READY -> PAUSED
2025-04-27 17:11:52,951 - overlay - INFO - State changed: READY -> PAUSED
2025-04-27 17:11:52,951 - overlay - INFO - State changed: READY -> PAUSED
2025-04-27 17:11:52,951 - overlay - INFO - State changed: PAUSED -> PLAYING
2025-04-27 17:11:52,951 - overlay - INFO - State changed: PAUSED -> PLAYING
2025-04-27 17:11:52,951 - overlay - INFO - Pipeline thread started with state transition
2025-04-27 17:11:52,951 - overlay - INFO - State changed: PAUSED -> PLAYING
2025-04-27 17:11:52,952 - overlay - INFO - State changed: PAUSED -> PLAYING
2025-04-27 17:11:52,952 - overlay - INFO - State changed: PAUSED -> PLAYING
2025-04-27 17:11:52,952 - overlay - INFO - State changed: PAUSED -> PLAYING
2025-04-27 17:11:52,952 - overlay - INFO - State changed: PAUSED -> PLAYING
2025-04-27 17:11:52,952 - overlay - INFO - State changed: PAUSED -> PLAYING
2025-04-27 17:11:52,952 - overlay - INFO - State changed: PAUSED -> PLAYING
2025-04-27 17:11:52,952 - overlay - INFO - State changed: PAUSED -> PLAYING
2025-04-27 17:11:52,952 - overlay - INFO - State changed: PAUSED -> PLAYING
2025-04-27 17:11:52,952 - overlay - INFO - State changed: PAUSED -> PLAYING
2025-04-27 17:11:52,953 - overlay - INFO - State changed: PAUSED -> PLAYING
2025-04-27 17:11:52,953 - overlay - INFO - State changed: PAUSED -> PLAYING
2025-04-27 17:11:52,953 - overlay - INFO - State changed: PAUSED -> PLAYING
2025-04-27 17:11:52,953 - overlay - INFO - State changed: PAUSED -> PLAYING
2025-04-27 17:11:52,953 - overlay - INFO - State changed: PAUSED -> PLAYING
2025-04-27 17:11:52,953 - overlay - INFO - State changed: PAUSED -> PLAYING
2025-04-27 17:11:52,953 - overlay - INFO - State changed: PAUSED -> PLAYING
2025-04-27 17:11:52,953 - overlay - INFO - State changed: PAUSED -> PLAYING
2025-04-27 17:11:52,953 - overlay - INFO - State changed: PAUSED -> PLAYING
2025-04-27 17:11:52,953 - overlay - INFO - State changed: PAUSED -> PLAYING
2025-04-27 17:11:52,954 - overlay - INFO - State changed: PAUSED -> PLAYING
2025-04-27 17:11:52,955 - overlay - INFO - State changed: NULL -> READY
2025-04-27 17:11:52,956 - overlay - INFO - State changed: READY -> PAUSED
2025-04-27 17:11:52,956 - overlay - INFO - State changed: NULL -> READY
2025-04-27 17:11:52,957 - overlay - INFO - State changed: READY -> PAUSED
2025-04-27 17:11:52,957 - overlay - INFO - State changed: NULL -> READY
2025-04-27 17:11:52,957 - overlay - INFO - State changed: READY -> PAUSED
2025-04-27 17:11:52,958 - overlay - INFO - State changed: NULL -> READY
2025-04-27 17:11:52,958 - overlay - INFO - State changed: READY -> PAUSED
2025-04-27 17:11:52,959 - overlay - INFO - State changed: NULL -> READY
2025-04-27 17:11:52,959 - overlay - INFO - State changed: READY -> PAUSED
2025-04-27 17:11:52,959 - overlay - INFO - State changed: NULL -> READY
2025-04-27 17:11:52,960 - overlay - INFO - State changed: READY -> PAUSED
2025-04-27 17:11:52,960 - overlay - INFO - State changed: NULL -> READY
2025-04-27 17:11:52,960 - overlay - INFO - State changed: READY -> PAUSED
2025-04-27 17:11:52,961 - overlay - INFO - State changed: NULL -> READY
2025-04-27 17:11:52,961 - overlay - INFO - State changed: READY -> PAUSED
2025-04-27 17:11:52,961 - overlay - INFO - State changed: NULL -> READY
2025-04-27 17:11:52,962 - overlay - INFO - State changed: READY -> PAUSED
2025-04-27 17:11:52,962 - overlay - INFO - State changed: PAUSED -> PLAYING
2025-04-27 17:11:52,962 - overlay - INFO - State changed: NULL -> READY
2025-04-27 17:11:52,963 - overlay - INFO - State changed: NULL -> READY
2025-04-27 17:11:52,963 - overlay - INFO - State changed: READY -> PAUSED
2025-04-27 17:11:52,963 - overlay - INFO - State changed: PAUSED -> PLAYING
2025-04-27 17:11:52,964 - overlay - INFO - State changed: NULL -> READY
2025-04-27 17:11:52,964 - overlay - INFO - State changed: READY -> PAUSED
2025-04-27 17:11:52,964 - overlay - INFO - State changed: PAUSED -> PLAYING
2025-04-27 17:11:52,965 - overlay - INFO - State changed: NULL -> READY
2025-04-27 17:11:52,965 - overlay - INFO - State changed: READY -> PAUSED
2025-04-27 17:11:52,965 - overlay - INFO - State changed: READY -> PAUSED
2025-04-27 17:11:52,966 - overlay - INFO - State changed: PAUSED -> PLAYING
2025-04-27 17:11:52,966 - overlay - INFO - State changed: NULL -> READY
2025-04-27 17:11:52,966 - overlay - INFO - State changed: READY -> PAUSED
2025-04-27 17:11:52,967 - overlay - INFO - State changed: NULL -> READY
2025-04-27 17:11:52,967 - overlay - INFO - State changed: READY -> PAUSED
2025-04-27 17:11:52,967 - overlay - INFO - State changed: NULL -> READY
2025-04-27 17:11:52,967 - overlay - INFO - State changed: READY -> PAUSED
2025-04-27 17:11:52,968 - overlay - INFO - State changed: NULL -> READY
2025-04-27 17:11:52,968 - overlay - INFO - State changed: READY -> PAUSED
2025-04-27 17:11:52,968 - overlay - INFO - State changed: NULL -> READY
2025-04-27 17:11:52,969 - overlay - INFO - State changed: READY -> PAUSED
2025-04-27 17:11:52,969 - overlay - INFO - State changed: NULL -> READY
2025-04-27 17:11:52,969 - overlay - INFO - State changed: READY -> PAUSED
2025-04-27 17:11:52,970 - overlay - INFO - State changed: NULL -> READY
2025-04-27 17:11:52,970 - overlay - INFO - State changed: READY -> PAUSED
2025-04-27 17:11:52,970 - overlay - INFO - State changed: PAUSED -> PLAYING
2025-04-27 17:11:52,971 - overlay - INFO - State changed: PAUSED -> PLAYING
2025-04-27 17:11:52,971 - overlay - INFO - State changed: PAUSED -> PLAYING
2025-04-27 17:11:52,972 - overlay - INFO - State changed: PAUSED -> PLAYING
2025-04-27 17:11:52,972 - overlay - INFO - State changed: READY -> PAUSED
2025-04-27 17:11:52,973 - overlay - INFO - State changed: PAUSED -> PLAYING
2025-04-27 17:11:52,973 - overlay - INFO - State changed: READY -> PAUSED
2025-04-27 17:11:52,973 - overlay - INFO - State changed: PAUSED -> PLAYING
2025-04-27 17:11:52,974 - overlay - INFO - State changed: PAUSED -> PLAYING
2025-04-27 17:11:52,974 - overlay - INFO - State changed: PAUSED -> PLAYING
2025-04-27 17:11:52,974 - overlay - INFO - State changed: PAUSED -> PLAYING
2025-04-27 17:11:52,974 - overlay - INFO - State changed: PAUSED -> PLAYING
2025-04-27 17:11:52,975 - overlay - INFO - State changed: READY -> PAUSED
2025-04-27 17:11:52,975 - overlay - INFO - State changed: PAUSED -> PLAYING
2025-04-27 17:11:52,976 - overlay - INFO - State changed: READY -> PAUSED
2025-04-27 17:11:52,976 - overlay - INFO - State changed: PAUSED -> PLAYING
2025-04-27 17:11:52,976 - overlay - INFO - State changed: NULL -> READY
2025-04-27 17:11:52,977 - overlay - INFO - State changed: READY -> PAUSED
2025-04-27 17:11:52,977 - overlay - INFO - State changed: PAUSED -> PLAYING
2025-04-27 17:11:52,977 - overlay - INFO - State changed: NULL -> READY
2025-04-27 17:11:52,977 - overlay - INFO - State changed: READY -> PAUSED
2025-04-27 17:11:52,978 - overlay - INFO - State changed: PAUSED -> PLAYING
2025-04-27 17:11:52,978 - overlay - INFO - State changed: NULL -> READY
2025-04-27 17:11:52,979 - overlay - INFO - State changed: READY -> PAUSED
2025-04-27 17:11:52,979 - overlay - INFO - State changed: PAUSED -> PLAYING
2025-04-27 17:11:52,979 - overlay - INFO - State changed: NULL -> READY
2025-04-27 17:11:52,980 - overlay - INFO - State changed: READY -> PAUSED
2025-04-27 17:11:52,980 - overlay - INFO - State changed: PAUSED -> PLAYING
2025-04-27 17:11:52,980 - overlay - INFO - State changed: PAUSED -> PLAYING
2025-04-27 17:11:52,981 - overlay - INFO - State changed: PAUSED -> PLAYING
2025-04-27 17:11:52,981 - overlay - INFO - State changed: PAUSED -> PLAYING
2025-04-27 17:11:52,981 - overlay - INFO - State changed: PAUSED -> PLAYING
2025-04-27 17:11:52,982 - overlay - INFO - State changed: READY -> PAUSED
2025-04-27 17:11:52,982 - overlay - INFO - State changed: PAUSED -> PLAYING
2025-04-27 17:11:52,982 - overlay - INFO - State changed: READY -> PAUSED
2025-04-27 17:11:52,983 - overlay - INFO - State changed: PAUSED -> PLAYING
2025-04-27 17:11:52,983 - overlay - INFO - State changed: PAUSED -> PLAYING
2025-04-27 17:11:52,983 - overlay - INFO - State changed: PAUSED -> PLAYING
2025-04-27 17:11:52,984 - overlay - INFO - State changed: PAUSED -> PLAYING
2025-04-27 17:11:52,984 - overlay - INFO - State changed: PAUSED -> PLAYING
2025-04-27 17:11:52,984 - overlay - INFO - State changed: READY -> PAUSED
2025-04-27 17:11:52,985 - overlay - INFO - State changed: PAUSED -> PLAYING
2025-04-27 17:11:52,985 - overlay - INFO - State changed: READY -> PAUSED
2025-04-27 17:11:52,985 - overlay - INFO - State changed: PAUSED -> PLAYING
2025-04-27 17:11:52,986 - overlay - INFO - State changed: NULL -> READY
2025-04-27 17:11:52,986 - overlay - INFO - State changed: NULL -> READY
2025-04-27 17:11:52,986 - overlay - INFO - State changed: NULL -> READY
2025-04-27 17:11:52,986 - overlay - INFO - State changed: READY -> PAUSED
2025-04-27 17:11:52,986 - overlay - INFO - State changed: PAUSED -> PLAYING
2025-04-27 17:11:52,986 - overlay - INFO - State changed: NULL -> READY
2025-04-27 17:11:52,986 - overlay - INFO - State changed: NULL -> READY
2025-04-27 17:11:52,986 - overlay - INFO - State changed: READY -> PAUSED
2025-04-27 17:11:52,987 - overlay - INFO - State changed: PAUSED -> PLAYING
2025-04-27 17:11:52,987 - overlay - INFO - State changed: READY -> PAUSED
2025-04-27 17:11:52,987 - overlay - INFO - State changed: PAUSED -> PLAYING
2025-04-27 17:11:52,987 - overlay - INFO - State changed: READY -> PAUSED
2025-04-27 17:11:52,987 - overlay - INFO - State changed: PAUSED -> PLAYING
2025-04-27 17:11:52,987 - overlay - INFO - State changed: NULL -> READY
2025-04-27 17:11:52,987 - overlay - INFO - State changed: READY -> PAUSED
2025-04-27 17:11:52,987 - overlay - INFO - State changed: PAUSED -> PLAYING
2025-04-27 17:11:52,987 - overlay - INFO - State changed: READY -> PAUSED
2025-04-27 17:11:52,987 - overlay - INFO - State changed: PAUSED -> PLAYING
2025-04-27 17:11:52,987 - overlay - INFO - State changed: NULL -> READY
2025-04-27 17:11:52,988 - overlay - INFO - State changed: READY -> PAUSED
2025-04-27 17:11:52,988 - overlay - INFO - State changed: PAUSED -> PLAYING
2025-04-27 17:11:52,988 - overlay - INFO - State changed: NULL -> READY
2025-04-27 17:11:52,988 - overlay - INFO - State changed: READY -> PAUSED
2025-04-27 17:11:52,988 - overlay - INFO - State changed: PAUSED -> PLAYING
2025-04-27 17:11:53,377 - overlay - INFO - 🌐 Opening overlay URL in Playwright: http://192.168.8.47:8080/scorecards/baseball/scorecard/1
2025-04-27 17:11:54,965 - overlay - INFO - State changed: NULL -> READY
2025-04-27 17:11:54,966 - overlay - INFO - State changed: NULL -> READY
2025-04-27 17:11:54,966 - overlay - INFO - State changed: PAUSED -> PAUSED
2025-04-27 17:11:54,966 - overlay - INFO - State changed: READY -> PAUSED
2025-04-27 17:11:54,966 - overlay - INFO - State changed: NULL -> READY
2025-04-27 17:11:54,966 - overlay - INFO - State changed: NULL -> READY
2025-04-27 17:11:54,966 - overlay - INFO - State changed: PAUSED -> PAUSED
2025-04-27 17:11:54,967 - overlay - INFO - State changed: READY -> PAUSED
2025-04-27 17:11:54,967 - overlay - INFO - State changed: NULL -> READY
2025-04-27 17:11:54,967 - overlay - INFO - State changed: NULL -> READY
2025-04-27 17:11:54,967 - overlay - INFO - State changed: NULL -> READY
2025-04-27 17:11:54,967 - overlay - INFO - State changed: NULL -> READY
2025-04-27 17:11:54,967 - overlay - INFO - State changed: PAUSED -> PAUSED
2025-04-27 17:11:54,967 - overlay - INFO - State changed: PAUSED -> PAUSED
2025-04-27 17:11:54,967 - overlay - INFO - State changed: READY -> PAUSED
2025-04-27 17:11:54,967 - overlay - INFO - State changed: READY -> PAUSED
2025-04-27 17:11:54,975 - overlay - INFO - State changed: NULL -> READY
2025-04-27 17:11:54,975 - overlay - INFO - State changed: NULL -> READY
2025-04-27 17:11:54,976 - overlay - INFO - State changed: READY -> PAUSED
2025-04-27 17:11:54,976 - overlay - INFO - State changed: READY -> PAUSED
2025-04-27 17:11:54,976 - overlay - INFO - State changed: NULL -> READY
2025-04-27 17:11:54,976 - overlay - INFO - State changed: NULL -> READY
2025-04-27 17:11:54,976 - overlay - INFO - State changed: READY -> PAUSED
2025-04-27 17:11:54,976 - overlay - INFO - State changed: READY -> PAUSED
2025-04-27 17:11:54,977 - overlay - INFO - State changed: NULL -> READY
2025-04-27 17:11:54,977 - overlay - INFO - State changed: NULL -> READY
2025-04-27 17:11:54,977 - overlay - INFO - State changed: READY -> PAUSED
2025-04-27 17:11:54,977 - overlay - INFO - State changed: READY -> PAUSED
2025-04-27 17:11:54,977 - overlay - INFO - State changed: NULL -> READY
2025-04-27 17:11:54,978 - overlay - INFO - State changed: NULL -> READY
2025-04-27 17:11:54,978 - overlay - INFO - State changed: NULL -> READY
2025-04-27 17:11:54,978 - overlay - INFO - State changed: NULL -> READY
2025-04-27 17:11:54,978 - overlay - INFO - State changed: READY -> PAUSED
2025-04-27 17:11:54,979 - overlay - INFO - State changed: READY -> PAUSED
2025-04-27 17:11:54,979 - overlay - INFO - State changed: READY -> PAUSED
2025-04-27 17:11:54,979 - overlay - INFO - State changed: READY -> PAUSED
2025-04-27 17:11:54,981 - overlay - INFO - State changed: NULL -> READY
2025-04-27 17:11:54,982 - overlay - INFO - State changed: NULL -> READY
2025-04-27 17:11:54,982 - overlay - INFO - State changed: READY -> PAUSED
2025-04-27 17:11:54,983 - overlay - INFO - State changed: READY -> PAUSED
2025-04-27 17:11:54,989 - overlay - INFO - 🔌 New pad added from source1 with caps: video/x-raw, format=(string)NV12, width=(int)1920, height=(int)1080, interlace-mode=(string)progressive, multiview-mode=(string)mono, multiview-flags=(GstVideoMultiviewFlagsSet)0:ffffffff:/right-view-first/left-flipped/left-flopped/right-flipped/right-flopped/half-aspect/mixed-mono, pixel-aspect-ratio=(fraction)1/1, colorimetry=(string)1:3:5:1, framerate=(fraction)30/1;
2025-04-27 17:11:54,991 - overlay - INFO - ✅ Requested sink pad sink_0 for rtsp://192.168.100.150:8547/h264
2025-04-27 17:11:54,992 - overlay - INFO - 🔌 New pad added from source3 with caps: video/x-raw, format=(string)NV12, width=(int)1920, height=(int)1080, interlace-mode=(string)progressive, multiview-mode=(string)mono, multiview-flags=(GstVideoMultiviewFlagsSet)0:ffffffff:/right-view-first/left-flipped/left-flopped/right-flipped/right-flopped/half-aspect/mixed-mono, pixel-aspect-ratio=(fraction)1/1, colorimetry=(string)1:3:5:1, framerate=(fraction)30/1;
2025-04-27 17:11:54,993 - overlay - INFO - ✅ Requested sink pad sink_1 for rtsp://192.168.100.150:8547/h264
2025-04-27 17:11:54,998 - overlay - INFO - ✅ Successfully linked rtsp://192.168.100.150:8547/h264 to sink_1
2025-04-27 17:11:55,000 - overlay - INFO - ✅ Successfully linked rtsp://192.168.100.150:8547/h264 to sink_0
2025-04-27 17:11:55,001 - overlay - INFO - 🔌 New pad added from source4 with caps: video/x-raw, format=(string)NV12, width=(int)1920, height=(int)1080, interlace-mode=(string)progressive, multiview-mode=(string)mono, multiview-flags=(GstVideoMultiviewFlagsSet)0:ffffffff:/right-view-first/left-flipped/left-flopped/right-flipped/right-flopped/half-aspect/mixed-mono, pixel-aspect-ratio=(fraction)1/1, colorimetry=(string)1:3:5:1, framerate=(fraction)30/1;
2025-04-27 17:11:55,002 - overlay - INFO - 🔌 New pad added from source2 with caps: video/x-raw, format=(string)NV12, width=(int)1920, height=(int)1080, interlace-mode=(string)progressive, multiview-mode=(string)mono, multiview-flags=(GstVideoMultiviewFlagsSet)0:ffffffff:/right-view-first/left-flipped/left-flopped/right-flipped/right-flopped/half-aspect/mixed-mono, pixel-aspect-ratio=(fraction)1/1, colorimetry=(string)1:3:5:1, framerate=(fraction)30/1;
2025-04-27 17:11:55,003 - overlay - WARNING - ⏸️ Pipeline not in PLAYING state, deferring active pad selection
2025-04-27 17:11:55,004 - overlay - WARNING - ⏸️ Pipeline not in PLAYING state, deferring active pad selection
2025-04-27 17:11:55,004 - overlay - INFO - ✅ Requested sink pad sink_2 for rtsp://192.168.100.150:8547/h264
2025-04-27 17:11:55,005 - overlay - INFO - ✅ Requested sink pad sink_3 for rtsp://192.168.100.150:8547/h264
2025-04-27 17:11:55,005 - overlay - INFO - State changed: READY -> PAUSED
2025-04-27 17:11:55,006 - overlay - INFO - State changed: PAUSED -> PAUSED
2025-04-27 17:11:55,007 - overlay - INFO - State changed: READY -> PAUSED
2025-04-27 17:11:55,007 - overlay - INFO - State changed: PAUSED -> PAUSED
2025-04-27 17:11:55,008 - overlay - INFO - ✅ Successfully linked rtsp://192.168.100.150:8547/h264 to sink_3
2025-04-27 17:11:55,008 - overlay - WARNING - ⏸️ Pipeline not in PLAYING state, deferring active pad selection
2025-04-27 17:11:55,009 - overlay - INFO - State changed: READY -> PAUSED
2025-04-27 17:11:55,009 - overlay - INFO - State changed: PAUSED -> PAUSED
2025-04-27 17:11:55,016 - overlay - INFO - ✅ Successfully linked rtsp://192.168.100.150:8547/h264 to sink_2
2025-04-27 17:11:55,018 - overlay - WARNING - ⏸️ Pipeline not in PLAYING state, deferring active pad selection
2025-04-27 17:11:55,021 - overlay - INFO - State changed: READY -> PAUSED
2025-04-27 17:11:55,022 - overlay - INFO - State changed: PAUSED -> PAUSED
2025-04-27 17:11:55,149 - overlay - INFO - State changed: READY -> PAUSED
2025-04-27 17:11:55,150 - overlay - INFO - State changed: PAUSED -> PLAYING
2025-04-27 17:11:55,151 - overlay - INFO - State changed: PAUSED -> PLAYING
2025-04-27 17:11:55,151 - overlay - INFO - State changed: PAUSED -> PLAYING
2025-04-27 17:11:55,151 - overlay - INFO - State changed: PAUSED -> PLAYING
2025-04-27 17:11:55,152 - overlay - INFO - State changed: PAUSED -> PLAYING
2025-04-27 17:11:55,152 - overlay - INFO - State changed: PAUSED -> PLAYING
2025-04-27 17:11:55,152 - overlay - INFO - State changed: PAUSED -> PLAYING
2025-04-27 17:11:55,153 - overlay - INFO - State changed: PAUSED -> PLAYING
2025-04-27 17:11:55,153 - overlay - INFO - State changed: PAUSED -> PLAYING
2025-04-27 17:11:55,153 - overlay - INFO - State changed: PAUSED -> PLAYING
2025-04-27 17:11:55,153 - overlay - INFO - State changed: PAUSED -> PLAYING
2025-04-27 17:11:55,154 - overlay - INFO - State changed: PAUSED -> PLAYING
2025-04-27 17:11:55,154 - overlay - INFO - State changed: PAUSED -> PLAYING
2025-04-27 17:11:55,154 - overlay - INFO - State changed: PAUSED -> PLAYING
2025-04-27 17:11:55,154 - overlay - INFO - State changed: PAUSED -> PLAYING
2025-04-27 17:11:55,155 - overlay - INFO - State changed: PAUSED -> PLAYING
2025-04-27 17:11:55,155 - overlay - INFO - State changed: PAUSED -> PLAYING
2025-04-27 17:11:55,155 - overlay - INFO - State changed: PAUSED -> PLAYING
2025-04-27 17:11:55,156 - overlay - INFO - State changed: PAUSED -> PLAYING
2025-04-27 17:11:55,156 - overlay - INFO - State changed: PAUSED -> PLAYING
2025-04-27 17:11:55,156 - overlay - INFO - State changed: PAUSED -> PLAYING
2025-04-27 17:11:55,156 - overlay - INFO - State changed: PAUSED -> PLAYING
2025-04-27 17:11:55,157 - overlay - INFO - State changed: PAUSED -> PLAYING
2025-04-27 17:11:55,157 - overlay - INFO - State changed: PAUSED -> PLAYING
2025-04-27 17:11:55,157 - overlay - INFO - State changed: PAUSED -> PLAYING
2025-04-27 17:11:55,158 - overlay - INFO - State changed: PAUSED -> PLAYING
2025-04-27 17:11:55,158 - overlay - INFO - State changed: PAUSED -> PLAYING
2025-04-27 17:11:55,158 - overlay - INFO - State changed: PAUSED -> PLAYING
2025-04-27 17:11:55,158 - overlay - INFO - State changed: PAUSED -> PLAYING
2025-04-27 17:11:55,159 - overlay - INFO - State changed: PAUSED -> PLAYING
2025-04-27 17:11:55,952 - overlay - INFO - Switching to rtsp://192.168.100.150:8547/h264 (Attempt 1/15)
2025-04-27 17:11:55,953 - overlay - INFO - Setting camera ID 2 as default
2025-04-27 17:11:55,962 - overlay - INFO - All cameras' Default fields set to false
2025-04-27 17:11:55,978 - overlay - INFO - Camera ID 2 set as default
2025-04-27 17:12:00,232 - overlay - INFO - Fetching gamestats with ID: 1
2025-04-27 17:12:00,240 - overlay - INFO - Fetching graphics with ID: 1
2025-04-27 17:12:07,316 - recording_session - INFO - 📊 RAM Usage: 9.1% | CPU: 27.4%
2025-04-27 17:12:10,232 - overlay - INFO - Fetching gamestats with ID: 1
2025-04-27 17:12:10,243 - overlay - INFO - Fetching graphics with ID: 1
2025-04-27 17:12:20,231 - overlay - INFO - Fetching gamestats with ID: 1
2025-04-27 17:12:20,239 - overlay - INFO - Fetching graphics with ID: 1
2025-04-27 17:12:30,231 - overlay - INFO - Fetching gamestats with ID: 1
2025-04-27 17:12:30,240 - overlay - INFO - Fetching graphics with ID: 1
2025-04-27 17:12:36,873 - recording_session - INFO - Finalizing chunk: /var/www/html/public/assets/uploads/CAM1/2025-04-27/1745755895.mp4
2025-04-27 17:12:36,882 - recording_session - INFO - 📁 Started recording chunk: /var/www/html/public/assets/uploads/CAM4/2025-04-27/1745755956.mp4
2025-04-27 17:12:36,894 - recording_session - INFO - 📁 Started recording chunk: /var/www/html/public/assets/uploads/CAM1/2025-04-27/1745755956.mp4
2025-04-27 17:12:36,913 - recording_session - INFO - 📁 Started recording chunk: /var/www/html/public/assets/uploads/CAM2/2025-04-27/1745755956.mp4
2025-04-27 17:12:36,926 - recording_session - INFO - 📁 Started recording chunk: /var/www/html/public/assets/uploads/CAM3/2025-04-27/1745755956.mp4
2025-04-27 17:12:37,004 - recording_session - INFO - 📤 Enqueuing for slow motion: /var/www/html/public/assets/uploads/CAM1/2025-04-27/1745755895.mp4
2025-04-27 17:12:37,005 - recording_session - INFO - Finalizing chunk: /var/www/html/public/assets/uploads/CAM4/2025-04-27/1745755895.mp4
2025-04-27 17:12:37,103 - ffmpeg_post_process - INFO - 🎞️ Processing slow motion: /var/www/html/public/assets/uploads/CAM1/2025-04-27/1745755895.mp4
2025-04-27 17:12:37,142 - recording_session - INFO - 📤 Enqueuing for slow motion: /var/www/html/public/assets/uploads/CAM4/2025-04-27/1745755895.mp4
2025-04-27 17:12:37,142 - recording_session - INFO - Finalizing chunk: /var/www/html/public/assets/uploads/CAM2/2025-04-27/1745755895.mp4
2025-04-27 17:12:37,260 - recording_session - INFO - 📤 Enqueuing for slow motion: /var/www/html/public/assets/uploads/CAM2/2025-04-27/1745755895.mp4
2025-04-27 17:12:37,261 - recording_session - INFO - Finalizing chunk: /var/www/html/public/assets/uploads/CAM3/2025-04-27/1745755895.mp4
2025-04-27 17:12:37,428 - recording_session - INFO - 📤 Enqueuing for slow motion: /var/www/html/public/assets/uploads/CAM3/2025-04-27/1745755895.mp4
2025-04-27 17:12:38,318 - recording_session - INFO - 📊 RAM Usage: 9.1% | CPU: 67.5%
2025-04-27 17:12:40,236 - overlay - INFO - Fetching gamestats with ID: 1
2025-04-27 17:12:40,253 - overlay - INFO - Fetching graphics with ID: 1
2025-04-27 17:12:43,996 - overlay - INFO - Fetching gamestats with ID: 1
2025-04-27 17:12:44,004 - overlay - INFO - Fetching graphics with ID: 1
2025-04-27 17:12:49,766 - ffmpeg_post_process - INFO - ✅ Slow motion generated and recorded for /var/www/html/public/assets/uploads/CAM1/2025-04-27/1745755895.mp4
2025-04-27 17:12:50,231 - overlay - INFO - Fetching gamestats with ID: 1
2025-04-27 17:12:50,240 - overlay - INFO - Fetching graphics with ID: 1
2025-04-27 17:12:50,858 - recording_session - INFO - Finalizing chunk: /var/www/html/public/assets/uploads/CAM1/2025-04-27/1745755956.mp4
2025-04-27 17:12:50,861 - ffmpeg_post_process - INFO - 🎞️ Processing slow motion: /var/www/html/public/assets/uploads/CAM4/2025-04-27/1745755895.mp4
2025-04-27 17:12:50,900 - overlay - INFO - Stopping pipeline...
2025-04-27 17:12:50,983 - recording_session - INFO - 📤 Enqueuing for slow motion: /var/www/html/public/assets/uploads/CAM1/2025-04-27/1745755956.mp4
2025-04-27 17:12:50,983 - recording_session - INFO - Finalizing chunk: /var/www/html/public/assets/uploads/CAM2/2025-04-27/1745755956.mp4
2025-04-27 17:12:51,040 - overlay - INFO - Pipeline fully stopped and resources released
