2025-05-18 21:40:50,118 - overlay - INFO - Fetching all CameraURLs records
2025-05-18 21:40:50,481 - recording_session - INFO - 🚀 SlowMoWorkers started: 4 threads
2025-05-18 21:40:50,481 - overlay - INFO - Fetching all CameraURLs records
2025-05-18 21:40:50,491 - recording_session - INFO - 🎥 Recording thread started for camera 1
2025-05-18 21:40:50,492 - overlay - INFO - Started recording for camera 1: rtsp://192.168.100.150:8547/h264
2025-05-18 21:40:50,521 - recording_session - INFO - 🎥 Recording thread started for camera 2
2025-05-18 21:40:50,521 - overlay - INFO - Started recording for camera 2: rtsp://192.168.100.150:8547/h264
2025-05-18 21:40:50,533 - recording_session - INFO - 🎥 Recording thread started for camera 3
2025-05-18 21:40:50,533 - overlay - INFO - Started recording for camera 3: rtsp://192.168.100.150:8547/h264
2025-05-18 21:40:50,545 - recording_session - INFO - 🎥 Recording thread started for camera 4
2025-05-18 21:40:50,546 - overlay - INFO - Started recording for camera 4: rtsp://192.168.100.150:8547/h264
2025-05-18 21:40:50,560 - overlay - INFO - Deleted old file: /var/www/html/public/assets/uploads/CAM2/2025-05-18/1747519980_slow.mp4
2025-05-18 21:40:50,572 - recording_session - INFO - 🧪 Starting GStreamer pipeline for camera 4
2025-05-18 21:40:50,572 - recording_session - INFO - 🧪 Starting GStreamer pipeline for camera 2
2025-05-18 21:40:50,572 - recording_session - INFO - 🧪 Starting GStreamer pipeline for camera 3
2025-05-18 21:40:50,572 - recording_session - INFO - 🧪 Starting GStreamer pipeline for camera 1
2025-05-18 21:40:50,577 - recording_session - INFO - ✅ Pipeline PLAYING for camera 2
2025-05-18 21:40:50,577 - recording_session - INFO - ✅ Pipeline PLAYING for camera 3
2025-05-18 21:40:50,577 - recording_session - INFO - ✅ Pipeline PLAYING for camera 4
2025-05-18 21:40:50,577 - recording_session - INFO - ✅ Pipeline PLAYING for camera 1
2025-05-18 22:40:50,564 - overlay - INFO - Deleted old file: /var/www/html/public/assets/uploads/CAM1/2025-05-18/1747519980_slow.mp4
2025-05-18 23:40:50,567 - overlay - INFO - Deleted old file: /var/www/html/public/assets/uploads/CAM3/2025-05-18/1747519980_slow.mp4
