2025-04-27 22:51:37,416 - overlay - INFO - Fetching all CameraURLs records
2025-04-27 22:51:37,427 - recording_session - INFO - 🚀 SlowMoWorker started
2025-04-27 22:51:37,430 - overlay - INFO - Fetching all CameraURLs records
2025-04-27 22:51:37,440 - recording_session - INFO - 🧹 Cleanup done. Deleted 0 files.
2025-04-27 22:51:37,447 - recording_session - INFO - 🎥 Recording thread started for camera 1
2025-04-27 22:51:37,449 - overlay - INFO - Started recording for camera 1: rtsp://192.168.100.150:8547/h264
2025-04-27 22:51:37,459 - recording_session - INFO - 🎥 Recording thread started for camera 2
2025-04-27 22:51:37,459 - overlay - INFO - Started recording for camera 2: rtsp://192.168.100.150:8547/h264
2025-04-27 22:51:37,463 - recording_session - INFO - 🧪 Starting GStreamer pipeline for camera 2
2025-04-27 22:51:37,463 - recording_session - INFO - 🧪 Starting GStreamer pipeline for camera 1
2025-04-27 22:51:37,466 - recording_session - INFO - ✅ Pipeline set to PLAYING for camera 1
2025-04-27 22:51:37,467 - recording_session - INFO - ✅ Pipeline set to PLAYING for camera 2
2025-04-27 22:51:37,483 - recording_session - INFO - 🎥 Recording thread started for camera 3
2025-04-27 22:51:37,485 - overlay - INFO - Started recording for camera 3: rtsp://192.168.100.150:8547/h264
2025-04-27 22:51:37,485 - recording_session - INFO - 🧪 Starting GStreamer pipeline for camera 3
2025-04-27 22:51:37,487 - recording_session - INFO - ✅ Pipeline set to PLAYING for camera 3
2025-04-27 22:51:37,496 - recording_session - INFO - 🎥 Recording thread started for camera 4
2025-04-27 22:51:37,496 - overlay - INFO - Started recording for camera 4: rtsp://192.168.100.150:8547/h264
2025-04-27 22:51:37,504 - recording_session - INFO - 🧪 Starting GStreamer pipeline for camera 4
2025-04-27 22:51:37,507 - recording_session - INFO - ✅ Pipeline set to PLAYING for camera 4
2025-04-27 22:51:37,523 - recording_session - INFO - 🔌 pad-added signal for camera 3
2025-04-27 22:51:37,523 - recording_session - INFO - 🔗 Linked rtspsrc pad to depay for camera 3
