2025-04-27 22:42:05,896 - overlay - INFO - Fetching all CameraURLs records
2025-04-27 22:42:05,907 - recording_session - INFO - 🚀 SlowMoWorker started
2025-04-27 22:42:05,909 - overlay - INFO - Fetching all CameraURLs records
2025-04-27 22:42:05,921 - recording_session - INFO - 🧹 Cleanup done. Deleted 0 files.
2025-04-27 22:42:05,936 - recording_session - INFO - 🎥 Recording thread started for camera 1
2025-04-27 22:42:05,938 - overlay - INFO - Started recording for camera 1: rtsp://192.168.100.150:8547/h264
2025-04-27 22:42:05,949 - recording_session - INFO - 🎥 Recording thread started for camera 2
2025-04-27 22:42:05,949 - overlay - INFO - Started recording for camera 2: rtsp://192.168.100.150:8547/h264
2025-04-27 22:42:05,953 - recording_session - INFO - 🧪 Starting GStreamer pipeline for camera 2
2025-04-27 22:42:05,954 - recording_session - INFO - 🧪 Starting GStreamer pipeline for camera 1
2025-04-27 22:42:05,955 - recording_session - INFO - ✅ Pipeline set to PLAYING for camera 2
2025-04-27 22:42:05,955 - recording_session - INFO - ✅ Pipeline set to PLAYING for camera 1
2025-04-27 22:42:05,969 - recording_session - INFO - 🎥 Recording thread started for camera 3
2025-04-27 22:42:05,971 - overlay - INFO - Started recording for camera 3: rtsp://192.168.100.150:8547/h264
2025-04-27 22:42:05,973 - recording_session - INFO - 🧪 Starting GStreamer pipeline for camera 3
2025-04-27 22:42:05,975 - recording_session - INFO - ✅ Pipeline set to PLAYING for camera 3
2025-04-27 22:42:05,982 - recording_session - INFO - 🎥 Recording thread started for camera 4
2025-04-27 22:42:05,982 - overlay - INFO - Started recording for camera 4: rtsp://192.168.100.150:8547/h264
2025-04-27 22:42:05,989 - recording_session - INFO - 🧪 Starting GStreamer pipeline for camera 4
2025-04-27 22:42:05,991 - recording_session - INFO - ✅ Pipeline set to PLAYING for camera 4
2025-04-27 22:42:06,017 - recording_session - INFO - 🔌 pad-added signal for camera 4
2025-04-27 22:42:06,018 - recording_session - INFO - 🔗 Linked rtspsrc pad to depay for camera 4
