2025-04-27 22:52:53,389 - overlay - INFO - Fetching all CameraURLs records
2025-04-27 22:52:53,398 - recording_session - INFO - 🚀 SlowMoWorker started
2025-04-27 22:52:53,401 - overlay - INFO - Fetching all CameraURLs records
2025-04-27 22:52:53,418 - recording_session - INFO - 🧹 Cleanup done. Deleted 0 files.
2025-04-27 22:52:53,423 - recording_session - INFO - 🎥 Recording thread started for camera 1
2025-04-27 22:52:53,425 - overlay - INFO - Started recording for camera 1: rtsp://192.168.100.150:8547/h264
2025-04-27 22:52:53,435 - recording_session - INFO - 🎥 Recording thread started for camera 2
2025-04-27 22:52:53,435 - overlay - INFO - Started recording for camera 2: rtsp://192.168.100.150:8547/h264
2025-04-27 22:52:53,440 - recording_session - INFO - 🧪 Starting GStreamer pipeline for camera 2
2025-04-27 22:52:53,440 - recording_session - INFO - 🧪 Starting GStreamer pipeline for camera 1
2025-04-27 22:52:53,442 - recording_session - INFO - ✅ Pipeline set to PLAYING for camera 2
2025-04-27 22:52:53,442 - recording_session - INFO - ✅ Pipeline set to PLAYING for camera 1
2025-04-27 22:52:53,463 - recording_session - INFO - 🎥 Recording thread started for camera 3
2025-04-27 22:52:53,464 - overlay - INFO - Started recording for camera 3: rtsp://192.168.100.150:8547/h264
2025-04-27 22:52:53,483 - recording_session - INFO - 🧪 Starting GStreamer pipeline for camera 3
2025-04-27 22:52:53,487 - recording_session - INFO - ✅ Pipeline set to PLAYING for camera 3
2025-04-27 22:52:53,493 - recording_session - INFO - 🎥 Recording thread started for camera 4
2025-04-27 22:52:53,493 - overlay - INFO - Started recording for camera 4: rtsp://192.168.100.150:8547/h264
2025-04-27 22:52:53,495 - recording_session - INFO - 🧪 Starting GStreamer pipeline for camera 4
2025-04-27 22:52:53,496 - recording_session - INFO - ✅ Pipeline set to PLAYING for camera 4
2025-04-27 22:52:53,522 - recording_session - INFO - 🔌 pad-added signal for camera 3
2025-04-27 22:52:53,524 - recording_session - INFO - 🔗 Linked rtspsrc pad to depay for camera 3
