2025-04-27 23:01:16,901 - overlay - INFO - Fetching all CameraURLs records
2025-04-27 23:01:16,911 - recording_session - INFO - 🚀 SlowMoWorker started
2025-04-27 23:01:16,913 - overlay - INFO - Fetching all CameraURLs records
2025-04-27 23:01:16,936 - recording_session - INFO - 🎥 Recording thread started for camera 1
2025-04-27 23:01:16,936 - recording_session - INFO - 🧹 Cleanup done. Deleted 0 files.
2025-04-27 23:01:16,938 - overlay - INFO - Started recording for camera 1: rtsp://192.168.100.150:8547/h264
2025-04-27 23:01:16,950 - recording_session - INFO - 🧪 Starting GStreamer pipeline for camera 1
2025-04-27 23:01:16,951 - recording_session - INFO - 🎥 Recording thread started for camera 2
2025-04-27 23:01:16,951 - overlay - INFO - Started recording for camera 2: rtsp://192.168.100.150:8547/h264
2025-04-27 23:01:16,952 - recording_session - INFO - ✅ Pipeline set to PLAYING for camera 1
2025-04-27 23:01:16,963 - recording_session - INFO - 🧪 Starting GStreamer pipeline for camera 2
2025-04-27 23:01:16,972 - recording_session - INFO - 🎥 Recording thread started for camera 3
2025-04-27 23:01:16,972 - overlay - INFO - Started recording for camera 3: rtsp://192.168.100.150:8547/h264
2025-04-27 23:01:16,973 - recording_session - INFO - ✅ Pipeline set to PLAYING for camera 2
2025-04-27 23:01:16,975 - recording_session - INFO - 🧪 Starting GStreamer pipeline for camera 3
2025-04-27 23:01:16,976 - recording_session - INFO - ✅ Pipeline set to PLAYING for camera 3
2025-04-27 23:01:16,985 - recording_session - INFO - 🎥 Recording thread started for camera 4
2025-04-27 23:01:16,985 - overlay - INFO - Started recording for camera 4: rtsp://192.168.100.150:8547/h264
2025-04-27 23:01:16,992 - recording_session - INFO - 🧪 Starting GStreamer pipeline for camera 4
2025-04-27 23:01:16,996 - recording_session - INFO - ✅ Pipeline set to PLAYING for camera 4
2025-04-27 23:01:17,008 - recording_session - INFO - 🔌 pad-added signal for camera 3
2025-04-27 23:01:17,010 - recording_session - INFO - 🔗 Linked rtspsrc pad to depay for camera 3
