2025-04-27 22:42:01,170 - overlay - INFO - Fetching all CameraURLs records
2025-04-27 22:42:01,180 - recording_session - INFO - 🚀 SlowMoWorker started
2025-04-27 22:42:01,180 - overlay - INFO - Fetching all CameraURLs records
2025-04-27 22:42:01,192 - recording_session - INFO - 🧹 Cleanup done. Deleted 0 files.
2025-04-27 22:42:01,204 - recording_session - INFO - 🎥 Recording thread started for camera 1
2025-04-27 22:42:01,207 - overlay - INFO - Started recording for camera 1: rtsp://192.168.100.150:8547/h264
2025-04-27 22:42:01,217 - recording_session - INFO - 🎥 Recording thread started for camera 2
2025-04-27 22:42:01,218 - overlay - INFO - Started recording for camera 2: rtsp://192.168.100.150:8547/h264
2025-04-27 22:42:01,221 - recording_session - INFO - 🧪 Starting GStreamer pipeline for camera 2
2025-04-27 22:42:01,222 - recording_session - INFO - 🧪 Starting GStreamer pipeline for camera 1
2025-04-27 22:42:01,222 - recording_session - INFO - ✅ Pipeline set to PLAYING for camera 2
2025-04-27 22:42:01,231 - recording_session - INFO - ✅ Pipeline set to PLAYING for camera 1
2025-04-27 22:42:01,238 - recording_session - INFO - 🎥 Recording thread started for camera 3
2025-04-27 22:42:01,239 - overlay - INFO - Started recording for camera 3: rtsp://192.168.100.150:8547/h264
2025-04-27 22:42:01,241 - recording_session - INFO - 🧪 Starting GStreamer pipeline for camera 3
2025-04-27 22:42:01,244 - recording_session - INFO - ✅ Pipeline set to PLAYING for camera 3
2025-04-27 22:42:01,250 - recording_session - INFO - 🎥 Recording thread started for camera 4
2025-04-27 22:42:01,250 - overlay - INFO - Started recording for camera 4: rtsp://192.168.100.150:8547/h264
2025-04-27 22:42:01,260 - recording_session - INFO - 🧪 Starting GStreamer pipeline for camera 4
2025-04-27 22:42:01,262 - recording_session - INFO - ✅ Pipeline set to PLAYING for camera 4
2025-04-27 22:42:01,279 - recording_session - INFO - 🔌 pad-added signal for camera 3
2025-04-27 22:42:01,281 - recording_session - INFO - 🔗 Linked rtspsrc pad to depay for camera 3
