2025-04-27 22:58:02,146 - overlay - INFO - Fetching all CameraURLs records
2025-04-27 22:58:02,156 - recording_session - INFO - 🚀 SlowMoWorker started
2025-04-27 22:58:02,161 - overlay - INFO - Fetching all CameraURLs records
2025-04-27 22:58:02,176 - recording_session - INFO - 🧹 Cleanup done. Deleted 0 files.
2025-04-27 22:58:02,179 - recording_session - INFO - 🎥 Recording thread started for camera 1
2025-04-27 22:58:02,181 - overlay - INFO - Started recording for camera 1: rtsp://192.168.100.150:8547/h264
2025-04-27 22:58:02,195 - recording_session - INFO - 🧪 Starting GStreamer pipeline for camera 1
2025-04-27 22:58:02,197 - recording_session - INFO - ✅ Pipeline set to PLAYING for camera 1
2025-04-27 22:58:02,217 - recording_session - INFO - 🎥 Recording thread started for camera 2
2025-04-27 22:58:02,217 - overlay - INFO - Started recording for camera 2: rtsp://192.168.100.150:8547/h264
2025-04-27 22:58:02,218 - recording_session - INFO - 🧪 Starting GStreamer pipeline for camera 2
2025-04-27 22:58:02,221 - recording_session - INFO - ✅ Pipeline set to PLAYING for camera 2
2025-04-27 22:58:02,227 - recording_session - INFO - 🎥 Recording thread started for camera 3
2025-04-27 22:58:02,227 - overlay - INFO - Started recording for camera 3: rtsp://192.168.100.150:8547/h264
2025-04-27 22:58:02,228 - recording_session - INFO - 🧪 Starting GStreamer pipeline for camera 3
2025-04-27 22:58:02,232 - recording_session - INFO - ✅ Pipeline set to PLAYING for camera 3
2025-04-27 22:58:02,237 - recording_session - INFO - 🎥 Recording thread started for camera 4
2025-04-27 22:58:02,238 - overlay - INFO - Started recording for camera 4: rtsp://192.168.100.150:8547/h264
2025-04-27 22:58:02,238 - recording_session - INFO - 🧪 Starting GStreamer pipeline for camera 4
2025-04-27 22:58:02,241 - recording_session - INFO - ✅ Pipeline set to PLAYING for camera 4
2025-04-27 22:58:02,280 - recording_session - INFO - 🔌 pad-added signal for camera 2
2025-04-27 22:58:02,282 - recording_session - INFO - 🔗 Linked rtspsrc pad to depay for camera 2
2025-04-27 22:58:02,311 - recording_session - INFO - 🔌 pad-added signal for camera 3
2025-04-27 22:58:02,312 - recording_session - INFO - 🔗 Linked rtspsrc pad to depay for camera 3
2025-04-27 22:58:02,317 - recording_session - INFO - 🔌 pad-added signal for camera 4
2025-04-27 22:58:02,317 - recording_session - INFO - 🔗 Linked rtspsrc pad to depay for camera 4
