2025-04-27 22:49:00,898 - overlay - INFO - Fetching all CameraURLs records
2025-04-27 22:49:00,911 - recording_session - INFO - 🚀 SlowMoWorker started
2025-04-27 22:49:00,912 - overlay - INFO - Fetching all CameraURLs records
2025-04-27 22:49:00,922 - recording_session - INFO - 🧹 Cleanup done. Deleted 0 files.
2025-04-27 22:49:00,935 - recording_session - INFO - 🎥 Recording thread started for camera 1
2025-04-27 22:49:00,937 - overlay - INFO - Started recording for camera 1: rtsp://192.168.100.150:8547/h264
2025-04-27 22:49:00,949 - recording_session - INFO - 🎥 Recording thread started for camera 2
2025-04-27 22:49:00,949 - overlay - INFO - Started recording for camera 2: rtsp://192.168.100.150:8547/h264
2025-04-27 22:49:00,953 - recording_session - INFO - 🧪 Starting GStreamer pipeline for camera 2
2025-04-27 22:49:00,953 - recording_session - INFO - 🧪 Starting GStreamer pipeline for camera 1
2025-04-27 22:49:00,955 - recording_session - INFO - ✅ Pipeline set to PLAYING for camera 2
2025-04-27 22:49:00,955 - recording_session - INFO - ✅ Pipeline set to PLAYING for camera 1
2025-04-27 22:49:00,964 - recording_session - INFO - 🎥 Recording thread started for camera 3
2025-04-27 22:49:00,964 - overlay - INFO - Started recording for camera 3: rtsp://192.168.100.150:8547/h264
2025-04-27 22:49:00,973 - recording_session - INFO - 🧪 Starting GStreamer pipeline for camera 3
2025-04-27 22:49:00,975 - recording_session - INFO - ✅ Pipeline set to PLAYING for camera 3
2025-04-27 22:49:00,980 - recording_session - INFO - 🎥 Recording thread started for camera 4
2025-04-27 22:49:00,981 - overlay - INFO - Started recording for camera 4: rtsp://192.168.100.150:8547/h264
2025-04-27 22:49:00,985 - recording_session - INFO - 🧪 Starting GStreamer pipeline for camera 4
2025-04-27 22:49:00,989 - recording_session - INFO - ✅ Pipeline set to PLAYING for camera 4
2025-04-27 22:49:01,015 - recording_session - INFO - 🔌 pad-added signal for camera 4
2025-04-27 22:49:01,015 - recording_session - INFO - 🔗 Linked rtspsrc pad to depay for camera 4
