2025-04-28 21:32:11,257 - overlay - INFO - Fetching all CameraURLs records
2025-04-28 21:32:11,272 - recording_session - INFO - 🚀 SlowMoWorkers started: 4 threads
2025-04-28 21:32:11,273 - overlay - INFO - Fetching all CameraURLs records
2025-04-28 21:32:11,275 - recording_session - INFO - 🧹 Cleanup done. Deleted 0 files.
2025-04-28 21:32:11,284 - recording_session - INFO - 🎥 Recording thread started for camera 1
2025-04-28 21:32:11,289 - overlay - INFO - Started recording for camera 1: rtsp://192.168.100.150:8547/h264
2025-04-28 21:32:11,341 - recording_session - INFO - 🎥 Recording thread started for camera 2
2025-04-28 21:32:11,343 - overlay - INFO - Started recording for camera 2: rtsp://192.168.100.150:8547/h264
2025-04-28 21:32:11,363 - recording_session - INFO - 🎥 Recording thread started for camera 3
2025-04-28 21:32:11,363 - overlay - INFO - Started recording for camera 3: rtsp://192.168.100.150:8547/h264
2025-04-28 21:32:11,378 - recording_session - INFO - 🎥 Recording thread started for camera 4
2025-04-28 21:32:11,379 - overlay - INFO - Started recording for camera 4: rtsp://192.168.100.150:8547/h264
2025-04-28 21:32:11,392 - recording_session - INFO - 🧪 Starting GStreamer pipeline for camera 3
2025-04-28 21:32:11,392 - recording_session - INFO - 🧪 Starting GStreamer pipeline for camera 2
2025-04-28 21:32:11,393 - recording_session - INFO - 🧪 Starting GStreamer pipeline for camera 1
2025-04-28 21:32:11,393 - recording_session - INFO - 🧪 Starting GStreamer pipeline for camera 4
2025-04-28 21:32:11,395 - recording_session - INFO - ✅ Pipeline set to PLAYING for camera 3
2025-04-28 21:32:11,395 - recording_session - INFO - ✅ Pipeline set to PLAYING for camera 4
2025-04-28 21:32:11,396 - recording_session - INFO - ✅ Pipeline set to PLAYING for camera 1
2025-04-28 21:32:11,416 - recording_session - INFO - ✅ Pipeline set to PLAYING for camera 2
2025-04-28 21:32:12,348 - recording_session - INFO - 📊 RAM Usage: 2.2% | CPU: 8.9%
