2025-04-27 22:51:32,677 - overlay - INFO - Fetching all CameraURLs records
2025-04-27 22:51:32,688 - recording_session - INFO - 🚀 SlowMoWorker started
2025-04-27 22:51:32,689 - overlay - INFO - Fetching all CameraURLs records
2025-04-27 22:51:32,695 - recording_session - INFO - 🧹 Cleanup done. Deleted 0 files.
2025-04-27 22:51:32,714 - recording_session - INFO - 🎥 Recording thread started for camera 1
2025-04-27 22:51:32,716 - overlay - INFO - Started recording for camera 1: rtsp://192.168.100.150:8547/h264
2025-04-27 22:51:32,726 - recording_session - INFO - 🎥 Recording thread started for camera 2
2025-04-27 22:51:32,727 - overlay - INFO - Started recording for camera 2: rtsp://192.168.100.150:8547/h264
2025-04-27 22:51:32,732 - recording_session - INFO - 🧪 Starting GStreamer pipeline for camera 1
2025-04-27 22:51:32,732 - recording_session - INFO - 🧪 Starting GStreamer pipeline for camera 2
2025-04-27 22:51:32,734 - recording_session - INFO - ✅ Pipeline set to PLAYING for camera 1
2025-04-27 22:51:32,735 - recording_session - INFO - ✅ Pipeline set to PLAYING for camera 2
2025-04-27 22:51:32,744 - recording_session - INFO - 🎥 Recording thread started for camera 3
2025-04-27 22:51:32,750 - overlay - INFO - Started recording for camera 3: rtsp://192.168.100.150:8547/h264
2025-04-27 22:51:32,752 - recording_session - INFO - 🧪 Starting GStreamer pipeline for camera 3
2025-04-27 22:51:32,756 - recording_session - INFO - ✅ Pipeline set to PLAYING for camera 3
2025-04-27 22:51:32,761 - recording_session - INFO - 🎥 Recording thread started for camera 4
2025-04-27 22:51:32,762 - overlay - INFO - Started recording for camera 4: rtsp://192.168.100.150:8547/h264
2025-04-27 22:51:32,764 - recording_session - INFO - 🧪 Starting GStreamer pipeline for camera 4
2025-04-27 22:51:32,768 - recording_session - INFO - ✅ Pipeline set to PLAYING for camera 4
2025-04-27 22:51:32,792 - recording_session - INFO - 🔌 pad-added signal for camera 3
2025-04-27 22:51:32,793 - recording_session - INFO - 🔗 Linked rtspsrc pad to depay for camera 3
2025-04-27 22:51:32,801 - recording_session - INFO - 🔌 pad-added signal for camera 4
2025-04-27 22:51:32,802 - recording_session - INFO - 🔗 Linked rtspsrc pad to depay for camera 4
