2025-04-27 22:46:27,132 - overlay - INFO - Fetching all CameraURLs records
2025-04-27 22:46:27,141 - recording_session - INFO - 🚀 SlowMoWorker started
2025-04-27 22:46:27,143 - overlay - INFO - Fetching all CameraURLs records
2025-04-27 22:46:27,162 - recording_session - INFO - 🧹 Cleanup done. Deleted 0 files.
2025-04-27 22:46:27,167 - recording_session - INFO - 🎥 Recording thread started for camera 1
2025-04-27 22:46:27,173 - overlay - INFO - Started recording for camera 1: rtsp://192.168.100.150:8547/h264
2025-04-27 22:46:27,186 - recording_session - INFO - 🧪 Starting GStreamer pipeline for camera 1
2025-04-27 22:46:27,187 - recording_session - INFO - 🎥 Recording thread started for camera 2
2025-04-27 22:46:27,187 - overlay - INFO - Started recording for camera 2: rtsp://192.168.100.150:8547/h264
2025-04-27 22:46:27,188 - recording_session - INFO - ✅ Pipeline set to PLAYING for camera 1
2025-04-27 22:46:27,188 - recording_session - INFO - 🧪 Starting GStreamer pipeline for camera 2
2025-04-27 22:46:27,197 - recording_session - INFO - ✅ Pipeline set to PLAYING for camera 2
2025-04-27 22:46:27,198 - recording_session - INFO - 🎥 Recording thread started for camera 3
2025-04-27 22:46:27,206 - overlay - INFO - Started recording for camera 3: rtsp://192.168.100.150:8547/h264
2025-04-27 22:46:27,207 - recording_session - INFO - 🧪 Starting GStreamer pipeline for camera 3
2025-04-27 22:46:27,209 - recording_session - INFO - ✅ Pipeline set to PLAYING for camera 3
2025-04-27 22:46:27,219 - recording_session - INFO - 🎥 Recording thread started for camera 4
2025-04-27 22:46:27,219 - overlay - INFO - Started recording for camera 4: rtsp://192.168.100.150:8547/h264
2025-04-27 22:46:27,224 - recording_session - INFO - 🧪 Starting GStreamer pipeline for camera 4
2025-04-27 22:46:27,228 - recording_session - INFO - ✅ Pipeline set to PLAYING for camera 4
2025-04-27 22:46:27,242 - recording_session - INFO - 🔌 pad-added signal for camera 3
2025-04-27 22:46:27,244 - recording_session - INFO - 🔗 Linked rtspsrc pad to depay for camera 3
