2025-04-27 23:06:29,911 - overlay - INFO - Fetching all CameraURLs records
2025-04-27 23:06:29,921 - recording_session - INFO - 🚀 SlowMoWorker started
2025-04-27 23:06:29,923 - overlay - INFO - Fetching all CameraURLs records
2025-04-27 23:06:29,934 - recording_session - INFO - 🧹 Cleanup done. Deleted 0 files.
2025-04-27 23:06:29,944 - recording_session - INFO - 🎥 Recording thread started for camera 1
2025-04-27 23:06:29,946 - overlay - INFO - Started recording for camera 1: rtsp://192.168.100.150:8547/h264
2025-04-27 23:06:29,961 - recording_session - INFO - 🧪 Starting GStreamer pipeline for camera 1
2025-04-27 23:06:29,963 - recording_session - INFO - ✅ Pipeline set to PLAYING for camera 1
2025-04-27 23:06:29,980 - recording_session - INFO - 🎥 Recording thread started for camera 2
2025-04-27 23:06:29,980 - overlay - INFO - Started recording for camera 2: rtsp://192.168.100.150:8547/h264
2025-04-27 23:06:29,981 - recording_session - INFO - 🧪 Starting GStreamer pipeline for camera 2
2025-04-27 23:06:29,982 - recording_session - INFO - ✅ Pipeline set to PLAYING for camera 2
2025-04-27 23:06:29,991 - recording_session - INFO - 🎥 Recording thread started for camera 3
2025-04-27 23:06:29,992 - overlay - INFO - Started recording for camera 3: rtsp://192.168.100.150:8547/h264
2025-04-27 23:06:29,993 - recording_session - INFO - 🧪 Starting GStreamer pipeline for camera 3
2025-04-27 23:06:29,995 - recording_session - INFO - ✅ Pipeline set to PLAYING for camera 3
2025-04-27 23:06:30,004 - recording_session - INFO - 🎥 Recording thread started for camera 4
2025-04-27 23:06:30,005 - overlay - INFO - Started recording for camera 4: rtsp://192.168.100.150:8547/h264
2025-04-27 23:06:30,008 - recording_session - INFO - 🧪 Starting GStreamer pipeline for camera 4
2025-04-27 23:06:30,010 - recording_session - INFO - ✅ Pipeline set to PLAYING for camera 4
2025-04-27 23:06:30,055 - recording_session - INFO - 🔌 pad-added signal for camera 3
2025-04-27 23:06:30,055 - recording_session - INFO - 🔗 Linked rtspsrc pad to depay for camera 3
