2025-04-27 22:56:31,870 - overlay - INFO - Fetching all CameraURLs records
2025-04-27 22:56:31,880 - recording_session - INFO - 🚀 SlowMoWorker started
2025-04-27 22:56:31,881 - overlay - INFO - Fetching all CameraURLs records
2025-04-27 22:56:31,887 - recording_session - INFO - 🧹 Cleanup done. Deleted 0 files.
2025-04-27 22:56:31,908 - recording_session - INFO - 🎥 Recording thread started for camera 1
2025-04-27 22:56:31,908 - overlay - INFO - Started recording for camera 1: rtsp://192.168.100.150:8547/h264
2025-04-27 22:56:31,931 - recording_session - INFO - 🎥 Recording thread started for camera 2
2025-04-27 22:56:31,931 - overlay - INFO - Started recording for camera 2: rtsp://192.168.100.150:8547/h264
2025-04-27 22:56:31,945 - recording_session - INFO - 🧪 Starting GStreamer pipeline for camera 1
2025-04-27 22:56:31,946 - recording_session - INFO - 🧪 Starting GStreamer pipeline for camera 2
2025-04-27 22:56:31,947 - recording_session - INFO - 🎥 Recording thread started for camera 3
2025-04-27 22:56:31,947 - overlay - INFO - Started recording for camera 3: rtsp://192.168.100.150:8547/h264
2025-04-27 22:56:31,948 - recording_session - INFO - ✅ Pipeline set to PLAYING for camera 1
2025-04-27 22:56:31,948 - recording_session - INFO - 🧪 Starting GStreamer pipeline for camera 3
2025-04-27 22:56:31,949 - recording_session - INFO - ✅ Pipeline set to PLAYING for camera 2
2025-04-27 22:56:31,969 - recording_session - INFO - ✅ Pipeline set to PLAYING for camera 3
2025-04-27 22:56:31,970 - recording_session - INFO - 🎥 Recording thread started for camera 4
2025-04-27 22:56:31,972 - overlay - INFO - Started recording for camera 4: rtsp://192.168.100.150:8547/h264
2025-04-27 22:56:31,993 - recording_session - INFO - 🧪 Starting GStreamer pipeline for camera 4
2025-04-27 22:56:31,995 - recording_session - INFO - ✅ Pipeline set to PLAYING for camera 4
2025-04-27 22:56:32,017 - recording_session - INFO - 🔌 pad-added signal for camera 3
2025-04-27 22:56:32,018 - recording_session - INFO - 🔗 Linked rtspsrc pad to depay for camera 3
2025-04-27 22:56:32,027 - recording_session - INFO - 🔌 pad-added signal for camera 4
2025-04-27 22:56:32,027 - recording_session - INFO - 🔗 Linked rtspsrc pad to depay for camera 4
