2025-04-27 22:55:39,665 - overlay - INFO - Fetching all CameraURLs records
2025-04-27 22:55:39,674 - recording_session - INFO - 🚀 SlowMoWorker started
2025-04-27 22:55:39,675 - overlay - INFO - Fetching all CameraURLs records
2025-04-27 22:55:39,697 - recording_session - INFO - 🧹 Cleanup done. Deleted 0 files.
2025-04-27 22:55:39,707 - recording_session - INFO - 🎥 Recording thread started for camera 1
2025-04-27 22:55:39,713 - overlay - INFO - Started recording for camera 1: rtsp://192.168.100.150:8547/h264
2025-04-27 22:55:39,725 - recording_session - INFO - 🎥 Recording thread started for camera 2
2025-04-27 22:55:39,725 - overlay - INFO - Started recording for camera 2: rtsp://192.168.100.150:8547/h264
2025-04-27 22:55:39,731 - recording_session - INFO - 🎥 Recording thread started for camera 3
2025-04-27 22:55:39,732 - overlay - INFO - Started recording for camera 3: rtsp://192.168.100.150:8547/h264
2025-04-27 22:55:39,736 - recording_session - INFO - 🧪 Starting GStreamer pipeline for camera 3
2025-04-27 22:55:39,736 - recording_session - INFO - 🧪 Starting GStreamer pipeline for camera 2
2025-04-27 22:55:39,736 - recording_session - INFO - 🧪 Starting GStreamer pipeline for camera 1
2025-04-27 22:55:39,740 - recording_session - INFO - ✅ Pipeline set to PLAYING for camera 3
2025-04-27 22:55:39,741 - recording_session - INFO - ✅ Pipeline set to PLAYING for camera 2
2025-04-27 22:55:39,741 - recording_session - INFO - ✅ Pipeline set to PLAYING for camera 1
2025-04-27 22:55:39,762 - recording_session - INFO - 🎥 Recording thread started for camera 4
2025-04-27 22:55:39,763 - overlay - INFO - Started recording for camera 4: rtsp://192.168.100.150:8547/h264
2025-04-27 22:55:39,766 - recording_session - INFO - 🧪 Starting GStreamer pipeline for camera 4
2025-04-27 22:55:39,768 - recording_session - INFO - ✅ Pipeline set to PLAYING for camera 4
2025-04-27 22:55:39,790 - recording_session - INFO - 🔌 pad-added signal for camera 3
2025-04-27 22:55:39,791 - recording_session - INFO - 🔗 Linked rtspsrc pad to depay for camera 3
2025-04-27 22:55:39,797 - recording_session - INFO - 🔌 pad-added signal for camera 4
2025-04-27 22:55:39,798 - recording_session - INFO - 🔗 Linked rtspsrc pad to depay for camera 4
