2025-04-27 22:48:29,910 - overlay - INFO - Fetching all CameraURLs records
2025-04-27 22:48:29,921 - recording_session - INFO - 🚀 SlowMoWorker started
2025-04-27 22:48:29,921 - overlay - INFO - Fetching all CameraURLs records
2025-04-27 22:48:29,932 - recording_session - INFO - 🧹 Cleanup done. Deleted 0 files.
2025-04-27 22:48:29,947 - recording_session - INFO - 🎥 Recording thread started for camera 1
2025-04-27 22:48:29,949 - overlay - INFO - Started recording for camera 1: rtsp://192.168.100.150:8547/h264
2025-04-27 22:48:29,960 - recording_session - INFO - 🎥 Recording thread started for camera 2
2025-04-27 22:48:29,960 - overlay - INFO - Started recording for camera 2: rtsp://192.168.100.150:8547/h264
2025-04-27 22:48:29,964 - recording_session - INFO - 🧪 Starting GStreamer pipeline for camera 1
2025-04-27 22:48:29,964 - recording_session - INFO - 🧪 Starting GStreamer pipeline for camera 2
2025-04-27 22:48:29,966 - recording_session - INFO - ✅ Pipeline set to PLAYING for camera 1
2025-04-27 22:48:29,966 - recording_session - INFO - ✅ Pipeline set to PLAYING for camera 2
2025-04-27 22:48:29,975 - recording_session - INFO - 🎥 Recording thread started for camera 3
2025-04-27 22:48:29,981 - overlay - INFO - Started recording for camera 3: rtsp://192.168.100.150:8547/h264
2025-04-27 22:48:29,984 - recording_session - INFO - 🧪 Starting GStreamer pipeline for camera 3
2025-04-27 22:48:29,986 - recording_session - INFO - ✅ Pipeline set to PLAYING for camera 3
2025-04-27 22:48:29,993 - recording_session - INFO - 🎥 Recording thread started for camera 4
2025-04-27 22:48:29,993 - overlay - INFO - Started recording for camera 4: rtsp://192.168.100.150:8547/h264
2025-04-27 22:48:29,998 - recording_session - INFO - 🧪 Starting GStreamer pipeline for camera 4
2025-04-27 22:48:30,001 - recording_session - INFO - ✅ Pipeline set to PLAYING for camera 4
2025-04-27 22:48:30,017 - recording_session - INFO - 🔌 pad-added signal for camera 3
2025-04-27 22:48:30,019 - recording_session - INFO - 🔗 Linked rtspsrc pad to depay for camera 3
