2025-04-27 23:04:03,142 - overlay - INFO - Fetching all CameraURLs records
2025-04-27 23:04:03,151 - recording_session - INFO - 🚀 SlowMoWorker started
2025-04-27 23:04:03,153 - overlay - INFO - Fetching all CameraURLs records
2025-04-27 23:04:03,174 - recording_session - INFO - 🧹 Cleanup done. Deleted 0 files.
2025-04-27 23:04:03,175 - recording_session - INFO - 🎥 Recording thread started for camera 1
2025-04-27 23:04:03,177 - overlay - INFO - Started recording for camera 1: rtsp://192.168.100.150:8547/h264
2025-04-27 23:04:03,187 - recording_session - INFO - 🎥 Recording thread started for camera 2
2025-04-27 23:04:03,188 - overlay - INFO - Started recording for camera 2: rtsp://192.168.100.150:8547/h264
2025-04-27 23:04:03,192 - recording_session - INFO - 🧪 Starting GStreamer pipeline for camera 2
2025-04-27 23:04:03,192 - recording_session - INFO - 🧪 Starting GStreamer pipeline for camera 1
2025-04-27 23:04:03,194 - recording_session - INFO - ✅ Pipeline set to PLAYING for camera 2
2025-04-27 23:04:03,194 - recording_session - INFO - ✅ Pipeline set to PLAYING for camera 1
2025-04-27 23:04:03,203 - recording_session - INFO - 🎥 Recording thread started for camera 3
2025-04-27 23:04:03,209 - overlay - INFO - Started recording for camera 3: rtsp://192.168.100.150:8547/h264
2025-04-27 23:04:03,214 - recording_session - INFO - 🧪 Starting GStreamer pipeline for camera 3
2025-04-27 23:04:03,215 - recording_session - INFO - ✅ Pipeline set to PLAYING for camera 3
2025-04-27 23:04:03,224 - recording_session - INFO - 🎥 Recording thread started for camera 4
2025-04-27 23:04:03,224 - overlay - INFO - Started recording for camera 4: rtsp://192.168.100.150:8547/h264
2025-04-27 23:04:03,229 - recording_session - INFO - 🧪 Starting GStreamer pipeline for camera 4
2025-04-27 23:04:03,232 - recording_session - INFO - ✅ Pipeline set to PLAYING for camera 4
2025-04-27 23:04:03,252 - recording_session - INFO - 🔌 pad-added signal for camera 3
2025-04-27 23:04:03,253 - recording_session - INFO - 🔗 Linked rtspsrc pad to depay for camera 3
