2025-04-27 22:56:12,939 - overlay - INFO - Fetching all CameraURLs records
2025-04-27 22:56:12,948 - recording_session - INFO - 🚀 SlowMoWorker started
2025-04-27 22:56:12,954 - overlay - INFO - Fetching all CameraURLs records
2025-04-27 22:56:12,966 - recording_session - INFO - 🧹 Cleanup done. Deleted 0 files.
2025-04-27 22:56:12,970 - recording_session - INFO - 🎥 Recording thread started for camera 1
2025-04-27 22:56:12,975 - overlay - INFO - Started recording for camera 1: rtsp://192.168.100.150:8547/h264
2025-04-27 22:56:13,000 - recording_session - INFO - 🧪 Starting GStreamer pipeline for camera 1
2025-04-27 22:56:13,002 - recording_session - INFO - ✅ Pipeline set to PLAYING for camera 1
2025-04-27 22:56:13,011 - recording_session - INFO - 🎥 Recording thread started for camera 2
2025-04-27 22:56:13,017 - overlay - INFO - Started recording for camera 2: rtsp://192.168.100.150:8547/h264
2025-04-27 22:56:13,019 - recording_session - INFO - 🧪 Starting GStreamer pipeline for camera 2
2025-04-27 22:56:13,022 - recording_session - INFO - ✅ Pipeline set to PLAYING for camera 2
2025-04-27 22:56:13,029 - recording_session - INFO - 🎥 Recording thread started for camera 3
2025-04-27 22:56:13,029 - overlay - INFO - Started recording for camera 3: rtsp://192.168.100.150:8547/h264
2025-04-27 22:56:13,032 - recording_session - INFO - 🧪 Starting GStreamer pipeline for camera 3
2025-04-27 22:56:13,035 - recording_session - INFO - ✅ Pipeline set to PLAYING for camera 3
2025-04-27 22:56:13,038 - recording_session - INFO - 🎥 Recording thread started for camera 4
2025-04-27 22:56:13,039 - overlay - INFO - Started recording for camera 4: rtsp://192.168.100.150:8547/h264
2025-04-27 22:56:13,045 - recording_session - INFO - 🧪 Starting GStreamer pipeline for camera 4
2025-04-27 22:56:13,048 - recording_session - INFO - 🔌 pad-added signal for camera 1
2025-04-27 22:56:13,052 - recording_session - INFO - ✅ Pipeline set to PLAYING for camera 4
2025-04-27 22:56:13,054 - recording_session - INFO - 🔗 Linked rtspsrc pad to depay for camera 1
2025-04-27 22:56:13,056 - recording_session - INFO - 🔌 pad-added signal for camera 2
2025-04-27 22:56:13,057 - recording_session - INFO - 🔗 Linked rtspsrc pad to depay for camera 2
2025-04-27 22:56:13,090 - recording_session - INFO - 🔌 pad-added signal for camera 3
2025-04-27 22:56:13,090 - recording_session - INFO - 🔗 Linked rtspsrc pad to depay for camera 3
2025-04-27 22:56:13,100 - recording_session - INFO - 🔌 pad-added signal for camera 4
2025-04-27 22:56:13,100 - recording_session - INFO - 🔗 Linked rtspsrc pad to depay for camera 4
