2025-04-27 23:04:22,145 - overlay - INFO - Fetching all CameraURLs records
2025-04-27 23:04:22,157 - recording_session - INFO - 🚀 SlowMoWorker started
2025-04-27 23:04:22,158 - overlay - INFO - Fetching all CameraURLs records
2025-04-27 23:04:22,166 - recording_session - INFO - 🧹 Cleanup done. Deleted 0 files.
2025-04-27 23:04:22,182 - recording_session - INFO - 🎥 Recording thread started for camera 1
2025-04-27 23:04:22,184 - overlay - INFO - Started recording for camera 1: rtsp://192.168.100.150:8547/h264
2025-04-27 23:04:22,195 - recording_session - INFO - 🎥 Recording thread started for camera 2
2025-04-27 23:04:22,195 - overlay - INFO - Started recording for camera 2: rtsp://192.168.100.150:8547/h264
2025-04-27 23:04:22,199 - recording_session - INFO - 🧪 Starting GStreamer pipeline for camera 2
2025-04-27 23:04:22,200 - recording_session - INFO - 🧪 Starting GStreamer pipeline for camera 1
2025-04-27 23:04:22,201 - recording_session - INFO - ✅ Pipeline set to PLAYING for camera 2
2025-04-27 23:04:22,201 - recording_session - INFO - ✅ Pipeline set to PLAYING for camera 1
2025-04-27 23:04:22,224 - recording_session - INFO - 🎥 Recording thread started for camera 3
2025-04-27 23:04:22,225 - overlay - INFO - Started recording for camera 3: rtsp://192.168.100.150:8547/h264
2025-04-27 23:04:22,238 - recording_session - INFO - 🧪 Starting GStreamer pipeline for camera 3
2025-04-27 23:04:22,240 - recording_session - INFO - ✅ Pipeline set to PLAYING for camera 3
2025-04-27 23:04:22,247 - recording_session - INFO - 🎥 Recording thread started for camera 4
2025-04-27 23:04:22,247 - overlay - INFO - Started recording for camera 4: rtsp://192.168.100.150:8547/h264
2025-04-27 23:04:22,248 - recording_session - INFO - 🧪 Starting GStreamer pipeline for camera 4
2025-04-27 23:04:22,249 - recording_session - INFO - ✅ Pipeline set to PLAYING for camera 4
2025-04-27 23:04:22,280 - recording_session - INFO - 🔌 pad-added signal for camera 4
2025-04-27 23:04:22,280 - recording_session - INFO - 🔗 Linked rtspsrc pad to depay for camera 4
