2025-04-27 23:02:32,910 - overlay - INFO - Fetching all CameraURLs records
2025-04-27 23:02:32,920 - recording_session - INFO - 🚀 SlowMoWorker started
2025-04-27 23:02:32,921 - overlay - INFO - Fetching all CameraURLs records
2025-04-27 23:02:32,927 - recording_session - INFO - 🧹 Cleanup done. Deleted 0 files.
2025-04-27 23:02:32,944 - recording_session - INFO - 🎥 Recording thread started for camera 1
2025-04-27 23:02:32,947 - overlay - INFO - Started recording for camera 1: rtsp://192.168.100.150:8547/h264
2025-04-27 23:02:32,962 - recording_session - INFO - 🧪 Starting GStreamer pipeline for camera 1
2025-04-27 23:02:32,964 - recording_session - INFO - ✅ Pipeline set to PLAYING for camera 1
2025-04-27 23:02:32,971 - recording_session - INFO - 🎥 Recording thread started for camera 2
2025-04-27 23:02:32,972 - overlay - INFO - Started recording for camera 2: rtsp://192.168.100.150:8547/h264
2025-04-27 23:02:32,980 - recording_session - INFO - 🧪 Starting GStreamer pipeline for camera 2
2025-04-27 23:02:32,981 - recording_session - INFO - ✅ Pipeline set to PLAYING for camera 2
2025-04-27 23:02:32,991 - recording_session - INFO - 🧪 Starting GStreamer pipeline for camera 3
2025-04-27 23:02:32,991 - recording_session - INFO - 🎥 Recording thread started for camera 3
2025-04-27 23:02:32,992 - overlay - INFO - Started recording for camera 3: rtsp://192.168.100.150:8547/h264
2025-04-27 23:02:32,994 - recording_session - INFO - ✅ Pipeline set to PLAYING for camera 3
2025-04-27 23:02:33,005 - recording_session - INFO - 🎥 Recording thread started for camera 4
2025-04-27 23:02:33,005 - overlay - INFO - Started recording for camera 4: rtsp://192.168.100.150:8547/h264
2025-04-27 23:02:33,010 - recording_session - INFO - 🧪 Starting GStreamer pipeline for camera 4
2025-04-27 23:02:33,011 - recording_session - INFO - ✅ Pipeline set to PLAYING for camera 4
2025-04-27 23:02:33,021 - recording_session - INFO - 🔌 pad-added signal for camera 2
2025-04-27 23:02:33,021 - recording_session - INFO - 🔗 Linked rtspsrc pad to depay for camera 2
2025-04-27 23:02:33,031 - recording_session - INFO - 🔌 pad-added signal for camera 3
2025-04-27 23:02:33,032 - recording_session - INFO - 🔗 Linked rtspsrc pad to depay for camera 3
