2025-04-27 22:57:09,901 - overlay - INFO - Fetching all CameraURLs records
2025-04-27 22:57:09,911 - recording_session - INFO - 🚀 SlowMoWorker started
2025-04-27 22:57:09,912 - overlay - INFO - Fetching all CameraURLs records
2025-04-27 22:57:09,928 - recording_session - INFO - 🧹 Cleanup done. Deleted 0 files.
2025-04-27 22:57:09,932 - recording_session - INFO - 🎥 Recording thread started for camera 1
2025-04-27 22:57:09,934 - overlay - INFO - Started recording for camera 1: rtsp://192.168.100.150:8547/h264
2025-04-27 22:57:09,944 - recording_session - INFO - 🎥 Recording thread started for camera 2
2025-04-27 22:57:09,945 - overlay - INFO - Started recording for camera 2: rtsp://192.168.100.150:8547/h264
2025-04-27 22:57:09,948 - recording_session - INFO - 🧪 Starting GStreamer pipeline for camera 1
2025-04-27 22:57:09,948 - recording_session - INFO - 🧪 Starting GStreamer pipeline for camera 2
2025-04-27 22:57:09,949 - recording_session - INFO - ✅ Pipeline set to PLAYING for camera 1
2025-04-27 22:57:09,963 - recording_session - INFO - ✅ Pipeline set to PLAYING for camera 2
2025-04-27 22:57:09,966 - recording_session - INFO - 🎥 Recording thread started for camera 3
2025-04-27 22:57:09,967 - overlay - INFO - Started recording for camera 3: rtsp://192.168.100.150:8547/h264
2025-04-27 22:57:09,969 - recording_session - INFO - 🧪 Starting GStreamer pipeline for camera 3
2025-04-27 22:57:09,970 - recording_session - INFO - ✅ Pipeline set to PLAYING for camera 3
2025-04-27 22:57:09,979 - recording_session - INFO - 🎥 Recording thread started for camera 4
2025-04-27 22:57:09,980 - overlay - INFO - Started recording for camera 4: rtsp://192.168.100.150:8547/h264
2025-04-27 22:57:09,980 - recording_session - INFO - 🧪 Starting GStreamer pipeline for camera 4
2025-04-27 22:57:09,982 - recording_session - INFO - ✅ Pipeline set to PLAYING for camera 4
2025-04-27 22:57:10,002 - recording_session - INFO - 🔌 pad-added signal for camera 3
2025-04-27 22:57:10,003 - recording_session - INFO - 🔗 Linked rtspsrc pad to depay for camera 3
