2025-04-30 18:29:18,435 - overlay - INFO - Fetching all CameraURLs records
2025-04-30 18:29:18,448 - recording_session - INFO - 🚀 SlowMoWorkers started: 4 threads
2025-04-30 18:29:18,448 - overlay - INFO - Fetching all CameraURLs records
2025-04-30 18:29:18,458 - recording_session - INFO - 🎥 Recording thread started for camera 1
2025-04-30 18:29:18,464 - overlay - INFO - Started recording for camera 1: rtsp://192.168.100.150:8547/h264
2025-04-30 18:29:18,478 - recording_session - INFO - 🎥 Recording thread started for camera 2
2025-04-30 18:29:18,479 - overlay - INFO - Started recording for camera 2: rtsp://192.168.100.150:8547/h264
2025-04-30 18:29:18,489 - recording_session - INFO - 🎥 Recording thread started for camera 3
2025-04-30 18:29:18,489 - overlay - INFO - Started recording for camera 3: rtsp://192.168.100.150:8547/h264
2025-04-30 18:29:18,500 - recording_session - INFO - 🎥 Recording thread started for camera 4
2025-04-30 18:29:18,500 - overlay - INFO - Started recording for camera 4: rtsp://192.168.100.150:8547/h264
2025-04-30 18:29:18,506 - recording_session - INFO - 🧪 Starting GStreamer pipeline for camera 2
2025-04-30 18:29:18,507 - recording_session - INFO - 🧪 Starting GStreamer pipeline for camera 4
2025-04-30 18:29:18,507 - recording_session - INFO - 🧪 Starting GStreamer pipeline for camera 3
2025-04-30 18:29:18,508 - recording_session - INFO - 🧪 Starting GStreamer pipeline for camera 1
2025-04-30 18:29:18,509 - recording_session - INFO - ✅ Pipeline set to PLAYING for camera 2
2025-04-30 18:29:18,509 - recording_session - INFO - ✅ Pipeline set to PLAYING for camera 4
2025-04-30 18:29:18,511 - recording_session - INFO - ✅ Pipeline set to PLAYING for camera 1
2025-04-30 18:29:18,519 - recording_session - INFO - ✅ Pipeline set to PLAYING for camera 3
2025-04-30 18:29:18,553 - overlay - INFO - Deleted old file: /var/www/html/public/assets/uploads/CAM4/2025-04-29/1745917046_slow.mp4
2025-04-30 18:29:30,718 - overlay - INFO - Fetching all CameraURLs records
2025-04-30 18:29:30,718 - overlay - INFO - Fetching all graphics records
2025-04-30 18:29:30,724 - overlay - INFO - Found 4 CameraURLs records
2025-04-30 18:29:30,726 - overlay - INFO - Found 1 graphics records
2025-04-30 18:29:30,843 - overlay - INFO - Fetching graphics with ID: 1
2025-04-30 18:29:30,843 - overlay - INFO - Fetching gamestats with ID: 1
2025-04-30 18:29:30,877 - overlay - INFO - Fetching graphics with ID: 1
2025-04-30 18:29:45,534 - overlay - INFO - Fetching all graphics records
2025-04-30 18:29:45,536 - overlay - INFO - Found 1 graphics records
2025-04-30 18:29:45,536 - overlay - INFO - Fetching all CameraURLs records
2025-04-30 18:29:45,538 - overlay - INFO - Found 4 CameraURLs records
2025-04-30 18:29:45,631 - overlay - INFO - Fetching graphics with ID: 1
2025-04-30 18:29:45,633 - overlay - INFO - Fetching gamestats with ID: 1
2025-04-30 18:29:45,670 - overlay - INFO - Fetching graphics with ID: 1
2025-04-30 18:29:58,422 - overlay - INFO - Fetching all CameraURLs records
2025-04-30 18:29:58,423 - overlay - INFO - Fetching all graphics records
2025-04-30 18:29:58,425 - overlay - INFO - Found 1 graphics records
2025-04-30 18:29:58,426 - overlay - INFO - Found 4 CameraURLs records
2025-04-30 18:29:58,521 - overlay - INFO - Fetching graphics with ID: 1
2025-04-30 18:29:58,524 - overlay - INFO - Fetching gamestats with ID: 1
2025-04-30 18:29:58,555 - overlay - INFO - Fetching graphics with ID: 1
2025-04-30 18:29:58,663 - overlay - INFO - Fetching all CameraURLs records
2025-04-30 18:29:58,666 - overlay - INFO - Found 4 CameraURLs records
2025-04-30 18:29:58,669 - overlay - INFO - Fetching all graphics records
2025-04-30 18:29:58,674 - overlay - INFO - Found 1 graphics records
2025-04-30 18:29:58,801 - overlay - INFO - Fetching gamestats with ID: 1
2025-04-30 18:29:58,801 - overlay - INFO - Fetching graphics with ID: 1
2025-04-30 18:29:58,820 - overlay - INFO - Fetching graphics with ID: 1
