2025-04-27 22:36:48,176 - overlay - INFO - Fetching all CameraURLs records
2025-04-27 22:36:48,185 - recording_session - INFO - 🚀 SlowMoWorker started
2025-04-27 22:36:48,186 - overlay - INFO - Fetching all CameraURLs records
2025-04-27 22:36:48,207 - recording_session - INFO - 🎥 Recording thread started for camera 1
2025-04-27 22:36:48,210 - overlay - INFO - Started recording for camera 1: rtsp://192.168.100.150:8547/h264
2025-04-27 22:36:48,213 - recording_session - INFO - 🧹 Cleanup done. Deleted 0 files.
2025-04-27 22:36:48,222 - recording_session - INFO - 🎥 Recording thread started for camera 2
2025-04-27 22:36:48,222 - overlay - INFO - Started recording for camera 2: rtsp://192.168.100.150:8547/h264
2025-04-27 22:36:48,232 - recording_session - INFO - 🧪 Starting GStreamer pipeline for camera 1
2025-04-27 22:36:48,233 - recording_session - INFO - 🧪 Starting GStreamer pipeline for camera 2
2025-04-27 22:36:48,233 - recording_session - INFO - 🎥 Recording thread started for camera 3
2025-04-27 22:36:48,235 - overlay - INFO - Started recording for camera 3: rtsp://192.168.100.150:8547/h264
2025-04-27 22:36:48,237 - recording_session - INFO - 🧪 Starting GStreamer pipeline for camera 3
2025-04-27 22:36:48,238 - recording_session - INFO - ✅ Pipeline set to PLAYING for camera 2
2025-04-27 22:36:48,240 - recording_session - INFO - ✅ Pipeline set to PLAYING for camera 1
2025-04-27 22:36:48,241 - recording_session - INFO - ✅ Pipeline set to PLAYING for camera 3
2025-04-27 22:36:48,250 - recording_session - INFO - 🎥 Recording thread started for camera 4
2025-04-27 22:36:48,260 - overlay - INFO - Started recording for camera 4: rtsp://192.168.100.150:8547/h264
2025-04-27 22:36:48,263 - recording_session - INFO - 🧪 Starting GStreamer pipeline for camera 4
2025-04-27 22:36:48,266 - recording_session - INFO - ✅ Pipeline set to PLAYING for camera 4
2025-04-27 22:36:48,293 - recording_session - INFO - 🔌 pad-added signal for camera 4
2025-04-27 22:36:48,294 - recording_session - INFO - 🔗 Linked rtspsrc pad to depay for camera 4
