2025-04-27 23:00:19,889 - overlay - INFO - Fetching all CameraURLs records
2025-04-27 23:00:19,898 - recording_session - INFO - 🚀 SlowMoWorker started
2025-04-27 23:00:19,900 - overlay - INFO - Fetching all CameraURLs records
2025-04-27 23:00:19,910 - recording_session - INFO - 🧹 Cleanup done. Deleted 0 files.
2025-04-27 23:00:19,923 - recording_session - INFO - 🎥 Recording thread started for camera 1
2025-04-27 23:00:19,928 - overlay - INFO - Started recording for camera 1: rtsp://192.168.100.150:8547/h264
2025-04-27 23:00:19,942 - recording_session - INFO - 🎥 Recording thread started for camera 2
2025-04-27 23:00:19,942 - overlay - INFO - Started recording for camera 2: rtsp://192.168.100.150:8547/h264
2025-04-27 23:00:19,951 - recording_session - INFO - 🎥 Recording thread started for camera 3
2025-04-27 23:00:19,952 - overlay - INFO - Started recording for camera 3: rtsp://192.168.100.150:8547/h264
2025-04-27 23:00:19,953 - recording_session - INFO - 🧪 Starting GStreamer pipeline for camera 2
2025-04-27 23:00:19,954 - recording_session - INFO - 🧪 Starting GStreamer pipeline for camera 3
2025-04-27 23:00:19,955 - recording_session - INFO - 🧪 Starting GStreamer pipeline for camera 1
2025-04-27 23:00:19,956 - recording_session - INFO - ✅ Pipeline set to PLAYING for camera 3
2025-04-27 23:00:19,963 - recording_session - INFO - ✅ Pipeline set to PLAYING for camera 2
2025-04-27 23:00:19,965 - recording_session - INFO - ✅ Pipeline set to PLAYING for camera 1
2025-04-27 23:00:19,965 - recording_session - INFO - 🎥 Recording thread started for camera 4
2025-04-27 23:00:19,972 - overlay - INFO - Started recording for camera 4: rtsp://192.168.100.150:8547/h264
2025-04-27 23:00:19,981 - recording_session - INFO - 🧪 Starting GStreamer pipeline for camera 4
2025-04-27 23:00:19,983 - recording_session - INFO - ✅ Pipeline set to PLAYING for camera 4
2025-04-27 23:00:20,011 - recording_session - INFO - 🔌 pad-added signal for camera 4
2025-04-27 23:00:20,011 - recording_session - INFO - 🔗 Linked rtspsrc pad to depay for camera 4
