2025-04-27 22:50:26,386 - overlay - INFO - Fetching all CameraURLs records
2025-04-27 22:50:26,395 - recording_session - INFO - 🚀 SlowMoWorker started
2025-04-27 22:50:26,396 - overlay - INFO - Fetching all CameraURLs records
2025-04-27 22:50:26,407 - recording_session - INFO - 🧹 Cleanup done. Deleted 0 files.
2025-04-27 22:50:26,419 - recording_session - INFO - 🎥 Recording thread started for camera 1
2025-04-27 22:50:26,421 - overlay - INFO - Started recording for camera 1: rtsp://192.168.100.150:8547/h264
2025-04-27 22:50:26,430 - recording_session - INFO - 🎥 Recording thread started for camera 2
2025-04-27 22:50:26,430 - overlay - INFO - Started recording for camera 2: rtsp://192.168.100.150:8547/h264
2025-04-27 22:50:26,437 - recording_session - INFO - 🧪 Starting GStreamer pipeline for camera 2
2025-04-27 22:50:26,437 - recording_session - INFO - 🧪 Starting GStreamer pipeline for camera 1
2025-04-27 22:50:26,438 - recording_session - INFO - ✅ Pipeline set to PLAYING for camera 2
2025-04-27 22:50:26,439 - recording_session - INFO - ✅ Pipeline set to PLAYING for camera 1
2025-04-27 22:50:26,448 - recording_session - INFO - 🎥 Recording thread started for camera 3
2025-04-27 22:50:26,449 - overlay - INFO - Started recording for camera 3: rtsp://192.168.100.150:8547/h264
2025-04-27 22:50:26,456 - recording_session - INFO - 🧪 Starting GStreamer pipeline for camera 3
2025-04-27 22:50:26,459 - recording_session - INFO - ✅ Pipeline set to PLAYING for camera 3
2025-04-27 22:50:26,465 - recording_session - INFO - 🎥 Recording thread started for camera 4
2025-04-27 22:50:26,466 - overlay - INFO - Started recording for camera 4: rtsp://192.168.100.150:8547/h264
2025-04-27 22:50:26,468 - recording_session - INFO - 🧪 Starting GStreamer pipeline for camera 4
2025-04-27 22:50:26,469 - recording_session - INFO - ✅ Pipeline set to PLAYING for camera 4
2025-04-27 22:50:26,499 - recording_session - INFO - 🔌 pad-added signal for camera 4
2025-04-27 22:50:26,500 - recording_session - INFO - 🔗 Linked rtspsrc pad to depay for camera 4
