2025-04-27 22:49:10,408 - overlay - INFO - Fetching all CameraURLs records
2025-04-27 22:49:10,421 - recording_session - INFO - 🚀 SlowMoWorker started
2025-04-27 22:49:10,423 - overlay - INFO - Fetching all CameraURLs records
2025-04-27 22:49:10,450 - recording_session - INFO - 🧹 Cleanup done. Deleted 0 files.
2025-04-27 22:49:10,456 - recording_session - INFO - 🎥 Recording thread started for camera 1
2025-04-27 22:49:10,457 - overlay - INFO - Started recording for camera 1: rtsp://192.168.100.150:8547/h264
2025-04-27 22:49:10,487 - recording_session - INFO - 🎥 Recording thread started for camera 2
2025-04-27 22:49:10,487 - overlay - INFO - Started recording for camera 2: rtsp://192.168.100.150:8547/h264
2025-04-27 22:49:10,502 - recording_session - INFO - 🧪 Starting GStreamer pipeline for camera 2
2025-04-27 22:49:10,502 - recording_session - INFO - 🧪 Starting GStreamer pipeline for camera 1
2025-04-27 22:49:10,505 - recording_session - INFO - ✅ Pipeline set to PLAYING for camera 1
2025-04-27 22:49:10,505 - recording_session - INFO - ✅ Pipeline set to PLAYING for camera 2
2025-04-27 22:49:10,505 - recording_session - INFO - 🎥 Recording thread started for camera 3
2025-04-27 22:49:10,516 - overlay - INFO - Started recording for camera 3: rtsp://192.168.100.150:8547/h264
2025-04-27 22:49:10,528 - recording_session - INFO - 🧪 Starting GStreamer pipeline for camera 3
2025-04-27 22:49:10,530 - recording_session - INFO - ✅ Pipeline set to PLAYING for camera 3
2025-04-27 22:49:10,535 - recording_session - INFO - 🎥 Recording thread started for camera 4
2025-04-27 22:49:10,536 - overlay - INFO - Started recording for camera 4: rtsp://192.168.100.150:8547/h264
2025-04-27 22:49:10,543 - recording_session - INFO - 🧪 Starting GStreamer pipeline for camera 4
2025-04-27 22:49:10,547 - recording_session - INFO - ✅ Pipeline set to PLAYING for camera 4
2025-04-27 22:49:10,580 - recording_session - INFO - 🔌 pad-added signal for camera 4
2025-04-27 22:49:10,582 - recording_session - INFO - 🔗 Linked rtspsrc pad to depay for camera 4
