2025-04-27 22:38:04,125 - overlay - INFO - Fetching all CameraURLs records
2025-04-27 22:38:04,136 - recording_session - INFO - 🚀 SlowMoWorker started
2025-04-27 22:38:04,137 - overlay - INFO - Fetching all CameraURLs records
2025-04-27 22:38:04,148 - recording_session - INFO - 🧹 Cleanup done. Deleted 0 files.
2025-04-27 22:38:04,158 - recording_session - INFO - 🎥 Recording thread started for camera 1
2025-04-27 22:38:04,158 - overlay - INFO - Started recording for camera 1: rtsp://192.168.100.150:8547/h264
2025-04-27 22:38:04,168 - recording_session - INFO - 🎥 Recording thread started for camera 2
2025-04-27 22:38:04,168 - overlay - INFO - Started recording for camera 2: rtsp://192.168.100.150:8547/h264
2025-04-27 22:38:04,173 - recording_session - INFO - 🧪 Starting GStreamer pipeline for camera 1
2025-04-27 22:38:04,173 - recording_session - INFO - 🧪 Starting GStreamer pipeline for camera 2
2025-04-27 22:38:04,175 - recording_session - INFO - ✅ Pipeline set to PLAYING for camera 2
2025-04-27 22:38:04,194 - recording_session - INFO - ✅ Pipeline set to PLAYING for camera 1
2025-04-27 22:38:04,198 - recording_session - INFO - 🎥 Recording thread started for camera 3
2025-04-27 22:38:04,199 - overlay - INFO - Started recording for camera 3: rtsp://192.168.100.150:8547/h264
2025-04-27 22:38:04,207 - recording_session - INFO - 🧪 Starting GStreamer pipeline for camera 3
2025-04-27 22:38:04,210 - recording_session - INFO - ✅ Pipeline set to PLAYING for camera 3
2025-04-27 22:38:04,215 - recording_session - INFO - 🎥 Recording thread started for camera 4
2025-04-27 22:38:04,216 - overlay - INFO - Started recording for camera 4: rtsp://192.168.100.150:8547/h264
2025-04-27 22:38:04,219 - recording_session - INFO - 🧪 Starting GStreamer pipeline for camera 4
2025-04-27 22:38:04,222 - recording_session - INFO - ✅ Pipeline set to PLAYING for camera 4
2025-04-27 22:38:04,247 - recording_session - INFO - 🔌 pad-added signal for camera 4
2025-04-27 22:38:04,248 - recording_session - INFO - 🔗 Linked rtspsrc pad to depay for camera 4
