2025-04-28 17:22:33,832 - overlay - INFO - Fetching all CameraURLs records
2025-04-28 17:22:33,843 - recording_session - INFO - 🚀 SlowMoWorkers started: 4 threads
2025-04-28 17:22:33,844 - overlay - INFO - Fetching all CameraURLs records
2025-04-28 17:22:33,846 - recording_session - INFO - 🧹 Cleanup done. Deleted 0 files.
2025-04-28 17:22:33,866 - recording_session - INFO - 🎥 Recording thread started for camera 1
2025-04-28 17:22:33,869 - overlay - INFO - Started recording for camera 1: rtsp://192.168.100.150:8547/h264
2025-04-28 17:22:33,915 - recording_session - INFO - 🎥 Recording thread started for camera 2
2025-04-28 17:22:33,916 - overlay - INFO - Started recording for camera 2: rtsp://192.168.100.150:8547/h264
2025-04-28 17:22:33,939 - recording_session - INFO - 🎥 Recording thread started for camera 3
2025-04-28 17:22:33,940 - overlay - INFO - Started recording for camera 3: rtsp://192.168.100.150:8547/h264
2025-04-28 17:22:33,960 - recording_session - INFO - 🎥 Recording thread started for camera 4
2025-04-28 17:22:33,960 - overlay - INFO - Started recording for camera 4: rtsp://192.168.100.150:8547/h264
2025-04-28 17:22:33,974 - recording_session - INFO - 🧪 Starting GStreamer pipeline for camera 1
2025-04-28 17:22:33,974 - recording_session - INFO - 🧪 Starting GStreamer pipeline for camera 2
2025-04-28 17:22:33,975 - recording_session - INFO - 🧪 Starting GStreamer pipeline for camera 4
2025-04-28 17:22:33,975 - recording_session - INFO - 🧪 Starting GStreamer pipeline for camera 3
2025-04-28 17:22:33,975 - recording_session - INFO - ✅ Pipeline set to PLAYING for camera 1
2025-04-28 17:22:33,977 - recording_session - INFO - ✅ Pipeline set to PLAYING for camera 2
2025-04-28 17:22:33,977 - recording_session - INFO - ✅ Pipeline set to PLAYING for camera 4
2025-04-28 17:22:33,995 - recording_session - INFO - ✅ Pipeline set to PLAYING for camera 3
2025-04-28 17:22:34,942 - recording_session - INFO - 📊 RAM Usage: 2.3% | CPU: 7.8%
2025-04-28 17:22:49,694 - overlay - INFO - Fetching gamestats with ID: 1
2025-04-28 17:22:49,720 - overlay - INFO - Fetching graphics with ID: 1
