2025-04-27 22:43:36,150 - overlay - INFO - Fetching all CameraURLs records
2025-04-27 22:43:36,159 - recording_session - INFO - 🚀 SlowMoWorker started
2025-04-27 22:43:36,160 - overlay - INFO - Fetching all CameraURLs records
2025-04-27 22:43:36,181 - recording_session - INFO - 🧹 Cleanup done. Deleted 0 files.
2025-04-27 22:43:36,185 - recording_session - INFO - 🎥 Recording thread started for camera 1
2025-04-27 22:43:36,193 - overlay - INFO - Started recording for camera 1: rtsp://192.168.100.150:8547/h264
2025-04-27 22:43:36,210 - recording_session - INFO - 🧪 Starting GStreamer pipeline for camera 1
2025-04-27 22:43:36,211 - recording_session - INFO - 🎥 Recording thread started for camera 2
2025-04-27 22:43:36,211 - recording_session - INFO - ✅ Pipeline set to PLAYING for camera 1
2025-04-27 22:43:36,212 - overlay - INFO - Started recording for camera 2: rtsp://192.168.100.150:8547/h264
2025-04-27 22:43:36,226 - recording_session - INFO - 🧪 Starting GStreamer pipeline for camera 2
2025-04-27 22:43:36,228 - recording_session - INFO - ✅ Pipeline set to PLAYING for camera 2
2025-04-27 22:43:36,234 - recording_session - INFO - 🎥 Recording thread started for camera 3
2025-04-27 22:43:36,235 - overlay - INFO - Started recording for camera 3: rtsp://192.168.100.150:8547/h264
2025-04-27 22:43:36,238 - recording_session - INFO - 🧪 Starting GStreamer pipeline for camera 3
2025-04-27 22:43:36,241 - recording_session - INFO - ✅ Pipeline set to PLAYING for camera 3
2025-04-27 22:43:36,245 - recording_session - INFO - 🎥 Recording thread started for camera 4
2025-04-27 22:43:36,245 - overlay - INFO - Started recording for camera 4: rtsp://192.168.100.150:8547/h264
2025-04-27 22:43:36,247 - recording_session - INFO - 🧪 Starting GStreamer pipeline for camera 4
2025-04-27 22:43:36,250 - recording_session - INFO - ✅ Pipeline set to PLAYING for camera 4
2025-04-27 22:43:36,273 - recording_session - INFO - 🔌 pad-added signal for camera 3
2025-04-27 22:43:36,274 - recording_session - INFO - 🔗 Linked rtspsrc pad to depay for camera 3
