2025-05-17 11:09:48,816 - overlay - INFO - Fetching all CameraURLs records
2025-05-17 11:09:48,911 - recording_session - INFO - 🚀 SlowMoWorkers started: 4 threads
2025-05-17 11:09:48,915 - overlay - INFO - Fetching all CameraURLs records
2025-05-17 11:09:48,930 - recording_session - INFO - 🎥 Recording thread started for camera 1
2025-05-17 11:09:48,932 - overlay - INFO - Started recording for camera 1: rtsp://192.168.100.150:8547/h264
2025-05-17 11:09:48,943 - recording_session - INFO - 🎥 Recording thread started for camera 2
2025-05-17 11:09:48,945 - overlay - INFO - Started recording for camera 2: rtsp://192.168.100.150:8547/h264
2025-05-17 11:09:48,956 - recording_session - INFO - 🎥 Recording thread started for camera 3
2025-05-17 11:09:48,957 - overlay - INFO - Started recording for camera 3: rtsp://192.168.100.150:8547/h264
2025-05-17 11:09:48,967 - recording_session - INFO - 🎥 Recording thread started for camera 4
2025-05-17 11:09:48,967 - overlay - INFO - Started recording for camera 4: rtsp://192.168.100.150:8547/h264
2025-05-17 11:09:48,973 - recording_session - INFO - 🧪 Starting GStreamer pipeline for camera 3
2025-05-17 11:09:48,973 - recording_session - INFO - 🧪 Starting GStreamer pipeline for camera 2
2025-05-17 11:09:48,973 - recording_session - INFO - 🧪 Starting GStreamer pipeline for camera 1
2025-05-17 11:09:48,978 - recording_session - INFO - 🧪 Starting GStreamer pipeline for camera 4
2025-05-17 11:09:48,979 - recording_session - INFO - ✅ Pipeline PLAYING for camera 2
2025-05-17 11:09:48,979 - recording_session - INFO - ✅ Pipeline PLAYING for camera 1
2025-05-17 11:09:48,979 - recording_session - INFO - ✅ Pipeline PLAYING for camera 3
2025-05-17 11:09:48,993 - recording_session - INFO - ✅ Pipeline PLAYING for camera 4
2025-05-17 11:09:49,123 - recording_session - INFO - ✅ Linked rtspsrc → depay for camera 3
2025-05-17 11:09:49,124 - recording_session - INFO - ✅ Linked rtspsrc → depay for camera 2
2025-05-17 11:09:49,126 - recording_session - INFO - ✅ Linked rtspsrc → depay for camera 4
2025-05-17 11:09:49,126 - recording_session - INFO - ✅ Linked rtspsrc → depay for camera 1
2025-05-17 11:09:49,142 - recording_session - INFO - 📁 Started recording chunk: /var/www/html/public/assets/uploads/CAM2/2025-05-17/1747462189.mp4
2025-05-17 11:09:49,156 - recording_session - INFO - 📁 Started recording chunk: /var/www/html/public/assets/uploads/CAM3/2025-05-17/1747462189.mp4
2025-05-17 11:09:49,173 - recording_session - INFO - 📁 Started recording chunk: /var/www/html/public/assets/uploads/CAM1/2025-05-17/1747462189.mp4
2025-05-17 11:09:49,183 - recording_session - INFO - 📁 Started recording chunk: /var/www/html/public/assets/uploads/CAM4/2025-05-17/1747462189.mp4
2025-05-17 11:10:08,575 - overlay - INFO - Fetching all graphics records
2025-05-17 11:10:08,575 - overlay - INFO - Fetching all CameraURLs records
2025-05-17 11:10:08,579 - overlay - INFO - Found 1 graphics records
2025-05-17 11:10:08,583 - overlay - INFO - Found 4 CameraURLs records
2025-05-17 11:10:08,690 - overlay - INFO - Fetching gamestats with ID: 1
2025-05-17 11:10:08,696 - overlay - INFO - Fetching graphics with ID: 1
2025-05-17 11:10:08,742 - overlay - INFO - Fetching graphics with ID: 1
2025-05-17 11:10:17,616 - overlay - INFO - Loaded stream target (ID: 1): srt => srt://origin-v2.vewbie.com:7010
2025-05-17 11:10:17,630 - overlay - ERROR - Pipeline creation failed: object `GstMppH264Enc' doesn't support property `low_latency'
2025-05-17 11:10:17,631 - overlay - ERROR - Unexpected error: 'RTSPtoSRTStreamer' object has no attribute 'cleanup_elements'
2025-05-17 11:15:09,506 - overlay - INFO - Fetching gamestats with ID: 1
2025-05-17 11:15:09,518 - overlay - INFO - Fetching graphics with ID: 1
2025-05-17 11:20:09,502 - overlay - INFO - Fetching gamestats with ID: 1
2025-05-17 11:20:09,512 - overlay - INFO - Fetching graphics with ID: 1
2025-05-17 11:23:44,776 - recording_session - INFO - Finalizing chunk: /var/www/html/public/assets/uploads/CAM1/2025-05-17/1747462189.mp4
2025-05-17 11:23:44,787 - recording_session - INFO - 📁 Started recording chunk: /var/www/html/public/assets/uploads/CAM1/2025-05-17/1747463024.mp4
2025-05-17 11:23:44,835 - recording_session - ERROR - ❌ Format location error: UNIQUE constraint failed: chunks.chunk_path
2025-05-17 11:23:44,871 - recording_session - WARNING - Failed to probe file /var/www/html/public/assets/uploads/CAM1/2025-05-17/1747462189.mp4: could not convert string to float: ''
2025-05-17 11:23:44,871 - recording_session - WARNING - Chunk not ready or too small to process: /var/www/html/public/assets/uploads/CAM1/2025-05-17/1747462189.mp4
2025-05-17 11:23:44,872 - recording_session - INFO - Finalizing chunk: /var/www/html/public/assets/uploads/CAM1/2025-05-17/1747463024.mp4
2025-05-17 11:23:44,874 - recording_session - ERROR - ❌ Format location error: UNIQUE constraint failed: chunks.chunk_path
2025-05-17 11:23:44,917 - recording_session - ERROR - ❌ Format location error: UNIQUE constraint failed: chunks.chunk_path
2025-05-17 11:23:44,944 - recording_session - WARNING - Failed to probe file /var/www/html/public/assets/uploads/CAM1/2025-05-17/1747463024.mp4: could not convert string to float: ''
2025-05-17 11:23:44,944 - recording_session - WARNING - Chunk not ready or too small to process: /var/www/html/public/assets/uploads/CAM1/2025-05-17/1747463024.mp4
2025-05-17 11:23:44,945 - recording_session - INFO - Finalizing chunk: /tmp/fallback.mp4
2025-05-17 11:23:44,961 - recording_session - ERROR - ❌ Format location error: UNIQUE constraint failed: chunks.chunk_path
2025-05-17 11:23:45,000 - recording_session - ERROR - ❌ Format location error: UNIQUE constraint failed: chunks.chunk_path
2025-05-17 11:23:45,018 - recording_session - WARNING - Failed to probe file /tmp/fallback.mp4: could not convert string to float: ''
2025-05-17 11:23:45,018 - recording_session - WARNING - Chunk not ready or too small to process: /tmp/fallback.mp4
2025-05-17 11:23:45,020 - recording_session - INFO - Finalizing chunk: /tmp/fallback.mp4
2025-05-17 11:23:45,050 - recording_session - INFO - 📁 Started recording chunk: /var/www/html/public/assets/uploads/CAM1/2025-05-17/1747463025.mp4
2025-05-17 11:23:45,068 - recording_session - ERROR - ❌ Format location error: UNIQUE constraint failed: chunks.chunk_path
2025-05-17 11:23:45,088 - recording_session - ERROR - ❌ Format location error: UNIQUE constraint failed: chunks.chunk_path
2025-05-17 11:23:45,092 - recording_session - WARNING - Failed to probe file /tmp/fallback.mp4: could not convert string to float: ''
2025-05-17 11:23:45,093 - recording_session - WARNING - Chunk not ready or too small to process: /tmp/fallback.mp4
2025-05-17 11:23:45,094 - recording_session - INFO - Finalizing chunk: /tmp/fallback.mp4
2025-05-17 11:23:45,122 - recording_session - ERROR - ❌ Format location error: UNIQUE constraint failed: chunks.chunk_path
2025-05-17 11:23:45,167 - recording_session - WARNING - Failed to probe file /tmp/fallback.mp4: could not convert string to float: ''
2025-05-17 11:23:45,168 - recording_session - WARNING - Chunk not ready or too small to process: /tmp/fallback.mp4
2025-05-17 11:23:45,169 - recording_session - INFO - Finalizing chunk: /tmp/fallback.mp4
2025-05-17 11:23:45,198 - recording_session - INFO - 📁 Started recording chunk: /var/www/html/public/assets/uploads/CAM2/2025-05-17/1747463025.mp4
2025-05-17 11:23:45,232 - recording_session - ERROR - ❌ Format location error: UNIQUE constraint failed: chunks.chunk_path
2025-05-17 11:23:45,258 - recording_session - ERROR - ❌ Format location error: UNIQUE constraint failed: chunks.chunk_path
2025-05-17 11:23:45,259 - recording_session - WARNING - Failed to probe file /tmp/fallback.mp4: could not convert string to float: ''
2025-05-17 11:23:45,259 - recording_session - WARNING - Chunk not ready or too small to process: /tmp/fallback.mp4
2025-05-17 11:23:45,260 - recording_session - INFO - Finalizing chunk: /var/www/html/public/assets/uploads/CAM2/2025-05-17/1747462189.mp4
2025-05-17 11:23:45,288 - recording_session - ERROR - ❌ Format location error: UNIQUE constraint failed: chunks.chunk_path
2025-05-17 11:23:45,329 - recording_session - ERROR - ❌ Format location error: UNIQUE constraint failed: chunks.chunk_path
2025-05-17 11:23:45,350 - recording_session - WARNING - Failed to probe file /var/www/html/public/assets/uploads/CAM2/2025-05-17/1747462189.mp4: could not convert string to float: ''
2025-05-17 11:23:45,351 - recording_session - WARNING - Chunk not ready or too small to process: /var/www/html/public/assets/uploads/CAM2/2025-05-17/1747462189.mp4
2025-05-17 11:23:45,353 - recording_session - INFO - Finalizing chunk: /tmp/fallback.mp4
2025-05-17 11:23:45,358 - recording_session - ERROR - ❌ Format location error: UNIQUE constraint failed: chunks.chunk_path
2025-05-17 11:23:45,389 - recording_session - ERROR - ❌ Format location error: UNIQUE constraint failed: chunks.chunk_path
2025-05-17 11:23:45,419 - recording_session - ERROR - ❌ Format location error: UNIQUE constraint failed: chunks.chunk_path
2025-05-17 11:23:45,426 - recording_session - WARNING - Failed to probe file /tmp/fallback.mp4: could not convert string to float: ''
2025-05-17 11:23:45,426 - recording_session - WARNING - Chunk not ready or too small to process: /tmp/fallback.mp4
2025-05-17 11:23:45,427 - recording_session - INFO - Finalizing chunk: /var/www/html/public/assets/uploads/CAM2/2025-05-17/1747463025.mp4
2025-05-17 11:23:45,445 - recording_session - ERROR - ❌ Format location error: UNIQUE constraint failed: chunks.chunk_path
2025-05-17 11:23:45,515 - recording_session - WARNING - Failed to probe file /var/www/html/public/assets/uploads/CAM2/2025-05-17/1747463025.mp4: could not convert string to float: ''
2025-05-17 11:23:45,515 - recording_session - WARNING - Chunk not ready or too small to process: /var/www/html/public/assets/uploads/CAM2/2025-05-17/1747463025.mp4
2025-05-17 11:23:45,517 - recording_session - INFO - Finalizing chunk: /var/www/html/public/assets/uploads/CAM1/2025-05-17/1747463025.mp4
2025-05-17 11:23:45,550 - recording_session - ERROR - ❌ Format location error: UNIQUE constraint failed: chunks.chunk_path
2025-05-17 11:23:45,591 - recording_session - WARNING - Failed to probe file /var/www/html/public/assets/uploads/CAM1/2025-05-17/1747463025.mp4: could not convert string to float: ''
2025-05-17 11:23:45,591 - recording_session - WARNING - Chunk not ready or too small to process: /var/www/html/public/assets/uploads/CAM1/2025-05-17/1747463025.mp4
2025-05-17 11:23:45,591 - recording_session - INFO - Finalizing chunk: /tmp/fallback.mp4
2025-05-17 11:23:45,625 - recording_session - INFO - 📁 Started recording chunk: /var/www/html/public/assets/uploads/CAM3/2025-05-17/1747463025.mp4
2025-05-17 11:23:45,664 - recording_session - WARNING - Failed to probe file /tmp/fallback.mp4: could not convert string to float: ''
2025-05-17 11:23:45,664 - recording_session - WARNING - Chunk not ready or too small to process: /tmp/fallback.mp4
2025-05-17 11:23:45,664 - recording_session - INFO - Finalizing chunk: /var/www/html/public/assets/uploads/CAM3/2025-05-17/1747462189.mp4
2025-05-17 11:23:45,701 - recording_session - ERROR - ❌ Format location error: UNIQUE constraint failed: chunks.chunk_path
2025-05-17 11:23:45,729 - recording_session - ERROR - ❌ Format location error: UNIQUE constraint failed: chunks.chunk_path
2025-05-17 11:23:45,757 - recording_session - WARNING - Failed to probe file /var/www/html/public/assets/uploads/CAM3/2025-05-17/1747462189.mp4: could not convert string to float: ''
2025-05-17 11:23:45,758 - recording_session - WARNING - Chunk not ready or too small to process: /var/www/html/public/assets/uploads/CAM3/2025-05-17/1747462189.mp4
2025-05-17 11:23:45,760 - recording_session - INFO - Finalizing chunk: /tmp/fallback.mp4
2025-05-17 11:23:45,775 - recording_session - ERROR - ❌ Format location error: UNIQUE constraint failed: chunks.chunk_path
2025-05-17 11:23:45,816 - recording_session - ERROR - ❌ Format location error: UNIQUE constraint failed: chunks.chunk_path
2025-05-17 11:23:45,834 - recording_session - WARNING - Failed to probe file /tmp/fallback.mp4: could not convert string to float: ''
2025-05-17 11:23:45,834 - recording_session - WARNING - Chunk not ready or too small to process: /tmp/fallback.mp4
2025-05-17 11:23:45,835 - recording_session - INFO - Finalizing chunk: /tmp/fallback.mp4
2025-05-17 11:23:45,856 - recording_session - ERROR - ❌ Format location error: UNIQUE constraint failed: chunks.chunk_path
2025-05-17 11:23:45,887 - recording_session - ERROR - ❌ Format location error: UNIQUE constraint failed: chunks.chunk_path
2025-05-17 11:23:45,908 - recording_session - WARNING - Failed to probe file /tmp/fallback.mp4: could not convert string to float: ''
2025-05-17 11:23:45,908 - recording_session - WARNING - Chunk not ready or too small to process: /tmp/fallback.mp4
2025-05-17 11:23:45,909 - recording_session - INFO - Finalizing chunk: /var/www/html/public/assets/uploads/CAM3/2025-05-17/1747463025.mp4
2025-05-17 11:23:45,935 - recording_session - ERROR - ❌ Format location error: UNIQUE constraint failed: chunks.chunk_path
2025-05-17 11:23:45,963 - recording_session - ERROR - ❌ Format location error: UNIQUE constraint failed: chunks.chunk_path
2025-05-17 11:23:45,982 - recording_session - WARNING - Failed to probe file /var/www/html/public/assets/uploads/CAM3/2025-05-17/1747463025.mp4: could not convert string to float: ''
2025-05-17 11:23:45,982 - recording_session - WARNING - Chunk not ready or too small to process: /var/www/html/public/assets/uploads/CAM3/2025-05-17/1747463025.mp4
2025-05-17 11:23:45,985 - recording_session - INFO - Finalizing chunk: /tmp/fallback.mp4
2025-05-17 11:23:45,990 - recording_session - ERROR - ❌ Format location error: UNIQUE constraint failed: chunks.chunk_path
2025-05-17 11:23:46,066 - recording_session - INFO - 📁 Started recording chunk: /var/www/html/public/assets/uploads/CAM4/2025-05-17/1747463026.mp4
2025-05-17 11:23:46,074 - recording_session - WARNING - Failed to probe file /tmp/fallback.mp4: could not convert string to float: ''
2025-05-17 11:23:46,074 - recording_session - WARNING - Chunk not ready or too small to process: /tmp/fallback.mp4
2025-05-17 11:23:46,074 - recording_session - INFO - Finalizing chunk: /tmp/fallback.mp4
2025-05-17 11:23:46,133 - recording_session - ERROR - ❌ Format location error: UNIQUE constraint failed: chunks.chunk_path
2025-05-17 11:23:46,146 - recording_session - WARNING - Failed to probe file /tmp/fallback.mp4: could not convert string to float: ''
2025-05-17 11:23:46,146 - recording_session - WARNING - Chunk not ready or too small to process: /tmp/fallback.mp4
2025-05-17 11:23:46,146 - recording_session - INFO - Finalizing chunk: /var/www/html/public/assets/uploads/CAM4/2025-05-17/1747462189.mp4
2025-05-17 11:23:46,182 - recording_session - ERROR - ❌ Format location error: UNIQUE constraint failed: chunks.chunk_path
2025-05-17 11:23:46,217 - recording_session - ERROR - ❌ Format location error: UNIQUE constraint failed: chunks.chunk_path
2025-05-17 11:23:46,219 - recording_session - WARNING - Failed to probe file /var/www/html/public/assets/uploads/CAM4/2025-05-17/1747462189.mp4: could not convert string to float: ''
2025-05-17 11:23:46,220 - recording_session - WARNING - Chunk not ready or too small to process: /var/www/html/public/assets/uploads/CAM4/2025-05-17/1747462189.mp4
2025-05-17 11:23:46,220 - recording_session - INFO - Finalizing chunk: /tmp/fallback.mp4
2025-05-17 11:23:46,259 - recording_session - ERROR - ❌ Format location error: UNIQUE constraint failed: chunks.chunk_path
2025-05-17 11:23:46,300 - recording_session - ERROR - ❌ Format location error: UNIQUE constraint failed: chunks.chunk_path
2025-05-17 11:23:46,308 - recording_session - WARNING - Failed to probe file /tmp/fallback.mp4: could not convert string to float: ''
2025-05-17 11:23:46,309 - recording_session - WARNING - Chunk not ready or too small to process: /tmp/fallback.mp4
2025-05-17 11:23:46,312 - recording_session - INFO - Finalizing chunk: /tmp/fallback.mp4
2025-05-17 11:23:46,330 - recording_session - ERROR - ❌ Format location error: UNIQUE constraint failed: chunks.chunk_path
2025-05-17 11:23:46,399 - recording_session - WARNING - Failed to probe file /tmp/fallback.mp4: could not convert string to float: ''
2025-05-17 11:23:46,399 - recording_session - WARNING - Chunk not ready or too small to process: /tmp/fallback.mp4
2025-05-17 11:23:46,400 - recording_session - INFO - Finalizing chunk: /tmp/fallback.mp4
