2025-04-27 22:49:43,654 - overlay - INFO - Fetching all CameraURLs records
2025-04-27 22:49:43,664 - recording_session - INFO - 🚀 SlowMoWorker started
2025-04-27 22:49:43,667 - overlay - INFO - Fetching all CameraURLs records
2025-04-27 22:49:43,676 - recording_session - INFO - 🧹 Cleanup done. Deleted 0 files.
2025-04-27 22:49:43,694 - recording_session - INFO - 🎥 Recording thread started for camera 1
2025-04-27 22:49:43,694 - overlay - INFO - Started recording for camera 1: rtsp://192.168.100.150:8547/h264
2025-04-27 22:49:43,701 - recording_session - INFO - 🎥 Recording thread started for camera 2
2025-04-27 22:49:43,701 - overlay - INFO - Started recording for camera 2: rtsp://192.168.100.150:8547/h264
2025-04-27 22:49:43,709 - recording_session - INFO - 🧪 Starting GStreamer pipeline for camera 1
2025-04-27 22:49:43,709 - recording_session - INFO - 🧪 Starting GStreamer pipeline for camera 2
2025-04-27 22:49:43,711 - recording_session - INFO - 🎥 Recording thread started for camera 3
2025-04-27 22:49:43,712 - recording_session - INFO - ✅ Pipeline set to PLAYING for camera 1
2025-04-27 22:49:43,712 - overlay - INFO - Started recording for camera 3: rtsp://192.168.100.150:8547/h264
2025-04-27 22:49:43,713 - recording_session - INFO - ✅ Pipeline set to PLAYING for camera 2
2025-04-27 22:49:43,732 - recording_session - INFO - 🧪 Starting GStreamer pipeline for camera 3
2025-04-27 22:49:43,733 - recording_session - INFO - ✅ Pipeline set to PLAYING for camera 3
2025-04-27 22:49:43,743 - recording_session - INFO - 🎥 Recording thread started for camera 4
2025-04-27 22:49:43,743 - overlay - INFO - Started recording for camera 4: rtsp://192.168.100.150:8547/h264
2025-04-27 22:49:43,749 - recording_session - INFO - 🧪 Starting GStreamer pipeline for camera 4
2025-04-27 22:49:43,752 - recording_session - INFO - ✅ Pipeline set to PLAYING for camera 4
2025-04-27 22:49:43,772 - recording_session - INFO - 🔌 pad-added signal for camera 3
2025-04-27 22:49:43,772 - recording_session - INFO - 🔗 Linked rtspsrc pad to depay for camera 3
2025-04-27 22:49:43,781 - recording_session - INFO - 🔌 pad-added signal for camera 4
2025-04-27 22:49:43,781 - recording_session - INFO - 🔗 Linked rtspsrc pad to depay for camera 4
