2025-04-27 22:45:11,134 - overlay - INFO - Fetching all CameraURLs records
2025-04-27 22:45:11,143 - recording_session - INFO - 🚀 SlowMoWorker started
2025-04-27 22:45:11,145 - overlay - INFO - Fetching all CameraURLs records
2025-04-27 22:45:11,154 - recording_session - INFO - 🎥 Recording thread started for camera 1
2025-04-27 22:45:11,158 - overlay - INFO - Started recording for camera 1: rtsp://192.168.100.150:8547/h264
2025-04-27 22:45:11,167 - recording_session - INFO - 🧹 Cleanup done. Deleted 0 files.
2025-04-27 22:45:11,174 - recording_session - INFO - 🧪 Starting GStreamer pipeline for camera 1
2025-04-27 22:45:11,176 - recording_session - INFO - ✅ Pipeline set to PLAYING for camera 1
2025-04-27 22:45:11,177 - recording_session - INFO - 🎥 Recording thread started for camera 2
2025-04-27 22:45:11,178 - overlay - INFO - Started recording for camera 2: rtsp://192.168.100.150:8547/h264
2025-04-27 22:45:11,179 - recording_session - INFO - 🧪 Starting GStreamer pipeline for camera 2
2025-04-27 22:45:11,195 - recording_session - INFO - ✅ Pipeline set to PLAYING for camera 2
2025-04-27 22:45:11,216 - recording_session - INFO - 🎥 Recording thread started for camera 3
2025-04-27 22:45:11,217 - overlay - INFO - Started recording for camera 3: rtsp://192.168.100.150:8547/h264
2025-04-27 22:45:11,220 - recording_session - INFO - 🧪 Starting GStreamer pipeline for camera 3
2025-04-27 22:45:11,221 - recording_session - INFO - ✅ Pipeline set to PLAYING for camera 3
2025-04-27 22:45:11,228 - recording_session - INFO - 🎥 Recording thread started for camera 4
2025-04-27 22:45:11,228 - overlay - INFO - Started recording for camera 4: rtsp://192.168.100.150:8547/h264
2025-04-27 22:45:11,230 - recording_session - INFO - 🧪 Starting GStreamer pipeline for camera 4
2025-04-27 22:45:11,235 - recording_session - INFO - ✅ Pipeline set to PLAYING for camera 4
2025-04-27 22:45:11,250 - recording_session - INFO - 🔌 pad-added signal for camera 3
2025-04-27 22:45:11,250 - recording_session - INFO - 🔗 Linked rtspsrc pad to depay for camera 3
