2025-04-27 22:39:48,122 - overlay - INFO - Fetching all CameraURLs records
2025-04-27 22:39:48,132 - recording_session - INFO - 🚀 SlowMoWorker started
2025-04-27 22:39:48,133 - overlay - INFO - Fetching all CameraURLs records
2025-04-27 22:39:48,139 - recording_session - INFO - 🧹 Cleanup done. Deleted 0 files.
2025-04-27 22:39:48,157 - recording_session - INFO - 🎥 Recording thread started for camera 1
2025-04-27 22:39:48,164 - overlay - INFO - Started recording for camera 1: rtsp://192.168.100.150:8547/h264
2025-04-27 22:39:48,174 - recording_session - INFO - 🧪 Starting GStreamer pipeline for camera 1
2025-04-27 22:39:48,177 - recording_session - INFO - ✅ Pipeline set to PLAYING for camera 1
2025-04-27 22:39:48,178 - recording_session - INFO - 🎥 Recording thread started for camera 2
2025-04-27 22:39:48,179 - overlay - INFO - Started recording for camera 2: rtsp://192.168.100.150:8547/h264
2025-04-27 22:39:48,202 - recording_session - INFO - 🧪 Starting GStreamer pipeline for camera 2
2025-04-27 22:39:48,218 - recording_session - INFO - ✅ Pipeline set to PLAYING for camera 2
2025-04-27 22:39:48,219 - recording_session - INFO - 🎥 Recording thread started for camera 3
2025-04-27 22:39:48,221 - overlay - INFO - Started recording for camera 3: rtsp://192.168.100.150:8547/h264
2025-04-27 22:39:48,229 - recording_session - INFO - 🧪 Starting GStreamer pipeline for camera 3
2025-04-27 22:39:48,232 - recording_session - INFO - ✅ Pipeline set to PLAYING for camera 3
2025-04-27 22:39:48,239 - recording_session - INFO - 🎥 Recording thread started for camera 4
2025-04-27 22:39:48,240 - overlay - INFO - Started recording for camera 4: rtsp://192.168.100.150:8547/h264
2025-04-27 22:39:48,244 - recording_session - INFO - 🧪 Starting GStreamer pipeline for camera 4
2025-04-27 22:39:48,246 - recording_session - INFO - ✅ Pipeline set to PLAYING for camera 4
2025-04-27 22:39:48,264 - recording_session - INFO - 🔌 pad-added signal for camera 3
2025-04-27 22:39:48,265 - recording_session - INFO - 🔗 Linked rtspsrc pad to depay for camera 3
