2025-04-27 22:55:20,644 - overlay - INFO - Fetching all CameraURLs records
2025-04-27 22:55:20,655 - recording_session - INFO - 🚀 SlowMoWorker started
2025-04-27 22:55:20,657 - overlay - INFO - Fetching all CameraURLs records
2025-04-27 22:55:20,671 - recording_session - INFO - 🧹 Cleanup done. Deleted 0 files.
2025-04-27 22:55:20,676 - recording_session - INFO - 🎥 Recording thread started for camera 1
2025-04-27 22:55:20,679 - overlay - INFO - Started recording for camera 1: rtsp://192.168.100.150:8547/h264
2025-04-27 22:55:20,688 - recording_session - INFO - 🎥 Recording thread started for camera 2
2025-04-27 22:55:20,688 - overlay - INFO - Started recording for camera 2: rtsp://192.168.100.150:8547/h264
2025-04-27 22:55:20,694 - recording_session - INFO - 🧪 Starting GStreamer pipeline for camera 1
2025-04-27 22:55:20,695 - recording_session - INFO - 🧪 Starting GStreamer pipeline for camera 2
2025-04-27 22:55:20,696 - recording_session - INFO - ✅ Pipeline set to PLAYING for camera 1
2025-04-27 22:55:20,697 - recording_session - INFO - ✅ Pipeline set to PLAYING for camera 2
2025-04-27 22:55:20,704 - recording_session - INFO - 🎥 Recording thread started for camera 3
2025-04-27 22:55:20,705 - overlay - INFO - Started recording for camera 3: rtsp://192.168.100.150:8547/h264
2025-04-27 22:55:20,714 - recording_session - INFO - 🧪 Starting GStreamer pipeline for camera 3
2025-04-27 22:55:20,718 - recording_session - INFO - ✅ Pipeline set to PLAYING for camera 3
2025-04-27 22:55:20,726 - recording_session - INFO - 🎥 Recording thread started for camera 4
2025-04-27 22:55:20,726 - overlay - INFO - Started recording for camera 4: rtsp://192.168.100.150:8547/h264
2025-04-27 22:55:20,734 - recording_session - INFO - 🧪 Starting GStreamer pipeline for camera 4
2025-04-27 22:55:20,739 - recording_session - INFO - ✅ Pipeline set to PLAYING for camera 4
2025-04-27 22:55:20,750 - recording_session - INFO - 🔌 pad-added signal for camera 3
2025-04-27 22:55:20,751 - recording_session - INFO - 🔗 Linked rtspsrc pad to depay for camera 3
