2025-04-27 22:42:39,144 - overlay - INFO - Fetching all CameraURLs records
2025-04-27 22:42:39,154 - recording_session - INFO - 🚀 SlowMoWorker started
2025-04-27 22:42:39,155 - overlay - INFO - Fetching all CameraURLs records
2025-04-27 22:42:39,164 - recording_session - INFO - 🧹 Cleanup done. Deleted 0 files.
2025-04-27 22:42:39,174 - recording_session - INFO - 🎥 Recording thread started for camera 1
2025-04-27 22:42:39,176 - overlay - INFO - Started recording for camera 1: rtsp://192.168.100.150:8547/h264
2025-04-27 22:42:39,185 - recording_session - INFO - 🎥 Recording thread started for camera 2
2025-04-27 22:42:39,187 - overlay - INFO - Started recording for camera 2: rtsp://192.168.100.150:8547/h264
2025-04-27 22:42:39,193 - recording_session - INFO - 🧪 Starting GStreamer pipeline for camera 1
2025-04-27 22:42:39,193 - recording_session - INFO - 🧪 Starting GStreamer pipeline for camera 2
2025-04-27 22:42:39,195 - recording_session - INFO - ✅ Pipeline set to PLAYING for camera 1
2025-04-27 22:42:39,198 - recording_session - INFO - ✅ Pipeline set to PLAYING for camera 2
2025-04-27 22:42:39,205 - recording_session - INFO - 🎥 Recording thread started for camera 3
2025-04-27 22:42:39,206 - overlay - INFO - Started recording for camera 3: rtsp://192.168.100.150:8547/h264
2025-04-27 22:42:39,217 - recording_session - INFO - 🧪 Starting GStreamer pipeline for camera 3
2025-04-27 22:42:39,220 - recording_session - INFO - ✅ Pipeline set to PLAYING for camera 3
2025-04-27 22:42:39,237 - recording_session - INFO - 🎥 Recording thread started for camera 4
2025-04-27 22:42:39,237 - overlay - INFO - Started recording for camera 4: rtsp://192.168.100.150:8547/h264
2025-04-27 22:42:39,242 - recording_session - INFO - 🧪 Starting GStreamer pipeline for camera 4
2025-04-27 22:42:39,243 - recording_session - INFO - ✅ Pipeline set to PLAYING for camera 4
2025-04-27 22:42:39,283 - recording_session - INFO - 🔌 pad-added signal for camera 2
2025-04-27 22:42:39,285 - recording_session - INFO - 🔗 Linked rtspsrc pad to depay for camera 2
2025-04-27 22:42:39,302 - recording_session - INFO - 🔌 pad-added signal for camera 3
2025-04-27 22:42:39,302 - recording_session - INFO - 🔗 Linked rtspsrc pad to depay for camera 3
2025-04-27 22:42:39,311 - recording_session - INFO - 🔌 pad-added signal for camera 4
2025-04-27 22:42:39,312 - recording_session - INFO - 🔗 Linked rtspsrc pad to depay for camera 4
