2025-04-27 23:05:23,378 - overlay - INFO - Fetching all CameraURLs records
2025-04-27 23:05:23,387 - recording_session - INFO - 🚀 SlowMoWorker started
2025-04-27 23:05:23,388 - overlay - INFO - Fetching all CameraURLs records
2025-04-27 23:05:23,408 - recording_session - INFO - 🧹 Cleanup done. Deleted 0 files.
2025-04-27 23:05:23,410 - recording_session - INFO - 🎥 Recording thread started for camera 1
2025-04-27 23:05:23,412 - overlay - INFO - Started recording for camera 1: rtsp://192.168.100.150:8547/h264
2025-04-27 23:05:23,422 - recording_session - INFO - 🎥 Recording thread started for camera 2
2025-04-27 23:05:23,422 - overlay - INFO - Started recording for camera 2: rtsp://192.168.100.150:8547/h264
2025-04-27 23:05:23,427 - recording_session - INFO - 🧪 Starting GStreamer pipeline for camera 1
2025-04-27 23:05:23,427 - recording_session - INFO - 🧪 Starting GStreamer pipeline for camera 2
2025-04-27 23:05:23,429 - recording_session - INFO - ✅ Pipeline set to PLAYING for camera 1
2025-04-27 23:05:23,430 - recording_session - INFO - ✅ Pipeline set to PLAYING for camera 2
2025-04-27 23:05:23,451 - recording_session - INFO - 🎥 Recording thread started for camera 3
2025-04-27 23:05:23,451 - overlay - INFO - Started recording for camera 3: rtsp://192.168.100.150:8547/h264
2025-04-27 23:05:23,452 - recording_session - INFO - 🧪 Starting GStreamer pipeline for camera 3
2025-04-27 23:05:23,460 - recording_session - INFO - ✅ Pipeline set to PLAYING for camera 3
2025-04-27 23:05:23,470 - recording_session - INFO - 🎥 Recording thread started for camera 4
2025-04-27 23:05:23,470 - overlay - INFO - Started recording for camera 4: rtsp://192.168.100.150:8547/h264
2025-04-27 23:05:23,474 - recording_session - INFO - 🧪 Starting GStreamer pipeline for camera 4
2025-04-27 23:05:23,481 - recording_session - INFO - ✅ Pipeline set to PLAYING for camera 4
2025-04-27 23:05:23,497 - recording_session - INFO - 🔌 pad-added signal for camera 3
2025-04-27 23:05:23,498 - recording_session - INFO - 🔗 Linked rtspsrc pad to depay for camera 3
