2025-04-27 22:44:56,889 - overlay - INFO - Fetching all CameraURLs records
2025-04-27 22:44:56,899 - recording_session - INFO - 🚀 SlowMoWorker started
2025-04-27 22:44:56,900 - overlay - INFO - Fetching all CameraURLs records
2025-04-27 22:44:56,916 - recording_session - INFO - 🧹 Cleanup done. Deleted 0 files.
2025-04-27 22:44:56,919 - recording_session - INFO - 🎥 Recording thread started for camera 1
2025-04-27 22:44:56,922 - overlay - INFO - Started recording for camera 1: rtsp://192.168.100.150:8547/h264
2025-04-27 22:44:56,932 - recording_session - INFO - 🎥 Recording thread started for camera 2
2025-04-27 22:44:56,933 - overlay - INFO - Started recording for camera 2: rtsp://192.168.100.150:8547/h264
2025-04-27 22:44:56,935 - recording_session - INFO - 🧪 Starting GStreamer pipeline for camera 2
2025-04-27 22:44:56,935 - recording_session - INFO - 🧪 Starting GStreamer pipeline for camera 1
2025-04-27 22:44:56,937 - recording_session - INFO - ✅ Pipeline set to PLAYING for camera 2
2025-04-27 22:44:56,937 - recording_session - INFO - ✅ Pipeline set to PLAYING for camera 1
2025-04-27 22:44:56,946 - recording_session - INFO - 🎥 Recording thread started for camera 3
2025-04-27 22:44:56,952 - overlay - INFO - Started recording for camera 3: rtsp://192.168.100.150:8547/h264
2025-04-27 22:44:56,955 - recording_session - INFO - 🧪 Starting GStreamer pipeline for camera 3
2025-04-27 22:44:56,957 - recording_session - INFO - ✅ Pipeline set to PLAYING for camera 3
2025-04-27 22:44:56,963 - recording_session - INFO - 🎥 Recording thread started for camera 4
2025-04-27 22:44:56,964 - overlay - INFO - Started recording for camera 4: rtsp://192.168.100.150:8547/h264
2025-04-27 22:44:56,976 - recording_session - INFO - 🧪 Starting GStreamer pipeline for camera 4
2025-04-27 22:44:56,977 - recording_session - INFO - ✅ Pipeline set to PLAYING for camera 4
2025-04-27 22:44:56,988 - recording_session - INFO - 🔌 pad-added signal for camera 3
2025-04-27 22:44:56,989 - recording_session - INFO - 🔗 Linked rtspsrc pad to depay for camera 3
