2025-04-27 22:35:17,025 - overlay - INFO - Fetching all CameraURLs records
2025-04-27 22:35:17,038 - recording_session - INFO - 🚀 SlowMoWorker started
2025-04-27 22:35:17,040 - overlay - INFO - Fetching all CameraURLs records
2025-04-27 22:35:17,061 - recording_session - INFO - 🧹 Cleanup done. Deleted 0 files.
2025-04-27 22:35:17,063 - recording_session - INFO - 🎥 Recording thread started for camera 1
2025-04-27 22:35:17,065 - overlay - INFO - Started recording for camera 1: rtsp://192.168.100.150:8547/h264
2025-04-27 22:35:17,076 - recording_session - INFO - 🎥 Recording thread started for camera 2
2025-04-27 22:35:17,077 - overlay - INFO - Started recording for camera 2: rtsp://192.168.100.150:8547/h264
2025-04-27 22:35:17,084 - recording_session - INFO - 🧪 Starting GStreamer pipeline for camera 1
2025-04-27 22:35:17,085 - recording_session - INFO - 🧪 Starting GStreamer pipeline for camera 2
2025-04-27 22:35:17,087 - recording_session - INFO - 🎥 Recording thread started for camera 3
2025-04-27 22:35:17,087 - recording_session - INFO - ✅ Pipeline set to PLAYING for camera 1
2025-04-27 22:35:17,088 - overlay - INFO - Started recording for camera 3: rtsp://192.168.100.150:8547/h264
2025-04-27 22:35:17,088 - recording_session - INFO - ✅ Pipeline set to PLAYING for camera 2
2025-04-27 22:35:17,110 - recording_session - INFO - 🧪 Starting GStreamer pipeline for camera 3
2025-04-27 22:35:17,112 - recording_session - INFO - ✅ Pipeline set to PLAYING for camera 3
2025-04-27 22:35:17,114 - recording_session - INFO - 🎥 Recording thread started for camera 4
2025-04-27 22:35:17,115 - overlay - INFO - Started recording for camera 4: rtsp://192.168.100.150:8547/h264
2025-04-27 22:35:17,119 - recording_session - INFO - 🧪 Starting GStreamer pipeline for camera 4
2025-04-27 22:35:17,122 - recording_session - INFO - ✅ Pipeline set to PLAYING for camera 4
2025-04-27 22:35:17,148 - recording_session - INFO - 🔌 pad-added signal for camera 4
2025-04-27 22:35:17,150 - recording_session - INFO - 🔗 Linked rtspsrc pad to depay for camera 4
