2025-04-27 22:39:00,652 - overlay - INFO - Fetching all CameraURLs records
2025-04-27 22:39:00,661 - recording_session - INFO - 🚀 SlowMoWorker started
2025-04-27 22:39:00,662 - overlay - INFO - Fetching all CameraURLs records
2025-04-27 22:39:00,681 - recording_session - INFO - 🧹 Cleanup done. Deleted 0 files.
2025-04-27 22:39:00,685 - recording_session - INFO - 🎥 Recording thread started for camera 1
2025-04-27 22:39:00,692 - overlay - INFO - Started recording for camera 1: rtsp://192.168.100.150:8547/h264
2025-04-27 22:39:00,710 - recording_session - INFO - 🎥 Recording thread started for camera 2
2025-04-27 22:39:00,711 - overlay - INFO - Started recording for camera 2: rtsp://192.168.100.150:8547/h264
2025-04-27 22:39:00,714 - recording_session - INFO - 🧪 Starting GStreamer pipeline for camera 1
2025-04-27 22:39:00,714 - recording_session - INFO - 🧪 Starting GStreamer pipeline for camera 2
2025-04-27 22:39:00,716 - recording_session - INFO - ✅ Pipeline set to PLAYING for camera 2
2025-04-27 22:39:00,716 - recording_session - INFO - ✅ Pipeline set to PLAYING for camera 1
2025-04-27 22:39:00,731 - recording_session - INFO - 🎥 Recording thread started for camera 3
2025-04-27 22:39:00,732 - overlay - INFO - Started recording for camera 3: rtsp://192.168.100.150:8547/h264
2025-04-27 22:39:00,736 - recording_session - INFO - 🧪 Starting GStreamer pipeline for camera 3
2025-04-27 22:39:00,739 - recording_session - INFO - ✅ Pipeline set to PLAYING for camera 3
2025-04-27 22:39:00,743 - recording_session - INFO - 🎥 Recording thread started for camera 4
2025-04-27 22:39:00,743 - overlay - INFO - Started recording for camera 4: rtsp://192.168.100.150:8547/h264
2025-04-27 22:39:00,747 - recording_session - INFO - 🧪 Starting GStreamer pipeline for camera 4
2025-04-27 22:39:00,749 - recording_session - INFO - ✅ Pipeline set to PLAYING for camera 4
2025-04-27 22:39:00,775 - recording_session - INFO - 🔌 pad-added signal for camera 4
2025-04-27 22:39:00,777 - recording_session - INFO - 🔗 Linked rtspsrc pad to depay for camera 4
