2025-04-27 22:37:02,373 - overlay - INFO - Fetching all CameraURLs records
2025-04-27 22:37:02,383 - recording_session - INFO - 🚀 SlowMoWorker started
2025-04-27 22:37:02,383 - overlay - INFO - Fetching all CameraURLs records
2025-04-27 22:37:02,390 - recording_session - INFO - 🧹 Cleanup done. Deleted 0 files.
2025-04-27 22:37:02,403 - recording_session - INFO - 🎥 Recording thread started for camera 1
2025-04-27 22:37:02,409 - overlay - INFO - Started recording for camera 1: rtsp://192.168.100.150:8547/h264
2025-04-27 22:37:02,429 - recording_session - INFO - 🎥 Recording thread started for camera 2
2025-04-27 22:37:02,429 - overlay - INFO - Started recording for camera 2: rtsp://192.168.100.150:8547/h264
2025-04-27 22:37:02,436 - recording_session - INFO - 🧪 Starting GStreamer pipeline for camera 2
2025-04-27 22:37:02,436 - recording_session - INFO - 🧪 Starting GStreamer pipeline for camera 1
2025-04-27 22:37:02,438 - recording_session - INFO - ✅ Pipeline set to PLAYING for camera 2
2025-04-27 22:37:02,446 - recording_session - INFO - ✅ Pipeline set to PLAYING for camera 1
2025-04-27 22:37:02,447 - recording_session - INFO - 🎥 Recording thread started for camera 3
2025-04-27 22:37:02,448 - overlay - INFO - Started recording for camera 3: rtsp://192.168.100.150:8547/h264
2025-04-27 22:37:02,454 - recording_session - INFO - 🧪 Starting GStreamer pipeline for camera 3
2025-04-27 22:37:02,457 - recording_session - INFO - ✅ Pipeline set to PLAYING for camera 3
2025-04-27 22:37:02,466 - recording_session - INFO - 🎥 Recording thread started for camera 4
2025-04-27 22:37:02,467 - overlay - INFO - Started recording for camera 4: rtsp://192.168.100.150:8547/h264
2025-04-27 22:37:02,469 - recording_session - INFO - 🧪 Starting GStreamer pipeline for camera 4
2025-04-27 22:37:02,471 - recording_session - INFO - ✅ Pipeline set to PLAYING for camera 4
2025-04-27 22:37:02,492 - recording_session - INFO - 🔌 pad-added signal for camera 3
2025-04-27 22:37:02,493 - recording_session - INFO - 🔗 Linked rtspsrc pad to depay for camera 3
