2025-04-27 22:49:19,908 - overlay - INFO - Fetching all CameraURLs records
2025-04-27 22:49:19,920 - recording_session - INFO - 🚀 SlowMoWorker started
2025-04-27 22:49:19,921 - overlay - INFO - Fetching all CameraURLs records
2025-04-27 22:49:19,935 - recording_session - INFO - 🧹 Cleanup done. Deleted 0 files.
2025-04-27 22:49:19,947 - recording_session - INFO - 🎥 Recording thread started for camera 1
2025-04-27 22:49:19,949 - overlay - INFO - Started recording for camera 1: rtsp://192.168.100.150:8547/h264
2025-04-27 22:49:19,959 - recording_session - INFO - 🎥 Recording thread started for camera 2
2025-04-27 22:49:19,959 - overlay - INFO - Started recording for camera 2: rtsp://192.168.100.150:8547/h264
2025-04-27 22:49:19,963 - recording_session - INFO - 🧪 Starting GStreamer pipeline for camera 1
2025-04-27 22:49:19,964 - recording_session - INFO - 🧪 Starting GStreamer pipeline for camera 2
2025-04-27 22:49:19,965 - recording_session - INFO - ✅ Pipeline set to PLAYING for camera 1
2025-04-27 22:49:19,966 - recording_session - INFO - ✅ Pipeline set to PLAYING for camera 2
2025-04-27 22:49:19,978 - recording_session - INFO - 🎥 Recording thread started for camera 3
2025-04-27 22:49:19,978 - overlay - INFO - Started recording for camera 3: rtsp://192.168.100.150:8547/h264
2025-04-27 22:49:19,979 - recording_session - INFO - 🧪 Starting GStreamer pipeline for camera 3
2025-04-27 22:49:19,983 - recording_session - INFO - ✅ Pipeline set to PLAYING for camera 3
2025-04-27 22:49:19,994 - recording_session - INFO - 🎥 Recording thread started for camera 4
2025-04-27 22:49:19,994 - overlay - INFO - Started recording for camera 4: rtsp://192.168.100.150:8547/h264
2025-04-27 22:49:19,995 - recording_session - INFO - 🧪 Starting GStreamer pipeline for camera 4
2025-04-27 22:49:19,998 - recording_session - INFO - ✅ Pipeline set to PLAYING for camera 4
2025-04-27 22:49:20,015 - recording_session - INFO - 🔌 pad-added signal for camera 2
2025-04-27 22:49:20,016 - recording_session - INFO - 🔗 Linked rtspsrc pad to depay for camera 2
2025-04-27 22:49:20,026 - recording_session - INFO - 🔌 pad-added signal for camera 3
2025-04-27 22:49:20,027 - recording_session - INFO - 🔗 Linked rtspsrc pad to depay for camera 3
2025-04-27 22:49:20,036 - recording_session - INFO - 🔌 pad-added signal for camera 4
2025-04-27 22:49:20,037 - recording_session - INFO - 🔗 Linked rtspsrc pad to depay for camera 4
