2025-04-27 22:54:23,666 - overlay - INFO - Fetching all CameraURLs records
2025-04-27 22:54:23,677 - recording_session - INFO - 🚀 SlowMoWorker started
2025-04-27 22:54:23,678 - overlay - INFO - Fetching all CameraURLs records
2025-04-27 22:54:23,684 - recording_session - INFO - 🧹 Cleanup done. Deleted 0 files.
2025-04-27 22:54:23,698 - recording_session - INFO - 🎥 Recording thread started for camera 1
2025-04-27 22:54:23,698 - overlay - INFO - Started recording for camera 1: rtsp://192.168.100.150:8547/h264
2025-04-27 22:54:23,708 - recording_session - INFO - 🎥 Recording thread started for camera 2
2025-04-27 22:54:23,708 - overlay - INFO - Started recording for camera 2: rtsp://192.168.100.150:8547/h264
2025-04-27 22:54:23,712 - recording_session - INFO - 🧪 Starting GStreamer pipeline for camera 1
2025-04-27 22:54:23,712 - recording_session - INFO - 🧪 Starting GStreamer pipeline for camera 2
2025-04-27 22:54:23,714 - recording_session - INFO - ✅ Pipeline set to PLAYING for camera 2
2025-04-27 22:54:23,714 - recording_session - INFO - ✅ Pipeline set to PLAYING for camera 1
2025-04-27 22:54:23,730 - recording_session - INFO - 🎥 Recording thread started for camera 3
2025-04-27 22:54:23,731 - overlay - INFO - Started recording for camera 3: rtsp://192.168.100.150:8547/h264
2025-04-27 22:54:23,732 - recording_session - INFO - 🧪 Starting GStreamer pipeline for camera 3
2025-04-27 22:54:23,734 - recording_session - INFO - ✅ Pipeline set to PLAYING for camera 3
2025-04-27 22:54:23,745 - recording_session - INFO - 🎥 Recording thread started for camera 4
2025-04-27 22:54:23,745 - overlay - INFO - Started recording for camera 4: rtsp://192.168.100.150:8547/h264
2025-04-27 22:54:23,751 - recording_session - INFO - 🧪 Starting GStreamer pipeline for camera 4
2025-04-27 22:54:23,755 - recording_session - INFO - ✅ Pipeline set to PLAYING for camera 4
2025-04-27 22:54:23,771 - recording_session - INFO - 🔌 pad-added signal for camera 3
2025-04-27 22:54:23,772 - recording_session - INFO - 🔗 Linked rtspsrc pad to depay for camera 3
