2025-04-27 22:54:47,407 - overlay - INFO - Fetching all CameraURLs records
2025-04-27 22:54:47,416 - recording_session - INFO - 🚀 SlowMoWorker started
2025-04-27 22:54:47,417 - overlay - INFO - Fetching all CameraURLs records
2025-04-27 22:54:47,427 - recording_session - INFO - 🧹 Cleanup done. Deleted 0 files.
2025-04-27 22:54:47,449 - recording_session - INFO - 🎥 Recording thread started for camera 1
2025-04-27 22:54:47,450 - overlay - INFO - Started recording for camera 1: rtsp://192.168.100.150:8547/h264
2025-04-27 22:54:47,457 - recording_session - INFO - 🎥 Recording thread started for camera 2
2025-04-27 22:54:47,457 - overlay - INFO - Started recording for camera 2: rtsp://192.168.100.150:8547/h264
2025-04-27 22:54:47,466 - recording_session - INFO - 🎥 Recording thread started for camera 3
2025-04-27 22:54:47,467 - recording_session - INFO - 🧪 Starting GStreamer pipeline for camera 2
2025-04-27 22:54:47,467 - recording_session - INFO - 🧪 Starting GStreamer pipeline for camera 1
2025-04-27 22:54:47,467 - overlay - INFO - Started recording for camera 3: rtsp://192.168.100.150:8547/h264
2025-04-27 22:54:47,468 - recording_session - INFO - 🧪 Starting GStreamer pipeline for camera 3
2025-04-27 22:54:47,471 - recording_session - INFO - ✅ Pipeline set to PLAYING for camera 2
2025-04-27 22:54:47,479 - recording_session - INFO - ✅ Pipeline set to PLAYING for camera 1
2025-04-27 22:54:47,479 - recording_session - INFO - ✅ Pipeline set to PLAYING for camera 3
2025-04-27 22:54:47,480 - recording_session - INFO - 🎥 Recording thread started for camera 4
2025-04-27 22:54:47,487 - overlay - INFO - Started recording for camera 4: rtsp://192.168.100.150:8547/h264
2025-04-27 22:54:47,491 - recording_session - INFO - 🧪 Starting GStreamer pipeline for camera 4
2025-04-27 22:54:47,493 - recording_session - INFO - ✅ Pipeline set to PLAYING for camera 4
2025-04-27 22:54:47,522 - recording_session - INFO - 🔌 pad-added signal for camera 4
2025-04-27 22:54:47,524 - recording_session - INFO - 🔗 Linked rtspsrc pad to depay for camera 4
