2025-04-27 23:01:12,092 - overlay - INFO - Fetching all CameraURLs records
2025-04-27 23:01:12,102 - recording_session - INFO - 🚀 SlowMoWorker started
2025-04-27 23:01:12,103 - overlay - INFO - Fetching all CameraURLs records
2025-04-27 23:01:12,111 - recording_session - INFO - 🧹 Cleanup done. Deleted 0 files.
2025-04-27 23:01:12,125 - recording_session - INFO - 🎥 Recording thread started for camera 1
2025-04-27 23:01:12,130 - overlay - INFO - Started recording for camera 1: rtsp://192.168.100.150:8547/h264
2025-04-27 23:01:12,142 - recording_session - INFO - 🎥 Recording thread started for camera 2
2025-04-27 23:01:12,142 - overlay - INFO - Started recording for camera 2: rtsp://192.168.100.150:8547/h264
2025-04-27 23:01:12,152 - recording_session - INFO - 🎥 Recording thread started for camera 3
2025-04-27 23:01:12,152 - overlay - INFO - Started recording for camera 3: rtsp://192.168.100.150:8547/h264
2025-04-27 23:01:12,153 - recording_session - INFO - 🧪 Starting GStreamer pipeline for camera 3
2025-04-27 23:01:12,154 - recording_session - INFO - 🧪 Starting GStreamer pipeline for camera 2
2025-04-27 23:01:12,154 - recording_session - INFO - 🧪 Starting GStreamer pipeline for camera 1
2025-04-27 23:01:12,155 - recording_session - INFO - ✅ Pipeline set to PLAYING for camera 2
2025-04-27 23:01:12,156 - recording_session - INFO - ✅ Pipeline set to PLAYING for camera 3
2025-04-27 23:01:12,164 - recording_session - INFO - ✅ Pipeline set to PLAYING for camera 1
2025-04-27 23:01:12,166 - recording_session - INFO - 🎥 Recording thread started for camera 4
2025-04-27 23:01:12,166 - overlay - INFO - Started recording for camera 4: rtsp://192.168.100.150:8547/h264
2025-04-27 23:01:12,177 - recording_session - INFO - 🧪 Starting GStreamer pipeline for camera 4
2025-04-27 23:01:12,179 - recording_session - INFO - ✅ Pipeline set to PLAYING for camera 4
2025-04-27 23:01:12,212 - recording_session - INFO - 🔌 pad-added signal for camera 3
2025-04-27 23:01:12,213 - recording_session - INFO - 🔗 Linked rtspsrc pad to depay for camera 3
