2025-05-18 02:44:39,673 - overlay - INFO - Fetching all CameraURLs records
2025-05-18 02:44:39,756 - recording_session - INFO - ðŸš€ SlowMoWorkers started: 4 threads
2025-05-18 02:44:39,756 - overlay - INFO - Fetching all CameraURLs records
2025-05-18 02:44:39,772 - recording_session - INFO - ðŸŽ¥ Recording thread started for camera 1
2025-05-18 02:44:39,773 - overlay - INFO - Started recording for camera 1: rtsp://192.168.100.150:8547/h264
2025-05-18 02:44:39,784 - recording_session - INFO - ðŸŽ¥ Recording thread started for camera 2
2025-05-18 02:44:39,785 - overlay - INFO - Started recording for camera 2: rtsp://192.168.100.150:8547/h264
2025-05-18 02:44:39,802 - recording_session - INFO - ðŸŽ¥ Recording thread started for camera 3
2025-05-18 02:44:39,803 - overlay - INFO - Started recording for camera 3: rtsp://192.168.100.150:8547/h264
2025-05-18 02:44:39,826 - recording_session - INFO - ðŸŽ¥ Recording thread started for camera 4
2025-05-18 02:44:39,829 - overlay - INFO - Started recording for camera 4: rtsp://192.168.100.150:8547/h264
2025-05-18 02:44:39,830 - recording_session - INFO - ðŸ§ª Starting GStreamer pipeline for camera 3
2025-05-18 02:44:39,831 - recording_session - INFO - ðŸ§ª Starting GStreamer pipeline for camera 2
2025-05-18 02:44:39,831 - recording_session - INFO - ðŸ§ª Starting GStreamer pipeline for camera 1
2025-05-18 02:44:39,836 - recording_session - INFO - ðŸ§ª Starting GStreamer pipeline for camera 4
2025-05-18 02:44:39,852 - recording_session - INFO - âœ… Pipeline PLAYING for camera 2
2025-05-18 02:44:39,873 - recording_session - INFO - âœ… Pipeline PLAYING for camera 4
2025-05-18 02:44:39,873 - recording_session - INFO - âœ… Pipeline PLAYING for camera 3
2025-05-18 02:44:39,873 - recording_session - INFO - âœ… Pipeline PLAYING for camera 1
2025-05-18 02:44:40,073 - recording_session - INFO - âœ… Linked rtspsrc â†’ depay for camera 4
2025-05-18 02:44:40,074 - recording_session - INFO - âœ… Linked rtspsrc â†’ depay for camera 3
2025-05-18 02:44:40,078 - recording_session - INFO - âœ… Linked rtspsrc â†’ depay for camera 1
2025-05-18 02:44:40,088 - recording_session - INFO - âœ… Linked rtspsrc â†’ depay for camera 2
2025-05-18 02:44:40,091 - recording_session - INFO - ðŸ“ Started recording chunk: /var/www/html/public/assets/uploads/CAM4/2025-05-18/1747518280.mp4
2025-05-18 02:44:40,102 - recording_session - INFO - ðŸ“ Started recording chunk: /var/www/html/public/assets/uploads/CAM2/2025-05-18/1747518280.mp4
2025-05-18 02:44:40,111 - recording_session - INFO - ðŸ“ Started recording chunk: /var/www/html/public/assets/uploads/CAM1/2025-05-18/1747518280.mp4
2025-05-18 02:44:40,121 - recording_session - INFO - ðŸ“ Started recording chunk: /var/www/html/public/assets/uploads/CAM3/2025-05-18/1747518280.mp4
2025-05-18 02:44:51,853 - overlay - INFO - Fetching all graphics records
2025-05-18 02:44:51,853 - overlay - INFO - Fetching all CameraURLs records
2025-05-18 02:44:51,857 - overlay - INFO - Found 1 graphics records
2025-05-18 02:44:51,862 - overlay - INFO - Found 4 CameraURLs records
2025-05-18 02:44:51,967 - overlay - INFO - Fetching graphics with ID: 1
2025-05-18 02:44:51,972 - overlay - INFO - Fetching gamestats with ID: 1
2025-05-18 02:44:52,025 - overlay - INFO - Fetching graphics with ID: 1
2025-05-18 02:45:00,049 - overlay - INFO - Loaded stream target (ID: 1): srt => srt://origin-v2.vewbie.com:7010
2025-05-18 02:45:00,059 - overlay - ERROR - Unexpected error: object `GstSRTSink' doesn't support property `encryption'
2025-05-18 02:45:33,585 - recording_session - INFO - Finalizing chunk: /var/www/html/public/assets/uploads/CAM1/2025-05-18/1747518280.mp4
