2025-04-27 22:35:26,497 - overlay - INFO - Fetching all CameraURLs records
2025-04-27 22:35:26,510 - recording_session - INFO - 🚀 SlowMoWorker started
2025-04-27 22:35:26,511 - overlay - INFO - Fetching all CameraURLs records
2025-04-27 22:35:26,534 - recording_session - INFO - 🎥 Recording thread started for camera 1
2025-04-27 22:35:26,535 - overlay - INFO - Started recording for camera 1: rtsp://192.168.100.150:8547/h264
2025-04-27 22:35:26,541 - recording_session - INFO - 🧹 Cleanup done. Deleted 0 files.
2025-04-27 22:35:26,554 - recording_session - INFO - 🎥 Recording thread started for camera 2
2025-04-27 22:35:26,555 - overlay - INFO - Started recording for camera 2: rtsp://192.168.100.150:8547/h264
2025-04-27 22:35:26,562 - recording_session - INFO - 🧪 Starting GStreamer pipeline for camera 1
2025-04-27 22:35:26,563 - recording_session - INFO - 🧪 Starting GStreamer pipeline for camera 2
2025-04-27 22:35:26,566 - recording_session - INFO - 🎥 Recording thread started for camera 3
2025-04-27 22:35:26,566 - recording_session - INFO - ✅ Pipeline set to PLAYING for camera 1
2025-04-27 22:35:26,566 - overlay - INFO - Started recording for camera 3: rtsp://192.168.100.150:8547/h264
2025-04-27 22:35:26,567 - recording_session - INFO - ✅ Pipeline set to PLAYING for camera 2
2025-04-27 22:35:26,591 - recording_session - INFO - 🧪 Starting GStreamer pipeline for camera 3
2025-04-27 22:35:26,601 - recording_session - INFO - 🎥 Recording thread started for camera 4
2025-04-27 22:35:26,601 - recording_session - INFO - ✅ Pipeline set to PLAYING for camera 3
2025-04-27 22:35:26,602 - overlay - INFO - Started recording for camera 4: rtsp://192.168.100.150:8547/h264
2025-04-27 22:35:26,603 - recording_session - INFO - 🧪 Starting GStreamer pipeline for camera 4
2025-04-27 22:35:26,609 - recording_session - INFO - ✅ Pipeline set to PLAYING for camera 4
2025-04-27 22:35:26,642 - recording_session - INFO - 🔌 pad-added signal for camera 4
2025-04-27 22:35:26,643 - recording_session - INFO - 🔗 Linked rtspsrc pad to depay for camera 4
