2025-05-11 12:52:29,616 - overlay - INFO - Fetching all CameraURLs records
2025-05-11 12:52:29,626 - recording_session - INFO - ðŸš€ SlowMoWorkers started: 4 threads
2025-05-11 12:52:29,626 - overlay - INFO - Fetching all CameraURLs records
2025-05-11 12:52:29,643 - recording_session - INFO - ðŸŽ¥ Recording thread started for camera 1
2025-05-11 12:52:29,647 - overlay - INFO - Started recording for camera 1: rtsp://192.168.100.150:8547/h264
2025-05-11 12:52:29,663 - recording_session - INFO - ðŸŽ¥ Recording thread started for camera 2
2025-05-11 12:52:29,664 - overlay - INFO - Started recording for camera 2: rtsp://192.168.100.150:8547/h264
2025-05-11 12:52:29,674 - recording_session - INFO - ðŸŽ¥ Recording thread started for camera 3
2025-05-11 12:52:29,674 - overlay - INFO - Started recording for camera 3: rtsp://192.168.100.150:8547/h264
2025-05-11 12:52:29,686 - recording_session - INFO - ðŸŽ¥ Recording thread started for camera 4
2025-05-11 12:52:29,687 - overlay - INFO - Started recording for camera 4: rtsp://192.168.100.150:8547/h264
2025-05-11 12:52:29,701 - recording_session - INFO - ðŸ§ª Starting GStreamer pipeline for camera 3
2025-05-11 12:52:29,701 - recording_session - INFO - ðŸ§ª Starting GStreamer pipeline for camera 2
2025-05-11 12:52:29,702 - recording_session - INFO - ðŸ§ª Starting GStreamer pipeline for camera 4
2025-05-11 12:52:29,704 - recording_session - INFO - ðŸ§ª Starting GStreamer pipeline for camera 1
2025-05-11 12:52:29,726 - recording_session - INFO - âœ… Pipeline PLAYING for camera 2
2025-05-11 12:52:29,727 - recording_session - INFO - âœ… Pipeline PLAYING for camera 4
2025-05-11 12:52:29,727 - recording_session - INFO - âœ… Pipeline PLAYING for camera 1
2025-05-11 12:52:29,774 - recording_session - INFO - âœ… Pipeline PLAYING for camera 3
2025-05-11 12:52:29,907 - recording_session - INFO - âœ… Linked rtspsrc â†’ depay for camera 1
2025-05-11 12:52:29,907 - recording_session - INFO - âœ… Linked rtspsrc â†’ depay for camera 3
2025-05-11 12:52:29,913 - recording_session - INFO - âœ… Linked rtspsrc â†’ depay for camera 2
2025-05-11 12:52:29,913 - recording_session - INFO - âœ… Linked rtspsrc â†’ depay for camera 4
2025-05-11 12:52:29,924 - recording_session - INFO - ðŸ“ Started recording chunk: /var/www/html/public/assets/uploads/CAM1/2025-05-11/1746949949.mp4
2025-05-11 12:52:29,934 - recording_session - INFO - ðŸ“ Started recording chunk: /var/www/html/public/assets/uploads/CAM4/2025-05-11/1746949949.mp4
2025-05-11 12:52:29,953 - recording_session - INFO - ðŸ“ Started recording chunk: /var/www/html/public/assets/uploads/CAM2/2025-05-11/1746949949.mp4
2025-05-11 12:52:29,974 - recording_session - INFO - ðŸ“ Started recording chunk: /var/www/html/public/assets/uploads/CAM3/2025-05-11/1746949949.mp4
2025-05-11 12:52:37,167 - overlay - INFO - Fetching all graphics records
2025-05-11 12:52:37,167 - overlay - INFO - Fetching all CameraURLs records
2025-05-11 12:52:37,178 - overlay - INFO - Found 1 graphics records
2025-05-11 12:52:37,179 - overlay - INFO - Found 4 CameraURLs records
2025-05-11 12:52:37,285 - overlay - INFO - Fetching gamestats with ID: 1
2025-05-11 12:52:37,286 - overlay - INFO - Fetching graphics with ID: 1
2025-05-11 12:52:37,339 - overlay - INFO - Fetching graphics with ID: 1
2025-05-11 12:52:43,626 - overlay - INFO - Loaded stream target (ID: 1): srt => srt://origin-v2.vewbie.com:7010
2025-05-11 12:52:43,626 - overlay - INFO - Creating pipeline for srt stream to: srt://origin-v2.vewbie.com:7010
2025-05-11 12:52:43,637 - overlay - ERROR - Unexpected error: 'RTSPtoSRTStreamer' object has no attribute 'on_pad_added'
2025-05-11 12:53:01,365 - recording_session - INFO - Finalizing chunk: /var/www/html/public/assets/uploads/CAM1/2025-05-11/1746949949.mp4
