2025-04-27 22:57:47,897 - overlay - INFO - Fetching all CameraURLs records
2025-04-27 22:57:47,907 - recording_session - INFO - 🚀 SlowMoWorker started
2025-04-27 22:57:47,908 - overlay - INFO - Fetching all CameraURLs records
2025-04-27 22:57:47,919 - recording_session - INFO - 🧹 Cleanup done. Deleted 0 files.
2025-04-27 22:57:47,943 - recording_session - INFO - 🎥 Recording thread started for camera 1
2025-04-27 22:57:47,945 - overlay - INFO - Started recording for camera 1: rtsp://192.168.100.150:8547/h264
2025-04-27 22:57:47,955 - recording_session - INFO - 🎥 Recording thread started for camera 2
2025-04-27 22:57:47,956 - overlay - INFO - Started recording for camera 2: rtsp://192.168.100.150:8547/h264
2025-04-27 22:57:47,959 - recording_session - INFO - 🧪 Starting GStreamer pipeline for camera 2
2025-04-27 22:57:47,959 - recording_session - INFO - 🧪 Starting GStreamer pipeline for camera 1
2025-04-27 22:57:47,962 - recording_session - INFO - ✅ Pipeline set to PLAYING for camera 2
2025-04-27 22:57:47,962 - recording_session - INFO - ✅ Pipeline set to PLAYING for camera 1
2025-04-27 22:57:47,971 - recording_session - INFO - 🎥 Recording thread started for camera 3
2025-04-27 22:57:47,972 - overlay - INFO - Started recording for camera 3: rtsp://192.168.100.150:8547/h264
2025-04-27 22:57:47,981 - recording_session - INFO - 🧪 Starting GStreamer pipeline for camera 3
2025-04-27 22:57:47,983 - recording_session - INFO - ✅ Pipeline set to PLAYING for camera 3
2025-04-27 22:57:47,991 - recording_session - INFO - 🎥 Recording thread started for camera 4
2025-04-27 22:57:47,992 - overlay - INFO - Started recording for camera 4: rtsp://192.168.100.150:8547/h264
2025-04-27 22:57:47,996 - recording_session - INFO - 🧪 Starting GStreamer pipeline for camera 4
2025-04-27 22:57:47,998 - recording_session - INFO - ✅ Pipeline set to PLAYING for camera 4
2025-04-27 22:57:48,030 - recording_session - INFO - 🔌 pad-added signal for camera 4
2025-04-27 22:57:48,032 - recording_session - INFO - 🔗 Linked rtspsrc pad to depay for camera 4
