2025-04-27 12:59:04,804 - overlay - INFO - Fetching all CameraURLs records
2025-04-27 12:59:04,839 - recording_session - INFO - 🚀 SlowMoWorker started
2025-04-27 12:59:04,842 - overlay - INFO - Fetching all CameraURLs records
2025-04-27 12:59:04,861 - recording_session - INFO - 🎥 Recording thread started for camera 1
2025-04-27 12:59:04,867 - overlay - INFO - Started recording for camera 1: rtsp://192.168.100.150:8547/h264
2025-04-27 12:59:04,870 - recording_session - INFO - 🧹 Cleanup done. Deleted 0 files.
2025-04-27 12:59:04,897 - recording_session - INFO - 🎥 Recording thread started for camera 2
2025-04-27 12:59:04,898 - overlay - INFO - Started recording for camera 2: rtsp://192.168.100.150:8547/h264
2025-04-27 12:59:04,905 - recording_session - INFO - 🧪 Starting GStreamer pipeline for camera 2
2025-04-27 12:59:04,906 - recording_session - INFO - 🧪 Starting GStreamer pipeline for camera 1
2025-04-27 12:59:04,908 - recording_session - INFO - ✅ Pipeline set to PLAYING for camera 2
2025-04-27 12:59:04,909 - recording_session - INFO - ✅ Pipeline set to PLAYING for camera 1
2025-04-27 12:59:04,928 - recording_session - INFO - 🎥 Recording thread started for camera 3
2025-04-27 12:59:04,941 - overlay - INFO - Started recording for camera 3: rtsp://192.168.100.150:8547/h264
2025-04-27 12:59:04,944 - recording_session - INFO - 🧪 Starting GStreamer pipeline for camera 3
2025-04-27 12:59:04,947 - recording_session - INFO - ✅ Pipeline set to PLAYING for camera 3
2025-04-27 12:59:04,954 - recording_session - INFO - 🎥 Recording thread started for camera 4
2025-04-27 12:59:04,955 - overlay - INFO - Started recording for camera 4: rtsp://192.168.100.150:8547/h264
2025-04-27 12:59:04,962 - recording_session - INFO - 🧪 Starting GStreamer pipeline for camera 4
2025-04-27 12:59:04,967 - recording_session - INFO - ✅ Pipeline set to PLAYING for camera 4
2025-04-27 12:59:05,067 - recording_session - INFO - 🔌 pad-added signal for camera 1
2025-04-27 12:59:05,068 - recording_session - INFO - 🔗 Linked rtspsrc pad to depay for camera 1
2025-04-27 12:59:05,068 - recording_session - INFO - 🔌 pad-added signal for camera 2
2025-04-27 12:59:05,069 - recording_session - INFO - 🔗 Linked rtspsrc pad to depay for camera 2
2025-04-27 12:59:05,079 - recording_session - INFO - 🔌 pad-added signal for camera 3
2025-04-27 12:59:05,080 - recording_session - INFO - 🔗 Linked rtspsrc pad to depay for camera 3
2025-04-27 12:59:05,088 - recording_session - INFO - 📁 Started recording chunk: /var/www/html/public/assets/uploads/CAM2/2025-04-27/1745740745.mp4
2025-04-27 12:59:05,102 - recording_session - INFO - 📁 Started recording chunk: /var/www/html/public/assets/uploads/CAM3/2025-04-27/1745740745.mp4
2025-04-27 12:59:05,108 - recording_session - INFO - 🔌 pad-added signal for camera 4
2025-04-27 12:59:05,108 - recording_session - INFO - 🔗 Linked rtspsrc pad to depay for camera 4
2025-04-27 12:59:05,118 - recording_session - INFO - 📁 Started recording chunk: /var/www/html/public/assets/uploads/CAM1/2025-04-27/1745740745.mp4
2025-04-27 12:59:05,130 - recording_session - INFO - 📁 Started recording chunk: /var/www/html/public/assets/uploads/CAM4/2025-04-27/1745740745.mp4
2025-04-27 12:59:05,897 - recording_session - INFO - 📊 RAM Usage: 9.0% | CPU: 6.9%
2025-04-27 12:59:08,239 - overlay - INFO - Fetching gamestats with ID: 1
2025-04-27 12:59:08,273 - overlay - INFO - Fetching graphics with ID: 1
2025-04-27 12:59:19,010 - overlay - INFO - Fetching gamestats with ID: 1
2025-04-27 12:59:19,028 - overlay - INFO - Fetching graphics with ID: 1
2025-04-27 12:59:20,432 - overlay - INFO - Fetching all graphics records
2025-04-27 12:59:20,432 - overlay - INFO - Fetching all CameraURLs records
2025-04-27 12:59:20,437 - overlay - INFO - Found 1 graphics records
2025-04-27 12:59:20,440 - overlay - INFO - Found 4 CameraURLs records
2025-04-27 12:59:20,545 - overlay - INFO - Fetching graphics with ID: 1
2025-04-27 12:59:20,545 - overlay - INFO - Fetching gamestats with ID: 1
2025-04-27 12:59:20,599 - overlay - INFO - Fetching graphics with ID: 1
2025-04-27 12:59:26,133 - overlay - INFO - Fetching streamtargets with ID: 1
2025-04-27 12:59:26,137 - overlay - INFO - Loaded stream target (ID: 1): srt => srt://origin-v2.vewbie.com:7010
2025-04-27 12:59:26,137 - overlay - INFO - Creating pipeline for srt stream to: srt://origin-v2.vewbie.com:7010
2025-04-27 12:59:29,478 - overlay - INFO - Fetching gamestats with ID: 1
2025-04-27 12:59:29,496 - overlay - INFO - Fetching graphics with ID: 1
2025-04-27 12:59:29,583 - overlay - INFO - 🧩 Dynamic overlay URL set to: 
2025-04-27 12:59:31,804 - overlay - INFO - 🔌 New pad added from source3 with caps: video/x-raw, format=(string)NV12, width=(int)1920, height=(int)1080, interlace-mode=(string)progressive, multiview-mode=(string)mono, multiview-flags=(GstVideoMultiviewFlagsSet)0:ffffffff:/right-view-first/left-flipped/left-flopped/right-flipped/right-flopped/half-aspect/mixed-mono, pixel-aspect-ratio=(fraction)1/1, colorimetry=(string)1:3:5:1, framerate=(fraction)30/1;
2025-04-27 12:59:31,805 - overlay - INFO - ✅ Requested sink pad sink_0 for source3
2025-04-27 12:59:31,808 - overlay - INFO - ✅ Successfully linked source3 to sink_0
2025-04-27 12:59:31,809 - overlay - WARNING - ⏸️ Pipeline not in PLAYING state, deferring active pad selection
2025-04-27 12:59:31,812 - overlay - INFO - 🔌 New pad added from source2 with caps: video/x-raw, format=(string)NV12, width=(int)1920, height=(int)1080, interlace-mode=(string)progressive, multiview-mode=(string)mono, multiview-flags=(GstVideoMultiviewFlagsSet)0:ffffffff:/right-view-first/left-flipped/left-flopped/right-flipped/right-flopped/half-aspect/mixed-mono, pixel-aspect-ratio=(fraction)1/1, colorimetry=(string)1:3:5:1, framerate=(fraction)30/1;
2025-04-27 12:59:31,813 - overlay - INFO - ✅ Requested sink pad sink_1 for source2
2025-04-27 12:59:31,814 - overlay - INFO - 🔌 New pad added from source4 with caps: video/x-raw, format=(string)NV12, width=(int)1920, height=(int)1080, interlace-mode=(string)progressive, multiview-mode=(string)mono, multiview-flags=(GstVideoMultiviewFlagsSet)0:ffffffff:/right-view-first/left-flipped/left-flopped/right-flipped/right-flopped/half-aspect/mixed-mono, pixel-aspect-ratio=(fraction)1/1, colorimetry=(string)1:3:5:1, framerate=(fraction)30/1;
2025-04-27 12:59:31,815 - overlay - INFO - ✅ Requested sink pad sink_2 for source4
2025-04-27 12:59:31,818 - overlay - INFO - ✅ Successfully linked source4 to sink_2
2025-04-27 12:59:31,818 - overlay - WARNING - ⏸️ Pipeline not in PLAYING state, deferring active pad selection
2025-04-27 12:59:31,819 - overlay - INFO - ✅ Successfully linked source2 to sink_1
2025-04-27 12:59:31,823 - overlay - INFO - 🔌 New pad added from source1 with caps: video/x-raw, format=(string)NV12, width=(int)1920, height=(int)1080, interlace-mode=(string)progressive, multiview-mode=(string)mono, multiview-flags=(GstVideoMultiviewFlagsSet)0:ffffffff:/right-view-first/left-flipped/left-flopped/right-flipped/right-flopped/half-aspect/mixed-mono, pixel-aspect-ratio=(fraction)1/1, colorimetry=(string)1:3:5:1, framerate=(fraction)30/1;
2025-04-27 12:59:31,827 - overlay - WARNING - ⏸️ Pipeline not in PLAYING state, deferring active pad selection
2025-04-27 12:59:31,828 - overlay - INFO - ✅ Requested sink pad sink_3 for source1
2025-04-27 12:59:31,832 - overlay - INFO - ✅ Successfully linked source1 to sink_3
2025-04-27 12:59:31,833 - overlay - WARNING - ⏸️ Pipeline not in PLAYING state, deferring active pad selection
