2025-04-27 22:41:23,152 - overlay - INFO - Fetching all CameraURLs records
2025-04-27 22:41:23,160 - recording_session - INFO - 🚀 SlowMoWorker started
2025-04-27 22:41:23,161 - overlay - INFO - Fetching all CameraURLs records
2025-04-27 22:41:23,172 - recording_session - INFO - 🧹 Cleanup done. Deleted 0 files.
2025-04-27 22:41:23,182 - recording_session - INFO - 🎥 Recording thread started for camera 1
2025-04-27 22:41:23,184 - overlay - INFO - Started recording for camera 1: rtsp://192.168.100.150:8547/h264
2025-04-27 22:41:23,193 - recording_session - INFO - 🎥 Recording thread started for camera 2
2025-04-27 22:41:23,194 - overlay - INFO - Started recording for camera 2: rtsp://192.168.100.150:8547/h264
2025-04-27 22:41:23,197 - recording_session - INFO - 🧪 Starting GStreamer pipeline for camera 1
2025-04-27 22:41:23,197 - recording_session - INFO - 🧪 Starting GStreamer pipeline for camera 2
2025-04-27 22:41:23,201 - recording_session - INFO - ✅ Pipeline set to PLAYING for camera 1
2025-04-27 22:41:23,201 - recording_session - INFO - ✅ Pipeline set to PLAYING for camera 2
2025-04-27 22:41:23,211 - recording_session - INFO - 🎥 Recording thread started for camera 3
2025-04-27 22:41:23,230 - overlay - INFO - Started recording for camera 3: rtsp://192.168.100.150:8547/h264
2025-04-27 22:41:23,235 - recording_session - INFO - 🧪 Starting GStreamer pipeline for camera 3
2025-04-27 22:41:23,237 - recording_session - INFO - ✅ Pipeline set to PLAYING for camera 3
2025-04-27 22:41:23,247 - recording_session - INFO - 🎥 Recording thread started for camera 4
2025-04-27 22:41:23,247 - overlay - INFO - Started recording for camera 4: rtsp://192.168.100.150:8547/h264
2025-04-27 22:41:23,255 - recording_session - INFO - 🧪 Starting GStreamer pipeline for camera 4
2025-04-27 22:41:23,256 - recording_session - INFO - ✅ Pipeline set to PLAYING for camera 4
2025-04-27 22:41:23,301 - recording_session - INFO - 🔌 pad-added signal for camera 3
2025-04-27 22:41:23,301 - recording_session - INFO - 🔗 Linked rtspsrc pad to depay for camera 3
2025-04-27 22:41:23,311 - recording_session - INFO - 🔌 pad-added signal for camera 4
2025-04-27 22:41:23,311 - recording_session - INFO - 🔗 Linked rtspsrc pad to depay for camera 4
