2025-04-27 23:02:42,424 - overlay - INFO - Fetching all CameraURLs records
2025-04-27 23:02:42,433 - recording_session - INFO - 🚀 SlowMoWorker started
2025-04-27 23:02:42,434 - overlay - INFO - Fetching all CameraURLs records
2025-04-27 23:02:42,447 - recording_session - INFO - 🧹 Cleanup done. Deleted 0 files.
2025-04-27 23:02:42,462 - recording_session - INFO - 🎥 Recording thread started for camera 1
2025-04-27 23:02:42,464 - overlay - INFO - Started recording for camera 1: rtsp://192.168.100.150:8547/h264
2025-04-27 23:02:42,474 - recording_session - INFO - 🎥 Recording thread started for camera 2
2025-04-27 23:02:42,477 - overlay - INFO - Started recording for camera 2: rtsp://192.168.100.150:8547/h264
2025-04-27 23:02:42,479 - recording_session - INFO - 🧪 Starting GStreamer pipeline for camera 2
2025-04-27 23:02:42,479 - recording_session - INFO - 🧪 Starting GStreamer pipeline for camera 1
2025-04-27 23:02:42,481 - recording_session - INFO - ✅ Pipeline set to PLAYING for camera 2
2025-04-27 23:02:42,482 - recording_session - INFO - ✅ Pipeline set to PLAYING for camera 1
2025-04-27 23:02:42,504 - recording_session - INFO - 🎥 Recording thread started for camera 3
2025-04-27 23:02:42,505 - overlay - INFO - Started recording for camera 3: rtsp://192.168.100.150:8547/h264
2025-04-27 23:02:42,514 - recording_session - INFO - 🧪 Starting GStreamer pipeline for camera 3
2025-04-27 23:02:42,515 - recording_session - INFO - 🎥 Recording thread started for camera 4
2025-04-27 23:02:42,518 - overlay - INFO - Started recording for camera 4: rtsp://192.168.100.150:8547/h264
2025-04-27 23:02:42,519 - recording_session - INFO - ✅ Pipeline set to PLAYING for camera 3
2025-04-27 23:02:42,524 - recording_session - INFO - 🧪 Starting GStreamer pipeline for camera 4
2025-04-27 23:02:42,527 - recording_session - INFO - ✅ Pipeline set to PLAYING for camera 4
2025-04-27 23:02:42,558 - recording_session - INFO - 🔌 pad-added signal for camera 4
2025-04-27 23:02:42,558 - recording_session - INFO - 🔗 Linked rtspsrc pad to depay for camera 4
