2025-04-27 23:06:20,405 - overlay - INFO - Fetching all CameraURLs records
2025-04-27 23:06:20,414 - recording_session - INFO - 🚀 SlowMoWorker started
2025-04-27 23:06:20,415 - overlay - INFO - Fetching all CameraURLs records
2025-04-27 23:06:20,425 - recording_session - INFO - 🧹 Cleanup done. Deleted 0 files.
2025-04-27 23:06:20,440 - recording_session - INFO - 🎥 Recording thread started for camera 1
2025-04-27 23:06:20,440 - overlay - INFO - Started recording for camera 1: rtsp://192.168.100.150:8547/h264
2025-04-27 23:06:20,453 - recording_session - INFO - 🎥 Recording thread started for camera 2
2025-04-27 23:06:20,453 - overlay - INFO - Started recording for camera 2: rtsp://192.168.100.150:8547/h264
2025-04-27 23:06:20,463 - recording_session - INFO - 🎥 Recording thread started for camera 3
2025-04-27 23:06:20,465 - recording_session - INFO - 🧪 Starting GStreamer pipeline for camera 2
2025-04-27 23:06:20,465 - overlay - INFO - Started recording for camera 3: rtsp://192.168.100.150:8547/h264
2025-04-27 23:06:20,465 - recording_session - INFO - 🧪 Starting GStreamer pipeline for camera 1
2025-04-27 23:06:20,466 - recording_session - INFO - 🧪 Starting GStreamer pipeline for camera 3
2025-04-27 23:06:20,467 - recording_session - INFO - ✅ Pipeline set to PLAYING for camera 2
2025-04-27 23:06:20,478 - recording_session - INFO - ✅ Pipeline set to PLAYING for camera 3
2025-04-27 23:06:20,480 - recording_session - INFO - ✅ Pipeline set to PLAYING for camera 1
2025-04-27 23:06:20,485 - recording_session - INFO - 🎥 Recording thread started for camera 4
2025-04-27 23:06:20,486 - overlay - INFO - Started recording for camera 4: rtsp://192.168.100.150:8547/h264
2025-04-27 23:06:20,492 - recording_session - INFO - 🧪 Starting GStreamer pipeline for camera 4
2025-04-27 23:06:20,493 - recording_session - INFO - ✅ Pipeline set to PLAYING for camera 4
2025-04-27 23:06:20,524 - recording_session - INFO - 🔌 pad-added signal for camera 4
2025-04-27 23:06:20,525 - recording_session - INFO - 🔗 Linked rtspsrc pad to depay for camera 4
