2025-04-27 22:50:31,156 - overlay - INFO - Fetching all CameraURLs records
2025-04-27 22:50:31,167 - recording_session - INFO - 🚀 SlowMoWorker started
2025-04-27 22:50:31,168 - overlay - INFO - Fetching all CameraURLs records
2025-04-27 22:50:31,178 - recording_session - INFO - 🧹 Cleanup done. Deleted 0 files.
2025-04-27 22:50:31,192 - recording_session - INFO - 🎥 Recording thread started for camera 1
2025-04-27 22:50:31,194 - overlay - INFO - Started recording for camera 1: rtsp://192.168.100.150:8547/h264
2025-04-27 22:50:31,205 - recording_session - INFO - 🎥 Recording thread started for camera 2
2025-04-27 22:50:31,205 - overlay - INFO - Started recording for camera 2: rtsp://192.168.100.150:8547/h264
2025-04-27 22:50:31,210 - recording_session - INFO - 🧪 Starting GStreamer pipeline for camera 2
2025-04-27 22:50:31,211 - recording_session - INFO - 🧪 Starting GStreamer pipeline for camera 1
2025-04-27 22:50:31,212 - recording_session - INFO - ✅ Pipeline set to PLAYING for camera 1
2025-04-27 22:50:31,212 - recording_session - INFO - ✅ Pipeline set to PLAYING for camera 2
2025-04-27 22:50:31,227 - recording_session - INFO - 🎥 Recording thread started for camera 3
2025-04-27 22:50:31,229 - overlay - INFO - Started recording for camera 3: rtsp://192.168.100.150:8547/h264
2025-04-27 22:50:31,231 - recording_session - INFO - 🧪 Starting GStreamer pipeline for camera 3
2025-04-27 22:50:31,233 - recording_session - INFO - ✅ Pipeline set to PLAYING for camera 3
2025-04-27 22:50:31,237 - recording_session - INFO - 🎥 Recording thread started for camera 4
2025-04-27 22:50:31,237 - overlay - INFO - Started recording for camera 4: rtsp://192.168.100.150:8547/h264
2025-04-27 22:50:31,241 - recording_session - INFO - 🧪 Starting GStreamer pipeline for camera 4
2025-04-27 22:50:31,243 - recording_session - INFO - ✅ Pipeline set to PLAYING for camera 4
2025-04-27 22:50:31,267 - recording_session - INFO - 🔌 pad-added signal for camera 4
2025-04-27 22:50:31,267 - recording_session - INFO - 🔗 Linked rtspsrc pad to depay for camera 4
