2025-04-27 22:43:26,654 - overlay - INFO - Fetching all CameraURLs records
2025-04-27 22:43:26,663 - recording_session - INFO - 🚀 SlowMoWorker started
2025-04-27 22:43:26,665 - overlay - INFO - Fetching all CameraURLs records
2025-04-27 22:43:26,676 - recording_session - INFO - 🧹 Cleanup done. Deleted 0 files.
2025-04-27 22:43:26,693 - recording_session - INFO - 🎥 Recording thread started for camera 1
2025-04-27 22:43:26,695 - overlay - INFO - Started recording for camera 1: rtsp://192.168.100.150:8547/h264
2025-04-27 22:43:26,706 - recording_session - INFO - 🎥 Recording thread started for camera 2
2025-04-27 22:43:26,706 - overlay - INFO - Started recording for camera 2: rtsp://192.168.100.150:8547/h264
2025-04-27 22:43:26,709 - recording_session - INFO - 🧪 Starting GStreamer pipeline for camera 2
2025-04-27 22:43:26,710 - recording_session - INFO - 🧪 Starting GStreamer pipeline for camera 1
2025-04-27 22:43:26,711 - recording_session - INFO - ✅ Pipeline set to PLAYING for camera 2
2025-04-27 22:43:26,720 - recording_session - INFO - ✅ Pipeline set to PLAYING for camera 1
2025-04-27 22:43:26,729 - recording_session - INFO - 🎥 Recording thread started for camera 3
2025-04-27 22:43:26,730 - overlay - INFO - Started recording for camera 3: rtsp://192.168.100.150:8547/h264
2025-04-27 22:43:26,730 - recording_session - INFO - 🧪 Starting GStreamer pipeline for camera 3
2025-04-27 22:43:26,732 - recording_session - INFO - ✅ Pipeline set to PLAYING for camera 3
2025-04-27 22:43:26,743 - recording_session - INFO - 🎥 Recording thread started for camera 4
2025-04-27 22:43:26,744 - overlay - INFO - Started recording for camera 4: rtsp://192.168.100.150:8547/h264
2025-04-27 22:43:26,755 - recording_session - INFO - 🧪 Starting GStreamer pipeline for camera 4
2025-04-27 22:43:26,756 - recording_session - INFO - ✅ Pipeline set to PLAYING for camera 4
2025-04-27 22:43:26,770 - recording_session - INFO - 🔌 pad-added signal for camera 3
2025-04-27 22:43:26,772 - recording_session - INFO - 🔗 Linked rtspsrc pad to depay for camera 3
