2025-05-11 12:51:33,144 - overlay - INFO - Fetching all CameraURLs records
2025-05-11 12:51:33,156 - recording_session - INFO - ðŸš€ SlowMoWorkers started: 4 threads
2025-05-11 12:51:33,156 - overlay - INFO - Fetching all CameraURLs records
2025-05-11 12:51:33,172 - recording_session - INFO - ðŸŽ¥ Recording thread started for camera 1
2025-05-11 12:51:33,174 - overlay - INFO - Started recording for camera 1: rtsp://192.168.100.150:8547/h264
2025-05-11 12:51:33,186 - recording_session - INFO - ðŸŽ¥ Recording thread started for camera 2
2025-05-11 12:51:33,187 - overlay - INFO - Started recording for camera 2: rtsp://192.168.100.150:8547/h264
2025-05-11 12:51:33,198 - recording_session - INFO - ðŸŽ¥ Recording thread started for camera 3
2025-05-11 12:51:33,199 - overlay - INFO - Started recording for camera 3: rtsp://192.168.100.150:8547/h264
2025-05-11 12:51:33,205 - recording_session - INFO - ðŸ§ª Starting GStreamer pipeline for camera 1
2025-05-11 12:51:33,206 - recording_session - INFO - ðŸ§ª Starting GStreamer pipeline for camera 3
2025-05-11 12:51:33,206 - recording_session - INFO - ðŸ§ª Starting GStreamer pipeline for camera 2
2025-05-11 12:51:33,211 - recording_session - INFO - ðŸŽ¥ Recording thread started for camera 4
2025-05-11 12:51:33,211 - overlay - INFO - Started recording for camera 4: rtsp://192.168.100.150:8547/h264
2025-05-11 12:51:33,225 - recording_session - INFO - âœ… Pipeline PLAYING for camera 3
2025-05-11 12:51:33,226 - recording_session - INFO - âœ… Pipeline PLAYING for camera 1
2025-05-11 12:51:33,226 - recording_session - INFO - âœ… Pipeline PLAYING for camera 2
2025-05-11 12:51:33,239 - recording_session - INFO - ðŸ§ª Starting GStreamer pipeline for camera 4
2025-05-11 12:51:33,274 - recording_session - INFO - âœ… Pipeline PLAYING for camera 4
2025-05-11 12:51:33,415 - recording_session - INFO - âœ… Linked rtspsrc â†’ depay for camera 1
2025-05-11 12:51:33,424 - recording_session - INFO - âœ… Linked rtspsrc â†’ depay for camera 3
2025-05-11 12:51:33,430 - recording_session - INFO - ðŸ“ Started recording chunk: /var/www/html/public/assets/uploads/CAM1/2025-05-11/1746949893.mp4
2025-05-11 12:51:33,432 - recording_session - INFO - âœ… Linked rtspsrc â†’ depay for camera 4
2025-05-11 12:51:33,434 - recording_session - INFO - âœ… Linked rtspsrc â†’ depay for camera 2
2025-05-11 12:51:33,443 - recording_session - INFO - ðŸ“ Started recording chunk: /var/www/html/public/assets/uploads/CAM3/2025-05-11/1746949893.mp4
2025-05-11 12:51:33,455 - recording_session - INFO - ðŸ“ Started recording chunk: /var/www/html/public/assets/uploads/CAM2/2025-05-11/1746949893.mp4
2025-05-11 12:51:33,477 - recording_session - INFO - ðŸ“ Started recording chunk: /var/www/html/public/assets/uploads/CAM4/2025-05-11/1746949893.mp4
2025-05-11 12:51:47,723 - overlay - INFO - Fetching all graphics records
2025-05-11 12:51:47,723 - overlay - INFO - Fetching all CameraURLs records
2025-05-11 12:51:47,734 - overlay - INFO - Found 1 graphics records
2025-05-11 12:51:47,738 - overlay - INFO - Found 4 CameraURLs records
2025-05-11 12:51:47,867 - overlay - INFO - Fetching graphics with ID: 1
2025-05-11 12:51:47,868 - overlay - INFO - Fetching gamestats with ID: 1
2025-05-11 12:51:47,932 - overlay - INFO - Fetching graphics with ID: 1
2025-05-11 12:51:55,886 - overlay - INFO - Loaded stream target (ID: 1): srt => srt://origin-v2.vewbie.com:7010
2025-05-11 12:51:55,886 - overlay - INFO - Creating pipeline for srt stream to: srt://origin-v2.vewbie.com:7010
2025-05-11 12:51:55,892 - overlay - ERROR - Unexpected error: object of type `GstPulseSrc' does not have property `is-live'
2025-05-11 12:52:04,697 - recording_session - INFO - Finalizing chunk: /var/www/html/public/assets/uploads/CAM1/2025-05-11/1746949893.mp4
