2025-04-27 23:03:44,145 - overlay - INFO - Fetching all CameraURLs records
2025-04-27 23:03:44,156 - recording_session - INFO - 🚀 SlowMoWorker started
2025-04-27 23:03:44,157 - overlay - INFO - Fetching all CameraURLs records
2025-04-27 23:03:44,168 - recording_session - INFO - 🧹 Cleanup done. Deleted 0 files.
2025-04-27 23:03:44,175 - recording_session - INFO - 🎥 Recording thread started for camera 1
2025-04-27 23:03:44,177 - overlay - INFO - Started recording for camera 1: rtsp://192.168.100.150:8547/h264
2025-04-27 23:03:44,189 - recording_session - INFO - 🎥 Recording thread started for camera 2
2025-04-27 23:03:44,189 - overlay - INFO - Started recording for camera 2: rtsp://192.168.100.150:8547/h264
2025-04-27 23:03:44,192 - recording_session - INFO - 🧪 Starting GStreamer pipeline for camera 2
2025-04-27 23:03:44,192 - recording_session - INFO - 🧪 Starting GStreamer pipeline for camera 1
2025-04-27 23:03:44,194 - recording_session - INFO - ✅ Pipeline set to PLAYING for camera 2
2025-04-27 23:03:44,194 - recording_session - INFO - ✅ Pipeline set to PLAYING for camera 1
2025-04-27 23:03:44,204 - recording_session - INFO - 🎥 Recording thread started for camera 3
2025-04-27 23:03:44,204 - overlay - INFO - Started recording for camera 3: rtsp://192.168.100.150:8547/h264
2025-04-27 23:03:44,212 - recording_session - INFO - 🧪 Starting GStreamer pipeline for camera 3
2025-04-27 23:03:44,214 - recording_session - INFO - ✅ Pipeline set to PLAYING for camera 3
2025-04-27 23:03:44,223 - recording_session - INFO - 🎥 Recording thread started for camera 4
2025-04-27 23:03:44,224 - overlay - INFO - Started recording for camera 4: rtsp://192.168.100.150:8547/h264
2025-04-27 23:03:44,229 - recording_session - INFO - 🧪 Starting GStreamer pipeline for camera 4
2025-04-27 23:03:44,232 - recording_session - INFO - ✅ Pipeline set to PLAYING for camera 4
2025-04-27 23:03:44,250 - recording_session - INFO - 🔌 pad-added signal for camera 3
2025-04-27 23:03:44,252 - recording_session - INFO - 🔗 Linked rtspsrc pad to depay for camera 3
