2025-04-27 22:47:19,387 - overlay - INFO - Fetching all CameraURLs records
2025-04-27 22:47:19,398 - recording_session - INFO - 🚀 SlowMoWorker started
2025-04-27 22:47:19,399 - overlay - INFO - Fetching all CameraURLs records
2025-04-27 22:47:19,411 - recording_session - INFO - 🧹 Cleanup done. Deleted 0 files.
2025-04-27 22:47:19,420 - recording_session - INFO - 🎥 Recording thread started for camera 1
2025-04-27 22:47:19,422 - overlay - INFO - Started recording for camera 1: rtsp://192.168.100.150:8547/h264
2025-04-27 22:47:19,431 - recording_session - INFO - 🎥 Recording thread started for camera 2
2025-04-27 22:47:19,432 - overlay - INFO - Started recording for camera 2: rtsp://192.168.100.150:8547/h264
2025-04-27 22:47:19,435 - recording_session - INFO - 🧪 Starting GStreamer pipeline for camera 1
2025-04-27 22:47:19,435 - recording_session - INFO - 🧪 Starting GStreamer pipeline for camera 2
2025-04-27 22:47:19,437 - recording_session - INFO - ✅ Pipeline set to PLAYING for camera 1
2025-04-27 22:47:19,437 - recording_session - INFO - ✅ Pipeline set to PLAYING for camera 2
2025-04-27 22:47:19,446 - recording_session - INFO - 🎥 Recording thread started for camera 3
2025-04-27 22:47:19,451 - overlay - INFO - Started recording for camera 3: rtsp://192.168.100.150:8547/h264
2025-04-27 22:47:19,454 - recording_session - INFO - 🧪 Starting GStreamer pipeline for camera 3
2025-04-27 22:47:19,455 - recording_session - INFO - ✅ Pipeline set to PLAYING for camera 3
2025-04-27 22:47:19,463 - recording_session - INFO - 🎥 Recording thread started for camera 4
2025-04-27 22:47:19,463 - overlay - INFO - Started recording for camera 4: rtsp://192.168.100.150:8547/h264
2025-04-27 22:47:19,464 - recording_session - INFO - 🧪 Starting GStreamer pipeline for camera 4
2025-04-27 22:47:19,467 - recording_session - INFO - ✅ Pipeline set to PLAYING for camera 4
2025-04-27 22:47:19,495 - recording_session - INFO - 🔌 pad-added signal for camera 4
2025-04-27 22:47:19,496 - recording_session - INFO - 🔗 Linked rtspsrc pad to depay for camera 4
