2025-04-27 23:05:00,163 - overlay - INFO - Fetching all CameraURLs records
2025-04-27 23:05:00,172 - recording_session - INFO - 🚀 SlowMoWorker started
2025-04-27 23:05:00,174 - overlay - INFO - Fetching all CameraURLs records
2025-04-27 23:05:00,189 - recording_session - INFO - 🧹 Cleanup done. Deleted 0 files.
2025-04-27 23:05:00,197 - recording_session - INFO - 🎥 Recording thread started for camera 1
2025-04-27 23:05:00,199 - overlay - INFO - Started recording for camera 1: rtsp://192.168.100.150:8547/h264
2025-04-27 23:05:00,210 - recording_session - INFO - 🎥 Recording thread started for camera 2
2025-04-27 23:05:00,210 - overlay - INFO - Started recording for camera 2: rtsp://192.168.100.150:8547/h264
2025-04-27 23:05:00,215 - recording_session - INFO - 🧪 Starting GStreamer pipeline for camera 2
2025-04-27 23:05:00,215 - recording_session - INFO - 🧪 Starting GStreamer pipeline for camera 1
2025-04-27 23:05:00,219 - recording_session - INFO - ✅ Pipeline set to PLAYING for camera 1
2025-04-27 23:05:00,220 - recording_session - INFO - ✅ Pipeline set to PLAYING for camera 2
2025-04-27 23:05:00,235 - recording_session - INFO - 🎥 Recording thread started for camera 3
2025-04-27 23:05:00,236 - overlay - INFO - Started recording for camera 3: rtsp://192.168.100.150:8547/h264
2025-04-27 23:05:00,236 - recording_session - INFO - 🧪 Starting GStreamer pipeline for camera 3
2025-04-27 23:05:00,241 - recording_session - INFO - ✅ Pipeline set to PLAYING for camera 3
2025-04-27 23:05:00,247 - recording_session - INFO - 🎥 Recording thread started for camera 4
2025-04-27 23:05:00,248 - overlay - INFO - Started recording for camera 4: rtsp://192.168.100.150:8547/h264
2025-04-27 23:05:00,251 - recording_session - INFO - 🧪 Starting GStreamer pipeline for camera 4
2025-04-27 23:05:00,256 - recording_session - INFO - ✅ Pipeline set to PLAYING for camera 4
2025-04-27 23:05:00,276 - recording_session - INFO - 🔌 pad-added signal for camera 3
2025-04-27 23:05:00,278 - recording_session - INFO - 🔗 Linked rtspsrc pad to depay for camera 3
