2025-05-19 11:30:24,807 - overlay - INFO - Fetching all CameraURLs records
2025-05-19 11:30:24,888 - recording_session - INFO - 🚀 SlowMoWorkers started: 4 threads
2025-05-19 11:30:24,889 - overlay - INFO - Fetching all CameraURLs records
2025-05-19 11:30:24,902 - recording_session - INFO - 🎥 Recording thread started for camera 1
2025-05-19 11:30:24,904 - overlay - INFO - Started recording for camera 1: rtsp://192.168.100.150:8547/h264
2025-05-19 11:30:24,922 - recording_session - INFO - 🎥 Recording thread started for camera 2
2025-05-19 11:30:24,923 - overlay - INFO - Started recording for camera 2: rtsp://192.168.100.150:8547/h264
2025-05-19 11:30:24,941 - recording_session - INFO - 🎥 Recording thread started for camera 3
2025-05-19 11:30:24,941 - overlay - INFO - Started recording for camera 3: rtsp://192.168.100.150:8547/h264
2025-05-19 11:30:24,950 - recording_session - INFO - 🧪 Starting GStreamer pipeline for camera 3
2025-05-19 11:30:24,950 - recording_session - INFO - 🧪 Starting GStreamer pipeline for camera 2
2025-05-19 11:30:24,951 - recording_session - INFO - 🎥 Recording thread started for camera 4
2025-05-19 11:30:24,951 - recording_session - INFO - 🧪 Starting GStreamer pipeline for camera 1
2025-05-19 11:30:24,952 - overlay - INFO - Started recording for camera 4: rtsp://192.168.100.150:8547/h264
2025-05-19 11:30:24,953 - recording_session - INFO - ✅ Pipeline PLAYING for camera 2
2025-05-19 11:30:24,955 - recording_session - INFO - ✅ Pipeline PLAYING for camera 3
2025-05-19 11:30:24,961 - recording_session - INFO - ✅ Pipeline PLAYING for camera 1
2025-05-19 11:30:24,976 - recording_session - INFO - 🧪 Starting GStreamer pipeline for camera 4
2025-05-19 11:30:24,980 - recording_session - INFO - ✅ Pipeline PLAYING for camera 4
2025-05-19 11:31:25,249 - overlay - INFO - Fetching all graphics records
2025-05-19 11:31:25,249 - overlay - INFO - Fetching all CameraURLs records
2025-05-19 11:31:25,258 - overlay - INFO - Found 1 graphics records
2025-05-19 11:31:25,259 - overlay - INFO - Found 4 CameraURLs records
2025-05-19 11:31:25,385 - overlay - INFO - Fetching gamestats with ID: 1
2025-05-19 11:31:25,386 - overlay - INFO - Fetching graphics with ID: 1
2025-05-19 11:31:25,440 - overlay - INFO - Fetching graphics with ID: 1
