2025-04-27 22:36:05,359 - overlay - INFO - Fetching all CameraURLs records
2025-04-27 22:36:05,369 - recording_session - INFO - 🚀 SlowMoWorker started
2025-04-27 22:36:05,369 - overlay - INFO - Fetching all CameraURLs records
2025-04-27 22:36:05,379 - recording_session - INFO - 🧹 Cleanup done. Deleted 0 files.
2025-04-27 22:36:05,386 - recording_session - INFO - 🎥 Recording thread started for camera 1
2025-04-27 22:36:05,392 - overlay - INFO - Started recording for camera 1: rtsp://192.168.100.150:8547/h264
2025-04-27 22:36:05,405 - recording_session - INFO - 🎥 Recording thread started for camera 2
2025-04-27 22:36:05,406 - overlay - INFO - Started recording for camera 2: rtsp://192.168.100.150:8547/h264
2025-04-27 22:36:05,416 - recording_session - INFO - 🎥 Recording thread started for camera 3
2025-04-27 22:36:05,416 - overlay - INFO - Started recording for camera 3: rtsp://192.168.100.150:8547/h264
2025-04-27 22:36:05,419 - recording_session - INFO - 🧪 Starting GStreamer pipeline for camera 3
2025-04-27 22:36:05,420 - recording_session - INFO - 🧪 Starting GStreamer pipeline for camera 2
2025-04-27 22:36:05,420 - recording_session - INFO - 🧪 Starting GStreamer pipeline for camera 1
2025-04-27 22:36:05,423 - recording_session - INFO - ✅ Pipeline set to PLAYING for camera 3
2025-04-27 22:36:05,423 - recording_session - INFO - 🎥 Recording thread started for camera 4
2025-04-27 22:36:05,423 - recording_session - INFO - ✅ Pipeline set to PLAYING for camera 2
2025-04-27 22:36:05,423 - recording_session - INFO - ✅ Pipeline set to PLAYING for camera 1
2025-04-27 22:36:05,432 - recording_session - INFO - 🧪 Starting GStreamer pipeline for camera 4
2025-04-27 22:36:05,433 - overlay - INFO - Started recording for camera 4: rtsp://192.168.100.150:8547/h264
2025-04-27 22:36:05,444 - recording_session - INFO - ✅ Pipeline set to PLAYING for camera 4
2025-04-27 22:36:05,473 - recording_session - INFO - 🔌 pad-added signal for camera 4
2025-04-27 22:36:05,474 - recording_session - INFO - 🔗 Linked rtspsrc pad to depay for camera 4
