2025-04-27 22:46:36,637 - overlay - INFO - Fetching all CameraURLs records
2025-04-27 22:46:36,646 - recording_session - INFO - 🚀 SlowMoWorker started
2025-04-27 22:46:36,647 - overlay - INFO - Fetching all CameraURLs records
2025-04-27 22:46:36,651 - recording_session - INFO - 🧹 Cleanup done. Deleted 0 files.
2025-04-27 22:46:36,668 - recording_session - INFO - 🎥 Recording thread started for camera 1
2025-04-27 22:46:36,670 - overlay - INFO - Started recording for camera 1: rtsp://192.168.100.150:8547/h264
2025-04-27 22:46:36,682 - recording_session - INFO - 🎥 Recording thread started for camera 2
2025-04-27 22:46:36,682 - overlay - INFO - Started recording for camera 2: rtsp://192.168.100.150:8547/h264
2025-04-27 22:46:36,687 - recording_session - INFO - 🧪 Starting GStreamer pipeline for camera 1
2025-04-27 22:46:36,687 - recording_session - INFO - 🧪 Starting GStreamer pipeline for camera 2
2025-04-27 22:46:36,689 - recording_session - INFO - ✅ Pipeline set to PLAYING for camera 2
2025-04-27 22:46:36,689 - recording_session - INFO - ✅ Pipeline set to PLAYING for camera 1
2025-04-27 22:46:36,699 - recording_session - INFO - 🎥 Recording thread started for camera 3
2025-04-27 22:46:36,699 - overlay - INFO - Started recording for camera 3: rtsp://192.168.100.150:8547/h264
2025-04-27 22:46:36,710 - recording_session - INFO - 🧪 Starting GStreamer pipeline for camera 3
2025-04-27 22:46:36,714 - recording_session - INFO - ✅ Pipeline set to PLAYING for camera 3
2025-04-27 22:46:36,717 - recording_session - INFO - 🎥 Recording thread started for camera 4
2025-04-27 22:46:36,718 - overlay - INFO - Started recording for camera 4: rtsp://192.168.100.150:8547/h264
2025-04-27 22:46:36,723 - recording_session - INFO - 🧪 Starting GStreamer pipeline for camera 4
2025-04-27 22:46:36,724 - recording_session - INFO - ✅ Pipeline set to PLAYING for camera 4
2025-04-27 22:46:36,740 - recording_session - INFO - 🔌 pad-added signal for camera 3
2025-04-27 22:46:36,741 - recording_session - INFO - 🔗 Linked rtspsrc pad to depay for camera 3
