2025-05-19 20:51:07,916 - overlay - INFO - Fetching all CameraURLs records
2025-05-19 20:51:08,002 - recording_session - INFO - ðŸš€ SlowMoWorkers started: 4 threads
2025-05-19 20:51:08,002 - overlay - INFO - Fetching all CameraURLs records
2025-05-19 20:51:08,017 - recording_session - INFO - ðŸŽ¥ Recording thread started for camera 1
2025-05-19 20:51:08,018 - overlay - INFO - Started recording for camera 1: rtsp://192.168.100.150:8547/h264
2025-05-19 20:51:08,028 - recording_session - INFO - ðŸŽ¥ Recording thread started for camera 2
2025-05-19 20:51:08,028 - overlay - INFO - Started recording for camera 2: rtsp://192.168.100.150:8547/h264
2025-05-19 20:51:08,037 - recording_session - INFO - ðŸŽ¥ Recording thread started for camera 3
2025-05-19 20:51:08,037 - overlay - INFO - Started recording for camera 3: rtsp://192.168.100.150:8547/h264
2025-05-19 20:51:08,039 - recording_session - INFO - ðŸ§ª Starting GStreamer pipeline for camera 2
2025-05-19 20:51:08,039 - recording_session - INFO - ðŸ§ª Starting GStreamer pipeline for camera 1
2025-05-19 20:51:08,040 - recording_session - INFO - ðŸ§ª Starting GStreamer pipeline for camera 3
2025-05-19 20:51:08,043 - recording_session - INFO - âœ… Pipeline PLAYING for camera 2
2025-05-19 20:51:08,044 - recording_session - INFO - âœ… Pipeline PLAYING for camera 1
2025-05-19 20:51:08,044 - recording_session - INFO - âœ… Pipeline PLAYING for camera 3
2025-05-19 20:51:08,052 - recording_session - INFO - ðŸŽ¥ Recording thread started for camera 4
2025-05-19 20:51:08,057 - overlay - INFO - Started recording for camera 4: rtsp://192.168.100.150:8547/h264
2025-05-19 20:51:08,066 - recording_session - INFO - ðŸ§ª Starting GStreamer pipeline for camera 4
2025-05-19 20:51:08,070 - recording_session - INFO - âœ… Pipeline PLAYING for camera 4
2025-05-19 20:51:08,173 - recording_session - INFO - âœ… Linked rtspsrc â†’ depay for camera 2
2025-05-19 20:51:08,173 - recording_session - INFO - âœ… Linked rtspsrc â†’ depay for camera 3
2025-05-19 20:51:08,174 - recording_session - INFO - âœ… Linked rtspsrc â†’ depay for camera 1
2025-05-19 20:51:08,187 - recording_session - INFO - âœ… Linked rtspsrc â†’ depay for camera 4
2025-05-19 20:51:08,191 - recording_session - INFO - ðŸ“ Started recording chunk: /var/www/html/public/assets/uploads/CAM1/2025-05-19/1747669868.mp4
2025-05-19 20:51:08,202 - recording_session - INFO - ðŸ“ Started recording chunk: /var/www/html/public/assets/uploads/CAM4/2025-05-19/1747669868.mp4
2025-05-19 20:51:08,220 - recording_session - INFO - ðŸ“ Started recording chunk: /var/www/html/public/assets/uploads/CAM3/2025-05-19/1747669868.mp4
2025-05-19 20:51:08,240 - recording_session - INFO - ðŸ“ Started recording chunk: /var/www/html/public/assets/uploads/CAM2/2025-05-19/1747669868.mp4
2025-05-19 20:51:20,098 - overlay - INFO - Fetching all graphics records
2025-05-19 20:51:20,098 - overlay - INFO - Fetching all CameraURLs records
2025-05-19 20:51:20,109 - overlay - INFO - Found 1 graphics records
2025-05-19 20:51:20,112 - overlay - INFO - Found 4 CameraURLs records
2025-05-19 20:51:20,218 - overlay - INFO - Fetching gamestats with ID: 1
2025-05-19 20:51:20,228 - overlay - INFO - Fetching graphics with ID: 1
2025-05-19 20:51:20,273 - overlay - INFO - Fetching graphics with ID: 1
2025-05-19 20:51:23,609 - overlay - INFO - Loaded stream target (ID: 1): srt => srt://origin-v2.vewbie.com:7010
2025-05-19 20:51:23,610 - overlay - INFO - Creating pipeline for srt stream to: srt://origin-v2.vewbie.com:7010
2025-05-19 20:51:23,640 - overlay - ERROR - Unexpected error: object of type `GstUDPSrc' does not have property `is-live'
2025-05-19 20:51:39,831 - recording_session - INFO - Finalizing chunk: /var/www/html/public/assets/uploads/CAM1/2025-05-19/1747669868.mp4
2025-05-19 20:51:39,918 - recording_session - WARNING - Failed to probe file /var/www/html/public/assets/uploads/CAM1/2025-05-19/1747669868.mp4: could not convert string to float: ''
2025-05-19 20:51:39,919 - recording_session - WARNING - Chunk not ready or too small to process: /var/www/html/public/assets/uploads/CAM1/2025-05-19/1747669868.mp4
2025-05-19 20:51:39,920 - recording_session - INFO - Finalizing chunk: /var/www/html/public/assets/uploads/CAM2/2025-05-19/1747669868.mp4
