2025-05-09 01:04:04,009 - overlay - INFO - Fetching all CameraURLs records
2025-05-09 01:04:04,020 - recording_session - INFO - 🚀 SlowMoWorkers started: 4 threads
2025-05-09 01:04:04,020 - overlay - INFO - Fetching all CameraURLs records
2025-05-09 01:04:04,031 - recording_session - INFO - 🎥 Recording thread started for camera 1
2025-05-09 01:04:04,033 - overlay - INFO - Started recording for camera 1: rtsp://192.168.100.150:8547/h264
2025-05-09 01:04:04,048 - recording_session - INFO - 🎥 Recording thread started for camera 2
2025-05-09 01:04:04,049 - overlay - INFO - Started recording for camera 2: rtsp://192.168.100.150:8547/h264
2025-05-09 01:04:04,054 - recording_session - ERROR - Pipeline error: type object 'Element' has no attribute 'link_many'
Traceback (most recent call last):
  File "/opt/overlay/recording_session.py", line 185, in _run_pipeline
    if not Gst.Element.link_many(
           ^^^^^^^^^^^^^^^^^^^^^
AttributeError: type object 'Element' has no attribute 'link_many'. Did you mean: 'link_pads'?
2025-05-09 01:04:04,055 - recording_session - ERROR - Pipeline error: type object 'Element' has no attribute 'link_many'
Traceback (most recent call last):
  File "/opt/overlay/recording_session.py", line 185, in _run_pipeline
    if not Gst.Element.link_many(
           ^^^^^^^^^^^^^^^^^^^^^
AttributeError: type object 'Element' has no attribute 'link_many'. Did you mean: 'link_pads'?
2025-05-09 01:04:04,060 - recording_session - INFO - 🛑 Pipeline cleaned up for camera 2
2025-05-09 01:04:04,060 - recording_session - INFO - 🎥 Recording thread started for camera 3
2025-05-09 01:04:04,064 - recording_session - INFO - 🛑 Pipeline cleaned up for camera 1
2025-05-09 01:04:04,064 - overlay - INFO - Started recording for camera 3: rtsp://192.168.100.150:8547/h264
2025-05-09 01:04:04,067 - recording_session - ERROR - Pipeline error: type object 'Element' has no attribute 'link_many'
Traceback (most recent call last):
  File "/opt/overlay/recording_session.py", line 185, in _run_pipeline
    if not Gst.Element.link_many(
           ^^^^^^^^^^^^^^^^^^^^^
AttributeError: type object 'Element' has no attribute 'link_many'. Did you mean: 'link_pads'?
2025-05-09 01:04:04,084 - recording_session - INFO - 🎥 Recording thread started for camera 4
2025-05-09 01:04:04,084 - overlay - INFO - Started recording for camera 4: rtsp://192.168.100.150:8547/h264
2025-05-09 01:04:04,085 - recording_session - INFO - 🛑 Pipeline cleaned up for camera 3
2025-05-09 01:04:04,087 - recording_session - ERROR - Pipeline error: type object 'Element' has no attribute 'link_many'
Traceback (most recent call last):
  File "/opt/overlay/recording_session.py", line 185, in _run_pipeline
    if not Gst.Element.link_many(
           ^^^^^^^^^^^^^^^^^^^^^
AttributeError: type object 'Element' has no attribute 'link_many'. Did you mean: 'link_pads'?
2025-05-09 01:04:04,091 - recording_session - INFO - 🛑 Pipeline cleaned up for camera 4
