2025-05-11 00:14:25,464 - overlay - INFO - Fetching all CameraURLs records
2025-05-11 00:14:25,473 - recording_session - INFO - ðŸš€ SlowMoWorkers started: 4 threads
2025-05-11 00:14:25,473 - overlay - INFO - Fetching all CameraURLs records
2025-05-11 00:14:25,482 - recording_session - INFO - ðŸŽ¥ Recording thread started for camera 1
2025-05-11 00:14:25,482 - overlay - INFO - Started recording for camera 1: rtsp://192.168.100.150:8547/h264
2025-05-11 00:14:25,499 - recording_session - INFO - ðŸŽ¥ Recording thread started for camera 2
2025-05-11 00:14:25,499 - overlay - INFO - Started recording for camera 2: rtsp://192.168.100.150:8547/h264
2025-05-11 00:14:25,510 - recording_session - INFO - ðŸŽ¥ Recording thread started for camera 3
2025-05-11 00:14:25,511 - overlay - INFO - Started recording for camera 3: rtsp://192.168.100.150:8547/h264
2025-05-11 00:14:25,520 - recording_session - INFO - ðŸ§ª Starting GStreamer pipeline for camera 3
2025-05-11 00:14:25,520 - recording_session - INFO - ðŸ§ª Starting GStreamer pipeline for camera 2
2025-05-11 00:14:25,520 - recording_session - INFO - ðŸ§ª Starting GStreamer pipeline for camera 1
2025-05-11 00:14:25,521 - recording_session - INFO - ðŸŽ¥ Recording thread started for camera 4
2025-05-11 00:14:25,521 - overlay - INFO - Started recording for camera 4: rtsp://192.168.100.150:8547/h264
2025-05-11 00:14:25,529 - recording_session - INFO - ðŸ§ª Starting GStreamer pipeline for camera 4
2025-05-11 00:14:25,536 - recording_session - INFO - âœ… Pipeline PLAYING for camera 3
2025-05-11 00:14:25,562 - recording_session - INFO - âœ… Pipeline PLAYING for camera 1
2025-05-11 00:14:25,563 - recording_session - INFO - âœ… Pipeline PLAYING for camera 2
2025-05-11 00:14:25,563 - recording_session - INFO - âœ… Pipeline PLAYING for camera 4
2025-05-11 00:14:25,729 - recording_session - INFO - âœ… Linked rtspsrc â†’ depay for camera 2
2025-05-11 00:14:25,730 - recording_session - INFO - âœ… Linked rtspsrc â†’ depay for camera 1
2025-05-11 00:14:25,734 - recording_session - INFO - âœ… Linked rtspsrc â†’ depay for camera 4
2025-05-11 00:14:25,738 - recording_session - INFO - âœ… Linked rtspsrc â†’ depay for camera 3
2025-05-11 00:14:25,739 - recording_session - INFO - ðŸ“ Started recording chunk: /var/www/html/public/assets/uploads/CAM1/2025-05-11/1746904465.mp4
2025-05-11 00:14:25,749 - recording_session - INFO - ðŸ“ Started recording chunk: /var/www/html/public/assets/uploads/CAM4/2025-05-11/1746904465.mp4
2025-05-11 00:14:25,759 - recording_session - INFO - ðŸ“ Started recording chunk: /var/www/html/public/assets/uploads/CAM3/2025-05-11/1746904465.mp4
2025-05-11 00:14:25,777 - recording_session - INFO - ðŸ“ Started recording chunk: /var/www/html/public/assets/uploads/CAM2/2025-05-11/1746904465.mp4
2025-05-11 00:14:39,231 - overlay - INFO - Fetching all graphics records
2025-05-11 00:14:39,231 - overlay - INFO - Fetching all CameraURLs records
2025-05-11 00:14:39,235 - overlay - INFO - Found 1 graphics records
2025-05-11 00:14:39,242 - overlay - INFO - Found 4 CameraURLs records
2025-05-11 00:14:39,350 - overlay - INFO - Fetching gamestats with ID: 1
2025-05-11 00:14:39,350 - overlay - INFO - Fetching graphics with ID: 1
2025-05-11 00:14:39,401 - overlay - INFO - Fetching graphics with ID: 1
2025-05-11 00:14:41,838 - overlay - INFO - Loaded stream target (ID: 1): srt => srt://origin-v2.vewbie.com:7010
2025-05-11 00:14:41,839 - overlay - INFO - Creating pipeline for srt stream to: srt://origin-v2.vewbie.com:7010
2025-05-11 00:14:41,870 - overlay - ERROR - Unexpected error: object of type `GstMpegTsMux' does not have property `max-buffers-per-unit'
2025-05-11 00:14:54,456 - recording_session - INFO - Finalizing chunk: /var/www/html/public/assets/uploads/CAM1/2025-05-11/1746904465.mp4
