2025-04-27 23:00:53,132 - overlay - INFO - Fetching all CameraURLs records
2025-04-27 23:00:53,142 - recording_session - INFO - 🚀 SlowMoWorker started
2025-04-27 23:00:53,143 - overlay - INFO - Fetching all CameraURLs records
2025-04-27 23:00:53,159 - recording_session - INFO - 🧹 Cleanup done. Deleted 0 files.
2025-04-27 23:00:53,160 - recording_session - INFO - 🎥 Recording thread started for camera 1
2025-04-27 23:00:53,161 - overlay - INFO - Started recording for camera 1: rtsp://192.168.100.150:8547/h264
2025-04-27 23:00:53,172 - recording_session - INFO - 🎥 Recording thread started for camera 2
2025-04-27 23:00:53,173 - overlay - INFO - Started recording for camera 2: rtsp://192.168.100.150:8547/h264
2025-04-27 23:00:53,175 - recording_session - INFO - 🧪 Starting GStreamer pipeline for camera 1
2025-04-27 23:00:53,175 - recording_session - INFO - 🧪 Starting GStreamer pipeline for camera 2
2025-04-27 23:00:53,177 - recording_session - INFO - ✅ Pipeline set to PLAYING for camera 1
2025-04-27 23:00:53,177 - recording_session - INFO - ✅ Pipeline set to PLAYING for camera 2
2025-04-27 23:00:53,200 - recording_session - INFO - 🎥 Recording thread started for camera 3
2025-04-27 23:00:53,206 - overlay - INFO - Started recording for camera 3: rtsp://192.168.100.150:8547/h264
2025-04-27 23:00:53,207 - recording_session - INFO - 🧪 Starting GStreamer pipeline for camera 3
2025-04-27 23:00:53,209 - recording_session - INFO - ✅ Pipeline set to PLAYING for camera 3
2025-04-27 23:00:53,216 - recording_session - INFO - 🎥 Recording thread started for camera 4
2025-04-27 23:00:53,217 - overlay - INFO - Started recording for camera 4: rtsp://192.168.100.150:8547/h264
2025-04-27 23:00:53,220 - recording_session - INFO - 🧪 Starting GStreamer pipeline for camera 4
2025-04-27 23:00:53,226 - recording_session - INFO - ✅ Pipeline set to PLAYING for camera 4
2025-04-27 23:00:53,245 - recording_session - INFO - 🔌 pad-added signal for camera 3
2025-04-27 23:00:53,246 - recording_session - INFO - 🔗 Linked rtspsrc pad to depay for camera 3
