2025-04-27 23:01:02,652 - overlay - INFO - Fetching all CameraURLs records
2025-04-27 23:01:02,662 - recording_session - INFO - 🚀 SlowMoWorker started
2025-04-27 23:01:02,663 - overlay - INFO - Fetching all CameraURLs records
2025-04-27 23:01:02,673 - recording_session - INFO - 🧹 Cleanup done. Deleted 0 files.
2025-04-27 23:01:02,691 - recording_session - INFO - 🎥 Recording thread started for camera 1
2025-04-27 23:01:02,691 - overlay - INFO - Started recording for camera 1: rtsp://192.168.100.150:8547/h264
2025-04-27 23:01:02,703 - recording_session - INFO - 🎥 Recording thread started for camera 2
2025-04-27 23:01:02,703 - overlay - INFO - Started recording for camera 2: rtsp://192.168.100.150:8547/h264
2025-04-27 23:01:02,708 - recording_session - INFO - 🧪 Starting GStreamer pipeline for camera 2
2025-04-27 23:01:02,708 - recording_session - INFO - 🧪 Starting GStreamer pipeline for camera 1
2025-04-27 23:01:02,711 - recording_session - INFO - ✅ Pipeline set to PLAYING for camera 2
2025-04-27 23:01:02,711 - recording_session - INFO - ✅ Pipeline set to PLAYING for camera 1
2025-04-27 23:01:02,726 - recording_session - INFO - 🎥 Recording thread started for camera 3
2025-04-27 23:01:02,727 - overlay - INFO - Started recording for camera 3: rtsp://192.168.100.150:8547/h264
2025-04-27 23:01:02,731 - recording_session - INFO - 🧪 Starting GStreamer pipeline for camera 3
2025-04-27 23:01:02,733 - recording_session - INFO - ✅ Pipeline set to PLAYING for camera 3
2025-04-27 23:01:02,740 - recording_session - INFO - 🎥 Recording thread started for camera 4
2025-04-27 23:01:02,740 - overlay - INFO - Started recording for camera 4: rtsp://192.168.100.150:8547/h264
2025-04-27 23:01:02,744 - recording_session - INFO - 🧪 Starting GStreamer pipeline for camera 4
2025-04-27 23:01:02,746 - recording_session - INFO - ✅ Pipeline set to PLAYING for camera 4
2025-04-27 23:01:02,772 - recording_session - INFO - 🔌 pad-added signal for camera 4
2025-04-27 23:01:02,773 - recording_session - INFO - 🔗 Linked rtspsrc pad to depay for camera 4
