2025-05-09 21:52:32,644 - overlay - INFO - Fetching all CameraURLs records
2025-05-09 21:52:32,654 - recording_session - INFO - 🚀 SlowMoWorkers started: 4 threads
2025-05-09 21:52:32,655 - overlay - INFO - Fetching all CameraURLs records
2025-05-09 21:52:32,664 - recording_session - INFO - 🎥 Recording thread started for camera 1
2025-05-09 21:52:32,666 - overlay - INFO - Started recording for camera 1: rtsp://192.168.100.150:8547/h264
2025-05-09 21:52:32,686 - recording_session - INFO - 🎥 Recording thread started for camera 2
2025-05-09 21:52:32,687 - overlay - INFO - Started recording for camera 2: rtsp://192.168.100.150:8547/h264
2025-05-09 21:52:32,689 - recording_session - INFO - 🧪 Starting GStreamer pipeline for camera 1
2025-05-09 21:52:32,689 - recording_session - INFO - 🧪 Starting GStreamer pipeline for camera 2
2025-05-09 21:52:32,698 - recording_session - INFO - 🎥 Recording thread started for camera 3
2025-05-09 21:52:32,698 - recording_session - INFO - ✅ Pipeline PLAYING for camera 1
2025-05-09 21:52:32,698 - overlay - INFO - Started recording for camera 3: rtsp://192.168.100.150:8547/h264
2025-05-09 21:52:32,699 - recording_session - INFO - ✅ Pipeline PLAYING for camera 2
2025-05-09 21:52:32,731 - recording_session - INFO - 🎥 Recording thread started for camera 4
2025-05-09 21:52:32,732 - overlay - INFO - Started recording for camera 4: rtsp://192.168.100.150:8547/h264
2025-05-09 21:52:32,735 - recording_session - INFO - 🧪 Starting GStreamer pipeline for camera 3
2025-05-09 21:52:32,739 - recording_session - INFO - 🧪 Starting GStreamer pipeline for camera 4
2025-05-09 21:52:32,759 - recording_session - INFO - ✅ Pipeline PLAYING for camera 4
2025-05-09 21:52:32,760 - recording_session - INFO - ✅ Pipeline PLAYING for camera 3
2025-05-09 21:52:32,926 - recording_session - INFO - ✅ Linked rtspsrc → depay for camera 4
2025-05-09 21:52:32,926 - recording_session - INFO - ✅ Linked rtspsrc → depay for camera 3
2025-05-09 21:52:32,926 - recording_session - INFO - ✅ Linked rtspsrc → depay for camera 1
2025-05-09 21:52:32,937 - recording_session - INFO - ✅ Linked rtspsrc → depay for camera 2
2025-05-09 21:52:32,942 - recording_session - INFO - 📁 Started recording chunk: /var/www/html/public/assets/uploads/CAM3/2025-05-09/1746809552.mp4
2025-05-09 21:52:32,952 - recording_session - INFO - 📁 Started recording chunk: /var/www/html/public/assets/uploads/CAM2/2025-05-09/1746809552.mp4
2025-05-09 21:52:32,974 - recording_session - INFO - 📁 Started recording chunk: /var/www/html/public/assets/uploads/CAM1/2025-05-09/1746809552.mp4
2025-05-09 21:52:32,994 - recording_session - INFO - 📁 Started recording chunk: /var/www/html/public/assets/uploads/CAM4/2025-05-09/1746809552.mp4
2025-05-09 21:52:40,674 - overlay - INFO - Fetching all graphics records
2025-05-09 21:52:40,674 - overlay - INFO - Fetching all CameraURLs records
2025-05-09 21:52:40,678 - overlay - INFO - Found 1 graphics records
2025-05-09 21:52:40,684 - overlay - INFO - Found 4 CameraURLs records
2025-05-09 21:52:40,793 - overlay - INFO - Fetching graphics with ID: 1
2025-05-09 21:52:40,794 - overlay - INFO - Fetching gamestats with ID: 1
2025-05-09 21:52:40,843 - overlay - INFO - Fetching graphics with ID: 1
2025-05-09 21:52:47,778 - overlay - INFO - Fetching streamtargets with ID: 1
2025-05-09 21:52:47,782 - overlay - INFO - Loaded stream target (ID: 1): srt => srt://origin-v2.vewbie.com:7010
2025-05-09 21:52:47,782 - overlay - INFO - Creating pipeline for srt stream to: srt://origin-v2.vewbie.com:7010
2025-05-09 21:52:47,884 - overlay - ERROR - ❌ Failed to request or link video pad
2025-05-09 21:52:47,884 - overlay - ERROR - ❌ Failed to request or link audio pad
2025-05-09 21:52:47,888 - overlay - INFO - 🧩 Dynamic overlay URL set to: http://103.217.176.16:8080/scorecards/baseball/scorecard/1
2025-05-09 21:52:47,889 - overlay - INFO - Adding overlay for position: tl
2025-05-09 21:52:47,893 - overlay - INFO - Screenshot capture started...
2025-05-09 21:52:47,896 - overlay - INFO - Position set to tl (X: 10, Y: 10)
2025-05-09 21:52:48,192 - overlay - INFO - State changed: NULL -> READY
2025-05-09 21:52:48,193 - overlay - INFO - State changed: NULL -> READY
2025-05-09 21:52:48,193 - overlay - INFO - State changed: NULL -> READY
2025-05-09 21:52:48,194 - overlay - INFO - State changed: NULL -> READY
2025-05-09 21:52:48,194 - overlay - INFO - State changed: NULL -> READY
2025-05-09 21:52:48,195 - overlay - INFO - State changed: NULL -> READY
2025-05-09 21:52:48,196 - overlay - INFO - State changed: NULL -> READY
2025-05-09 21:52:48,197 - overlay - INFO - State changed: NULL -> READY
2025-05-09 21:52:48,197 - overlay - INFO - State changed: NULL -> READY
2025-05-09 21:52:48,197 - overlay - INFO - State changed: NULL -> READY
2025-05-09 21:52:48,198 - overlay - INFO - State changed: NULL -> READY
2025-05-09 21:52:48,198 - overlay - INFO - State changed: NULL -> READY
2025-05-09 21:52:48,198 - overlay - INFO - State changed: NULL -> READY
2025-05-09 21:52:48,199 - overlay - INFO - State changed: NULL -> READY
2025-05-09 21:52:48,199 - overlay - INFO - State changed: NULL -> READY
2025-05-09 21:52:48,199 - overlay - INFO - State changed: NULL -> READY
2025-05-09 21:52:48,200 - overlay - INFO - State changed: NULL -> READY
2025-05-09 21:52:48,200 - overlay - INFO - State changed: NULL -> READY
2025-05-09 21:52:48,200 - overlay - INFO - State changed: NULL -> READY
2025-05-09 21:52:48,201 - overlay - INFO - State changed: NULL -> READY
2025-05-09 21:52:48,201 - overlay - INFO - State changed: NULL -> READY
2025-05-09 21:52:48,201 - overlay - INFO - State changed: NULL -> READY
2025-05-09 21:52:48,202 - overlay - INFO - State changed: NULL -> READY
2025-05-09 21:52:48,202 - overlay - INFO - State changed: NULL -> READY
2025-05-09 21:52:48,202 - overlay - INFO - State changed: NULL -> READY
2025-05-09 21:52:48,202 - overlay - INFO - State changed: NULL -> READY
2025-05-09 21:52:48,203 - overlay - INFO - State changed: READY -> PAUSED
2025-05-09 21:52:48,203 - overlay - INFO - State changed: READY -> PAUSED
2025-05-09 21:52:48,203 - overlay - INFO - State changed: READY -> PAUSED
2025-05-09 21:52:48,203 - overlay - INFO - State changed: READY -> PAUSED
2025-05-09 21:52:48,203 - overlay - INFO - State changed: READY -> PAUSED
2025-05-09 21:52:48,203 - overlay - INFO - State changed: READY -> PAUSED
2025-05-09 21:52:48,203 - overlay - INFO - State changed: READY -> PAUSED
2025-05-09 21:52:48,203 - overlay - INFO - State changed: READY -> PAUSED
2025-05-09 21:52:48,204 - overlay - INFO - State changed: READY -> PAUSED
2025-05-09 21:52:48,204 - overlay - INFO - State changed: READY -> PAUSED
2025-05-09 21:52:48,204 - overlay - INFO - State changed: READY -> PAUSED
2025-05-09 21:52:48,204 - overlay - INFO - State changed: READY -> PAUSED
2025-05-09 21:52:48,204 - overlay - INFO - State changed: READY -> PAUSED
2025-05-09 21:52:48,204 - overlay - INFO - State changed: READY -> PAUSED
2025-05-09 21:52:48,204 - overlay - INFO - State changed: READY -> PAUSED
2025-05-09 21:52:48,205 - overlay - INFO - State changed: READY -> PAUSED
2025-05-09 21:52:48,205 - overlay - INFO - State changed: READY -> PAUSED
2025-05-09 21:52:48,205 - overlay - INFO - State changed: READY -> PAUSED
2025-05-09 21:52:48,205 - overlay - INFO - State changed: READY -> PAUSED
2025-05-09 21:52:48,205 - overlay - INFO - State changed: READY -> PAUSED
2025-05-09 21:52:48,205 - overlay - INFO - State changed: READY -> PAUSED
2025-05-09 21:52:48,205 - overlay - INFO - State changed: NULL -> READY
2025-05-09 21:52:48,205 - overlay - INFO - State changed: READY -> PAUSED
2025-05-09 21:52:48,205 - overlay - INFO - State changed: READY -> PAUSED
2025-05-09 21:52:48,205 - overlay - INFO - State changed: NULL -> READY
2025-05-09 21:52:48,205 - overlay - INFO - State changed: READY -> PAUSED
2025-05-09 21:52:48,205 - overlay - INFO - State changed: READY -> PAUSED
2025-05-09 21:52:48,206 - overlay - INFO - State changed: NULL -> READY
2025-05-09 21:52:48,206 - overlay - INFO - State changed: READY -> PAUSED
2025-05-09 21:52:48,206 - overlay - INFO - State changed: READY -> PAUSED
2025-05-09 21:52:48,206 - overlay - INFO - State changed: NULL -> READY
2025-05-09 21:52:48,206 - overlay - INFO - State changed: READY -> PAUSED
2025-05-09 21:52:48,206 - overlay - INFO - State changed: READY -> PAUSED
2025-05-09 21:52:48,206 - overlay - INFO - State changed: READY -> PAUSED
2025-05-09 21:52:48,206 - overlay - INFO - State changed: PAUSED -> PAUSED
2025-05-09 21:52:48,210 - overlay - INFO - State changed: NULL -> READY
2025-05-09 21:52:48,211 - overlay - INFO - State changed: READY -> PAUSED
2025-05-09 21:52:48,211 - overlay - INFO - State changed: NULL -> READY
2025-05-09 21:52:48,211 - overlay - INFO - State changed: READY -> PAUSED
2025-05-09 21:52:48,211 - overlay - INFO - State changed: NULL -> READY
2025-05-09 21:52:48,211 - overlay - INFO - State changed: READY -> PAUSED
2025-05-09 21:52:48,211 - overlay - INFO - State changed: NULL -> READY
2025-05-09 21:52:48,212 - overlay - INFO - State changed: READY -> PAUSED
2025-05-09 21:52:48,214 - overlay - INFO - State changed: NULL -> READY
2025-05-09 21:52:48,214 - overlay - INFO - State changed: READY -> PAUSED
2025-05-09 21:52:48,215 - overlay - INFO - State changed: NULL -> READY
2025-05-09 21:52:48,215 - overlay - INFO - State changed: READY -> PAUSED
2025-05-09 21:52:48,215 - overlay - INFO - State changed: NULL -> READY
2025-05-09 21:52:48,216 - overlay - INFO - State changed: READY -> PAUSED
2025-05-09 21:52:48,216 - overlay - INFO - State changed: NULL -> READY
2025-05-09 21:52:48,216 - overlay - INFO - State changed: READY -> PAUSED
2025-05-09 21:52:48,216 - overlay - INFO - State changed: NULL -> READY
2025-05-09 21:52:48,216 - overlay - INFO - State changed: READY -> PAUSED
2025-05-09 21:52:48,217 - overlay - INFO - State changed: NULL -> READY
2025-05-09 21:52:48,217 - overlay - INFO - State changed: READY -> PAUSED
2025-05-09 21:52:48,218 - overlay - INFO - State changed: NULL -> READY
2025-05-09 21:52:48,218 - overlay - INFO - State changed: READY -> PAUSED
2025-05-09 21:52:48,218 - overlay - INFO - State changed: NULL -> READY
2025-05-09 21:52:48,219 - overlay - INFO - State changed: READY -> PAUSED
2025-05-09 21:52:48,219 - overlay - INFO - State changed: NULL -> READY
2025-05-09 21:52:48,221 - overlay - INFO - State changed: READY -> PAUSED
2025-05-09 21:52:48,221 - overlay - INFO - Pipeline thread started with state transition
2025-05-09 21:52:48,221 - overlay - INFO - State changed: NULL -> READY
2025-05-09 21:52:48,222 - overlay - INFO - State changed: READY -> PAUSED
2025-05-09 21:52:48,222 - overlay - INFO - State changed: NULL -> READY
2025-05-09 21:52:48,222 - overlay - INFO - State changed: READY -> PAUSED
2025-05-09 21:52:48,223 - overlay - INFO - State changed: NULL -> READY
2025-05-09 21:52:48,223 - overlay - INFO - State changed: READY -> PAUSED
2025-05-09 21:52:48,223 - overlay - INFO - State changed: PAUSED -> PLAYING
2025-05-09 21:52:48,224 - overlay - INFO - State changed: PAUSED -> PLAYING
2025-05-09 21:52:48,224 - overlay - INFO - State changed: PAUSED -> PLAYING
2025-05-09 21:52:48,224 - overlay - INFO - State changed: PAUSED -> PLAYING
2025-05-09 21:52:48,224 - overlay - INFO - State changed: PAUSED -> PLAYING
2025-05-09 21:52:48,224 - overlay - INFO - State changed: PAUSED -> PLAYING
2025-05-09 21:52:48,224 - overlay - INFO - State changed: PAUSED -> PLAYING
2025-05-09 21:52:48,224 - overlay - INFO - State changed: PAUSED -> PLAYING
2025-05-09 21:52:48,224 - overlay - INFO - State changed: PAUSED -> PLAYING
2025-05-09 21:52:48,224 - overlay - INFO - State changed: PAUSED -> PLAYING
2025-05-09 21:52:48,225 - overlay - INFO - State changed: PAUSED -> PLAYING
2025-05-09 21:52:48,225 - overlay - INFO - State changed: PAUSED -> PLAYING
2025-05-09 21:52:48,225 - overlay - INFO - State changed: PAUSED -> PLAYING
2025-05-09 21:52:48,225 - overlay - INFO - State changed: PAUSED -> PLAYING
2025-05-09 21:52:48,225 - overlay - INFO - State changed: PAUSED -> PLAYING
2025-05-09 21:52:48,226 - overlay - INFO - State changed: PAUSED -> PLAYING
2025-05-09 21:52:48,226 - overlay - INFO - State changed: PAUSED -> PLAYING
2025-05-09 21:52:48,226 - overlay - INFO - State changed: PAUSED -> PLAYING
2025-05-09 21:52:48,226 - overlay - INFO - State changed: PAUSED -> PLAYING
2025-05-09 21:52:48,226 - overlay - INFO - State changed: PAUSED -> PLAYING
2025-05-09 21:52:48,226 - overlay - INFO - State changed: PAUSED -> PLAYING
2025-05-09 21:52:48,226 - overlay - INFO - State changed: PAUSED -> PLAYING
2025-05-09 21:52:48,226 - overlay - INFO - State changed: PAUSED -> PLAYING
2025-05-09 21:52:48,226 - overlay - INFO - State changed: PAUSED -> PLAYING
2025-05-09 21:52:48,226 - overlay - INFO - State changed: PAUSED -> PLAYING
2025-05-09 21:52:48,226 - overlay - INFO - State changed: NULL -> READY
2025-05-09 21:52:48,227 - overlay - INFO - State changed: PAUSED -> PLAYING
2025-05-09 21:52:48,227 - overlay - INFO - State changed: PAUSED -> PLAYING
2025-05-09 21:52:48,227 - overlay - INFO - State changed: READY -> PAUSED
2025-05-09 21:52:48,227 - overlay - INFO - State changed: PAUSED -> PLAYING
2025-05-09 21:52:48,227 - overlay - INFO - State changed: NULL -> READY
2025-05-09 21:52:48,227 - overlay - INFO - State changed: NULL -> READY
2025-05-09 21:52:48,227 - overlay - INFO - State changed: READY -> PAUSED
2025-05-09 21:52:48,227 - overlay - INFO - State changed: PAUSED -> PLAYING
2025-05-09 21:52:48,227 - overlay - INFO - State changed: NULL -> READY
2025-05-09 21:52:48,227 - overlay - INFO - State changed: READY -> PAUSED
2025-05-09 21:52:48,227 - overlay - INFO - State changed: PAUSED -> PLAYING
2025-05-09 21:52:48,227 - overlay - INFO - State changed: READY -> PAUSED
2025-05-09 21:52:48,228 - overlay - INFO - State changed: PAUSED -> PLAYING
2025-05-09 21:52:48,228 - overlay - INFO - State changed: PAUSED -> PLAYING
2025-05-09 21:52:48,228 - overlay - INFO - State changed: PAUSED -> PLAYING
2025-05-09 21:52:48,228 - overlay - INFO - State changed: PAUSED -> PLAYING
2025-05-09 21:52:48,228 - overlay - INFO - State changed: NULL -> READY
2025-05-09 21:52:48,228 - overlay - INFO - State changed: READY -> PAUSED
2025-05-09 21:52:48,228 - overlay - INFO - State changed: PAUSED -> PLAYING
2025-05-09 21:52:48,228 - overlay - INFO - State changed: NULL -> READY
2025-05-09 21:52:48,228 - overlay - INFO - State changed: READY -> PAUSED
2025-05-09 21:52:48,228 - overlay - INFO - State changed: PAUSED -> PLAYING
2025-05-09 21:52:48,229 - overlay - INFO - State changed: PAUSED -> PLAYING
2025-05-09 21:52:48,229 - overlay - INFO - State changed: PAUSED -> PLAYING
2025-05-09 21:52:48,229 - overlay - INFO - State changed: PAUSED -> PLAYING
2025-05-09 21:52:48,229 - overlay - INFO - State changed: PAUSED -> PLAYING
2025-05-09 21:52:48,229 - overlay - INFO - State changed: READY -> PAUSED
2025-05-09 21:52:48,229 - overlay - INFO - State changed: PAUSED -> PLAYING
2025-05-09 21:52:48,229 - overlay - INFO - State changed: READY -> PAUSED
2025-05-09 21:52:48,229 - overlay - INFO - State changed: PAUSED -> PLAYING
2025-05-09 21:52:48,229 - overlay - INFO - State changed: NULL -> READY
2025-05-09 21:52:48,229 - overlay - INFO - State changed: READY -> PAUSED
2025-05-09 21:52:48,229 - overlay - INFO - State changed: PAUSED -> PLAYING
2025-05-09 21:52:48,230 - overlay - INFO - State changed: NULL -> READY
2025-05-09 21:52:48,230 - overlay - INFO - State changed: READY -> PAUSED
2025-05-09 21:52:48,230 - overlay - INFO - State changed: PAUSED -> PLAYING
2025-05-09 21:52:48,230 - overlay - INFO - State changed: PAUSED -> PLAYING
2025-05-09 21:52:48,230 - overlay - INFO - State changed: PAUSED -> PLAYING
2025-05-09 21:52:48,230 - overlay - INFO - State changed: PAUSED -> PLAYING
2025-05-09 21:52:48,230 - overlay - INFO - State changed: PAUSED -> PLAYING
2025-05-09 21:52:48,230 - overlay - INFO - State changed: READY -> PAUSED
2025-05-09 21:52:48,230 - overlay - INFO - State changed: PAUSED -> PLAYING
2025-05-09 21:52:48,230 - overlay - INFO - State changed: READY -> PAUSED
2025-05-09 21:52:48,231 - overlay - INFO - State changed: PAUSED -> PLAYING
2025-05-09 21:52:48,231 - overlay - INFO - State changed: PAUSED -> PLAYING
2025-05-09 21:52:48,231 - overlay - INFO - State changed: PAUSED -> PLAYING
2025-05-09 21:52:48,231 - overlay - INFO - State changed: PAUSED -> PLAYING
2025-05-09 21:52:48,231 - overlay - INFO - State changed: PAUSED -> PLAYING
2025-05-09 21:52:48,231 - overlay - INFO - State changed: READY -> PAUSED
2025-05-09 21:52:48,231 - overlay - INFO - State changed: PAUSED -> PLAYING
2025-05-09 21:52:48,231 - overlay - INFO - State changed: READY -> PAUSED
2025-05-09 21:52:48,232 - overlay - INFO - State changed: PAUSED -> PLAYING
2025-05-09 21:52:48,232 - overlay - INFO - State changed: PAUSED -> PLAYING
2025-05-09 21:52:48,232 - overlay - INFO - State changed: PAUSED -> PLAYING
2025-05-09 21:52:48,232 - overlay - INFO - State changed: PAUSED -> PLAYING
2025-05-09 21:52:48,232 - overlay - INFO - State changed: PAUSED -> PLAYING
2025-05-09 21:52:48,232 - overlay - INFO - State changed: READY -> PAUSED
2025-05-09 21:52:48,233 - overlay - INFO - State changed: PAUSED -> PLAYING
2025-05-09 21:52:48,233 - overlay - INFO - State changed: READY -> PAUSED
2025-05-09 21:52:48,233 - overlay - INFO - State changed: PAUSED -> PLAYING
2025-05-09 21:52:48,259 - overlay - INFO - State changed: NULL -> READY
2025-05-09 21:52:48,259 - overlay - INFO - State changed: NULL -> READY
2025-05-09 21:52:48,260 - overlay - INFO - State changed: NULL -> READY
2025-05-09 21:52:48,260 - overlay - INFO - State changed: READY -> PAUSED
2025-05-09 21:52:48,260 - overlay - INFO - State changed: PAUSED -> PLAYING
2025-05-09 21:52:48,261 - overlay - INFO - State changed: NULL -> READY
2025-05-09 21:52:48,261 - overlay - INFO - State changed: READY -> PAUSED
2025-05-09 21:52:48,262 - overlay - INFO - State changed: PAUSED -> PLAYING
2025-05-09 21:52:48,262 - overlay - INFO - State changed: READY -> PAUSED
2025-05-09 21:52:48,263 - overlay - INFO - State changed: PAUSED -> PLAYING
2025-05-09 21:52:48,263 - overlay - INFO - State changed: NULL -> READY
2025-05-09 21:52:48,264 - overlay - INFO - State changed: READY -> PAUSED
2025-05-09 21:52:48,264 - overlay - INFO - State changed: PAUSED -> PLAYING
2025-05-09 21:52:48,264 - overlay - INFO - State changed: READY -> PAUSED
2025-05-09 21:52:48,265 - overlay - INFO - State changed: PAUSED -> PLAYING
2025-05-09 21:52:48,265 - overlay - INFO - State changed: NULL -> READY
2025-05-09 21:52:48,265 - overlay - INFO - State changed: READY -> PAUSED
2025-05-09 21:52:48,266 - overlay - INFO - State changed: PAUSED -> PLAYING
2025-05-09 21:52:48,266 - overlay - INFO - State changed: NULL -> READY
2025-05-09 21:52:48,266 - overlay - INFO - State changed: READY -> PAUSED
2025-05-09 21:52:48,267 - overlay - INFO - State changed: PAUSED -> PLAYING
2025-05-09 21:52:48,267 - overlay - INFO - State changed: NULL -> READY
2025-05-09 21:52:48,268 - overlay - INFO - State changed: READY -> PAUSED
2025-05-09 21:52:48,268 - overlay - INFO - State changed: PAUSED -> PLAYING
2025-05-09 21:52:48,274 - overlay - ERROR - GStreamer ERROR: Internal data stream error.
2025-05-09 21:52:48,275 - overlay - ERROR - Debug info: ../libs/gst/base/gstbasesrc.c(3177): gst_base_src_loop (): /GstPipeline:main-pipeline/GstPulseSrc:audio_src:
streaming stopped, reason not-linked (-1)
2025-05-09 21:52:48,275 - overlay - ERROR - GStreamer ERROR: Internal data stream error.
2025-05-09 21:52:48,275 - overlay - ERROR - Debug info: ../plugins/elements/gstqueue.c(1035): gst_queue_handle_sink_event (): /GstPipeline:main-pipeline/GstQueue:audio_queue:
streaming stopped, reason not-linked (-1)
2025-05-09 21:52:48,472 - overlay - INFO - 🌐 Opening overlay URL in Playwright: http://103.217.176.16:8080/scorecards/baseball/scorecard/1
2025-05-09 21:52:49,133 - overlay - INFO - Fetching gamestats with ID: 1
2025-05-09 21:52:49,133 - overlay - INFO - Fetching graphics with ID: 1
2025-05-09 21:52:49,147 - overlay - INFO - Fetching graphics with ID: 1
2025-05-09 21:52:49,923 - overlay - INFO - 🔧 Injected transparent background for overlay rendering
2025-05-09 21:52:49,982 - overlay - INFO - 📸 Screenshot captured: url_shots/ec4c7f4b-6fe5-478b-a7e3-5dd2bb3285b7.png
2025-05-09 21:52:49,984 - overlay - INFO - 🖼️ Updated overlay with PNG: url_shots/ec4c7f4b-6fe5-478b-a7e3-5dd2bb3285b7.png
2025-05-09 21:52:50,251 - overlay - INFO - State changed: NULL -> READY
2025-05-09 21:52:50,252 - overlay - INFO - State changed: NULL -> READY
2025-05-09 21:52:50,253 - overlay - INFO - State changed: PAUSED -> PAUSED
2025-05-09 21:52:50,254 - overlay - INFO - State changed: READY -> PAUSED
2025-05-09 21:52:50,254 - overlay - INFO - State changed: NULL -> READY
2025-05-09 21:52:50,254 - overlay - INFO - State changed: NULL -> READY
2025-05-09 21:52:50,255 - overlay - INFO - State changed: PAUSED -> PAUSED
2025-05-09 21:52:50,255 - overlay - INFO - State changed: NULL -> READY
2025-05-09 21:52:50,255 - overlay - INFO - State changed: NULL -> READY
2025-05-09 21:52:50,256 - overlay - INFO - State changed: PAUSED -> PAUSED
2025-05-09 21:52:50,256 - overlay - INFO - State changed: READY -> PAUSED
2025-05-09 21:52:50,256 - overlay - INFO - State changed: READY -> PAUSED
2025-05-09 21:52:50,257 - overlay - INFO - State changed: NULL -> READY
2025-05-09 21:52:50,257 - overlay - INFO - State changed: NULL -> READY
2025-05-09 21:52:50,258 - overlay - INFO - State changed: PAUSED -> PAUSED
2025-05-09 21:52:50,258 - overlay - INFO - State changed: READY -> PAUSED
2025-05-09 21:52:50,258 - overlay - INFO - State changed: NULL -> READY
2025-05-09 21:52:50,259 - overlay - INFO - State changed: NULL -> READY
2025-05-09 21:52:50,259 - overlay - INFO - State changed: READY -> PAUSED
2025-05-09 21:52:50,260 - overlay - INFO - State changed: READY -> PAUSED
2025-05-09 21:52:50,260 - overlay - INFO - State changed: NULL -> READY
2025-05-09 21:52:50,261 - overlay - INFO - State changed: NULL -> READY
2025-05-09 21:52:50,262 - overlay - INFO - State changed: READY -> PAUSED
2025-05-09 21:52:50,262 - overlay - INFO - State changed: READY -> PAUSED
2025-05-09 21:52:50,263 - overlay - INFO - State changed: NULL -> READY
2025-05-09 21:52:50,264 - overlay - INFO - State changed: NULL -> READY
2025-05-09 21:52:50,264 - overlay - INFO - State changed: NULL -> READY
2025-05-09 21:52:50,265 - overlay - INFO - State changed: READY -> PAUSED
2025-05-09 21:52:50,265 - overlay - INFO - State changed: READY -> PAUSED
2025-05-09 21:52:50,265 - overlay - INFO - State changed: READY -> PAUSED
2025-05-09 21:52:50,266 - overlay - INFO - State changed: NULL -> READY
2025-05-09 21:52:50,266 - overlay - INFO - State changed: READY -> PAUSED
2025-05-09 21:52:50,266 - overlay - INFO - State changed: NULL -> READY
2025-05-09 21:52:50,267 - overlay - INFO - State changed: READY -> PAUSED
2025-05-09 21:52:50,267 - overlay - INFO - State changed: NULL -> READY
2025-05-09 21:52:50,267 - overlay - INFO - State changed: READY -> PAUSED
2025-05-09 21:52:50,268 - overlay - INFO - State changed: NULL -> READY
2025-05-09 21:52:50,269 - overlay - INFO - State changed: READY -> PAUSED
2025-05-09 21:52:50,269 - overlay - INFO - 🧩 on_pad_added called from source2
2025-05-09 21:52:50,270 - overlay - INFO - 📦 Pad caps: video/x-raw, format=(string)NV12, width=(int)1920, height=(int)1080, interlace-mode=(string)progressive, multiview-mode=(string)mono, multiview-flags=(GstVideoMultiviewFlagsSet)0:ffffffff:/right-view-first/left-flipped/left-flopped/right-flipped/right-flopped/half-aspect/mixed-mono, pixel-aspect-ratio=(fraction)1/1, colorimetry=(string)1:3:5:1, framerate=(fraction)30/1;
2025-05-09 21:52:50,270 - overlay - INFO - 🔗 Handling pad from source URI: rtsp://192.168.100.150:8547/h264
2025-05-09 21:52:50,270 - overlay - INFO - ✅ Requested sink pad sink_0 for rtsp://192.168.100.150:8547/h264
2025-05-09 21:52:50,271 - overlay - INFO - 🧩 on_pad_added called from source3
2025-05-09 21:52:50,271 - overlay - INFO - 📦 Pad caps: video/x-raw, format=(string)NV12, width=(int)1920, height=(int)1080, interlace-mode=(string)progressive, multiview-mode=(string)mono, multiview-flags=(GstVideoMultiviewFlagsSet)0:ffffffff:/right-view-first/left-flipped/left-flopped/right-flipped/right-flopped/half-aspect/mixed-mono, pixel-aspect-ratio=(fraction)1/1, colorimetry=(string)1:3:5:1, framerate=(fraction)30/1;
2025-05-09 21:52:50,272 - overlay - INFO - 🔗 Handling pad from source URI: rtsp://192.168.100.150:8547/h264
2025-05-09 21:52:50,272 - overlay - INFO - State changed: NULL -> READY
2025-05-09 21:52:50,273 - overlay - INFO - ✅ Requested sink pad sink_1 for rtsp://192.168.100.150:8547/h264
2025-05-09 21:52:50,273 - overlay - INFO - 🧩 on_pad_added called from source1
2025-05-09 21:52:50,276 - overlay - INFO - State changed: READY -> PAUSED
2025-05-09 21:52:50,277 - overlay - INFO - 📦 Pad caps: video/x-raw, format=(string)NV12, width=(int)1920, height=(int)1080, interlace-mode=(string)progressive, multiview-mode=(string)mono, multiview-flags=(GstVideoMultiviewFlagsSet)0:ffffffff:/right-view-first/left-flipped/left-flopped/right-flipped/right-flopped/half-aspect/mixed-mono, pixel-aspect-ratio=(fraction)1/1, colorimetry=(string)1:3:5:1, framerate=(fraction)30/1;
2025-05-09 21:52:50,277 - overlay - INFO - 🔗 Handling pad from source URI: rtsp://192.168.100.150:8547/h264
2025-05-09 21:52:50,277 - overlay - INFO - ✅ Requested sink pad sink_2 for rtsp://192.168.100.150:8547/h264
2025-05-09 21:52:50,286 - overlay - INFO - 🧩 on_pad_added called from source4
2025-05-09 21:52:50,288 - overlay - INFO - 📦 Pad caps: video/x-raw, format=(string)NV12, width=(int)1920, height=(int)1080, interlace-mode=(string)progressive, multiview-mode=(string)mono, multiview-flags=(GstVideoMultiviewFlagsSet)0:ffffffff:/right-view-first/left-flipped/left-flopped/right-flipped/right-flopped/half-aspect/mixed-mono, pixel-aspect-ratio=(fraction)1/1, colorimetry=(string)1:3:5:1, framerate=(fraction)30/1;
2025-05-09 21:52:50,289 - overlay - INFO - 🔗 Handling pad from source URI: rtsp://192.168.100.150:8547/h264
2025-05-09 21:52:50,295 - overlay - INFO - ✅ Successfully linked rtsp://192.168.100.150:8547/h264 to sink_0
2025-05-09 21:52:50,296 - overlay - INFO - ✅ Requested sink pad sink_3 for rtsp://192.168.100.150:8547/h264
2025-05-09 21:52:50,296 - overlay - INFO - 🎬 Set active pad to rtsp://192.168.100.150:8547/h264
2025-05-09 21:52:50,297 - overlay - INFO - State changed: READY -> PAUSED
2025-05-09 21:52:50,297 - overlay - INFO - State changed: PAUSED -> PAUSED
2025-05-09 21:52:50,313 - overlay - INFO - ✅ Successfully linked rtsp://192.168.100.150:8547/h264 to sink_3
2025-05-09 21:52:50,314 - overlay - INFO - 🎬 Set active pad to rtsp://192.168.100.150:8547/h264
2025-05-09 21:52:50,314 - overlay - INFO - State changed: READY -> PAUSED
2025-05-09 21:52:50,315 - overlay - INFO - State changed: PAUSED -> PAUSED
2025-05-09 21:52:50,324 - overlay - INFO - ✅ Successfully linked rtsp://192.168.100.150:8547/h264 to sink_1
2025-05-09 21:52:50,324 - overlay - INFO - 🎬 Set active pad to rtsp://192.168.100.150:8547/h264
2025-05-09 21:52:50,324 - overlay - INFO - State changed: READY -> PAUSED
2025-05-09 21:52:50,324 - overlay - INFO - State changed: PAUSED -> PAUSED
2025-05-09 21:52:50,330 - overlay - INFO - ✅ Successfully linked rtsp://192.168.100.150:8547/h264 to sink_2
2025-05-09 21:52:50,331 - overlay - INFO - 🎬 Set active pad to rtsp://192.168.100.150:8547/h264
2025-05-09 21:52:50,332 - overlay - INFO - State changed: READY -> PAUSED
2025-05-09 21:52:50,333 - overlay - INFO - State changed: PAUSED -> PAUSED
2025-05-09 21:52:51,034 - overlay - INFO - 📸 Screenshot captured: url_shots/71faf5da-30f9-43cd-8dff-597c994dfb94.png
2025-05-09 21:52:51,038 - overlay - INFO - 🖼️ Updated overlay with PNG: url_shots/71faf5da-30f9-43cd-8dff-597c994dfb94.png
2025-05-09 21:52:51,222 - overlay - INFO - Switching to rtsp://192.168.100.150:8547/h264 (Attempt 1/15)
2025-05-09 21:52:51,222 - overlay - INFO - Setting camera ID 1 as default
2025-05-09 21:52:51,226 - overlay - INFO - All cameras' Default fields set to false
2025-05-09 21:52:51,238 - overlay - INFO - Camera ID 1 set as default
2025-05-09 21:52:52,094 - overlay - INFO - 📸 Screenshot captured: url_shots/ac1a0ad5-379b-4389-b38c-b992e5ebf674.png
2025-05-09 21:52:52,097 - overlay - INFO - 🖼️ Updated overlay with PNG: url_shots/ac1a0ad5-379b-4389-b38c-b992e5ebf674.png
2025-05-09 21:52:52,345 - recording_session - INFO - Finalizing chunk: /var/www/html/public/assets/uploads/CAM1/2025-05-09/1746809552.mp4
2025-05-09 21:52:52,667 - recording_session - INFO - 📤 Enqueuing for slow motion: /var/www/html/public/assets/uploads/CAM1/2025-05-09/1746809552.mp4
2025-05-09 21:52:52,669 - recording_session - INFO - Finalizing chunk: /var/www/html/public/assets/uploads/CAM2/2025-05-09/1746809552.mp4
2025-05-09 21:52:52,964 - ffmpeg_post_process - INFO - 🎞️ Processing slow motion: /var/www/html/public/assets/uploads/CAM1/2025-05-09/1746809552.mp4
2025-05-09 21:52:52,988 - recording_session - INFO - 📤 Enqueuing for slow motion: /var/www/html/public/assets/uploads/CAM2/2025-05-09/1746809552.mp4
2025-05-09 21:52:52,989 - recording_session - INFO - Finalizing chunk: /var/www/html/public/assets/uploads/CAM3/2025-05-09/1746809552.mp4
2025-05-09 21:52:53,126 - overlay - INFO - Stopping pipeline...
2025-05-09 21:52:53,284 - ffmpeg_post_process - INFO - 🎞️ Processing slow motion: /var/www/html/public/assets/uploads/CAM2/2025-05-09/1746809552.mp4
2025-05-09 21:52:53,288 - overlay - INFO - Pipeline fully stopped and resources released
