2025-04-27 22:50:54,880 - overlay - INFO - Fetching all CameraURLs records
2025-04-27 22:50:54,889 - recording_session - INFO - 🚀 SlowMoWorker started
2025-04-27 22:50:54,891 - overlay - INFO - Fetching all CameraURLs records
2025-04-27 22:50:54,910 - recording_session - INFO - 🧹 Cleanup done. Deleted 0 files.
2025-04-27 22:50:54,921 - recording_session - INFO - 🎥 Recording thread started for camera 1
2025-04-27 22:50:54,921 - overlay - INFO - Started recording for camera 1: rtsp://192.168.100.150:8547/h264
2025-04-27 22:50:54,932 - recording_session - INFO - 🎥 Recording thread started for camera 2
2025-04-27 22:50:54,932 - overlay - INFO - Started recording for camera 2: rtsp://192.168.100.150:8547/h264
2025-04-27 22:50:54,942 - recording_session - INFO - 🎥 Recording thread started for camera 3
2025-04-27 22:50:54,943 - overlay - INFO - Started recording for camera 3: rtsp://192.168.100.150:8547/h264
2025-04-27 22:50:54,946 - recording_session - INFO - 🧪 Starting GStreamer pipeline for camera 1
2025-04-27 22:50:54,947 - recording_session - INFO - 🧪 Starting GStreamer pipeline for camera 3
2025-04-27 22:50:54,947 - recording_session - INFO - 🧪 Starting GStreamer pipeline for camera 2
2025-04-27 22:50:54,950 - recording_session - INFO - ✅ Pipeline set to PLAYING for camera 3
2025-04-27 22:50:54,950 - recording_session - INFO - ✅ Pipeline set to PLAYING for camera 1
2025-04-27 22:50:54,959 - recording_session - INFO - ✅ Pipeline set to PLAYING for camera 2
2025-04-27 22:50:54,960 - recording_session - INFO - 🎥 Recording thread started for camera 4
2025-04-27 22:50:54,960 - overlay - INFO - Started recording for camera 4: rtsp://192.168.100.150:8547/h264
2025-04-27 22:50:54,972 - recording_session - INFO - 🧪 Starting GStreamer pipeline for camera 4
2025-04-27 22:50:54,974 - recording_session - INFO - ✅ Pipeline set to PLAYING for camera 4
2025-04-27 22:50:55,002 - recording_session - INFO - 🔌 pad-added signal for camera 4
2025-04-27 22:50:55,003 - recording_session - INFO - 🔗 Linked rtspsrc pad to depay for camera 4
