2025-04-27 22:39:10,260 - overlay - INFO - Fetching all CameraURLs records
2025-04-27 22:39:10,270 - recording_session - INFO - 🚀 SlowMoWorker started
2025-04-27 22:39:10,271 - overlay - INFO - Fetching all CameraURLs records
2025-04-27 22:39:10,282 - recording_session - INFO - 🧹 Cleanup done. Deleted 0 files.
2025-04-27 22:39:10,289 - recording_session - INFO - 🎥 Recording thread started for camera 1
2025-04-27 22:39:10,294 - overlay - INFO - Started recording for camera 1: rtsp://192.168.100.150:8547/h264
2025-04-27 22:39:10,306 - recording_session - INFO - 🎥 Recording thread started for camera 2
2025-04-27 22:39:10,306 - overlay - INFO - Started recording for camera 2: rtsp://192.168.100.150:8547/h264
2025-04-27 22:39:10,312 - recording_session - INFO - 🧪 Starting GStreamer pipeline for camera 2
2025-04-27 22:39:10,312 - recording_session - INFO - 🧪 Starting GStreamer pipeline for camera 1
2025-04-27 22:39:10,314 - recording_session - INFO - ✅ Pipeline set to PLAYING for camera 1
2025-04-27 22:39:10,314 - recording_session - INFO - ✅ Pipeline set to PLAYING for camera 2
2025-04-27 22:39:10,315 - recording_session - INFO - 🎥 Recording thread started for camera 3
2025-04-27 22:39:10,333 - overlay - INFO - Started recording for camera 3: rtsp://192.168.100.150:8547/h264
2025-04-27 22:39:10,333 - recording_session - INFO - 🧪 Starting GStreamer pipeline for camera 3
2025-04-27 22:39:10,337 - recording_session - INFO - ✅ Pipeline set to PLAYING for camera 3
2025-04-27 22:39:10,341 - recording_session - INFO - 🎥 Recording thread started for camera 4
2025-04-27 22:39:10,342 - overlay - INFO - Started recording for camera 4: rtsp://192.168.100.150:8547/h264
2025-04-27 22:39:10,343 - recording_session - INFO - 🧪 Starting GStreamer pipeline for camera 4
2025-04-27 22:39:10,344 - recording_session - INFO - ✅ Pipeline set to PLAYING for camera 4
2025-04-27 22:39:10,369 - recording_session - INFO - 🔌 pad-added signal for camera 3
2025-04-27 22:39:10,370 - recording_session - INFO - 🔗 Linked rtspsrc pad to depay for camera 3
2025-04-27 22:39:10,379 - recording_session - INFO - 🔌 pad-added signal for camera 4
2025-04-27 22:39:10,379 - recording_session - INFO - 🔗 Linked rtspsrc pad to depay for camera 4
