2025-04-27 22:40:35,653 - overlay - INFO - Fetching all CameraURLs records
2025-04-27 22:40:35,664 - recording_session - INFO - 🚀 SlowMoWorker started
2025-04-27 22:40:35,666 - overlay - INFO - Fetching all CameraURLs records
2025-04-27 22:40:35,680 - recording_session - INFO - 🧹 Cleanup done. Deleted 0 files.
2025-04-27 22:40:35,684 - recording_session - INFO - 🎥 Recording thread started for camera 1
2025-04-27 22:40:35,687 - overlay - INFO - Started recording for camera 1: rtsp://192.168.100.150:8547/h264
2025-04-27 22:40:35,700 - recording_session - INFO - 🎥 Recording thread started for camera 2
2025-04-27 22:40:35,701 - overlay - INFO - Started recording for camera 2: rtsp://192.168.100.150:8547/h264
2025-04-27 22:40:35,705 - recording_session - INFO - 🧪 Starting GStreamer pipeline for camera 2
2025-04-27 22:40:35,705 - recording_session - INFO - 🧪 Starting GStreamer pipeline for camera 1
2025-04-27 22:40:35,707 - recording_session - INFO - ✅ Pipeline set to PLAYING for camera 2
2025-04-27 22:40:35,707 - recording_session - INFO - 🎥 Recording thread started for camera 3
2025-04-27 22:40:35,707 - recording_session - INFO - ✅ Pipeline set to PLAYING for camera 1
2025-04-27 22:40:35,716 - overlay - INFO - Started recording for camera 3: rtsp://192.168.100.150:8547/h264
2025-04-27 22:40:35,724 - recording_session - INFO - 🧪 Starting GStreamer pipeline for camera 3
2025-04-27 22:40:35,726 - recording_session - INFO - ✅ Pipeline set to PLAYING for camera 3
2025-04-27 22:40:35,733 - recording_session - INFO - 🎥 Recording thread started for camera 4
2025-04-27 22:40:35,733 - overlay - INFO - Started recording for camera 4: rtsp://192.168.100.150:8547/h264
2025-04-27 22:40:35,736 - recording_session - INFO - 🧪 Starting GStreamer pipeline for camera 4
2025-04-27 22:40:35,738 - recording_session - INFO - ✅ Pipeline set to PLAYING for camera 4
2025-04-27 22:40:35,765 - recording_session - INFO - 🔌 pad-added signal for camera 4
2025-04-27 22:40:35,767 - recording_session - INFO - 🔗 Linked rtspsrc pad to depay for camera 4
