2025-04-27 22:36:29,139 - overlay - INFO - Fetching all CameraURLs records
2025-04-27 22:36:29,149 - recording_session - INFO - 🚀 SlowMoWorker started
2025-04-27 22:36:29,150 - overlay - INFO - Fetching all CameraURLs records
2025-04-27 22:36:29,162 - recording_session - INFO - 🧹 Cleanup done. Deleted 0 files.
2025-04-27 22:36:29,177 - recording_session - INFO - 🎥 Recording thread started for camera 1
2025-04-27 22:36:29,177 - overlay - INFO - Started recording for camera 1: rtsp://192.168.100.150:8547/h264
2025-04-27 22:36:29,188 - recording_session - INFO - 🎥 Recording thread started for camera 2
2025-04-27 22:36:29,189 - overlay - INFO - Started recording for camera 2: rtsp://192.168.100.150:8547/h264
2025-04-27 22:36:29,194 - recording_session - INFO - 🧪 Starting GStreamer pipeline for camera 2
2025-04-27 22:36:29,195 - recording_session - INFO - 🧪 Starting GStreamer pipeline for camera 1
2025-04-27 22:36:29,196 - recording_session - INFO - ✅ Pipeline set to PLAYING for camera 2
2025-04-27 22:36:29,211 - recording_session - INFO - ✅ Pipeline set to PLAYING for camera 1
2025-04-27 22:36:29,214 - recording_session - INFO - 🎥 Recording thread started for camera 3
2025-04-27 22:36:29,214 - overlay - INFO - Started recording for camera 3: rtsp://192.168.100.150:8547/h264
2025-04-27 22:36:29,216 - recording_session - INFO - 🧪 Starting GStreamer pipeline for camera 3
2025-04-27 22:36:29,217 - recording_session - INFO - ✅ Pipeline set to PLAYING for camera 3
2025-04-27 22:36:29,225 - recording_session - INFO - 🎥 Recording thread started for camera 4
2025-04-27 22:36:29,225 - overlay - INFO - Started recording for camera 4: rtsp://192.168.100.150:8547/h264
2025-04-27 22:36:29,232 - recording_session - INFO - 🧪 Starting GStreamer pipeline for camera 4
2025-04-27 22:36:29,234 - recording_session - INFO - ✅ Pipeline set to PLAYING for camera 4
2025-04-27 22:36:29,265 - recording_session - INFO - 🔌 pad-added signal for camera 4
2025-04-27 22:36:29,266 - recording_session - INFO - 🔗 Linked rtspsrc pad to depay for camera 4
