2025-04-27 22:52:43,906 - overlay - INFO - Fetching all CameraURLs records
2025-04-27 22:52:43,918 - recording_session - INFO - 🚀 SlowMoWorker started
2025-04-27 22:52:43,919 - overlay - INFO - Fetching all CameraURLs records
2025-04-27 22:52:43,932 - recording_session - INFO - 🧹 Cleanup done. Deleted 0 files.
2025-04-27 22:52:43,939 - recording_session - INFO - 🎥 Recording thread started for camera 1
2025-04-27 22:52:43,941 - overlay - INFO - Started recording for camera 1: rtsp://192.168.100.150:8547/h264
2025-04-27 22:52:43,950 - recording_session - INFO - 🎥 Recording thread started for camera 2
2025-04-27 22:52:43,951 - overlay - INFO - Started recording for camera 2: rtsp://192.168.100.150:8547/h264
2025-04-27 22:52:43,956 - recording_session - INFO - 🧪 Starting GStreamer pipeline for camera 1
2025-04-27 22:52:43,957 - recording_session - INFO - 🧪 Starting GStreamer pipeline for camera 2
2025-04-27 22:52:43,958 - recording_session - INFO - ✅ Pipeline set to PLAYING for camera 1
2025-04-27 22:52:43,958 - recording_session - INFO - ✅ Pipeline set to PLAYING for camera 2
2025-04-27 22:52:43,968 - recording_session - INFO - 🎥 Recording thread started for camera 3
2025-04-27 22:52:43,968 - overlay - INFO - Started recording for camera 3: rtsp://192.168.100.150:8547/h264
2025-04-27 22:52:43,969 - recording_session - INFO - 🧪 Starting GStreamer pipeline for camera 3
2025-04-27 22:52:43,974 - recording_session - INFO - ✅ Pipeline set to PLAYING for camera 3
2025-04-27 22:52:43,978 - recording_session - INFO - 🎥 Recording thread started for camera 4
2025-04-27 22:52:43,978 - overlay - INFO - Started recording for camera 4: rtsp://192.168.100.150:8547/h264
2025-04-27 22:52:43,979 - recording_session - INFO - 🧪 Starting GStreamer pipeline for camera 4
2025-04-27 22:52:43,981 - recording_session - INFO - ✅ Pipeline set to PLAYING for camera 4
2025-04-27 22:52:44,012 - recording_session - INFO - 🔌 pad-added signal for camera 4
2025-04-27 22:52:44,013 - recording_session - INFO - 🔗 Linked rtspsrc pad to depay for camera 4
