2025-05-11 00:16:49,853 - overlay - INFO - Fetching all CameraURLs records
2025-05-11 00:16:49,860 - recording_session - INFO - 🚀 SlowMoWorkers started: 4 threads
2025-05-11 00:16:49,860 - overlay - INFO - Fetching all CameraURLs records
2025-05-11 00:16:49,869 - recording_session - INFO - 🎥 Recording thread started for camera 1
2025-05-11 00:16:49,869 - overlay - INFO - Started recording for camera 1: rtsp://192.168.100.150:8547/h264
2025-05-11 00:16:49,887 - recording_session - INFO - 🎥 Recording thread started for camera 2
2025-05-11 00:16:49,887 - overlay - INFO - Started recording for camera 2: rtsp://192.168.100.150:8547/h264
2025-05-11 00:16:49,897 - recording_session - INFO - 🎥 Recording thread started for camera 3
2025-05-11 00:16:49,897 - overlay - INFO - Started recording for camera 3: rtsp://192.168.100.150:8547/h264
2025-05-11 00:16:49,907 - recording_session - INFO - 🎥 Recording thread started for camera 4
2025-05-11 00:16:49,908 - overlay - INFO - Started recording for camera 4: rtsp://192.168.100.150:8547/h264
2025-05-11 00:16:49,918 - recording_session - INFO - 🧪 Starting GStreamer pipeline for camera 3
2025-05-11 00:16:49,922 - recording_session - INFO - 🧪 Starting GStreamer pipeline for camera 1
2025-05-11 00:16:49,922 - recording_session - INFO - 🧪 Starting GStreamer pipeline for camera 2
2025-05-11 00:16:49,919 - recording_session - INFO - 🧪 Starting GStreamer pipeline for camera 4
2025-05-11 00:16:49,931 - recording_session - INFO - ✅ Pipeline PLAYING for camera 3
2025-05-11 00:16:49,944 - recording_session - INFO - ✅ Pipeline PLAYING for camera 2
2025-05-11 00:16:49,945 - recording_session - INFO - ✅ Pipeline PLAYING for camera 1
2025-05-11 00:16:49,948 - recording_session - INFO - ✅ Pipeline PLAYING for camera 4
2025-05-11 00:16:50,109 - recording_session - INFO - ✅ Linked rtspsrc → depay for camera 3
2025-05-11 00:16:50,117 - recording_session - INFO - ✅ Linked rtspsrc → depay for camera 1
2025-05-11 00:16:50,119 - recording_session - INFO - ✅ Linked rtspsrc → depay for camera 4
2025-05-11 00:16:50,120 - recording_session - INFO - ✅ Linked rtspsrc → depay for camera 2
2025-05-11 00:16:50,127 - recording_session - INFO - 📁 Started recording chunk: /var/www/html/public/assets/uploads/CAM3/2025-05-11/1746904610.mp4
2025-05-11 00:16:50,136 - recording_session - INFO - 📁 Started recording chunk: /var/www/html/public/assets/uploads/CAM4/2025-05-11/1746904610.mp4
2025-05-11 00:16:50,148 - recording_session - INFO - 📁 Started recording chunk: /var/www/html/public/assets/uploads/CAM1/2025-05-11/1746904610.mp4
2025-05-11 00:16:50,169 - recording_session - INFO - 📁 Started recording chunk: /var/www/html/public/assets/uploads/CAM2/2025-05-11/1746904610.mp4
2025-05-11 00:16:58,179 - overlay - INFO - Fetching all graphics records
2025-05-11 00:16:58,179 - overlay - INFO - Fetching all CameraURLs records
2025-05-11 00:16:58,183 - overlay - INFO - Found 1 graphics records
2025-05-11 00:16:58,187 - overlay - INFO - Found 4 CameraURLs records
2025-05-11 00:16:58,294 - overlay - INFO - Fetching gamestats with ID: 1
2025-05-11 00:16:58,294 - overlay - INFO - Fetching graphics with ID: 1
2025-05-11 00:16:58,354 - overlay - INFO - Fetching graphics with ID: 1
2025-05-11 00:17:00,422 - overlay - INFO - Loaded stream target (ID: 1): srt => srt://origin-v2.vewbie.com:7010
2025-05-11 00:17:00,422 - overlay - INFO - Creating pipeline for srt stream to: srt://origin-v2.vewbie.com:7010
2025-05-11 00:17:00,529 - overlay - INFO - 🧩 Dynamic overlay URL set to: http://103.217.176.16:8080/scorecards/baseball/scorecard/1
2025-05-11 00:17:00,529 - overlay - INFO - Adding overlay for position: tl
2025-05-11 00:17:00,531 - overlay - INFO - Screenshot capture started...
2025-05-11 00:17:00,531 - overlay - INFO - Position set to tl (X: 10, Y: 10)
2025-05-11 00:17:01,143 - overlay - INFO - 🌐 Opening overlay URL in Playwright: http://103.217.176.16:8080/scorecards/baseball/scorecard/1
2025-05-11 00:17:01,190 - overlay - INFO - State changed: NULL -> READY
2025-05-11 00:17:01,191 - overlay - INFO - State changed: NULL -> READY
2025-05-11 00:17:01,191 - overlay - INFO - State changed: NULL -> READY
2025-05-11 00:17:01,192 - overlay - INFO - State changed: NULL -> READY
2025-05-11 00:17:01,192 - overlay - INFO - State changed: NULL -> READY
2025-05-11 00:17:01,192 - overlay - INFO - State changed: NULL -> READY
2025-05-11 00:17:01,193 - overlay - INFO - State changed: NULL -> READY
2025-05-11 00:17:01,193 - overlay - INFO - State changed: NULL -> READY
2025-05-11 00:17:01,194 - overlay - INFO - State changed: NULL -> READY
2025-05-11 00:17:01,194 - overlay - INFO - State changed: NULL -> READY
2025-05-11 00:17:01,194 - overlay - INFO - State changed: NULL -> READY
2025-05-11 00:17:01,194 - overlay - INFO - State changed: NULL -> READY
2025-05-11 00:17:01,194 - overlay - INFO - State changed: NULL -> READY
2025-05-11 00:17:01,194 - overlay - INFO - State changed: NULL -> READY
2025-05-11 00:17:01,194 - overlay - INFO - State changed: NULL -> READY
2025-05-11 00:17:01,195 - overlay - INFO - State changed: NULL -> READY
2025-05-11 00:17:01,195 - overlay - INFO - State changed: NULL -> READY
2025-05-11 00:17:01,195 - overlay - INFO - State changed: NULL -> READY
2025-05-11 00:17:01,195 - overlay - INFO - State changed: NULL -> READY
2025-05-11 00:17:01,195 - overlay - INFO - State changed: NULL -> READY
2025-05-11 00:17:01,195 - overlay - INFO - State changed: NULL -> READY
2025-05-11 00:17:01,195 - overlay - INFO - State changed: NULL -> READY
2025-05-11 00:17:01,195 - overlay - INFO - State changed: NULL -> READY
2025-05-11 00:17:01,195 - overlay - INFO - State changed: NULL -> READY
2025-05-11 00:17:01,195 - overlay - INFO - State changed: NULL -> READY
2025-05-11 00:17:01,196 - overlay - INFO - State changed: READY -> PAUSED
2025-05-11 00:17:01,196 - overlay - INFO - State changed: READY -> PAUSED
2025-05-11 00:17:01,196 - overlay - INFO - State changed: READY -> PAUSED
2025-05-11 00:17:01,196 - overlay - INFO - State changed: READY -> PAUSED
2025-05-11 00:17:01,196 - overlay - INFO - State changed: READY -> PAUSED
2025-05-11 00:17:01,196 - overlay - INFO - State changed: READY -> PAUSED
2025-05-11 00:17:01,196 - overlay - INFO - State changed: READY -> PAUSED
2025-05-11 00:17:01,196 - overlay - INFO - State changed: READY -> PAUSED
2025-05-11 00:17:01,196 - overlay - INFO - State changed: READY -> PAUSED
2025-05-11 00:17:01,196 - overlay - INFO - State changed: READY -> PAUSED
2025-05-11 00:17:01,197 - overlay - INFO - State changed: READY -> PAUSED
2025-05-11 00:17:01,197 - overlay - INFO - State changed: READY -> PAUSED
2025-05-11 00:17:01,197 - overlay - INFO - State changed: READY -> PAUSED
2025-05-11 00:17:01,197 - overlay - INFO - State changed: READY -> PAUSED
2025-05-11 00:17:01,197 - overlay - INFO - State changed: READY -> PAUSED
2025-05-11 00:17:01,197 - overlay - INFO - State changed: READY -> PAUSED
2025-05-11 00:17:01,197 - overlay - INFO - State changed: READY -> PAUSED
2025-05-11 00:17:01,197 - overlay - INFO - State changed: READY -> PAUSED
2025-05-11 00:17:01,197 - overlay - INFO - State changed: READY -> PAUSED
2025-05-11 00:17:01,197 - overlay - INFO - State changed: NULL -> READY
2025-05-11 00:17:01,198 - overlay - INFO - State changed: READY -> PAUSED
2025-05-11 00:17:01,198 - overlay - INFO - State changed: READY -> PAUSED
2025-05-11 00:17:01,198 - overlay - INFO - State changed: NULL -> READY
2025-05-11 00:17:01,198 - overlay - INFO - State changed: READY -> PAUSED
2025-05-11 00:17:01,198 - overlay - INFO - State changed: READY -> PAUSED
2025-05-11 00:17:01,198 - overlay - INFO - State changed: NULL -> READY
2025-05-11 00:17:01,198 - overlay - INFO - State changed: READY -> PAUSED
2025-05-11 00:17:01,198 - overlay - INFO - State changed: READY -> PAUSED
2025-05-11 00:17:01,198 - overlay - INFO - State changed: NULL -> READY
2025-05-11 00:17:01,194 - overlay - INFO - Pipeline thread started with state transition
2025-05-11 00:17:01,199 - overlay - INFO - State changed: READY -> PAUSED
2025-05-11 00:17:01,199 - overlay - INFO - State changed: READY -> PAUSED
2025-05-11 00:17:01,199 - overlay - INFO - State changed: READY -> PAUSED
2025-05-11 00:17:01,199 - overlay - INFO - State changed: PAUSED -> PLAYING
2025-05-11 00:17:01,199 - overlay - INFO - State changed: PAUSED -> PLAYING
2025-05-11 00:17:01,199 - overlay - INFO - State changed: PAUSED -> PLAYING
2025-05-11 00:17:01,200 - overlay - INFO - State changed: PAUSED -> PLAYING
2025-05-11 00:17:01,200 - overlay - INFO - State changed: PAUSED -> PLAYING
2025-05-11 00:17:01,200 - overlay - INFO - State changed: PAUSED -> PLAYING
2025-05-11 00:17:01,200 - overlay - INFO - State changed: PAUSED -> PLAYING
2025-05-11 00:17:01,200 - overlay - INFO - State changed: PAUSED -> PLAYING
2025-05-11 00:17:01,200 - overlay - INFO - State changed: PAUSED -> PLAYING
2025-05-11 00:17:01,200 - overlay - INFO - State changed: PAUSED -> PLAYING
2025-05-11 00:17:01,200 - overlay - INFO - State changed: PAUSED -> PLAYING
2025-05-11 00:17:01,200 - overlay - INFO - State changed: PAUSED -> PLAYING
2025-05-11 00:17:01,200 - overlay - INFO - State changed: PAUSED -> PLAYING
2025-05-11 00:17:01,200 - overlay - INFO - State changed: PAUSED -> PLAYING
2025-05-11 00:17:01,201 - overlay - INFO - State changed: PAUSED -> PLAYING
2025-05-11 00:17:01,201 - overlay - INFO - State changed: PAUSED -> PLAYING
2025-05-11 00:17:01,201 - overlay - INFO - State changed: PAUSED -> PLAYING
2025-05-11 00:17:01,201 - overlay - INFO - State changed: PAUSED -> PLAYING
2025-05-11 00:17:01,201 - overlay - INFO - State changed: PAUSED -> PLAYING
2025-05-11 00:17:01,201 - overlay - INFO - State changed: PAUSED -> PLAYING
2025-05-11 00:17:01,201 - overlay - INFO - State changed: PAUSED -> PLAYING
2025-05-11 00:17:01,202 - overlay - INFO - State changed: PAUSED -> PLAYING
2025-05-11 00:17:01,202 - overlay - INFO - State changed: PAUSED -> PLAYING
2025-05-11 00:17:01,202 - overlay - INFO - State changed: PAUSED -> PLAYING
2025-05-11 00:17:01,202 - overlay - INFO - State changed: PAUSED -> PLAYING
2025-05-11 00:17:01,202 - overlay - INFO - State changed: PAUSED -> PLAYING
2025-05-11 00:17:01,202 - overlay - INFO - State changed: PAUSED -> PLAYING
2025-05-11 00:17:01,203 - overlay - INFO - State changed: NULL -> READY
2025-05-11 00:17:01,203 - overlay - INFO - State changed: READY -> PAUSED
2025-05-11 00:17:01,203 - overlay - INFO - State changed: NULL -> READY
2025-05-11 00:17:01,203 - overlay - INFO - State changed: READY -> PAUSED
2025-05-11 00:17:01,203 - overlay - INFO - State changed: NULL -> READY
2025-05-11 00:17:01,203 - overlay - INFO - State changed: READY -> PAUSED
2025-05-11 00:17:01,203 - overlay - INFO - State changed: NULL -> READY
2025-05-11 00:17:01,203 - overlay - INFO - State changed: READY -> PAUSED
2025-05-11 00:17:01,204 - overlay - INFO - State changed: NULL -> READY
2025-05-11 00:17:01,204 - overlay - INFO - State changed: READY -> PAUSED
2025-05-11 00:17:01,204 - overlay - INFO - State changed: NULL -> READY
2025-05-11 00:17:01,204 - overlay - INFO - State changed: READY -> PAUSED
2025-05-11 00:17:01,204 - overlay - INFO - State changed: PAUSED -> PLAYING
2025-05-11 00:17:01,204 - overlay - INFO - State changed: NULL -> READY
2025-05-11 00:17:01,204 - overlay - INFO - State changed: NULL -> READY
2025-05-11 00:17:01,204 - overlay - INFO - State changed: READY -> PAUSED
2025-05-11 00:17:01,205 - overlay - INFO - State changed: NULL -> READY
2025-05-11 00:17:01,205 - overlay - INFO - State changed: READY -> PAUSED
2025-05-11 00:17:01,205 - overlay - INFO - State changed: NULL -> READY
2025-05-11 00:17:01,205 - overlay - INFO - State changed: READY -> PAUSED
2025-05-11 00:17:01,206 - overlay - INFO - State changed: NULL -> READY
2025-05-11 00:17:01,206 - overlay - INFO - State changed: READY -> PAUSED
2025-05-11 00:17:01,206 - overlay - INFO - State changed: READY -> PAUSED
2025-05-11 00:17:01,206 - overlay - INFO - State changed: PAUSED -> PLAYING
2025-05-11 00:17:01,207 - overlay - INFO - State changed: NULL -> READY
2025-05-11 00:17:01,207 - overlay - INFO - State changed: READY -> PAUSED
2025-05-11 00:17:01,207 - overlay - INFO - State changed: NULL -> READY
2025-05-11 00:17:01,207 - overlay - INFO - State changed: READY -> PAUSED
2025-05-11 00:17:01,207 - overlay - INFO - State changed: NULL -> READY
2025-05-11 00:17:01,207 - overlay - INFO - State changed: READY -> PAUSED
2025-05-11 00:17:01,207 - overlay - INFO - State changed: NULL -> READY
2025-05-11 00:17:01,208 - overlay - INFO - State changed: READY -> PAUSED
2025-05-11 00:17:01,208 - overlay - INFO - State changed: NULL -> READY
2025-05-11 00:17:01,209 - overlay - INFO - State changed: READY -> PAUSED
2025-05-11 00:17:01,209 - overlay - INFO - State changed: PAUSED -> PLAYING
2025-05-11 00:17:01,209 - overlay - INFO - State changed: NULL -> READY
2025-05-11 00:17:01,209 - overlay - INFO - State changed: READY -> PAUSED
2025-05-11 00:17:01,210 - overlay - INFO - State changed: PAUSED -> PLAYING
2025-05-11 00:17:01,210 - overlay - INFO - State changed: PAUSED -> PLAYING
2025-05-11 00:17:01,210 - overlay - INFO - State changed: PAUSED -> PLAYING
2025-05-11 00:17:01,210 - overlay - INFO - State changed: PAUSED -> PLAYING
2025-05-11 00:17:01,210 - overlay - INFO - State changed: PAUSED -> PLAYING
2025-05-11 00:17:01,210 - overlay - INFO - State changed: READY -> PAUSED
2025-05-11 00:17:01,210 - overlay - INFO - State changed: PAUSED -> PLAYING
2025-05-11 00:17:01,211 - overlay - INFO - State changed: NULL -> READY
2025-05-11 00:17:01,211 - overlay - INFO - State changed: READY -> PAUSED
2025-05-11 00:17:01,211 - overlay - INFO - State changed: NULL -> READY
2025-05-11 00:17:01,211 - overlay - INFO - State changed: READY -> PAUSED
2025-05-11 00:17:01,211 - overlay - INFO - State changed: NULL -> READY
2025-05-11 00:17:01,211 - overlay - INFO - State changed: READY -> PAUSED
2025-05-11 00:17:01,211 - overlay - INFO - State changed: READY -> PAUSED
2025-05-11 00:17:01,211 - overlay - INFO - State changed: PAUSED -> PLAYING
2025-05-11 00:17:01,211 - overlay - INFO - State changed: PAUSED -> PLAYING
2025-05-11 00:17:01,211 - overlay - INFO - State changed: PAUSED -> PLAYING
2025-05-11 00:17:01,212 - overlay - INFO - State changed: PAUSED -> PLAYING
2025-05-11 00:17:01,212 - overlay - INFO - State changed: PAUSED -> PLAYING
2025-05-11 00:17:01,212 - overlay - INFO - State changed: READY -> PAUSED
2025-05-11 00:17:01,212 - overlay - INFO - State changed: PAUSED -> PLAYING
2025-05-11 00:17:01,212 - overlay - INFO - State changed: READY -> PAUSED
2025-05-11 00:17:01,212 - overlay - INFO - State changed: PAUSED -> PLAYING
2025-05-11 00:17:01,212 - overlay - INFO - State changed: NULL -> READY
2025-05-11 00:17:01,212 - overlay - INFO - State changed: READY -> PAUSED
2025-05-11 00:17:01,212 - overlay - INFO - State changed: PAUSED -> PLAYING
2025-05-11 00:17:01,213 - overlay - INFO - State changed: NULL -> READY
2025-05-11 00:17:01,213 - overlay - INFO - State changed: READY -> PAUSED
2025-05-11 00:17:01,213 - overlay - INFO - State changed: PAUSED -> PLAYING
2025-05-11 00:17:01,213 - overlay - INFO - State changed: NULL -> READY
2025-05-11 00:17:01,213 - overlay - INFO - State changed: READY -> PAUSED
2025-05-11 00:17:01,213 - overlay - INFO - State changed: PAUSED -> PLAYING
2025-05-11 00:17:01,213 - overlay - INFO - State changed: NULL -> READY
2025-05-11 00:17:01,213 - overlay - INFO - State changed: READY -> PAUSED
2025-05-11 00:17:01,213 - overlay - INFO - State changed: PAUSED -> PLAYING
2025-05-11 00:17:01,213 - overlay - INFO - State changed: NULL -> READY
2025-05-11 00:17:01,214 - overlay - INFO - State changed: NULL -> READY
2025-05-11 00:17:01,214 - overlay - INFO - State changed: READY -> PAUSED
2025-05-11 00:17:01,214 - overlay - INFO - State changed: PAUSED -> PLAYING
2025-05-11 00:17:01,214 - overlay - INFO - State changed: NULL -> READY
2025-05-11 00:17:01,214 - overlay - INFO - State changed: READY -> PAUSED
2025-05-11 00:17:01,214 - overlay - INFO - State changed: PAUSED -> PLAYING
2025-05-11 00:17:01,214 - overlay - INFO - State changed: READY -> PAUSED
2025-05-11 00:17:01,214 - overlay - INFO - State changed: PAUSED -> PLAYING
2025-05-11 00:17:01,214 - overlay - INFO - State changed: NULL -> READY
2025-05-11 00:17:01,214 - overlay - INFO - State changed: READY -> PAUSED
2025-05-11 00:17:01,215 - overlay - INFO - State changed: PAUSED -> PLAYING
2025-05-11 00:17:01,215 - overlay - INFO - State changed: PAUSED -> PLAYING
2025-05-11 00:17:01,215 - overlay - INFO - State changed: PAUSED -> PLAYING
2025-05-11 00:17:01,215 - overlay - INFO - State changed: PAUSED -> PLAYING
2025-05-11 00:17:01,215 - overlay - INFO - State changed: PAUSED -> PLAYING
2025-05-11 00:17:01,215 - overlay - INFO - State changed: READY -> PAUSED
2025-05-11 00:17:01,215 - overlay - INFO - State changed: PAUSED -> PLAYING
2025-05-11 00:17:01,215 - overlay - INFO - State changed: READY -> PAUSED
2025-05-11 00:17:01,215 - overlay - INFO - State changed: PAUSED -> PLAYING
2025-05-11 00:17:01,216 - overlay - INFO - State changed: PAUSED -> PLAYING
2025-05-11 00:17:01,216 - overlay - INFO - State changed: PAUSED -> PLAYING
2025-05-11 00:17:01,216 - overlay - INFO - State changed: PAUSED -> PLAYING
2025-05-11 00:17:01,216 - overlay - INFO - State changed: PAUSED -> PLAYING
2025-05-11 00:17:01,216 - overlay - INFO - State changed: READY -> PAUSED
2025-05-11 00:17:01,216 - overlay - INFO - State changed: PAUSED -> PLAYING
2025-05-11 00:17:01,216 - overlay - INFO - State changed: READY -> PAUSED
2025-05-11 00:17:01,216 - overlay - INFO - State changed: PAUSED -> PLAYING
2025-05-11 00:17:01,236 - overlay - INFO - State changed: NULL -> READY
2025-05-11 00:17:01,237 - overlay - INFO - State changed: NULL -> READY
2025-05-11 00:17:01,237 - overlay - INFO - State changed: READY -> PAUSED
2025-05-11 00:17:01,237 - overlay - INFO - State changed: PAUSED -> PLAYING
2025-05-11 00:17:01,237 - overlay - INFO - State changed: NULL -> READY
2025-05-11 00:17:01,237 - overlay - INFO - State changed: READY -> PAUSED
2025-05-11 00:17:01,237 - overlay - INFO - State changed: PAUSED -> PLAYING
2025-05-11 00:17:01,237 - overlay - INFO - State changed: READY -> PAUSED
2025-05-11 00:17:01,238 - overlay - INFO - State changed: PAUSED -> PLAYING
2025-05-11 00:17:01,238 - overlay - INFO - State changed: NULL -> READY
2025-05-11 00:17:01,238 - overlay - INFO - State changed: READY -> PAUSED
2025-05-11 00:17:01,238 - overlay - INFO - State changed: PAUSED -> PLAYING
2025-05-11 00:17:02,439 - overlay - INFO - Fetching gamestats with ID: 1
2025-05-11 00:17:02,440 - overlay - INFO - Fetching graphics with ID: 1
2025-05-11 00:17:02,454 - overlay - INFO - Fetching graphics with ID: 1
2025-05-11 00:17:03,208 - overlay - INFO - State changed: NULL -> READY
2025-05-11 00:17:03,208 - overlay - INFO - State changed: NULL -> READY
2025-05-11 00:17:03,209 - overlay - INFO - State changed: PAUSED -> PAUSED
2025-05-11 00:17:03,209 - overlay - INFO - State changed: READY -> PAUSED
2025-05-11 00:17:03,209 - overlay - INFO - State changed: NULL -> READY
2025-05-11 00:17:03,209 - overlay - INFO - State changed: NULL -> READY
2025-05-11 00:17:03,209 - overlay - INFO - State changed: PAUSED -> PAUSED
2025-05-11 00:17:03,210 - overlay - INFO - State changed: READY -> PAUSED
2025-05-11 00:17:03,214 - overlay - INFO - State changed: NULL -> READY
2025-05-11 00:17:03,215 - overlay - INFO - State changed: READY -> PAUSED
2025-05-11 00:17:03,215 - overlay - INFO - State changed: NULL -> READY
2025-05-11 00:17:03,216 - overlay - INFO - State changed: READY -> PAUSED
2025-05-11 00:17:03,216 - overlay - INFO - State changed: NULL -> READY
2025-05-11 00:17:03,216 - overlay - INFO - State changed: READY -> PAUSED
2025-05-11 00:17:03,217 - overlay - INFO - State changed: NULL -> READY
2025-05-11 00:17:03,217 - overlay - INFO - State changed: NULL -> READY
2025-05-11 00:17:03,217 - overlay - INFO - State changed: READY -> PAUSED
2025-05-11 00:17:03,218 - overlay - INFO - State changed: READY -> PAUSED
2025-05-11 00:17:03,221 - overlay - INFO - State changed: NULL -> READY
2025-05-11 00:17:03,221 - overlay - INFO - State changed: READY -> PAUSED
2025-05-11 00:17:03,230 - overlay - INFO - State changed: NULL -> READY
2025-05-11 00:17:03,231 - overlay - INFO - State changed: NULL -> READY
2025-05-11 00:17:03,231 - overlay - INFO - State changed: NULL -> READY
2025-05-11 00:17:03,232 - overlay - INFO - State changed: NULL -> READY
2025-05-11 00:17:03,232 - overlay - INFO - State changed: PAUSED -> PAUSED
2025-05-11 00:17:03,232 - overlay - INFO - State changed: PAUSED -> PAUSED
2025-05-11 00:17:03,232 - overlay - INFO - State changed: READY -> PAUSED
2025-05-11 00:17:03,233 - overlay - INFO - State changed: READY -> PAUSED
2025-05-11 00:17:03,235 - overlay - INFO - State changed: NULL -> READY
2025-05-11 00:17:03,236 - overlay - INFO - State changed: NULL -> READY
2025-05-11 00:17:03,238 - overlay - INFO - State changed: READY -> PAUSED
2025-05-11 00:17:03,239 - overlay - INFO - 🧩 on_pad_added called from source4
2025-05-11 00:17:03,240 - overlay - INFO - State changed: READY -> PAUSED
2025-05-11 00:17:03,240 - overlay - INFO - 🎥 Handling video pad
2025-05-11 00:17:03,240 - overlay - INFO - State changed: NULL -> READY
2025-05-11 00:17:03,241 - overlay - INFO - State changed: NULL -> READY
2025-05-11 00:17:03,241 - overlay - INFO - State changed: READY -> PAUSED
2025-05-11 00:17:03,241 - overlay - INFO - State changed: READY -> PAUSED
2025-05-11 00:17:03,242 - overlay - INFO - State changed: NULL -> READY
2025-05-11 00:17:03,242 - overlay - INFO - State changed: READY -> PAUSED
2025-05-11 00:17:03,243 - overlay - INFO - State changed: NULL -> READY
2025-05-11 00:17:03,243 - overlay - INFO - State changed: READY -> PAUSED
2025-05-11 00:17:03,249 - overlay - INFO - 🧩 on_pad_added called from source1
2025-05-11 00:17:03,252 - overlay - INFO - 🎥 Handling video pad
2025-05-11 00:17:03,261 - overlay - INFO - ✅ Successfully linked video rtsp://192.168.100.150:8547/h264 to sink_0
2025-05-11 00:17:03,263 - overlay - INFO - 🎬 Set active video pad to rtsp://192.168.100.150:8547/h264
2025-05-11 00:17:03,264 - overlay - INFO - State changed: READY -> PAUSED
2025-05-11 00:17:03,265 - overlay - INFO - 🧩 on_pad_added called from source2
2025-05-11 00:17:03,266 - overlay - INFO - 🎥 Handling video pad
2025-05-11 00:17:03,266 - overlay - INFO - State changed: PAUSED -> PAUSED
2025-05-11 00:17:03,283 - overlay - INFO - 🧩 on_pad_added called from source3
2025-05-11 00:17:03,283 - overlay - INFO - 🎥 Handling video pad
2025-05-11 00:17:03,296 - overlay - INFO - ✅ Successfully linked video rtsp://192.168.100.150:8547/h264 to sink_1
2025-05-11 00:17:03,297 - overlay - INFO - 🎬 Set active video pad to rtsp://192.168.100.150:8547/h264
2025-05-11 00:17:03,297 - overlay - INFO - State changed: READY -> PAUSED
2025-05-11 00:17:03,298 - overlay - INFO - State changed: PAUSED -> PAUSED
2025-05-11 00:17:03,300 - overlay - INFO - ✅ Successfully linked video rtsp://192.168.100.150:8547/h264 to sink_3
2025-05-11 00:17:03,300 - overlay - INFO - 🎬 Set active video pad to rtsp://192.168.100.150:8547/h264
2025-05-11 00:17:03,300 - overlay - INFO - State changed: READY -> PAUSED
2025-05-11 00:17:03,301 - overlay - INFO - State changed: PAUSED -> PAUSED
2025-05-11 00:17:03,325 - overlay - INFO - ✅ Successfully linked video rtsp://192.168.100.150:8547/h264 to sink_2
2025-05-11 00:17:03,326 - overlay - INFO - 🎬 Set active video pad to rtsp://192.168.100.150:8547/h264
2025-05-11 00:17:03,326 - overlay - INFO - State changed: READY -> PAUSED
2025-05-11 00:17:03,326 - overlay - INFO - State changed: PAUSED -> PAUSED
2025-05-11 00:17:04,199 - overlay - INFO - Switching to rtsp://192.168.100.150:8547/h264 (Attempt 1/15)
2025-05-11 00:17:04,200 - overlay - INFO - Setting camera ID 1 as default
2025-05-11 00:17:04,207 - overlay - INFO - All cameras' Default fields set to false
2025-05-11 00:17:04,233 - overlay - INFO - Camera ID 1 set as default
2025-05-11 00:17:04,441 - overlay - INFO - 🔧 Injected transparent background for overlay rendering
2025-05-11 00:17:04,523 - overlay - INFO - 📸 Screenshot captured: url_shots/69b96373-d421-4771-8f22-4de096883e2f.png
2025-05-11 00:17:12,445 - overlay - INFO - Fetching gamestats with ID: 1
2025-05-11 00:17:12,460 - overlay - INFO - Fetching graphics with ID: 1
2025-05-11 00:17:22,443 - overlay - INFO - Fetching gamestats with ID: 1
2025-05-11 00:17:22,458 - overlay - INFO - Fetching graphics with ID: 1
2025-05-11 00:17:32,440 - overlay - INFO - Fetching gamestats with ID: 1
2025-05-11 00:17:32,452 - overlay - INFO - Fetching graphics with ID: 1
2025-05-11 00:17:42,443 - overlay - INFO - Fetching gamestats with ID: 1
2025-05-11 00:17:42,456 - overlay - INFO - Fetching graphics with ID: 1
2025-05-11 00:17:50,694 - recording_session - INFO - Finalizing chunk: /var/www/html/public/assets/uploads/CAM1/2025-05-11/1746904610.mp4
2025-05-11 00:17:50,707 - recording_session - INFO - 📁 Started recording chunk: /var/www/html/public/assets/uploads/CAM1/2025-05-11/1746904670.mp4
2025-05-11 00:17:50,722 - recording_session - INFO - 📁 Started recording chunk: /var/www/html/public/assets/uploads/CAM2/2025-05-11/1746904670.mp4
2025-05-11 00:17:50,733 - recording_session - INFO - 📁 Started recording chunk: /var/www/html/public/assets/uploads/CAM3/2025-05-11/1746904670.mp4
2025-05-11 00:17:50,752 - recording_session - INFO - 📁 Started recording chunk: /var/www/html/public/assets/uploads/CAM4/2025-05-11/1746904670.mp4
2025-05-11 00:17:51,036 - recording_session - INFO - 📤 Enqueuing for slow motion: /var/www/html/public/assets/uploads/CAM1/2025-05-11/1746904610.mp4
2025-05-11 00:17:51,037 - recording_session - INFO - Finalizing chunk: /var/www/html/public/assets/uploads/CAM4/2025-05-11/1746904610.mp4
2025-05-11 00:17:51,389 - recording_session - INFO - 📤 Enqueuing for slow motion: /var/www/html/public/assets/uploads/CAM4/2025-05-11/1746904610.mp4
2025-05-11 00:17:51,389 - recording_session - INFO - Finalizing chunk: /var/www/html/public/assets/uploads/CAM3/2025-05-11/1746904610.mp4
2025-05-11 00:17:51,532 - recording_session - INFO - 📤 Enqueuing for slow motion: /var/www/html/public/assets/uploads/CAM3/2025-05-11/1746904610.mp4
2025-05-11 00:17:51,533 - recording_session - INFO - Finalizing chunk: /var/www/html/public/assets/uploads/CAM2/2025-05-11/1746904610.mp4
2025-05-11 00:17:51,689 - ffmpeg_post_process - INFO - 🎞️ Processing slow motion: /var/www/html/public/assets/uploads/CAM1/2025-05-11/1746904610.mp4
2025-05-11 00:17:51,711 - ffmpeg_post_process - INFO - 🎞️ Processing slow motion: /var/www/html/public/assets/uploads/CAM4/2025-05-11/1746904610.mp4
2025-05-11 00:17:51,861 - recording_session - INFO - 📤 Enqueuing for slow motion: /var/www/html/public/assets/uploads/CAM2/2025-05-11/1746904610.mp4
2025-05-11 00:17:52,330 - overlay - INFO - Fetching all CameraURLs records
2025-05-11 00:17:52,331 - overlay - INFO - Fetching all graphics records
2025-05-11 00:17:52,332 - overlay - INFO - Found 4 CameraURLs records
2025-05-11 00:17:52,332 - overlay - INFO - Found 1 graphics records
2025-05-11 00:17:52,441 - overlay - INFO - Fetching gamestats with ID: 1
2025-05-11 00:17:52,454 - overlay - INFO - Fetching graphics with ID: 1
2025-05-11 00:17:52,460 - overlay - INFO - Fetching gamestats with ID: 1
2025-05-11 00:17:52,460 - overlay - INFO - Fetching graphics with ID: 1
2025-05-11 00:17:52,493 - overlay - INFO - Fetching graphics with ID: 1
2025-05-11 00:17:59,782 - overlay - INFO - Switching to rtsp://192.168.100.150:8547/h264 (Attempt 1/15)
2025-05-11 00:17:59,784 - overlay - INFO - Setting camera ID 1 as default
2025-05-11 00:17:59,797 - overlay - INFO - All cameras' Default fields set to false
2025-05-11 00:17:59,813 - overlay - INFO - Camera ID 1 set as default
2025-05-11 00:18:02,440 - overlay - INFO - Fetching gamestats with ID: 1
2025-05-11 00:18:02,454 - overlay - INFO - Fetching graphics with ID: 1
2025-05-11 00:18:12,445 - overlay - INFO - Fetching gamestats with ID: 1
2025-05-11 00:18:12,469 - overlay - INFO - Fetching graphics with ID: 1
2025-05-11 00:18:15,063 - ffmpeg_post_process - ERROR - ❌ Hardware encoding failed (code 255)
2025-05-11 00:18:15,064 - ffmpeg_post_process - WARNING - 🔁 Retrying slow motion for /var/www/html/public/assets/uploads/CAM4/2025-05-11/1746904610.mp4 (attempt 1)
2025-05-11 00:18:15,064 - ffmpeg_post_process - ERROR - ❌ Hardware encoding failed (code 255)
2025-05-11 00:18:15,064 - ffmpeg_post_process - WARNING - 🔁 Retrying slow motion for /var/www/html/public/assets/uploads/CAM1/2025-05-11/1746904610.mp4 (attempt 1)
2025-05-11 00:18:15,088 - recording_session - INFO - Finalizing chunk: /var/www/html/public/assets/uploads/CAM1/2025-05-11/1746904670.mp4
