2025-04-27 22:55:58,664 - overlay - INFO - Fetching all CameraURLs records
2025-04-27 22:55:58,674 - recording_session - INFO - 🚀 SlowMoWorker started
2025-04-27 22:55:58,675 - overlay - INFO - Fetching all CameraURLs records
2025-04-27 22:55:58,688 - recording_session - INFO - 🧹 Cleanup done. Deleted 0 files.
2025-04-27 22:55:58,691 - recording_session - INFO - 🎥 Recording thread started for camera 1
2025-04-27 22:55:58,696 - overlay - INFO - Started recording for camera 1: rtsp://192.168.100.150:8547/h264
2025-04-27 22:55:58,721 - recording_session - INFO - 🧪 Starting GStreamer pipeline for camera 1
2025-04-27 22:55:58,723 - recording_session - INFO - ✅ Pipeline set to PLAYING for camera 1
2025-04-27 22:55:58,746 - recording_session - INFO - 🎥 Recording thread started for camera 2
2025-04-27 22:55:58,747 - overlay - INFO - Started recording for camera 2: rtsp://192.168.100.150:8547/h264
2025-04-27 22:55:58,748 - recording_session - INFO - 🧪 Starting GStreamer pipeline for camera 2
2025-04-27 22:55:58,763 - recording_session - INFO - ✅ Pipeline set to PLAYING for camera 2
2025-04-27 22:55:58,765 - recording_session - INFO - 🎥 Recording thread started for camera 3
2025-04-27 22:55:58,766 - overlay - INFO - Started recording for camera 3: rtsp://192.168.100.150:8547/h264
2025-04-27 22:55:58,768 - recording_session - INFO - 🧪 Starting GStreamer pipeline for camera 3
2025-04-27 22:55:58,769 - recording_session - INFO - ✅ Pipeline set to PLAYING for camera 3
2025-04-27 22:55:58,782 - recording_session - INFO - 🎥 Recording thread started for camera 4
2025-04-27 22:55:58,783 - overlay - INFO - Started recording for camera 4: rtsp://192.168.100.150:8547/h264
2025-04-27 22:55:58,789 - recording_session - INFO - 🧪 Starting GStreamer pipeline for camera 4
2025-04-27 22:55:58,792 - recording_session - INFO - ✅ Pipeline set to PLAYING for camera 4
2025-04-27 22:55:58,817 - recording_session - INFO - 🔌 pad-added signal for camera 3
2025-04-27 22:55:58,818 - recording_session - INFO - 🔗 Linked rtspsrc pad to depay for camera 3
2025-04-27 22:55:58,845 - recording_session - INFO - 🔌 pad-added signal for camera 4
2025-04-27 22:55:58,845 - recording_session - INFO - 🔗 Linked rtspsrc pad to depay for camera 4
