2025-04-27 22:38:56,105 - overlay - INFO - Fetching all CameraURLs records
2025-04-27 22:38:56,114 - recording_session - INFO - 🚀 SlowMoWorker started
2025-04-27 22:38:56,115 - overlay - INFO - Fetching all CameraURLs records
2025-04-27 22:38:56,125 - recording_session - INFO - 🧹 Cleanup done. Deleted 0 files.
2025-04-27 22:38:56,134 - recording_session - INFO - 🎥 Recording thread started for camera 1
2025-04-27 22:38:56,135 - overlay - INFO - Started recording for camera 1: rtsp://192.168.100.150:8547/h264
2025-04-27 22:38:56,144 - recording_session - INFO - 🎥 Recording thread started for camera 2
2025-04-27 22:38:56,145 - overlay - INFO - Started recording for camera 2: rtsp://192.168.100.150:8547/h264
2025-04-27 22:38:56,153 - recording_session - INFO - 🧪 Starting GStreamer pipeline for camera 2
2025-04-27 22:38:56,153 - recording_session - INFO - 🧪 Starting GStreamer pipeline for camera 1
2025-04-27 22:38:56,156 - recording_session - INFO - 🎥 Recording thread started for camera 3
2025-04-27 22:38:56,156 - overlay - INFO - Started recording for camera 3: rtsp://192.168.100.150:8547/h264
2025-04-27 22:38:56,157 - recording_session - INFO - ✅ Pipeline set to PLAYING for camera 1
2025-04-27 22:38:56,165 - recording_session - INFO - ✅ Pipeline set to PLAYING for camera 2
2025-04-27 22:38:56,173 - recording_session - INFO - 🧪 Starting GStreamer pipeline for camera 3
2025-04-27 22:38:56,175 - recording_session - INFO - ✅ Pipeline set to PLAYING for camera 3
2025-04-27 22:38:56,177 - recording_session - INFO - 🎥 Recording thread started for camera 4
2025-04-27 22:38:56,178 - overlay - INFO - Started recording for camera 4: rtsp://192.168.100.150:8547/h264
2025-04-27 22:38:56,182 - recording_session - INFO - 🧪 Starting GStreamer pipeline for camera 4
2025-04-27 22:38:56,184 - recording_session - INFO - ✅ Pipeline set to PLAYING for camera 4
2025-04-27 22:38:56,211 - recording_session - INFO - 🔌 pad-added signal for camera 4
2025-04-27 22:38:56,213 - recording_session - INFO - 🔗 Linked rtspsrc pad to depay for camera 4
