2025-04-27 22:59:51,412 - overlay - INFO - Fetching all CameraURLs records
2025-04-27 22:59:51,424 - recording_session - INFO - 🚀 SlowMoWorker started
2025-04-27 22:59:51,425 - overlay - INFO - Fetching all CameraURLs records
2025-04-27 22:59:51,428 - recording_session - INFO - 🧹 Cleanup done. Deleted 0 files.
2025-04-27 22:59:51,443 - recording_session - INFO - 🎥 Recording thread started for camera 1
2025-04-27 22:59:51,445 - overlay - INFO - Started recording for camera 1: rtsp://192.168.100.150:8547/h264
2025-04-27 22:59:51,456 - recording_session - INFO - 🎥 Recording thread started for camera 2
2025-04-27 22:59:51,456 - overlay - INFO - Started recording for camera 2: rtsp://192.168.100.150:8547/h264
2025-04-27 22:59:51,459 - recording_session - INFO - 🧪 Starting GStreamer pipeline for camera 2
2025-04-27 22:59:51,459 - recording_session - INFO - 🧪 Starting GStreamer pipeline for camera 1
2025-04-27 22:59:51,460 - recording_session - INFO - ✅ Pipeline set to PLAYING for camera 2
2025-04-27 22:59:51,461 - recording_session - INFO - ✅ Pipeline set to PLAYING for camera 1
2025-04-27 22:59:51,477 - recording_session - INFO - 🎥 Recording thread started for camera 3
2025-04-27 22:59:51,477 - overlay - INFO - Started recording for camera 3: rtsp://192.168.100.150:8547/h264
2025-04-27 22:59:51,480 - recording_session - INFO - 🧪 Starting GStreamer pipeline for camera 3
2025-04-27 22:59:51,482 - recording_session - INFO - ✅ Pipeline set to PLAYING for camera 3
2025-04-27 22:59:51,489 - recording_session - INFO - 🎥 Recording thread started for camera 4
2025-04-27 22:59:51,489 - overlay - INFO - Started recording for camera 4: rtsp://192.168.100.150:8547/h264
2025-04-27 22:59:51,493 - recording_session - INFO - 🧪 Starting GStreamer pipeline for camera 4
2025-04-27 22:59:51,496 - recording_session - INFO - ✅ Pipeline set to PLAYING for camera 4
2025-04-27 22:59:51,522 - recording_session - INFO - 🔌 pad-added signal for camera 4
2025-04-27 22:59:51,523 - recording_session - INFO - 🔗 Linked rtspsrc pad to depay for camera 4
