2025-04-27 22:57:14,637 - overlay - INFO - Fetching all CameraURLs records
2025-04-27 22:57:14,646 - recording_session - INFO - 🚀 SlowMoWorker started
2025-04-27 22:57:14,648 - overlay - INFO - Fetching all CameraURLs records
2025-04-27 22:57:14,672 - recording_session - INFO - 🧹 Cleanup done. Deleted 0 files.
2025-04-27 22:57:14,705 - recording_session - INFO - 🎥 Recording thread started for camera 1
2025-04-27 22:57:14,708 - overlay - INFO - Started recording for camera 1: rtsp://192.168.100.150:8547/h264
2025-04-27 22:57:14,721 - recording_session - INFO - 🧪 Starting GStreamer pipeline for camera 1
2025-04-27 22:57:14,723 - recording_session - INFO - ✅ Pipeline set to PLAYING for camera 1
2025-04-27 22:57:14,745 - recording_session - INFO - 🎥 Recording thread started for camera 2
2025-04-27 22:57:14,745 - overlay - INFO - Started recording for camera 2: rtsp://192.168.100.150:8547/h264
2025-04-27 22:57:14,746 - recording_session - INFO - 🧪 Starting GStreamer pipeline for camera 2
2025-04-27 22:57:14,752 - recording_session - INFO - ✅ Pipeline set to PLAYING for camera 2
2025-04-27 22:57:14,755 - recording_session - INFO - 🎥 Recording thread started for camera 3
2025-04-27 22:57:14,756 - overlay - INFO - Started recording for camera 3: rtsp://192.168.100.150:8547/h264
2025-04-27 22:57:14,759 - recording_session - INFO - 🧪 Starting GStreamer pipeline for camera 3
2025-04-27 22:57:14,760 - recording_session - INFO - ✅ Pipeline set to PLAYING for camera 3
2025-04-27 22:57:14,770 - recording_session - INFO - 🎥 Recording thread started for camera 4
2025-04-27 22:57:14,770 - overlay - INFO - Started recording for camera 4: rtsp://192.168.100.150:8547/h264
2025-04-27 22:57:14,779 - recording_session - INFO - 🧪 Starting GStreamer pipeline for camera 4
2025-04-27 22:57:14,780 - recording_session - INFO - ✅ Pipeline set to PLAYING for camera 4
2025-04-27 22:57:14,806 - recording_session - INFO - 🔌 pad-added signal for camera 4
2025-04-27 22:57:14,806 - recording_session - INFO - 🔗 Linked rtspsrc pad to depay for camera 4
