2025-04-27 22:47:43,144 - overlay - INFO - Fetching all CameraURLs records
2025-04-27 22:47:43,153 - recording_session - INFO - 🚀 SlowMoWorker started
2025-04-27 22:47:43,155 - overlay - INFO - Fetching all CameraURLs records
2025-04-27 22:47:43,164 - recording_session - INFO - 🧹 Cleanup done. Deleted 0 files.
2025-04-27 22:47:43,176 - recording_session - INFO - 🎥 Recording thread started for camera 1
2025-04-27 22:47:43,178 - overlay - INFO - Started recording for camera 1: rtsp://192.168.100.150:8547/h264
2025-04-27 22:47:43,191 - recording_session - INFO - 🎥 Recording thread started for camera 2
2025-04-27 22:47:43,191 - overlay - INFO - Started recording for camera 2: rtsp://192.168.100.150:8547/h264
2025-04-27 22:47:43,196 - recording_session - INFO - 🧪 Starting GStreamer pipeline for camera 1
2025-04-27 22:47:43,196 - recording_session - INFO - 🧪 Starting GStreamer pipeline for camera 2
2025-04-27 22:47:43,198 - recording_session - INFO - ✅ Pipeline set to PLAYING for camera 1
2025-04-27 22:47:43,199 - recording_session - INFO - ✅ Pipeline set to PLAYING for camera 2
2025-04-27 22:47:43,207 - recording_session - INFO - 🎥 Recording thread started for camera 3
2025-04-27 22:47:43,207 - overlay - INFO - Started recording for camera 3: rtsp://192.168.100.150:8547/h264
2025-04-27 22:47:43,208 - recording_session - INFO - 🧪 Starting GStreamer pipeline for camera 3
2025-04-27 22:47:43,216 - recording_session - INFO - ✅ Pipeline set to PLAYING for camera 3
2025-04-27 22:47:43,226 - recording_session - INFO - 🎥 Recording thread started for camera 4
2025-04-27 22:47:43,227 - overlay - INFO - Started recording for camera 4: rtsp://192.168.100.150:8547/h264
2025-04-27 22:47:43,230 - recording_session - INFO - 🧪 Starting GStreamer pipeline for camera 4
2025-04-27 22:47:43,232 - recording_session - INFO - ✅ Pipeline set to PLAYING for camera 4
2025-04-27 22:47:43,260 - recording_session - INFO - 🔌 pad-added signal for camera 4
2025-04-27 22:47:43,261 - recording_session - INFO - 🔗 Linked rtspsrc pad to depay for camera 4
