2025-04-27 22:57:38,407 - overlay - INFO - Fetching all CameraURLs records
2025-04-27 22:57:38,418 - recording_session - INFO - 🚀 SlowMoWorker started
2025-04-27 22:57:38,419 - overlay - INFO - Fetching all CameraURLs records
2025-04-27 22:57:38,434 - recording_session - INFO - 🧹 Cleanup done. Deleted 0 files.
2025-04-27 22:57:38,437 - recording_session - INFO - 🎥 Recording thread started for camera 1
2025-04-27 22:57:38,439 - overlay - INFO - Started recording for camera 1: rtsp://192.168.100.150:8547/h264
2025-04-27 22:57:38,451 - recording_session - INFO - 🧪 Starting GStreamer pipeline for camera 1
2025-04-27 22:57:38,453 - recording_session - INFO - 🎥 Recording thread started for camera 2
2025-04-27 22:57:38,453 - overlay - INFO - Started recording for camera 2: rtsp://192.168.100.150:8547/h264
2025-04-27 22:57:38,453 - recording_session - INFO - 🧪 Starting GStreamer pipeline for camera 2
2025-04-27 22:57:38,453 - recording_session - INFO - ✅ Pipeline set to PLAYING for camera 1
2025-04-27 22:57:38,462 - recording_session - INFO - ✅ Pipeline set to PLAYING for camera 2
2025-04-27 22:57:38,471 - recording_session - INFO - 🎥 Recording thread started for camera 3
2025-04-27 22:57:38,471 - overlay - INFO - Started recording for camera 3: rtsp://192.168.100.150:8547/h264
2025-04-27 22:57:38,472 - recording_session - INFO - 🧪 Starting GStreamer pipeline for camera 3
2025-04-27 22:57:38,474 - recording_session - INFO - ✅ Pipeline set to PLAYING for camera 3
2025-04-27 22:57:38,482 - recording_session - INFO - 🎥 Recording thread started for camera 4
2025-04-27 22:57:38,482 - overlay - INFO - Started recording for camera 4: rtsp://192.168.100.150:8547/h264
2025-04-27 22:57:38,488 - recording_session - INFO - 🧪 Starting GStreamer pipeline for camera 4
2025-04-27 22:57:38,495 - recording_session - INFO - ✅ Pipeline set to PLAYING for camera 4
2025-04-27 22:57:38,509 - recording_session - INFO - 🔌 pad-added signal for camera 3
2025-04-27 22:57:38,510 - recording_session - INFO - 🔗 Linked rtspsrc pad to depay for camera 3
