2025-05-27 10:03:03,798 - overlay - INFO - Fetching all CameraURLs records
2025-05-27 10:03:04,196 - recording_session - INFO - 🚀 SlowMoWorkers started: 4 threads
2025-05-27 10:03:04,196 - overlay - INFO - Fetching all CameraURLs records
2025-05-27 10:03:04,213 - recording_session - INFO - 🎥 Recording thread started for camera 1
2025-05-27 10:03:04,214 - overlay - INFO - Started recording for camera 1: rtsp://192.168.100.150:8547/h264
2025-05-27 10:03:04,243 - recording_session - INFO - 🎥 Recording thread started for camera 2
2025-05-27 10:03:04,243 - overlay - INFO - Started recording for camera 2: rtsp://192.168.100.150:8547/h264
2025-05-27 10:03:04,256 - recording_session - INFO - 🎥 Recording thread started for camera 3
2025-05-27 10:03:04,256 - overlay - INFO - Started recording for camera 3: rtsp://192.168.100.150:8547/h264
2025-05-27 10:03:04,268 - recording_session - INFO - 🎥 Recording thread started for camera 4
2025-05-27 10:03:04,268 - overlay - INFO - Started recording for camera 4: rtsp://192.168.100.150:8547/h264
2025-05-27 10:03:04,299 - recording_session - INFO - 🧪 Starting GStreamer pipeline for camera 3
2025-05-27 10:03:04,299 - recording_session - INFO - 🧪 Starting GStreamer pipeline for camera 1
2025-05-27 10:03:04,299 - recording_session - INFO - 🧪 Starting GStreamer pipeline for camera 4
2025-05-27 10:03:04,299 - recording_session - INFO - 🧪 Starting GStreamer pipeline for camera 2
2025-05-27 10:03:04,304 - recording_session - INFO - ✅ Pipeline PLAYING for camera 4
2025-05-27 10:03:04,305 - recording_session - INFO - ✅ Pipeline PLAYING for camera 2
2025-05-27 10:03:04,305 - recording_session - INFO - ✅ Pipeline PLAYING for camera 1
2025-05-27 10:03:04,305 - recording_session - INFO - ✅ Pipeline PLAYING for camera 3
2025-05-27 10:03:04,347 - overlay - INFO - Deleted oversized file: /var/www/html/public/assets/uploads/CAM3/2025-05-26/1748282101_slow.mp4
2025-05-27 10:03:04,356 - overlay - INFO - Deleted oversized file: /var/www/html/public/assets/uploads/CAM1/2025-05-26/1748282161.mp4
2025-05-27 10:03:04,366 - overlay - INFO - Deleted oversized file: /var/www/html/public/assets/uploads/CAM4/2025-05-26/1748282161.mp4
2025-05-27 10:03:04,367 - overlay - INFO - Deleted oversized file: /var/www/html/public/assets/uploads/CAM3/2025-05-26/1748282161.mp4
2025-05-27 10:03:04,368 - overlay - INFO - Deleted oversized file: /var/www/html/public/assets/uploads/CAM2/2025-05-26/1748282161.mp4
2025-05-27 10:03:04,369 - overlay - INFO - Deleted oversized file: /var/www/html/public/assets/uploads/CAM2/2025-05-26/1748282101_slow.mp4
2025-05-27 10:03:04,370 - overlay - INFO - Deleted oversized file: /var/www/html/public/assets/uploads/CAM4/2025-05-26/1748282161_slow.mp4
2025-05-27 10:03:04,370 - overlay - INFO - Deleted oversized file: /var/www/html/public/assets/uploads/CAM1/2025-05-26/1748282161_slow.mp4
2025-05-27 10:03:04,371 - overlay - INFO - Deleted oversized file: /var/www/html/public/assets/uploads/CAM2/2025-05-26/1748282161_slow.mp4
2025-05-27 10:03:04,373 - overlay - INFO - Deleted oversized file: /var/www/html/public/assets/uploads/CAM1/2025-05-26/1748282221.mp4
2025-05-27 10:03:04,407 - overlay - INFO - Deleted oversized file: /var/www/html/public/assets/uploads/CAM3/2025-05-26/1748282221.mp4
2025-05-27 10:03:04,408 - overlay - INFO - Deleted oversized file: /var/www/html/public/assets/uploads/CAM4/2025-05-26/1748282221.mp4
2025-05-27 10:03:04,408 - overlay - INFO - Deleted oversized file: /var/www/html/public/assets/uploads/CAM2/2025-05-26/1748282221.mp4
2025-05-27 10:03:04,409 - overlay - INFO - Deleted oversized file: /var/www/html/public/assets/uploads/CAM3/2025-05-26/1748282161_slow.mp4
2025-05-27 10:03:04,409 - overlay - INFO - Deleted oversized file: /var/www/html/public/assets/uploads/CAM2/2025-05-26/1748282221_slow.mp4
2025-05-27 10:03:04,410 - overlay - INFO - Deleted oversized file: /var/www/html/public/assets/uploads/CAM3/2025-05-26/1748282221_slow.mp4
2025-05-27 10:03:04,411 - overlay - INFO - Deleted oversized file: /var/www/html/public/assets/uploads/CAM1/2025-05-26/1748282221_slow.mp4
2025-05-27 10:03:04,411 - overlay - INFO - Deleted oversized file: /var/www/html/public/assets/uploads/CAM1/2025-05-26/1748282279.mp4
2025-05-27 10:03:04,449 - overlay - INFO - Deleted oversized file: /var/www/html/public/assets/uploads/CAM3/2025-05-26/1748282279.mp4
2025-05-27 10:03:04,450 - overlay - INFO - Deleted oversized file: /var/www/html/public/assets/uploads/CAM4/2025-05-26/1748282279.mp4
2025-05-27 10:03:04,451 - overlay - INFO - Deleted oversized file: /var/www/html/public/assets/uploads/CAM2/2025-05-26/1748282279.mp4
2025-05-27 10:03:04,452 - overlay - INFO - Deleted oversized file: /var/www/html/public/assets/uploads/CAM4/2025-05-26/1748282221_slow.mp4
2025-05-27 10:03:04,453 - overlay - INFO - Deleted oversized file: /var/www/html/public/assets/uploads/CAM2/2025-05-26/1748282279_slow.mp4
2025-05-27 10:03:04,453 - overlay - INFO - Deleted oversized file: /var/www/html/public/assets/uploads/CAM4/2025-05-26/1748282279_slow.mp4
2025-05-27 10:03:04,454 - overlay - INFO - Deleted oversized file: /var/www/html/public/assets/uploads/CAM3/2025-05-26/1748282279_slow.mp4
2025-05-27 10:03:04,455 - overlay - INFO - Deleted oversized file: /var/www/html/public/assets/uploads/CAM4/2025-05-26/1748282339.mp4
2025-05-27 10:03:04,502 - overlay - INFO - Deleted oversized file: /var/www/html/public/assets/uploads/CAM2/2025-05-26/1748282339.mp4
2025-05-27 10:03:04,503 - overlay - INFO - Deleted oversized file: /var/www/html/public/assets/uploads/CAM1/2025-05-26/1748282339.mp4
2025-05-27 10:03:04,504 - overlay - INFO - Deleted oversized file: /var/www/html/public/assets/uploads/CAM3/2025-05-26/1748282339.mp4
2025-05-27 10:03:04,505 - overlay - INFO - Deleted oversized file: /var/www/html/public/assets/uploads/CAM1/2025-05-26/1748282279_slow.mp4
2025-05-27 10:03:04,506 - overlay - INFO - Deleted oversized file: /var/www/html/public/assets/uploads/CAM4/2025-05-26/1748282339_slow.mp4
2025-05-27 10:03:04,507 - overlay - INFO - Deleted oversized file: /var/www/html/public/assets/uploads/CAM2/2025-05-26/1748282339_slow.mp4
2025-05-27 10:03:04,507 - overlay - INFO - Deleted oversized file: /var/www/html/public/assets/uploads/CAM1/2025-05-26/1748282339_slow.mp4
2025-05-27 10:03:04,508 - overlay - INFO - Deleted oversized file: /var/www/html/public/assets/uploads/CAM1/2025-05-26/1748282399.mp4
2025-05-27 10:03:04,555 - overlay - INFO - Deleted oversized file: /var/www/html/public/assets/uploads/CAM3/2025-05-26/1748282399.mp4
2025-05-27 10:03:04,556 - overlay - INFO - Deleted oversized file: /var/www/html/public/assets/uploads/CAM4/2025-05-26/1748282399.mp4
2025-05-27 10:03:04,557 - overlay - INFO - Deleted oversized file: /var/www/html/public/assets/uploads/CAM2/2025-05-26/1748282399.mp4
2025-05-27 10:03:04,557 - overlay - INFO - Deleted oversized file: /var/www/html/public/assets/uploads/CAM3/2025-05-26/1748282339_slow.mp4
2025-05-27 10:03:04,558 - overlay - INFO - Deleted oversized file: /var/www/html/public/assets/uploads/CAM3/2025-05-26/1748282399_slow.mp4
2025-05-27 10:03:04,559 - overlay - INFO - Deleted oversized file: /var/www/html/public/assets/uploads/CAM2/2025-05-26/1748282399_slow.mp4
2025-05-27 10:03:04,560 - overlay - INFO - Deleted oversized file: /var/www/html/public/assets/uploads/CAM4/2025-05-26/1748282399_slow.mp4
2025-05-27 10:03:04,561 - overlay - INFO - Deleted oversized file: /var/www/html/public/assets/uploads/CAM1/2025-05-26/1748282459.mp4
2025-05-27 10:03:04,609 - overlay - INFO - Deleted oversized file: /var/www/html/public/assets/uploads/CAM3/2025-05-26/1748282459.mp4
2025-05-27 10:03:04,610 - overlay - INFO - Deleted oversized file: /var/www/html/public/assets/uploads/CAM4/2025-05-26/1748282459.mp4
2025-05-27 10:03:04,611 - overlay - INFO - Deleted oversized file: /var/www/html/public/assets/uploads/CAM2/2025-05-26/1748282459.mp4
2025-05-27 10:03:04,611 - overlay - INFO - Deleted oversized file: /var/www/html/public/assets/uploads/CAM1/2025-05-26/1748282399_slow.mp4
2025-05-27 10:03:04,612 - overlay - INFO - Deleted oversized file: /var/www/html/public/assets/uploads/CAM2/2025-05-26/1748282459_slow.mp4
2025-05-27 10:03:04,613 - overlay - INFO - Deleted oversized file: /var/www/html/public/assets/uploads/CAM4/2025-05-26/1748282459_slow.mp4
2025-05-27 10:03:04,614 - overlay - INFO - Deleted oversized file: /var/www/html/public/assets/uploads/CAM3/2025-05-26/1748282459_slow.mp4
2025-05-27 10:03:04,614 - overlay - INFO - Deleted oversized file: /var/www/html/public/assets/uploads/CAM1/2025-05-26/1748282459_slow.mp4
2025-05-27 10:03:04,615 - overlay - INFO - Deleted oversized file: /var/www/html/public/assets/uploads/CAM1/2025-05-26/1748282519.mp4
2025-05-27 10:03:04,673 - overlay - INFO - Deleted oversized file: /var/www/html/public/assets/uploads/CAM3/2025-05-26/1748282519.mp4
2025-05-27 10:03:04,674 - overlay - INFO - Deleted oversized file: /var/www/html/public/assets/uploads/CAM4/2025-05-26/1748282519.mp4
2025-05-27 10:03:04,675 - overlay - INFO - Deleted oversized file: /var/www/html/public/assets/uploads/CAM2/2025-05-26/1748282519.mp4
2025-05-27 10:03:04,675 - overlay - INFO - Deleted oversized file: /var/www/html/public/assets/uploads/CAM2/2025-05-26/1748282519_slow.mp4
2025-05-27 10:03:04,676 - overlay - INFO - Deleted oversized file: /var/www/html/public/assets/uploads/CAM1/2025-05-26/1748282519_slow.mp4
2025-05-27 10:03:04,677 - overlay - INFO - Deleted oversized file: /var/www/html/public/assets/uploads/CAM4/2025-05-26/1748282579.mp4
2025-05-27 10:03:04,733 - overlay - INFO - Deleted oversized file: /var/www/html/public/assets/uploads/CAM1/2025-05-26/1748282579.mp4
2025-05-27 10:03:04,734 - overlay - INFO - Deleted oversized file: /var/www/html/public/assets/uploads/CAM2/2025-05-26/1748282579.mp4
2025-05-27 10:03:04,735 - overlay - INFO - Deleted oversized file: /var/www/html/public/assets/uploads/CAM3/2025-05-26/1748282579.mp4
2025-05-27 10:03:04,736 - overlay - INFO - Deleted oversized file: /var/www/html/public/assets/uploads/CAM3/2025-05-26/1748282519_slow.mp4
2025-05-27 10:03:04,737 - overlay - INFO - Deleted oversized file: /var/www/html/public/assets/uploads/CAM1/2025-05-26/1748282579_slow.mp4
2025-05-27 10:03:04,737 - overlay - INFO - Deleted oversized file: /var/www/html/public/assets/uploads/CAM3/2025-05-26/1748282579_slow.mp4
2025-05-27 10:03:04,738 - overlay - INFO - Deleted oversized file: /var/www/html/public/assets/uploads/CAM4/2025-05-26/1748282519_slow.mp4
2025-05-27 10:03:04,739 - overlay - INFO - Deleted oversized file: /var/www/html/public/assets/uploads/CAM1/2025-05-26/1748282639.mp4
2025-05-27 10:03:04,787 - overlay - INFO - Deleted oversized file: /var/www/html/public/assets/uploads/CAM3/2025-05-26/1748282639.mp4
2025-05-27 10:03:04,788 - overlay - INFO - Deleted oversized file: /var/www/html/public/assets/uploads/CAM4/2025-05-26/1748282639.mp4
2025-05-27 10:03:04,789 - overlay - INFO - Deleted oversized file: /var/www/html/public/assets/uploads/CAM2/2025-05-26/1748282639.mp4
2025-05-27 10:03:04,790 - overlay - INFO - Deleted oversized file: /var/www/html/public/assets/uploads/CAM4/2025-05-26/1748282579_slow.mp4
2025-05-27 10:03:04,790 - overlay - INFO - Deleted oversized file: /var/www/html/public/assets/uploads/CAM2/2025-05-26/1748282639_slow.mp4
2025-05-27 10:03:04,795 - overlay - INFO - Deleted oversized file: /var/www/html/public/assets/uploads/CAM1/2025-05-26/1748282639_slow.mp4
2025-05-27 10:03:04,796 - overlay - INFO - Deleted oversized file: /var/www/html/public/assets/uploads/CAM3/2025-05-26/1748282639_slow.mp4
2025-05-27 10:03:04,796 - overlay - INFO - Deleted oversized file: /var/www/html/public/assets/uploads/CAM1/2025-05-26/1748282699.mp4
2025-05-27 10:03:04,833 - overlay - INFO - Deleted oversized file: /var/www/html/public/assets/uploads/CAM3/2025-05-26/1748282699.mp4
2025-05-27 10:03:04,834 - overlay - INFO - Deleted oversized file: /var/www/html/public/assets/uploads/CAM4/2025-05-26/1748282699.mp4
2025-05-27 10:03:04,835 - overlay - INFO - Deleted oversized file: /var/www/html/public/assets/uploads/CAM2/2025-05-26/1748282699.mp4
2025-05-27 10:03:04,835 - overlay - INFO - Deleted oversized file: /var/www/html/public/assets/uploads/CAM2/2025-05-26/1748282579_slow.mp4
2025-05-27 10:03:04,836 - overlay - INFO - Deleted oversized file: /var/www/html/public/assets/uploads/CAM4/2025-05-26/1748282639_slow.mp4
2025-05-27 10:03:04,837 - overlay - INFO - Deleted oversized file: /var/www/html/public/assets/uploads/CAM2/2025-05-26/1748282699_slow.mp4
2025-05-27 10:03:04,837 - overlay - INFO - Deleted oversized file: /var/www/html/public/assets/uploads/CAM4/2025-05-26/1748282699_slow.mp4
2025-05-27 10:03:04,838 - overlay - INFO - Deleted oversized file: /var/www/html/public/assets/uploads/CAM1/2025-05-26/1748282759.mp4
2025-05-27 10:03:04,904 - overlay - INFO - Deleted oversized file: /var/www/html/public/assets/uploads/CAM2/2025-05-26/1748282759.mp4
2025-05-27 10:03:04,905 - overlay - INFO - Deleted oversized file: /var/www/html/public/assets/uploads/CAM3/2025-05-26/1748282759.mp4
2025-05-27 10:03:04,905 - overlay - INFO - Deleted oversized file: /var/www/html/public/assets/uploads/CAM4/2025-05-26/1748282759.mp4
2025-05-27 10:03:04,906 - overlay - INFO - Deleted oversized file: /var/www/html/public/assets/uploads/CAM1/2025-05-26/1748282699_slow.mp4
2025-05-27 10:03:04,906 - overlay - INFO - Deleted oversized file: /var/www/html/public/assets/uploads/CAM3/2025-05-26/1748282699_slow.mp4
2025-05-27 10:03:04,907 - overlay - INFO - Deleted oversized file: /var/www/html/public/assets/uploads/CAM2/2025-05-26/1748282759_slow.mp4
2025-05-27 10:03:04,908 - overlay - INFO - Deleted oversized file: /var/www/html/public/assets/uploads/CAM3/2025-05-26/1748282759_slow.mp4
2025-05-27 10:03:04,908 - overlay - INFO - Deleted oversized file: /var/www/html/public/assets/uploads/CAM1/2025-05-26/1748282759_slow.mp4
2025-05-27 10:03:04,909 - overlay - INFO - Deleted oversized file: /var/www/html/public/assets/uploads/CAM1/2025-05-26/1748282819.mp4
2025-05-27 10:03:04,950 - overlay - INFO - Deleted oversized file: /var/www/html/public/assets/uploads/CAM3/2025-05-26/1748282819.mp4
2025-05-27 10:03:04,951 - overlay - INFO - Deleted oversized file: /var/www/html/public/assets/uploads/CAM2/2025-05-26/1748282819.mp4
2025-05-27 10:03:04,951 - overlay - INFO - Deleted oversized file: /var/www/html/public/assets/uploads/CAM4/2025-05-26/1748282819.mp4
2025-05-27 10:03:04,952 - overlay - INFO - Deleted oversized file: /var/www/html/public/assets/uploads/CAM4/2025-05-26/1748282759_slow.mp4
2025-05-27 10:03:04,952 - overlay - INFO - Deleted oversized file: /var/www/html/public/assets/uploads/CAM1/2025-05-26/1748282819_slow.mp4
2025-05-27 10:03:04,953 - overlay - INFO - Deleted oversized file: /var/www/html/public/assets/uploads/CAM2/2025-05-26/1748282819_slow.mp4
2025-05-27 10:03:04,954 - overlay - INFO - Deleted oversized file: /var/www/html/public/assets/uploads/CAM4/2025-05-26/1748282819_slow.mp4
2025-05-27 10:03:04,954 - overlay - INFO - Deleted oversized file: /var/www/html/public/assets/uploads/CAM1/2025-05-26/1748282879.mp4
2025-05-27 10:03:04,995 - overlay - INFO - Deleted oversized file: /var/www/html/public/assets/uploads/CAM3/2025-05-26/1748282879.mp4
2025-05-27 10:03:04,996 - overlay - INFO - Deleted oversized file: /var/www/html/public/assets/uploads/CAM2/2025-05-26/1748282879.mp4
2025-05-27 10:03:04,996 - overlay - INFO - Deleted oversized file: /var/www/html/public/assets/uploads/CAM4/2025-05-26/1748282879.mp4
2025-05-27 10:03:04,997 - overlay - INFO - Deleted oversized file: /var/www/html/public/assets/uploads/CAM3/2025-05-26/1748282819_slow.mp4
2025-05-27 10:03:04,998 - overlay - INFO - Deleted oversized file: /var/www/html/public/assets/uploads/CAM2/2025-05-26/1748282879_slow.mp4
2025-05-27 10:03:04,998 - overlay - INFO - Deleted oversized file: /var/www/html/public/assets/uploads/CAM3/2025-05-26/1748282879_slow.mp4
2025-05-27 10:03:04,999 - overlay - INFO - Deleted oversized file: /var/www/html/public/assets/uploads/CAM1/2025-05-26/1748282879_slow.mp4
2025-05-27 10:03:04,999 - overlay - INFO - Deleted oversized file: /var/www/html/public/assets/uploads/CAM1/2025-05-26/1748282937.mp4
2025-05-27 10:03:05,031 - overlay - INFO - Deleted oversized file: /var/www/html/public/assets/uploads/CAM3/2025-05-26/1748282937.mp4
2025-05-27 10:03:05,032 - overlay - INFO - Deleted oversized file: /var/www/html/public/assets/uploads/CAM4/2025-05-26/1748282937.mp4
2025-05-27 10:03:05,032 - overlay - INFO - Deleted oversized file: /var/www/html/public/assets/uploads/CAM2/2025-05-26/1748282937.mp4
2025-05-27 10:03:05,033 - overlay - INFO - Deleted oversized file: /var/www/html/public/assets/uploads/CAM4/2025-05-26/1748282879_slow.mp4
2025-05-27 10:03:05,034 - overlay - INFO - Deleted oversized file: /var/www/html/public/assets/uploads/CAM3/2025-05-26/1748282937_slow.mp4
2025-05-27 10:03:05,034 - overlay - INFO - Deleted oversized file: /var/www/html/public/assets/uploads/CAM2/2025-05-26/1748282937_slow.mp4
2025-05-27 10:03:05,035 - overlay - INFO - Deleted oversized file: /var/www/html/public/assets/uploads/CAM1/2025-05-26/1748282937_slow.mp4
2025-05-27 10:03:05,035 - overlay - INFO - Deleted oversized file: /var/www/html/public/assets/uploads/CAM1/2025-05-26/1748282997.mp4
2025-05-27 10:03:05,104 - overlay - INFO - Deleted oversized file: /var/www/html/public/assets/uploads/CAM3/2025-05-26/1748282997.mp4
2025-05-27 10:03:05,105 - overlay - INFO - Deleted oversized file: /var/www/html/public/assets/uploads/CAM4/2025-05-26/1748282997.mp4
2025-05-27 10:03:05,105 - overlay - INFO - Deleted oversized file: /var/www/html/public/assets/uploads/CAM2/2025-05-26/1748282997.mp4
2025-05-27 10:03:05,106 - overlay - INFO - Deleted oversized file: /var/www/html/public/assets/uploads/CAM4/2025-05-26/1748282937_slow.mp4
2025-05-27 10:03:05,107 - overlay - INFO - Deleted oversized file: /var/www/html/public/assets/uploads/CAM4/2025-05-26/1748282997_slow.mp4
2025-05-27 10:03:05,107 - overlay - INFO - Deleted oversized file: /var/www/html/public/assets/uploads/CAM3/2025-05-26/1748282997_slow.mp4
2025-05-27 10:03:05,108 - overlay - INFO - Deleted oversized file: /var/www/html/public/assets/uploads/CAM2/2025-05-26/1748282997_slow.mp4
2025-05-27 10:03:05,108 - overlay - INFO - Deleted oversized file: /var/www/html/public/assets/uploads/CAM1/2025-05-26/1748283057.mp4
2025-05-27 10:03:05,155 - overlay - INFO - Deleted oversized file: /var/www/html/public/assets/uploads/CAM3/2025-05-26/1748283057.mp4
2025-05-27 10:03:05,155 - overlay - INFO - Deleted oversized file: /var/www/html/public/assets/uploads/CAM4/2025-05-26/1748283057.mp4
2025-05-27 10:03:05,156 - overlay - INFO - Deleted oversized file: /var/www/html/public/assets/uploads/CAM2/2025-05-26/1748283057.mp4
2025-05-27 10:03:05,157 - overlay - INFO - Deleted oversized file: /var/www/html/public/assets/uploads/CAM1/2025-05-26/1748282997_slow.mp4
2025-05-27 10:03:05,157 - overlay - INFO - Deleted oversized file: /var/www/html/public/assets/uploads/CAM2/2025-05-26/1748283057_slow.mp4
2025-05-27 10:03:05,158 - overlay - INFO - Deleted oversized file: /var/www/html/public/assets/uploads/CAM4/2025-05-26/1748283057_slow.mp4
2025-05-27 10:03:05,158 - overlay - INFO - Deleted oversized file: /var/www/html/public/assets/uploads/CAM1/2025-05-26/1748283057_slow.mp4
2025-05-27 10:03:05,159 - overlay - INFO - Deleted oversized file: /var/www/html/public/assets/uploads/CAM1/2025-05-26/1748283117.mp4
2025-05-27 10:03:05,227 - overlay - INFO - Deleted oversized file: /var/www/html/public/assets/uploads/CAM4/2025-05-26/1748283117.mp4
2025-05-27 10:03:05,228 - overlay - INFO - Deleted oversized file: /var/www/html/public/assets/uploads/CAM2/2025-05-26/1748283117.mp4
2025-05-27 10:03:05,228 - overlay - INFO - Deleted oversized file: /var/www/html/public/assets/uploads/CAM3/2025-05-26/1748283117.mp4
2025-05-27 10:03:05,229 - overlay - INFO - Deleted oversized file: /var/www/html/public/assets/uploads/CAM3/2025-05-26/1748283057_slow.mp4
2025-05-27 10:03:05,230 - overlay - INFO - Deleted oversized file: /var/www/html/public/assets/uploads/CAM4/2025-05-26/1748283117_slow.mp4
2025-05-27 10:03:05,230 - overlay - INFO - Deleted oversized file: /var/www/html/public/assets/uploads/CAM1/2025-05-26/1748283117_slow.mp4
2025-05-27 10:03:05,231 - overlay - INFO - Deleted oversized file: /var/www/html/public/assets/uploads/CAM2/2025-05-26/1748283117_slow.mp4
2025-05-27 10:03:05,232 - overlay - INFO - Deleted oversized file: /var/www/html/public/assets/uploads/CAM4/2025-05-26/1748283177.mp4
2025-05-27 10:03:05,267 - overlay - INFO - Deleted oversized file: /var/www/html/public/assets/uploads/CAM2/2025-05-26/1748283177.mp4
2025-05-27 10:03:05,268 - overlay - INFO - Deleted oversized file: /var/www/html/public/assets/uploads/CAM1/2025-05-26/1748283177.mp4
2025-05-27 10:03:05,269 - overlay - INFO - Deleted oversized file: /var/www/html/public/assets/uploads/CAM3/2025-05-26/1748283177.mp4
2025-05-27 10:03:05,270 - overlay - INFO - Deleted oversized file: /var/www/html/public/assets/uploads/CAM3/2025-05-26/1748283117_slow.mp4
2025-05-27 10:03:05,270 - overlay - INFO - Deleted oversized file: /var/www/html/public/assets/uploads/CAM2/2025-05-26/1748283177_slow.mp4
2025-05-27 10:03:05,271 - overlay - INFO - Deleted oversized file: /var/www/html/public/assets/uploads/CAM1/2025-05-26/1748283177_slow.mp4
2025-05-27 10:03:05,272 - overlay - INFO - Deleted oversized file: /var/www/html/public/assets/uploads/CAM3/2025-05-26/1748283177_slow.mp4
2025-05-27 10:03:05,273 - overlay - INFO - Deleted oversized file: /var/www/html/public/assets/uploads/CAM1/2025-05-26/1748283237.mp4
2025-05-27 10:03:05,328 - overlay - INFO - Deleted oversized file: /var/www/html/public/assets/uploads/CAM3/2025-05-26/1748283237.mp4
2025-05-27 10:03:05,329 - overlay - INFO - Deleted oversized file: /var/www/html/public/assets/uploads/CAM2/2025-05-26/1748283237.mp4
2025-05-27 10:03:05,329 - overlay - INFO - Deleted oversized file: /var/www/html/public/assets/uploads/CAM4/2025-05-26/1748283237.mp4
2025-05-27 10:03:05,330 - overlay - INFO - Deleted oversized file: /var/www/html/public/assets/uploads/CAM4/2025-05-26/1748283177_slow.mp4
2025-05-27 10:03:05,331 - overlay - INFO - Deleted oversized file: /var/www/html/public/assets/uploads/CAM1/2025-05-26/1748283237_slow.mp4
2025-05-27 10:03:05,331 - overlay - INFO - Deleted oversized file: /var/www/html/public/assets/uploads/CAM3/2025-05-26/1748283237_slow.mp4
2025-05-27 10:03:05,332 - overlay - INFO - Deleted oversized file: /var/www/html/public/assets/uploads/CAM2/2025-05-26/1748283237_slow.mp4
2025-05-27 10:03:05,332 - overlay - INFO - Deleted oversized file: /var/www/html/public/assets/uploads/CAM1/2025-05-26/1748283297.mp4
2025-05-27 10:03:05,369 - overlay - INFO - Deleted oversized file: /var/www/html/public/assets/uploads/CAM3/2025-05-26/1748283297.mp4
2025-05-27 10:03:05,370 - overlay - INFO - Deleted oversized file: /var/www/html/public/assets/uploads/CAM4/2025-05-26/1748283297.mp4
2025-05-27 10:03:05,371 - overlay - INFO - Deleted oversized file: /var/www/html/public/assets/uploads/CAM2/2025-05-26/1748283297.mp4
2025-05-27 10:03:05,372 - overlay - INFO - Deleted oversized file: /var/www/html/public/assets/uploads/CAM4/2025-05-26/1748283237_slow.mp4
2025-05-27 10:03:05,372 - overlay - INFO - Deleted oversized file: /var/www/html/public/assets/uploads/CAM4/2025-05-26/1748283297_slow.mp4
2025-05-27 10:03:05,373 - overlay - INFO - Deleted oversized file: /var/www/html/public/assets/uploads/CAM3/2025-05-26/1748283297_slow.mp4
2025-05-27 10:03:05,373 - overlay - INFO - Deleted oversized file: /var/www/html/public/assets/uploads/CAM2/2025-05-26/1748283297_slow.mp4
2025-05-27 10:03:05,374 - overlay - INFO - Deleted oversized file: /var/www/html/public/assets/uploads/CAM1/2025-05-26/1748283357.mp4
2025-05-27 10:03:05,432 - overlay - INFO - Deleted oversized file: /var/www/html/public/assets/uploads/CAM3/2025-05-26/1748283357.mp4
2025-05-27 10:03:05,432 - overlay - INFO - Deleted oversized file: /var/www/html/public/assets/uploads/CAM4/2025-05-26/1748283357.mp4
2025-05-27 10:03:05,433 - overlay - INFO - Deleted oversized file: /var/www/html/public/assets/uploads/CAM2/2025-05-26/1748283357.mp4
2025-05-27 10:03:05,434 - overlay - INFO - Deleted oversized file: /var/www/html/public/assets/uploads/CAM1/2025-05-26/1748283297_slow.mp4
2025-05-27 10:03:05,434 - overlay - INFO - Deleted oversized file: /var/www/html/public/assets/uploads/CAM3/2025-05-26/1748283357_slow.mp4
2025-05-27 10:03:05,435 - overlay - INFO - Deleted oversized file: /var/www/html/public/assets/uploads/CAM2/2025-05-26/1748283357_slow.mp4
2025-05-27 10:03:05,435 - overlay - INFO - Deleted oversized file: /var/www/html/public/assets/uploads/CAM1/2025-05-26/1748283357_slow.mp4
2025-05-27 10:03:05,436 - overlay - INFO - Deleted oversized file: /var/www/html/public/assets/uploads/CAM4/2025-05-26/1748283417.mp4
2025-05-27 10:03:05,466 - overlay - INFO - Deleted oversized file: /var/www/html/public/assets/uploads/CAM1/2025-05-26/1748283417.mp4
2025-05-27 10:03:05,467 - overlay - INFO - Deleted oversized file: /var/www/html/public/assets/uploads/CAM3/2025-05-26/1748283417.mp4
2025-05-27 10:03:05,467 - overlay - INFO - Deleted oversized file: /var/www/html/public/assets/uploads/CAM2/2025-05-26/1748283417.mp4
2025-05-27 10:03:05,468 - overlay - INFO - Deleted oversized file: /var/www/html/public/assets/uploads/CAM4/2025-05-26/1748283357_slow.mp4
2025-05-27 10:03:05,468 - overlay - INFO - Deleted oversized file: /var/www/html/public/assets/uploads/CAM2/2025-05-26/1748283417_slow.mp4
2025-05-27 10:03:05,469 - overlay - INFO - Deleted oversized file: /var/www/html/public/assets/uploads/CAM4/2025-05-26/1748283417_slow.mp4
2025-05-27 10:03:05,469 - overlay - INFO - Deleted oversized file: /var/www/html/public/assets/uploads/CAM1/2025-05-26/1748283417_slow.mp4
2025-05-27 10:03:05,470 - overlay - INFO - Deleted oversized file: /var/www/html/public/assets/uploads/CAM2/2025-05-26/1748283477.mp4
2025-05-27 10:03:05,509 - overlay - INFO - Deleted oversized file: /var/www/html/public/assets/uploads/CAM1/2025-05-26/1748283477.mp4
2025-05-27 10:03:05,510 - overlay - INFO - Deleted oversized file: /var/www/html/public/assets/uploads/CAM3/2025-05-26/1748283477.mp4
2025-05-27 10:03:05,510 - overlay - INFO - Deleted oversized file: /var/www/html/public/assets/uploads/CAM4/2025-05-26/1748283477.mp4
2025-05-27 10:03:05,511 - overlay - INFO - Deleted oversized file: /var/www/html/public/assets/uploads/CAM3/2025-05-26/1748283417_slow.mp4
2025-05-27 10:03:05,512 - overlay - INFO - Deleted oversized file: /var/www/html/public/assets/uploads/CAM2/2025-05-26/1748283477_slow.mp4
2025-05-27 10:03:05,512 - overlay - INFO - Deleted oversized file: /var/www/html/public/assets/uploads/CAM3/2025-05-26/1748283477_slow.mp4
2025-05-27 10:03:05,513 - overlay - INFO - Deleted oversized file: /var/www/html/public/assets/uploads/CAM1/2025-05-26/1748283477_slow.mp4
2025-05-27 10:03:05,513 - overlay - INFO - Deleted oversized file: /var/www/html/public/assets/uploads/CAM1/2025-05-26/1748283535.mp4
2025-05-27 10:03:05,557 - overlay - INFO - Deleted oversized file: /var/www/html/public/assets/uploads/CAM3/2025-05-26/1748283535.mp4
2025-05-27 10:03:05,557 - overlay - INFO - Deleted oversized file: /var/www/html/public/assets/uploads/CAM4/2025-05-26/1748283535.mp4
2025-05-27 10:03:05,558 - overlay - INFO - Deleted oversized file: /var/www/html/public/assets/uploads/CAM2/2025-05-26/1748283535.mp4
2025-05-27 10:03:05,559 - overlay - INFO - Deleted oversized file: /var/www/html/public/assets/uploads/CAM4/2025-05-26/1748283477_slow.mp4
2025-05-27 10:03:05,559 - overlay - INFO - Deleted oversized file: /var/www/html/public/assets/uploads/CAM4/2025-05-26/1748283535_slow.mp4
2025-05-27 10:03:05,560 - overlay - INFO - Deleted oversized file: /var/www/html/public/assets/uploads/CAM1/2025-05-26/1748283535_slow.mp4
2025-05-27 10:03:05,560 - overlay - INFO - Deleted oversized file: /var/www/html/public/assets/uploads/CAM2/2025-05-26/1748283535_slow.mp4
2025-05-27 10:03:05,561 - overlay - INFO - Deleted oversized file: /var/www/html/public/assets/uploads/CAM1/2025-05-26/1748283595.mp4
2025-05-27 10:03:05,594 - overlay - INFO - Deleted oversized file: /var/www/html/public/assets/uploads/CAM2/2025-05-26/1748283595.mp4
2025-05-27 10:03:05,595 - overlay - INFO - Deleted oversized file: /var/www/html/public/assets/uploads/CAM3/2025-05-26/1748283595.mp4
2025-05-27 10:03:05,595 - overlay - INFO - Deleted oversized file: /var/www/html/public/assets/uploads/CAM4/2025-05-26/1748283595.mp4
2025-05-27 10:03:05,596 - overlay - INFO - Deleted oversized file: /var/www/html/public/assets/uploads/CAM3/2025-05-26/1748283535_slow.mp4
2025-05-27 10:03:05,596 - overlay - INFO - Deleted oversized file: /var/www/html/public/assets/uploads/CAM1/2025-05-26/1748283595_slow.mp4
2025-05-27 10:03:05,597 - overlay - INFO - Deleted oversized file: /var/www/html/public/assets/uploads/CAM2/2025-05-26/1748283595_slow.mp4
2025-05-27 10:03:05,597 - overlay - INFO - Deleted oversized file: /var/www/html/public/assets/uploads/CAM3/2025-05-26/1748283595_slow.mp4
2025-05-27 10:03:05,598 - overlay - INFO - Deleted oversized file: /var/www/html/public/assets/uploads/CAM4/2025-05-26/1748283595_slow.mp4
2025-05-27 10:03:05,599 - overlay - INFO - Deleted oversized file: /var/www/html/public/assets/uploads/CAM1/2025-05-26/1748283655.mp4
2025-05-27 10:03:05,651 - overlay - INFO - Deleted oversized file: /var/www/html/public/assets/uploads/CAM3/2025-05-26/1748283655.mp4
2025-05-27 10:03:05,652 - overlay - INFO - Deleted oversized file: /var/www/html/public/assets/uploads/CAM4/2025-05-26/1748283655.mp4
2025-05-27 10:03:05,652 - overlay - INFO - Deleted oversized file: /var/www/html/public/assets/uploads/CAM2/2025-05-26/1748283655.mp4
2025-05-27 10:03:05,653 - overlay - INFO - Deleted oversized file: /var/www/html/public/assets/uploads/CAM4/2025-05-26/1748283655_slow.mp4
2025-05-27 10:03:05,654 - overlay - INFO - Deleted oversized file: /var/www/html/public/assets/uploads/CAM2/2025-05-26/1748283655_slow.mp4
2025-05-27 10:03:05,654 - overlay - INFO - Deleted oversized file: /var/www/html/public/assets/uploads/CAM3/2025-05-26/1748283655_slow.mp4
2025-05-27 10:03:05,655 - overlay - INFO - Deleted oversized file: /var/www/html/public/assets/uploads/CAM1/2025-05-26/1748283655_slow.mp4
2025-05-27 10:03:05,655 - overlay - INFO - Deleted oversized file: /var/www/html/public/assets/uploads/CAM1/2025-05-26/1748283715.mp4
2025-05-27 10:03:05,683 - overlay - INFO - Deleted oversized file: /var/www/html/public/assets/uploads/CAM3/2025-05-26/1748283715.mp4
2025-05-27 10:03:05,684 - overlay - INFO - Deleted oversized file: /var/www/html/public/assets/uploads/CAM4/2025-05-26/1748283715.mp4
2025-05-27 10:03:05,685 - overlay - INFO - Deleted oversized file: /var/www/html/public/assets/uploads/CAM2/2025-05-26/1748283715.mp4
2025-05-27 10:03:05,685 - overlay - INFO - Deleted oversized file: /var/www/html/public/assets/uploads/CAM1/2025-05-26/1748283715_slow.mp4
2025-05-27 10:03:05,686 - overlay - INFO - Deleted oversized file: /var/www/html/public/assets/uploads/CAM3/2025-05-26/1748283715_slow.mp4
2025-05-27 10:03:05,686 - overlay - INFO - Deleted oversized file: /var/www/html/public/assets/uploads/CAM2/2025-05-26/1748283715_slow.mp4
2025-05-27 10:03:05,687 - overlay - INFO - Deleted oversized file: /var/www/html/public/assets/uploads/CAM4/2025-05-26/1748283775.mp4
2025-05-27 10:03:05,733 - overlay - INFO - Deleted oversized file: /var/www/html/public/assets/uploads/CAM1/2025-05-26/1748283775.mp4
2025-05-27 10:03:05,734 - overlay - INFO - Deleted oversized file: /var/www/html/public/assets/uploads/CAM3/2025-05-26/1748283775.mp4
2025-05-27 10:03:05,735 - overlay - INFO - Deleted oversized file: /var/www/html/public/assets/uploads/CAM2/2025-05-26/1748283775.mp4
2025-05-27 10:03:05,735 - overlay - INFO - Deleted oversized file: /var/www/html/public/assets/uploads/CAM4/2025-05-26/1748283715_slow.mp4
2025-05-27 10:03:05,736 - overlay - INFO - Deleted oversized file: /var/www/html/public/assets/uploads/CAM4/2025-05-26/1748283775_slow.mp4
2025-05-27 10:03:05,736 - overlay - INFO - Deleted oversized file: /var/www/html/public/assets/uploads/CAM1/2025-05-26/1748283775_slow.mp4
2025-05-27 10:03:05,744 - overlay - INFO - Deleted oversized file: /var/www/html/public/assets/uploads/CAM2/2025-05-26/1748283775_slow.mp4
2025-05-27 10:03:05,745 - overlay - INFO - Deleted oversized file: /var/www/html/public/assets/uploads/CAM1/2025-05-26/1748283835.mp4
2025-05-27 10:03:05,782 - overlay - INFO - Deleted oversized file: /var/www/html/public/assets/uploads/CAM3/2025-05-26/1748283835.mp4
2025-05-27 10:03:05,783 - overlay - INFO - Deleted oversized file: /var/www/html/public/assets/uploads/CAM2/2025-05-26/1748283835.mp4
2025-05-27 10:03:05,784 - overlay - INFO - Deleted oversized file: /var/www/html/public/assets/uploads/CAM4/2025-05-26/1748283835.mp4
2025-05-27 10:03:05,785 - overlay - INFO - Deleted oversized file: /var/www/html/public/assets/uploads/CAM3/2025-05-26/1748283775_slow.mp4
2025-05-27 10:03:05,785 - overlay - INFO - Deleted oversized file: /var/www/html/public/assets/uploads/CAM2/2025-05-26/1748283835_slow.mp4
2025-05-27 10:03:05,786 - overlay - INFO - Deleted oversized file: /var/www/html/public/assets/uploads/CAM3/2025-05-26/1748283835_slow.mp4
2025-05-27 10:03:05,786 - overlay - INFO - Deleted oversized file: /var/www/html/public/assets/uploads/CAM1/2025-05-26/1748283835_slow.mp4
2025-05-27 10:03:05,787 - overlay - INFO - Deleted oversized file: /var/www/html/public/assets/uploads/CAM4/2025-05-26/1748283835_slow.mp4
2025-05-27 10:03:05,787 - overlay - INFO - Deleted oversized file: /var/www/html/public/assets/uploads/CAM1/2025-05-26/1748283895.mp4
2025-05-27 10:03:05,839 - overlay - INFO - Deleted oversized file: /var/www/html/public/assets/uploads/CAM3/2025-05-26/1748283895.mp4
2025-05-27 10:03:05,840 - overlay - INFO - Deleted oversized file: /var/www/html/public/assets/uploads/CAM4/2025-05-26/1748283895.mp4
2025-05-27 10:03:05,840 - overlay - INFO - Deleted oversized file: /var/www/html/public/assets/uploads/CAM2/2025-05-26/1748283895.mp4
2025-05-27 10:03:05,841 - overlay - INFO - Deleted oversized file: /var/www/html/public/assets/uploads/CAM2/2025-05-26/1748283895_slow.mp4
2025-05-27 10:03:05,842 - overlay - INFO - Deleted oversized file: /var/www/html/public/assets/uploads/CAM3/2025-05-26/1748283895_slow.mp4
2025-05-27 10:03:05,842 - overlay - INFO - Deleted oversized file: /var/www/html/public/assets/uploads/CAM1/2025-05-26/1748283895_slow.mp4
2025-05-27 10:03:05,843 - overlay - INFO - Deleted oversized file: /var/www/html/public/assets/uploads/CAM4/2025-05-26/1748283895_slow.mp4
2025-05-27 10:03:05,843 - overlay - INFO - Deleted oversized file: /var/www/html/public/assets/uploads/CAM1/2025-05-26/1748283955.mp4
2025-05-27 10:03:05,875 - overlay - INFO - Deleted oversized file: /var/www/html/public/assets/uploads/CAM4/2025-05-26/1748283955.mp4
2025-05-27 10:03:05,876 - overlay - INFO - Deleted oversized file: /var/www/html/public/assets/uploads/CAM2/2025-05-26/1748283955.mp4
2025-05-27 10:03:05,876 - overlay - INFO - Deleted oversized file: /var/www/html/public/assets/uploads/CAM3/2025-05-26/1748283955.mp4
2025-05-27 10:03:05,877 - overlay - INFO - Deleted oversized file: /var/www/html/public/assets/uploads/CAM1/2025-05-26/1748283955_slow.mp4
2025-05-27 10:03:05,878 - overlay - INFO - Deleted oversized file: /var/www/html/public/assets/uploads/CAM4/2025-05-26/1748283955_slow.mp4
2025-05-27 10:03:05,881 - overlay - INFO - Deleted oversized file: /var/www/html/public/assets/uploads/CAM2/2025-05-26/1748283955_slow.mp4
2025-05-27 10:03:05,881 - overlay - INFO - Deleted oversized file: /var/www/html/public/assets/uploads/CAM1/2025-05-26/1748284015.mp4
2025-05-27 10:03:05,921 - overlay - INFO - Deleted oversized file: /var/www/html/public/assets/uploads/CAM3/2025-05-26/1748284015.mp4
2025-05-27 10:03:05,922 - overlay - INFO - Deleted oversized file: /var/www/html/public/assets/uploads/CAM4/2025-05-26/1748284015.mp4
2025-05-27 10:03:05,923 - overlay - INFO - Deleted oversized file: /var/www/html/public/assets/uploads/CAM2/2025-05-26/1748284015.mp4
2025-05-27 10:03:05,923 - overlay - INFO - Deleted oversized file: /var/www/html/public/assets/uploads/CAM3/2025-05-26/1748283955_slow.mp4
2025-05-27 10:03:05,924 - overlay - INFO - Deleted oversized file: /var/www/html/public/assets/uploads/CAM2/2025-05-26/1748284015_slow.mp4
2025-05-27 10:03:05,924 - overlay - INFO - Deleted oversized file: /var/www/html/public/assets/uploads/CAM3/2025-05-26/1748284015_slow.mp4
2025-05-27 10:03:05,925 - overlay - INFO - Deleted oversized file: /var/www/html/public/assets/uploads/CAM1/2025-05-26/1748284015_slow.mp4
2025-05-27 10:03:05,925 - overlay - INFO - Deleted oversized file: /var/www/html/public/assets/uploads/CAM1/2025-05-26/1748284075.mp4
2025-05-27 10:03:05,969 - overlay - INFO - Deleted oversized file: /var/www/html/public/assets/uploads/CAM3/2025-05-26/1748284075.mp4
2025-05-27 10:03:05,970 - overlay - INFO - Deleted oversized file: /var/www/html/public/assets/uploads/CAM4/2025-05-26/1748284075.mp4
2025-05-27 10:03:05,970 - overlay - INFO - Deleted oversized file: /var/www/html/public/assets/uploads/CAM2/2025-05-26/1748284075.mp4
2025-05-27 10:03:05,971 - overlay - INFO - Deleted oversized file: /var/www/html/public/assets/uploads/CAM4/2025-05-26/1748284015_slow.mp4
2025-05-27 10:03:05,971 - overlay - INFO - Deleted oversized file: /var/www/html/public/assets/uploads/CAM2/2025-05-26/1748284075_slow.mp4
2025-05-27 10:03:05,972 - overlay - INFO - Deleted oversized file: /var/www/html/public/assets/uploads/CAM3/2025-05-26/1748284075_slow.mp4
2025-05-27 10:03:05,972 - overlay - INFO - Deleted oversized file: /var/www/html/public/assets/uploads/CAM1/2025-05-26/1748284075_slow.mp4
2025-05-27 10:03:05,973 - overlay - INFO - Deleted oversized file: /var/www/html/public/assets/uploads/CAM1/2025-05-26/1748284134.mp4
2025-05-27 10:03:06,016 - overlay - INFO - Deleted oversized file: /var/www/html/public/assets/uploads/CAM3/2025-05-26/1748284134.mp4
2025-05-27 10:03:06,017 - overlay - INFO - Deleted oversized file: /var/www/html/public/assets/uploads/CAM4/2025-05-26/1748284134.mp4
2025-05-27 10:03:06,018 - overlay - INFO - Deleted oversized file: /var/www/html/public/assets/uploads/CAM2/2025-05-26/1748284134.mp4
2025-05-27 10:03:06,018 - overlay - INFO - Deleted oversized file: /var/www/html/public/assets/uploads/CAM4/2025-05-26/1748284075_slow.mp4
2025-05-27 10:03:06,019 - overlay - INFO - Deleted oversized file: /var/www/html/public/assets/uploads/CAM1/2025-05-26/1748284134_slow.mp4
2025-05-27 10:03:06,019 - overlay - INFO - Deleted oversized file: /var/www/html/public/assets/uploads/CAM2/2025-05-26/1748284134_slow.mp4
2025-05-27 10:03:06,020 - overlay - INFO - Deleted oversized file: /var/www/html/public/assets/uploads/CAM3/2025-05-26/1748284134_slow.mp4
2025-05-27 10:03:06,020 - overlay - INFO - Deleted oversized file: /var/www/html/public/assets/uploads/CAM4/2025-05-26/1748284194.mp4
2025-05-27 10:03:06,048 - overlay - INFO - Deleted oversized file: /var/www/html/public/assets/uploads/CAM1/2025-05-26/1748284194.mp4
2025-05-27 10:03:06,049 - overlay - INFO - Deleted oversized file: /var/www/html/public/assets/uploads/CAM3/2025-05-26/1748284194.mp4
2025-05-27 10:03:06,049 - overlay - INFO - Deleted oversized file: /var/www/html/public/assets/uploads/CAM2/2025-05-26/1748284194.mp4
2025-05-27 10:03:06,050 - overlay - INFO - Deleted oversized file: /var/www/html/public/assets/uploads/CAM4/2025-05-26/1748284134_slow.mp4
2025-05-27 10:03:06,050 - overlay - INFO - Deleted oversized file: /var/www/html/public/assets/uploads/CAM2/2025-05-26/1748284194_slow.mp4
2025-05-27 10:03:06,051 - overlay - INFO - Deleted oversized file: /var/www/html/public/assets/uploads/CAM1/2025-05-26/1748284194_slow.mp4
2025-05-27 10:03:06,051 - overlay - INFO - Deleted oversized file: /var/www/html/public/assets/uploads/CAM4/2025-05-26/1748284194_slow.mp4
2025-05-27 10:03:06,052 - overlay - INFO - Deleted oversized file: /var/www/html/public/assets/uploads/CAM1/2025-05-26/1748284254.mp4
2025-05-27 10:03:06,129 - overlay - INFO - Deleted oversized file: /var/www/html/public/assets/uploads/CAM3/2025-05-26/1748284254.mp4
2025-05-27 10:03:06,130 - overlay - INFO - Deleted oversized file: /var/www/html/public/assets/uploads/CAM4/2025-05-26/1748284254.mp4
2025-05-27 10:03:06,130 - overlay - INFO - Deleted oversized file: /var/www/html/public/assets/uploads/CAM2/2025-05-26/1748284254.mp4
2025-05-27 10:03:06,131 - overlay - INFO - Deleted oversized file: /var/www/html/public/assets/uploads/CAM3/2025-05-26/1748284194_slow.mp4
2025-05-27 10:03:06,131 - overlay - INFO - Deleted oversized file: /var/www/html/public/assets/uploads/CAM3/2025-05-26/1748284254_slow.mp4
2025-05-27 10:03:06,132 - overlay - INFO - Deleted oversized file: /var/www/html/public/assets/uploads/CAM2/2025-05-26/1748284254_slow.mp4
2025-05-27 10:03:06,132 - overlay - INFO - Deleted oversized file: /var/www/html/public/assets/uploads/CAM4/2025-05-26/1748284254_slow.mp4
2025-05-27 10:03:06,133 - overlay - INFO - Deleted oversized file: /var/www/html/public/assets/uploads/CAM1/2025-05-26/1748284254_slow.mp4
2025-05-27 10:03:06,133 - overlay - INFO - Deleted oversized file: /var/www/html/public/assets/uploads/CAM1/2025-05-26/1748284314.mp4
2025-05-27 10:03:06,167 - overlay - INFO - Deleted oversized file: /var/www/html/public/assets/uploads/CAM3/2025-05-26/1748284314.mp4
2025-05-27 10:03:06,167 - overlay - INFO - Deleted oversized file: /var/www/html/public/assets/uploads/CAM4/2025-05-26/1748284314.mp4
2025-05-27 10:03:06,168 - overlay - INFO - Deleted oversized file: /var/www/html/public/assets/uploads/CAM2/2025-05-26/1748284314.mp4
2025-05-27 10:03:06,169 - overlay - INFO - Deleted oversized file: /var/www/html/public/assets/uploads/CAM3/2025-05-26/1748284314_slow.mp4
2025-05-27 10:03:06,169 - overlay - INFO - Deleted oversized file: /var/www/html/public/assets/uploads/CAM2/2025-05-26/1748284314_slow.mp4
2025-05-27 10:03:06,170 - overlay - INFO - Deleted oversized file: /var/www/html/public/assets/uploads/CAM1/2025-05-26/1748284314_slow.mp4
2025-05-27 10:03:06,170 - overlay - INFO - Deleted oversized file: /var/www/html/public/assets/uploads/CAM4/2025-05-26/1748284374.mp4
2025-05-27 10:03:06,227 - overlay - INFO - Deleted oversized file: /var/www/html/public/assets/uploads/CAM1/2025-05-26/1748284374.mp4
2025-05-27 10:03:06,228 - overlay - INFO - Deleted oversized file: /var/www/html/public/assets/uploads/CAM3/2025-05-26/1748284374.mp4
2025-05-27 10:03:06,228 - overlay - INFO - Deleted oversized file: /var/www/html/public/assets/uploads/CAM2/2025-05-26/1748284374.mp4
2025-05-27 10:03:06,229 - overlay - INFO - Deleted oversized file: /var/www/html/public/assets/uploads/CAM4/2025-05-26/1748284314_slow.mp4
2025-05-27 10:03:06,234 - overlay - INFO - Deleted oversized file: /var/www/html/public/assets/uploads/CAM4/2025-05-26/1748284374_slow.mp4
2025-05-27 10:03:06,235 - overlay - INFO - Deleted oversized file: /var/www/html/public/assets/uploads/CAM2/2025-05-26/1748284374_slow.mp4
2025-05-27 10:03:06,235 - overlay - INFO - Deleted oversized file: /var/www/html/public/assets/uploads/CAM1/2025-05-26/1748284374_slow.mp4
2025-05-27 10:03:06,236 - overlay - INFO - Deleted oversized file: /var/www/html/public/assets/uploads/CAM4/2025-05-26/1748284434.mp4
2025-05-27 10:03:06,263 - overlay - INFO - Deleted oversized file: /var/www/html/public/assets/uploads/CAM3/2025-05-26/1748284374_slow.mp4
2025-05-27 10:03:06,264 - overlay - INFO - Deleted oversized file: /var/www/html/public/assets/uploads/CAM1/2025-05-26/1748284434.mp4
2025-05-27 10:03:06,265 - overlay - INFO - Deleted oversized file: /var/www/html/public/assets/uploads/CAM3/2025-05-26/1748284434.mp4
2025-05-27 10:03:06,265 - overlay - INFO - Deleted oversized file: /var/www/html/public/assets/uploads/CAM2/2025-05-26/1748284434.mp4
2025-05-27 10:03:06,266 - overlay - INFO - Deleted oversized file: /var/www/html/public/assets/uploads/CAM1/2025-05-26/1748284434_slow.mp4
2025-05-27 10:03:06,266 - overlay - INFO - Deleted oversized file: /var/www/html/public/assets/uploads/CAM4/2025-05-26/1748284434_slow.mp4
2025-05-27 10:03:06,267 - overlay - INFO - Deleted oversized file: /var/www/html/public/assets/uploads/CAM3/2025-05-26/1748284434_slow.mp4
2025-05-27 10:03:06,267 - overlay - INFO - Deleted oversized file: /var/www/html/public/assets/uploads/CAM2/2025-05-26/1748284434_slow.mp4
2025-05-27 10:03:06,268 - overlay - INFO - Deleted oversized file: /var/www/html/public/assets/uploads/CAM1/2025-05-26/1748284494.mp4
2025-05-27 10:03:06,319 - overlay - INFO - Deleted oversized file: /var/www/html/public/assets/uploads/CAM3/2025-05-26/1748284494.mp4
2025-05-27 10:03:06,320 - overlay - INFO - Deleted oversized file: /var/www/html/public/assets/uploads/CAM4/2025-05-26/1748284494.mp4
2025-05-27 10:03:06,320 - overlay - INFO - Deleted oversized file: /var/www/html/public/assets/uploads/CAM2/2025-05-26/1748284494.mp4
2025-05-27 10:03:06,321 - overlay - INFO - Deleted oversized file: /var/www/html/public/assets/uploads/CAM1/2025-05-26/1748284494_slow.mp4
2025-05-27 10:03:06,321 - overlay - INFO - Deleted oversized file: /var/www/html/public/assets/uploads/CAM4/2025-05-26/1748284494_slow.mp4
2025-05-27 10:03:06,322 - overlay - INFO - Deleted oversized file: /var/www/html/public/assets/uploads/CAM3/2025-05-26/1748284494_slow.mp4
2025-05-27 10:03:06,322 - overlay - INFO - Deleted oversized file: /var/www/html/public/assets/uploads/CAM2/2025-05-26/1748284494_slow.mp4
2025-05-27 10:03:06,323 - overlay - INFO - Deleted oversized file: /var/www/html/public/assets/uploads/CAM1/2025-05-26/1748284554.mp4
2025-05-27 10:03:06,374 - overlay - INFO - Deleted oversized file: /var/www/html/public/assets/uploads/CAM3/2025-05-26/1748284554.mp4
2025-05-27 10:03:06,375 - overlay - INFO - Deleted oversized file: /var/www/html/public/assets/uploads/CAM4/2025-05-26/1748284554.mp4
2025-05-27 10:03:06,376 - overlay - INFO - Deleted oversized file: /var/www/html/public/assets/uploads/CAM2/2025-05-26/1748284554.mp4
2025-05-27 10:03:06,376 - overlay - INFO - Deleted oversized file: /var/www/html/public/assets/uploads/CAM2/2025-05-26/1748284554_slow.mp4
2025-05-27 10:03:06,377 - overlay - INFO - Deleted oversized file: /var/www/html/public/assets/uploads/CAM1/2025-05-26/1748284554_slow.mp4
2025-05-27 10:03:06,377 - overlay - INFO - Deleted oversized file: /var/www/html/public/assets/uploads/CAM4/2025-05-26/1748284554_slow.mp4
2025-05-27 10:03:06,378 - overlay - INFO - Deleted oversized file: /var/www/html/public/assets/uploads/CAM3/2025-05-26/1748284554_slow.mp4
2025-05-27 10:03:06,378 - overlay - INFO - Deleted oversized file: /var/www/html/public/assets/uploads/CAM1/2025-05-26/1748284614.mp4
2025-05-27 10:03:06,416 - overlay - INFO - Deleted oversized file: /var/www/html/public/assets/uploads/CAM3/2025-05-26/1748284614.mp4
2025-05-27 10:03:06,417 - overlay - INFO - Deleted oversized file: /var/www/html/public/assets/uploads/CAM4/2025-05-26/1748284614.mp4
2025-05-27 10:03:06,417 - overlay - INFO - Deleted oversized file: /var/www/html/public/assets/uploads/CAM2/2025-05-26/1748284614.mp4
2025-05-27 10:03:06,418 - overlay - INFO - Deleted oversized file: /var/www/html/public/assets/uploads/CAM1/2025-05-26/1748284614_slow.mp4
2025-05-27 10:03:06,418 - overlay - INFO - Deleted oversized file: /var/www/html/public/assets/uploads/CAM3/2025-05-26/1748284614_slow.mp4
2025-05-27 10:03:06,419 - overlay - INFO - Deleted oversized file: /var/www/html/public/assets/uploads/CAM2/2025-05-26/1748284614_slow.mp4
2025-05-27 10:03:06,419 - overlay - INFO - Deleted oversized file: /var/www/html/public/assets/uploads/CAM1/2025-05-26/1748284674.mp4
2025-05-27 10:03:06,470 - overlay - INFO - Deleted oversized file: /var/www/html/public/assets/uploads/CAM3/2025-05-26/1748284674.mp4
2025-05-27 10:03:06,471 - overlay - INFO - Deleted oversized file: /var/www/html/public/assets/uploads/CAM4/2025-05-26/1748284674.mp4
2025-05-27 10:03:06,472 - overlay - INFO - Deleted oversized file: /var/www/html/public/assets/uploads/CAM2/2025-05-26/1748284674.mp4
2025-05-27 10:03:06,472 - overlay - INFO - Deleted oversized file: /var/www/html/public/assets/uploads/CAM4/2025-05-26/1748284614_slow.mp4
2025-05-27 10:03:06,473 - overlay - INFO - Deleted oversized file: /var/www/html/public/assets/uploads/CAM2/2025-05-26/1748284674_slow.mp4
2025-05-27 10:03:06,473 - overlay - INFO - Deleted oversized file: /var/www/html/public/assets/uploads/CAM1/2025-05-26/1748284674_slow.mp4
2025-05-27 10:03:06,474 - overlay - INFO - Deleted oversized file: /var/www/html/public/assets/uploads/CAM4/2025-05-26/1748284674_slow.mp4
2025-05-27 10:03:06,474 - overlay - INFO - Deleted oversized file: /var/www/html/public/assets/uploads/CAM3/2025-05-26/1748284674_slow.mp4
2025-05-27 10:03:06,475 - overlay - INFO - Deleted oversized file: /var/www/html/public/assets/uploads/CAM1/2025-05-26/1748284732.mp4
2025-05-27 10:03:06,506 - overlay - INFO - Deleted oversized file: /var/www/html/public/assets/uploads/CAM3/2025-05-26/1748284732.mp4
2025-05-27 10:03:06,506 - overlay - INFO - Deleted oversized file: /var/www/html/public/assets/uploads/CAM4/2025-05-26/1748284732.mp4
2025-05-27 10:03:06,507 - overlay - INFO - Deleted oversized file: /var/www/html/public/assets/uploads/CAM2/2025-05-26/1748284732.mp4
2025-05-27 10:03:06,507 - overlay - INFO - Deleted oversized file: /var/www/html/public/assets/uploads/CAM1/2025-05-26/1748284732_slow.mp4
2025-05-27 10:03:06,508 - overlay - INFO - Deleted oversized file: /var/www/html/public/assets/uploads/CAM2/2025-05-26/1748284732_slow.mp4
2025-05-27 10:03:06,508 - overlay - INFO - Deleted oversized file: /var/www/html/public/assets/uploads/CAM3/2025-05-26/1748284732_slow.mp4
2025-05-27 10:03:06,509 - overlay - INFO - Deleted oversized file: /var/www/html/public/assets/uploads/CAM4/2025-05-26/1748284792.mp4
2025-05-27 10:03:06,559 - overlay - INFO - Deleted oversized file: /var/www/html/public/assets/uploads/CAM1/2025-05-26/1748284792.mp4
2025-05-27 10:03:06,560 - overlay - INFO - Deleted oversized file: /var/www/html/public/assets/uploads/CAM3/2025-05-26/1748284792.mp4
2025-05-27 10:03:06,560 - overlay - INFO - Deleted oversized file: /var/www/html/public/assets/uploads/CAM2/2025-05-26/1748284792.mp4
2025-05-27 10:03:06,561 - overlay - INFO - Deleted oversized file: /var/www/html/public/assets/uploads/CAM4/2025-05-26/1748284732_slow.mp4
2025-05-27 10:03:06,561 - overlay - INFO - Deleted oversized file: /var/www/html/public/assets/uploads/CAM4/2025-05-26/1748284792_slow.mp4
2025-05-27 10:03:06,562 - overlay - INFO - Deleted oversized file: /var/www/html/public/assets/uploads/CAM2/2025-05-26/1748284792_slow.mp4
2025-05-27 10:03:06,562 - overlay - INFO - Deleted oversized file: /var/www/html/public/assets/uploads/CAM3/2025-05-26/1748284792_slow.mp4
2025-05-27 10:03:06,563 - overlay - INFO - Deleted oversized file: /var/www/html/public/assets/uploads/CAM1/2025-05-26/1748284792_slow.mp4
2025-05-27 10:03:06,563 - overlay - INFO - Deleted oversized file: /var/www/html/public/assets/uploads/CAM4/2025-05-26/1748284852.mp4
2025-05-27 10:03:06,609 - overlay - INFO - Deleted oversized file: /var/www/html/public/assets/uploads/CAM2/2025-05-26/1748284852.mp4
2025-05-27 10:03:06,609 - overlay - INFO - Deleted oversized file: /var/www/html/public/assets/uploads/CAM1/2025-05-26/1748284852.mp4
2025-05-27 10:03:06,610 - overlay - INFO - Deleted oversized file: /var/www/html/public/assets/uploads/CAM3/2025-05-26/1748284852.mp4
2025-05-27 10:03:06,610 - overlay - INFO - Deleted oversized file: /var/www/html/public/assets/uploads/CAM4/2025-05-26/1748284852_slow.mp4
2025-05-27 10:03:06,611 - overlay - INFO - Deleted oversized file: /var/www/html/public/assets/uploads/CAM2/2025-05-26/1748284852_slow.mp4
2025-05-27 10:03:06,611 - overlay - INFO - Deleted oversized file: /var/www/html/public/assets/uploads/CAM1/2025-05-26/1748284852_slow.mp4
2025-05-27 10:03:06,612 - overlay - INFO - Deleted oversized file: /var/www/html/public/assets/uploads/CAM4/2025-05-26/1748284912.mp4
2025-05-27 10:03:06,639 - overlay - INFO - Deleted oversized file: /var/www/html/public/assets/uploads/CAM2/2025-05-26/1748284912.mp4
2025-05-27 10:03:06,640 - overlay - INFO - Deleted oversized file: /var/www/html/public/assets/uploads/CAM1/2025-05-26/1748284912.mp4
2025-05-27 10:03:06,641 - overlay - INFO - Deleted oversized file: /var/www/html/public/assets/uploads/CAM3/2025-05-26/1748284912.mp4
2025-05-27 10:03:06,641 - overlay - INFO - Deleted oversized file: /var/www/html/public/assets/uploads/CAM3/2025-05-26/1748284852_slow.mp4
2025-05-27 10:03:06,642 - overlay - INFO - Deleted oversized file: /var/www/html/public/assets/uploads/CAM4/2025-05-26/1748284912_slow.mp4
2025-05-27 10:03:06,642 - overlay - INFO - Deleted oversized file: /var/www/html/public/assets/uploads/CAM3/2025-05-26/1748284912_slow.mp4
2025-05-27 10:03:06,643 - overlay - INFO - Deleted oversized file: /var/www/html/public/assets/uploads/CAM2/2025-05-26/1748284912_slow.mp4
2025-05-27 10:03:06,643 - overlay - INFO - Deleted oversized file: /var/www/html/public/assets/uploads/CAM1/2025-05-26/1748284912_slow.mp4
2025-05-27 10:03:06,644 - overlay - INFO - Deleted oversized file: /var/www/html/public/assets/uploads/CAM1/2025-05-26/1748284972.mp4
2025-05-27 10:03:06,735 - overlay - INFO - Deleted oversized file: /var/www/html/public/assets/uploads/CAM3/2025-05-26/1748284972.mp4
2025-05-27 10:03:06,736 - overlay - INFO - Deleted oversized file: /var/www/html/public/assets/uploads/CAM4/2025-05-26/1748284972.mp4
2025-05-27 10:03:06,736 - overlay - INFO - Deleted oversized file: /var/www/html/public/assets/uploads/CAM2/2025-05-26/1748284972.mp4
2025-05-27 10:03:06,737 - overlay - INFO - Deleted oversized file: /var/www/html/public/assets/uploads/CAM2/2025-05-26/1748284972_slow.mp4
2025-05-27 10:03:06,737 - overlay - INFO - Deleted oversized file: /var/www/html/public/assets/uploads/CAM1/2025-05-26/1748284972_slow.mp4
2025-05-27 10:03:06,738 - overlay - INFO - Deleted oversized file: /var/www/html/public/assets/uploads/CAM3/2025-05-26/1748284972_slow.mp4
2025-05-27 10:03:06,738 - overlay - INFO - Deleted oversized file: /var/www/html/public/assets/uploads/CAM4/2025-05-26/1748284972_slow.mp4
2025-05-27 10:03:06,739 - overlay - INFO - Deleted oversized file: /var/www/html/public/assets/uploads/CAM4/2025-05-26/1748285032.mp4
2025-05-27 10:03:06,796 - overlay - INFO - Deleted oversized file: /var/www/html/public/assets/uploads/CAM1/2025-05-26/1748285032.mp4
2025-05-27 10:03:06,798 - overlay - INFO - Deleted oversized file: /var/www/html/public/assets/uploads/CAM3/2025-05-26/1748285032.mp4
2025-05-27 10:03:06,799 - overlay - INFO - Deleted oversized file: /var/www/html/public/assets/uploads/CAM2/2025-05-26/1748285032.mp4
2025-05-27 10:03:06,799 - overlay - INFO - Deleted oversized file: /var/www/html/public/assets/uploads/CAM2/2025-05-26/1748285032_slow.mp4
2025-05-27 10:03:06,800 - overlay - INFO - Deleted oversized file: /var/www/html/public/assets/uploads/CAM4/2025-05-26/1748285032_slow.mp4
2025-05-27 10:03:06,801 - overlay - INFO - Deleted oversized file: /var/www/html/public/assets/uploads/CAM1/2025-05-26/1748285032_slow.mp4
2025-05-27 10:03:06,801 - overlay - INFO - Deleted oversized file: /var/www/html/public/assets/uploads/CAM3/2025-05-26/1748285032_slow.mp4
2025-05-27 10:03:06,802 - overlay - INFO - Deleted oversized file: /var/www/html/public/assets/uploads/CAM1/2025-05-26/1748285092.mp4
2025-05-27 10:03:06,840 - overlay - INFO - Deleted oversized file: /var/www/html/public/assets/uploads/CAM3/2025-05-26/1748285092.mp4
2025-05-27 10:03:06,841 - overlay - INFO - Deleted oversized file: /var/www/html/public/assets/uploads/CAM4/2025-05-26/1748285092.mp4
2025-05-27 10:03:06,842 - overlay - INFO - Deleted oversized file: /var/www/html/public/assets/uploads/CAM2/2025-05-26/1748285092.mp4
2025-05-27 10:03:06,843 - overlay - INFO - Deleted oversized file: /var/www/html/public/assets/uploads/CAM1/2025-05-26/1748285092_slow.mp4
2025-05-27 10:03:06,843 - overlay - INFO - Deleted oversized file: /var/www/html/public/assets/uploads/CAM2/2025-05-26/1748285092_slow.mp4
2025-05-27 10:03:06,844 - overlay - INFO - Deleted oversized file: /var/www/html/public/assets/uploads/CAM3/2025-05-26/1748285092_slow.mp4
2025-05-27 10:03:06,844 - overlay - INFO - Deleted oversized file: /var/www/html/public/assets/uploads/CAM1/2025-05-26/1748285152.mp4
2025-05-27 10:03:06,875 - overlay - INFO - Deleted oversized file: /var/www/html/public/assets/uploads/CAM3/2025-05-26/1748285152.mp4
2025-05-27 10:03:06,876 - overlay - INFO - Deleted oversized file: /var/www/html/public/assets/uploads/CAM4/2025-05-26/1748285152.mp4
2025-05-27 10:03:06,877 - overlay - INFO - Deleted oversized file: /var/www/html/public/assets/uploads/CAM2/2025-05-26/1748285152.mp4
2025-05-27 10:03:06,877 - overlay - INFO - Deleted oversized file: /var/www/html/public/assets/uploads/CAM4/2025-05-26/1748285092_slow.mp4
2025-05-27 10:03:06,878 - overlay - INFO - Deleted oversized file: /var/www/html/public/assets/uploads/CAM2/2025-05-26/1748285152_slow.mp4
2025-05-27 10:03:06,878 - overlay - INFO - Deleted oversized file: /var/www/html/public/assets/uploads/CAM1/2025-05-26/1748285152_slow.mp4
