2025-04-30 18:17:48,388 - overlay - INFO - Fetching all CameraURLs records
2025-04-30 18:17:48,397 - recording_session - INFO - 🚀 SlowMoWorkers started: 4 threads
2025-04-30 18:17:48,397 - overlay - INFO - Fetching all CameraURLs records
2025-04-30 18:17:48,419 - recording_session - INFO - 🎥 Recording thread started for camera 1
2025-04-30 18:17:48,425 - overlay - INFO - Started recording for camera 1: rtsp://192.168.100.150:8547/h264
2025-04-30 18:17:48,437 - recording_session - INFO - 🎥 Recording thread started for camera 2
2025-04-30 18:17:48,437 - overlay - INFO - Started recording for camera 2: rtsp://192.168.100.150:8547/h264
2025-04-30 18:17:48,447 - recording_session - INFO - 🎥 Recording thread started for camera 3
2025-04-30 18:17:48,447 - overlay - INFO - Started recording for camera 3: rtsp://192.168.100.150:8547/h264
2025-04-30 18:17:48,461 - recording_session - INFO - 🎥 Recording thread started for camera 4
2025-04-30 18:17:48,461 - overlay - INFO - Started recording for camera 4: rtsp://192.168.100.150:8547/h264
2025-04-30 18:17:48,464 - recording_session - INFO - 🧪 Starting GStreamer pipeline for camera 2
2025-04-30 18:17:48,465 - recording_session - INFO - 🧪 Starting GStreamer pipeline for camera 3
2025-04-30 18:17:48,465 - recording_session - INFO - 🧪 Starting GStreamer pipeline for camera 4
2025-04-30 18:17:48,466 - recording_session - INFO - 🧪 Starting GStreamer pipeline for camera 1
2025-04-30 18:17:48,466 - recording_session - INFO - ✅ Pipeline set to PLAYING for camera 2
2025-04-30 18:17:48,468 - recording_session - INFO - ✅ Pipeline set to PLAYING for camera 4
2025-04-30 18:17:48,468 - recording_session - INFO - ✅ Pipeline set to PLAYING for camera 3
2025-04-30 18:17:48,469 - recording_session - INFO - ✅ Pipeline set to PLAYING for camera 1
2025-04-30 18:17:48,525 - overlay - INFO - Deleted old file: /var/www/html/public/assets/uploads/CAM1/2025-04-29/1745916926_slow.mp4
2025-04-30 18:17:48,633 - recording_session - INFO - 🔌 pad-added signal for camera 3
2025-04-30 18:17:48,633 - recording_session - INFO - 🔌 pad-added signal for camera 1
2025-04-30 18:17:48,634 - recording_session - INFO - 🔗 Linked rtspsrc pad to depay for camera 3
2025-04-30 18:17:48,634 - recording_session - INFO - 🔌 pad-added signal for camera 4
2025-04-30 18:17:48,635 - recording_session - INFO - 🔗 Linked rtspsrc pad to depay for camera 1
2025-04-30 18:17:48,637 - recording_session - INFO - 🔗 Linked rtspsrc pad to depay for camera 4
2025-04-30 18:17:48,635 - recording_session - INFO - 🔌 pad-added signal for camera 2
2025-04-30 18:17:48,638 - recording_session - INFO - 🔗 Linked rtspsrc pad to depay for camera 2
2025-04-30 18:17:48,671 - recording_session - INFO - 📁 Started recording chunk: /var/www/html/public/assets/uploads/CAM3/2025-04-30/1746019068.mp4
2025-04-30 18:17:48,695 - recording_session - INFO - 📁 Started recording chunk: /var/www/html/public/assets/uploads/CAM1/2025-04-30/1746019068.mp4
2025-04-30 18:17:48,741 - recording_session - INFO - 📁 Started recording chunk: /var/www/html/public/assets/uploads/CAM4/2025-04-30/1746019068.mp4
2025-04-30 18:17:48,768 - recording_session - INFO - 📁 Started recording chunk: /var/www/html/public/assets/uploads/CAM2/2025-04-30/1746019068.mp4
2025-04-30 18:18:06,831 - overlay - INFO - Fetching all graphics records
2025-04-30 18:18:06,841 - overlay - INFO - Found 1 graphics records
2025-04-30 18:18:06,842 - overlay - INFO - Fetching all CameraURLs records
2025-04-30 18:18:06,847 - overlay - INFO - Found 4 CameraURLs records
2025-04-30 18:18:08,929 - overlay - INFO - Fetching graphics with ID: 1
2025-04-30 18:18:08,939 - overlay - INFO - Fetching gamestats with ID: 1
2025-04-30 18:18:09,546 - overlay - INFO - Fetching graphics with ID: 1
2025-04-30 18:18:19,568 - overlay - INFO - Fetching streamtargets with ID: 1
2025-04-30 18:18:19,575 - overlay - INFO - Loaded stream target (ID: 1): srt => srt://origin-v2.vewbie.com:7010
2025-04-30 18:18:19,576 - overlay - INFO - Creating pipeline for srt stream to: srt://origin-v2.vewbie.com:7010
2025-04-30 18:18:19,709 - overlay - INFO - 🧩 Dynamic overlay URL set to: http://103.217.176.16:8080/scorecards/baseball/scorecard/1
2025-04-30 18:18:19,711 - overlay - INFO - Adding overlay for position: br
2025-04-30 18:18:19,711 - overlay - INFO - Screenshot capture started...
2025-04-30 18:18:19,712 - overlay - INFO - Position set to br (X: 1310, Y: -10)
2025-04-30 18:18:20,000 - overlay - INFO - State changed: NULL -> READY
2025-04-30 18:18:20,002 - overlay - INFO - State changed: NULL -> READY
2025-04-30 18:18:20,002 - overlay - INFO - State changed: NULL -> READY
2025-04-30 18:18:20,003 - overlay - INFO - State changed: NULL -> READY
2025-04-30 18:18:20,003 - overlay - INFO - State changed: NULL -> READY
2025-04-30 18:18:20,003 - overlay - INFO - State changed: NULL -> READY
2025-04-30 18:18:20,003 - overlay - INFO - State changed: NULL -> READY
2025-04-30 18:18:20,004 - overlay - INFO - State changed: NULL -> READY
2025-04-30 18:18:20,004 - overlay - INFO - State changed: NULL -> READY
2025-04-30 18:18:20,004 - overlay - INFO - State changed: NULL -> READY
2025-04-30 18:18:20,005 - overlay - INFO - State changed: NULL -> READY
2025-04-30 18:18:20,005 - overlay - INFO - State changed: NULL -> READY
2025-04-30 18:18:20,005 - overlay - INFO - State changed: NULL -> READY
2025-04-30 18:18:20,006 - overlay - INFO - State changed: NULL -> READY
2025-04-30 18:18:20,006 - overlay - INFO - State changed: NULL -> READY
2025-04-30 18:18:20,008 - overlay - INFO - State changed: NULL -> READY
2025-04-30 18:18:20,010 - overlay - INFO - State changed: NULL -> READY
2025-04-30 18:18:20,011 - overlay - INFO - Pipeline thread started with state transition
2025-04-30 18:18:20,013 - overlay - INFO - State changed: NULL -> READY
2025-04-30 18:18:20,013 - overlay - INFO - State changed: NULL -> READY
2025-04-30 18:18:20,014 - overlay - INFO - State changed: NULL -> READY
2025-04-30 18:18:20,014 - overlay - INFO - State changed: NULL -> READY
2025-04-30 18:18:20,014 - overlay - INFO - State changed: READY -> PAUSED
2025-04-30 18:18:20,015 - overlay - INFO - State changed: READY -> PAUSED
2025-04-30 18:18:20,015 - overlay - INFO - State changed: READY -> PAUSED
2025-04-30 18:18:20,016 - overlay - INFO - State changed: READY -> PAUSED
2025-04-30 18:18:20,016 - overlay - INFO - State changed: READY -> PAUSED
2025-04-30 18:18:20,017 - overlay - INFO - State changed: READY -> PAUSED
2025-04-30 18:18:20,017 - overlay - INFO - State changed: READY -> PAUSED
2025-04-30 18:18:20,017 - overlay - INFO - State changed: READY -> PAUSED
2025-04-30 18:18:20,017 - overlay - INFO - State changed: READY -> PAUSED
2025-04-30 18:18:20,018 - overlay - INFO - State changed: READY -> PAUSED
2025-04-30 18:18:20,018 - overlay - INFO - State changed: READY -> PAUSED
2025-04-30 18:18:20,018 - overlay - INFO - State changed: READY -> PAUSED
2025-04-30 18:18:20,019 - overlay - INFO - State changed: READY -> PAUSED
2025-04-30 18:18:20,019 - overlay - INFO - State changed: READY -> PAUSED
2025-04-30 18:18:20,020 - overlay - INFO - State changed: READY -> PAUSED
2025-04-30 18:18:20,020 - overlay - INFO - State changed: READY -> PAUSED
2025-04-30 18:18:20,021 - overlay - INFO - State changed: NULL -> READY
2025-04-30 18:18:20,021 - overlay - INFO - State changed: READY -> PAUSED
2025-04-30 18:18:20,021 - overlay - INFO - State changed: READY -> PAUSED
2025-04-30 18:18:20,022 - overlay - INFO - State changed: NULL -> READY
2025-04-30 18:18:20,023 - overlay - INFO - State changed: READY -> PAUSED
2025-04-30 18:18:20,024 - overlay - INFO - State changed: READY -> PAUSED
2025-04-30 18:18:20,024 - overlay - INFO - State changed: NULL -> READY
2025-04-30 18:18:20,025 - overlay - INFO - State changed: READY -> PAUSED
2025-04-30 18:18:20,025 - overlay - INFO - State changed: READY -> PAUSED
2025-04-30 18:18:20,026 - overlay - INFO - State changed: NULL -> READY
2025-04-30 18:18:20,026 - overlay - INFO - State changed: READY -> PAUSED
2025-04-30 18:18:20,027 - overlay - INFO - State changed: READY -> PAUSED
2025-04-30 18:18:20,027 - overlay - INFO - State changed: READY -> PAUSED
2025-04-30 18:18:20,028 - overlay - INFO - State changed: PAUSED -> PAUSED
2025-04-30 18:18:20,028 - overlay - INFO - State changed: PAUSED -> PLAYING
2025-04-30 18:18:20,028 - overlay - INFO - State changed: PAUSED -> PLAYING
2025-04-30 18:18:20,029 - overlay - INFO - State changed: PAUSED -> PLAYING
2025-04-30 18:18:20,029 - overlay - INFO - State changed: PAUSED -> PLAYING
2025-04-30 18:18:20,030 - overlay - INFO - State changed: PAUSED -> PLAYING
2025-04-30 18:18:20,030 - overlay - INFO - State changed: PAUSED -> PLAYING
2025-04-30 18:18:20,030 - overlay - INFO - State changed: PAUSED -> PLAYING
2025-04-30 18:18:20,031 - overlay - INFO - State changed: PAUSED -> PLAYING
2025-04-30 18:18:20,031 - overlay - INFO - State changed: PAUSED -> PLAYING
2025-04-30 18:18:20,031 - overlay - INFO - State changed: PAUSED -> PLAYING
2025-04-30 18:18:20,032 - overlay - INFO - State changed: PAUSED -> PLAYING
2025-04-30 18:18:20,032 - overlay - INFO - State changed: PAUSED -> PLAYING
2025-04-30 18:18:20,033 - overlay - INFO - State changed: PAUSED -> PLAYING
2025-04-30 18:18:20,033 - overlay - INFO - State changed: PAUSED -> PLAYING
2025-04-30 18:18:20,033 - overlay - INFO - State changed: PAUSED -> PLAYING
2025-04-30 18:18:20,034 - overlay - INFO - State changed: PAUSED -> PLAYING
2025-04-30 18:18:20,034 - overlay - INFO - State changed: PAUSED -> PLAYING
2025-04-30 18:18:20,034 - overlay - INFO - State changed: PAUSED -> PLAYING
2025-04-30 18:18:20,035 - overlay - INFO - State changed: PAUSED -> PLAYING
2025-04-30 18:18:20,035 - overlay - INFO - State changed: PAUSED -> PLAYING
2025-04-30 18:18:20,035 - overlay - INFO - State changed: PAUSED -> PLAYING
2025-04-30 18:18:20,036 - overlay - INFO - State changed: PAUSED -> PLAYING
2025-04-30 18:18:20,036 - overlay - INFO - State changed: PAUSED -> PLAYING
2025-04-30 18:18:20,036 - overlay - INFO - State changed: PAUSED -> PLAYING
2025-04-30 18:18:20,037 - overlay - INFO - State changed: PAUSED -> PLAYING
2025-04-30 18:18:20,037 - overlay - INFO - State changed: NULL -> READY
2025-04-30 18:18:20,037 - overlay - INFO - State changed: READY -> PAUSED
2025-04-30 18:18:20,038 - overlay - INFO - State changed: NULL -> READY
2025-04-30 18:18:20,038 - overlay - INFO - State changed: READY -> PAUSED
2025-04-30 18:18:20,038 - overlay - INFO - State changed: NULL -> READY
2025-04-30 18:18:20,038 - overlay - INFO - State changed: READY -> PAUSED
2025-04-30 18:18:20,039 - overlay - INFO - State changed: NULL -> READY
2025-04-30 18:18:20,039 - overlay - INFO - State changed: READY -> PAUSED
2025-04-30 18:18:20,039 - overlay - INFO - State changed: NULL -> READY
2025-04-30 18:18:20,040 - overlay - INFO - State changed: READY -> PAUSED
2025-04-30 18:18:20,040 - overlay - INFO - State changed: NULL -> READY
2025-04-30 18:18:20,040 - overlay - INFO - State changed: READY -> PAUSED
2025-04-30 18:18:20,040 - overlay - INFO - State changed: NULL -> READY
2025-04-30 18:18:20,041 - overlay - INFO - State changed: READY -> PAUSED
2025-04-30 18:18:20,041 - overlay - INFO - State changed: NULL -> READY
2025-04-30 18:18:20,041 - overlay - INFO - State changed: READY -> PAUSED
2025-04-30 18:18:20,042 - overlay - INFO - State changed: NULL -> READY
2025-04-30 18:18:20,042 - overlay - INFO - State changed: READY -> PAUSED
2025-04-30 18:18:20,042 - overlay - INFO - State changed: PAUSED -> PLAYING
2025-04-30 18:18:20,043 - overlay - INFO - State changed: NULL -> READY
2025-04-30 18:18:20,043 - overlay - INFO - State changed: READY -> PAUSED
2025-04-30 18:18:20,043 - overlay - INFO - State changed: PAUSED -> PLAYING
2025-04-30 18:18:20,044 - overlay - INFO - State changed: PAUSED -> PLAYING
2025-04-30 18:18:20,044 - overlay - INFO - State changed: PAUSED -> PLAYING
2025-04-30 18:18:20,044 - overlay - INFO - State changed: PAUSED -> PLAYING
2025-04-30 18:18:20,045 - overlay - INFO - State changed: PAUSED -> PLAYING
2025-04-30 18:18:20,045 - overlay - INFO - State changed: READY -> PAUSED
2025-04-30 18:18:20,045 - overlay - INFO - State changed: PAUSED -> PLAYING
2025-04-30 18:18:20,046 - overlay - INFO - State changed: READY -> PAUSED
2025-04-30 18:18:20,046 - overlay - INFO - State changed: PAUSED -> PLAYING
2025-04-30 18:18:20,046 - overlay - INFO - State changed: NULL -> READY
2025-04-30 18:18:20,047 - overlay - INFO - State changed: READY -> PAUSED
2025-04-30 18:18:20,047 - overlay - INFO - State changed: PAUSED -> PLAYING
2025-04-30 18:18:20,047 - overlay - INFO - State changed: NULL -> READY
2025-04-30 18:18:20,048 - overlay - INFO - State changed: NULL -> READY
2025-04-30 18:18:20,048 - overlay - INFO - State changed: READY -> PAUSED
2025-04-30 18:18:20,048 - overlay - INFO - State changed: READY -> PAUSED
2025-04-30 18:18:20,049 - overlay - INFO - State changed: NULL -> READY
2025-04-30 18:18:20,049 - overlay - INFO - State changed: READY -> PAUSED
2025-04-30 18:18:20,049 - overlay - INFO - State changed: NULL -> READY
2025-04-30 18:18:20,049 - overlay - INFO - State changed: READY -> PAUSED
2025-04-30 18:18:20,050 - overlay - INFO - State changed: NULL -> READY
2025-04-30 18:18:20,050 - overlay - INFO - State changed: READY -> PAUSED
2025-04-30 18:18:20,050 - overlay - INFO - State changed: PAUSED -> PLAYING
2025-04-30 18:18:20,051 - overlay - INFO - State changed: NULL -> READY
2025-04-30 18:18:20,051 - overlay - INFO - State changed: READY -> PAUSED
2025-04-30 18:18:20,051 - overlay - INFO - State changed: PAUSED -> PLAYING
2025-04-30 18:18:20,052 - overlay - INFO - State changed: NULL -> READY
2025-04-30 18:18:20,052 - overlay - INFO - State changed: READY -> PAUSED
2025-04-30 18:18:20,053 - overlay - INFO - State changed: PAUSED -> PLAYING
2025-04-30 18:18:20,053 - overlay - INFO - State changed: NULL -> READY
2025-04-30 18:18:20,053 - overlay - INFO - State changed: NULL -> READY
2025-04-30 18:18:20,053 - overlay - INFO - State changed: READY -> PAUSED
2025-04-30 18:18:20,054 - overlay - INFO - State changed: PAUSED -> PLAYING
2025-04-30 18:18:20,054 - overlay - INFO - State changed: READY -> PAUSED
2025-04-30 18:18:20,054 - overlay - INFO - State changed: PAUSED -> PLAYING
2025-04-30 18:18:20,055 - overlay - INFO - State changed: PAUSED -> PLAYING
2025-04-30 18:18:20,055 - overlay - INFO - State changed: PAUSED -> PLAYING
2025-04-30 18:18:20,055 - overlay - INFO - State changed: PAUSED -> PLAYING
2025-04-30 18:18:20,056 - overlay - INFO - State changed: PAUSED -> PLAYING
2025-04-30 18:18:20,056 - overlay - INFO - State changed: READY -> PAUSED
2025-04-30 18:18:20,056 - overlay - INFO - State changed: PAUSED -> PLAYING
2025-04-30 18:18:20,057 - overlay - INFO - State changed: PAUSED -> PLAYING
2025-04-30 18:18:20,057 - overlay - INFO - State changed: PAUSED -> PLAYING
2025-04-30 18:18:20,057 - overlay - INFO - State changed: PAUSED -> PLAYING
2025-04-30 18:18:20,057 - overlay - INFO - State changed: PAUSED -> PLAYING
2025-04-30 18:18:20,058 - overlay - INFO - State changed: READY -> PAUSED
2025-04-30 18:18:20,058 - overlay - INFO - State changed: PAUSED -> PLAYING
2025-04-30 18:18:20,058 - overlay - INFO - State changed: READY -> PAUSED
2025-04-30 18:18:20,059 - overlay - INFO - State changed: PAUSED -> PLAYING
2025-04-30 18:18:20,059 - overlay - INFO - State changed: READY -> PAUSED
2025-04-30 18:18:20,059 - overlay - INFO - State changed: PAUSED -> PLAYING
2025-04-30 18:18:20,059 - overlay - INFO - State changed: NULL -> READY
2025-04-30 18:18:20,060 - overlay - INFO - State changed: READY -> PAUSED
2025-04-30 18:18:20,060 - overlay - INFO - State changed: NULL -> READY
2025-04-30 18:18:20,060 - overlay - INFO - State changed: READY -> PAUSED
2025-04-30 18:18:20,060 - overlay - INFO - State changed: NULL -> READY
2025-04-30 18:18:20,060 - overlay - INFO - State changed: READY -> PAUSED
2025-04-30 18:18:20,060 - overlay - INFO - State changed: NULL -> READY
2025-04-30 18:18:20,060 - overlay - INFO - State changed: READY -> PAUSED
2025-04-30 18:18:20,061 - overlay - INFO - State changed: NULL -> READY
2025-04-30 18:18:20,061 - overlay - INFO - State changed: READY -> PAUSED
2025-04-30 18:18:20,061 - overlay - INFO - State changed: PAUSED -> PLAYING
2025-04-30 18:18:20,061 - overlay - INFO - State changed: NULL -> READY
2025-04-30 18:18:20,061 - overlay - INFO - State changed: READY -> PAUSED
2025-04-30 18:18:20,061 - overlay - INFO - State changed: PAUSED -> PLAYING
2025-04-30 18:18:20,061 - overlay - INFO - State changed: PAUSED -> PLAYING
2025-04-30 18:18:20,061 - overlay - INFO - State changed: PAUSED -> PLAYING
2025-04-30 18:18:20,061 - overlay - INFO - State changed: PAUSED -> PLAYING
2025-04-30 18:18:20,061 - overlay - INFO - State changed: PAUSED -> PLAYING
2025-04-30 18:18:20,062 - overlay - INFO - State changed: READY -> PAUSED
2025-04-30 18:18:20,062 - overlay - INFO - State changed: PAUSED -> PLAYING
2025-04-30 18:18:20,062 - overlay - INFO - State changed: READY -> PAUSED
2025-04-30 18:18:20,062 - overlay - INFO - State changed: PAUSED -> PLAYING
2025-04-30 18:18:20,062 - overlay - INFO - State changed: NULL -> READY
2025-04-30 18:18:20,062 - overlay - INFO - State changed: NULL -> READY
2025-04-30 18:18:20,062 - overlay - INFO - State changed: NULL -> READY
2025-04-30 18:18:20,062 - overlay - INFO - State changed: READY -> PAUSED
2025-04-30 18:18:20,062 - overlay - INFO - State changed: READY -> PAUSED
2025-04-30 18:18:20,062 - overlay - INFO - State changed: PAUSED -> PLAYING
2025-04-30 18:18:20,063 - overlay - INFO - State changed: NULL -> READY
2025-04-30 18:18:20,063 - overlay - INFO - State changed: READY -> PAUSED
2025-04-30 18:18:20,063 - overlay - INFO - State changed: PAUSED -> PLAYING
2025-04-30 18:18:20,063 - overlay - INFO - State changed: PAUSED -> PLAYING
2025-04-30 18:18:20,063 - overlay - INFO - State changed: READY -> PAUSED
2025-04-30 18:18:20,063 - overlay - INFO - State changed: NULL -> READY
2025-04-30 18:18:20,063 - overlay - INFO - State changed: PAUSED -> PLAYING
2025-04-30 18:18:20,063 - overlay - INFO - State changed: READY -> PAUSED
2025-04-30 18:18:20,063 - overlay - INFO - State changed: PAUSED -> PLAYING
2025-04-30 18:18:20,063 - overlay - INFO - State changed: NULL -> READY
2025-04-30 18:18:20,063 - overlay - INFO - State changed: READY -> PAUSED
2025-04-30 18:18:20,063 - overlay - INFO - State changed: PAUSED -> PLAYING
2025-04-30 18:18:20,348 - overlay - INFO - 🌐 Opening overlay URL: http://103.217.176.16:8080/scorecards/baseball/scorecard/1
2025-04-30 18:18:21,146 - overlay - INFO - Fetching graphics with ID: 1
2025-04-30 18:18:21,147 - overlay - INFO - Fetching gamestats with ID: 1
2025-04-30 18:18:21,190 - overlay - INFO - Fetching graphics with ID: 1
2025-04-30 18:18:22,017 - overlay - INFO - State changed: NULL -> READY
2025-04-30 18:18:22,018 - overlay - INFO - State changed: NULL -> READY
2025-04-30 18:18:22,018 - overlay - INFO - State changed: PAUSED -> PAUSED
2025-04-30 18:18:22,018 - overlay - INFO - State changed: PAUSED -> PAUSED
2025-04-30 18:18:22,018 - overlay - INFO - State changed: READY -> PAUSED
2025-04-30 18:18:22,022 - overlay - INFO - State changed: NULL -> READY
2025-04-30 18:18:22,022 - overlay - INFO - State changed: READY -> PAUSED
2025-04-30 18:18:22,023 - overlay - INFO - State changed: NULL -> READY
2025-04-30 18:18:22,023 - overlay - INFO - State changed: READY -> PAUSED
2025-04-30 18:18:22,024 - overlay - INFO - State changed: NULL -> READY
2025-04-30 18:18:22,025 - overlay - INFO - State changed: READY -> PAUSED
2025-04-30 18:18:22,035 - overlay - INFO - 🔌 New pad added from source4 with caps: video/x-raw, format=(string)NV12, width=(int)1920, height=(int)1080, interlace-mode=(string)progressive, multiview-mode=(string)mono, multiview-flags=(GstVideoMultiviewFlagsSet)0:ffffffff:/right-view-first/left-flipped/left-flopped/right-flipped/right-flopped/half-aspect/mixed-mono, pixel-aspect-ratio=(fraction)1/1, colorimetry=(string)1:3:5:1, framerate=(fraction)30/1;
2025-04-30 18:18:22,037 - overlay - INFO - ✅ Requested sink pad sink_0 for rtsp://192.168.100.150:8547/h264
2025-04-30 18:18:22,046 - overlay - INFO - State changed: NULL -> READY
2025-04-30 18:18:22,047 - overlay - INFO - State changed: NULL -> READY
2025-04-30 18:18:22,048 - overlay - INFO - State changed: NULL -> READY
2025-04-30 18:18:22,048 - overlay - INFO - State changed: NULL -> READY
2025-04-30 18:18:22,049 - overlay - INFO - State changed: NULL -> READY
2025-04-30 18:18:22,049 - overlay - INFO - State changed: NULL -> READY
2025-04-30 18:18:22,050 - overlay - INFO - State changed: PAUSED -> PAUSED
2025-04-30 18:18:22,050 - overlay - INFO - State changed: PAUSED -> PAUSED
2025-04-30 18:18:22,050 - overlay - INFO - State changed: PAUSED -> PAUSED
2025-04-30 18:18:22,051 - overlay - INFO - State changed: READY -> PAUSED
2025-04-30 18:18:22,051 - overlay - INFO - State changed: READY -> PAUSED
2025-04-30 18:18:22,051 - overlay - INFO - State changed: READY -> PAUSED
2025-04-30 18:18:22,052 - overlay - INFO - State changed: NULL -> READY
2025-04-30 18:18:22,052 - overlay - INFO - State changed: NULL -> READY
2025-04-30 18:18:22,053 - overlay - INFO - State changed: READY -> PAUSED
2025-04-30 18:18:22,053 - overlay - INFO - State changed: READY -> PAUSED
2025-04-30 18:18:22,053 - overlay - INFO - State changed: NULL -> READY
2025-04-30 18:18:22,054 - overlay - INFO - State changed: NULL -> READY
2025-04-30 18:18:22,054 - overlay - INFO - ✅ Successfully linked rtsp://192.168.100.150:8547/h264 to sink_0
2025-04-30 18:18:22,054 - overlay - INFO - State changed: READY -> PAUSED
2025-04-30 18:18:22,056 - overlay - WARNING - ⏸️ Pipeline not in PLAYING state, deferring active pad selection
2025-04-30 18:18:22,057 - overlay - INFO - State changed: READY -> PAUSED
2025-04-30 18:18:22,058 - overlay - INFO - State changed: NULL -> READY
2025-04-30 18:18:22,059 - overlay - INFO - State changed: NULL -> READY
2025-04-30 18:18:22,060 - overlay - INFO - State changed: NULL -> READY
2025-04-30 18:18:22,061 - overlay - INFO - State changed: READY -> PAUSED
2025-04-30 18:18:22,062 - overlay - INFO - State changed: READY -> PAUSED
2025-04-30 18:18:22,062 - overlay - INFO - State changed: READY -> PAUSED
2025-04-30 18:18:22,063 - overlay - INFO - State changed: NULL -> READY
2025-04-30 18:18:22,063 - overlay - INFO - State changed: READY -> PAUSED
2025-04-30 18:18:22,064 - overlay - INFO - State changed: PAUSED -> PAUSED
2025-04-30 18:18:22,064 - overlay - INFO - State changed: READY -> PAUSED
2025-04-30 18:18:22,067 - overlay - INFO - 🔌 New pad added from source2 with caps: video/x-raw, format=(string)NV12, width=(int)1920, height=(int)1080, interlace-mode=(string)progressive, multiview-mode=(string)mono, multiview-flags=(GstVideoMultiviewFlagsSet)0:ffffffff:/right-view-first/left-flipped/left-flopped/right-flipped/right-flopped/half-aspect/mixed-mono, pixel-aspect-ratio=(fraction)1/1, colorimetry=(string)1:3:5:1, framerate=(fraction)30/1;
2025-04-30 18:18:22,068 - overlay - INFO - ✅ Requested sink pad sink_1 for rtsp://192.168.100.150:8547/h264
2025-04-30 18:18:22,067 - overlay - INFO - State changed: NULL -> READY
2025-04-30 18:18:22,069 - overlay - INFO - State changed: READY -> PAUSED
2025-04-30 18:18:22,073 - overlay - INFO - 🔌 New pad added from source3 with caps: video/x-raw, format=(string)NV12, width=(int)1920, height=(int)1080, interlace-mode=(string)progressive, multiview-mode=(string)mono, multiview-flags=(GstVideoMultiviewFlagsSet)0:ffffffff:/right-view-first/left-flipped/left-flopped/right-flipped/right-flopped/half-aspect/mixed-mono, pixel-aspect-ratio=(fraction)1/1, colorimetry=(string)1:3:5:1, framerate=(fraction)30/1;
2025-04-30 18:18:22,075 - overlay - INFO - ✅ Requested sink pad sink_2 for rtsp://192.168.100.150:8547/h264
2025-04-30 18:18:22,089 - overlay - INFO - 🔌 New pad added from source1 with caps: video/x-raw, format=(string)NV12, width=(int)1920, height=(int)1080, interlace-mode=(string)progressive, multiview-mode=(string)mono, multiview-flags=(GstVideoMultiviewFlagsSet)0:ffffffff:/right-view-first/left-flipped/left-flopped/right-flipped/right-flopped/half-aspect/mixed-mono, pixel-aspect-ratio=(fraction)1/1, colorimetry=(string)1:3:5:1, framerate=(fraction)30/1;
2025-04-30 18:18:22,097 - overlay - INFO - ✅ Requested sink pad sink_3 for rtsp://192.168.100.150:8547/h264
2025-04-30 18:18:22,101 - overlay - INFO - ✅ Successfully linked rtsp://192.168.100.150:8547/h264 to sink_1
2025-04-30 18:18:22,102 - overlay - WARNING - ⏸️ Pipeline not in PLAYING state, deferring active pad selection
2025-04-30 18:18:22,102 - overlay - INFO - State changed: READY -> PAUSED
2025-04-30 18:18:22,102 - overlay - INFO - State changed: PAUSED -> PAUSED
2025-04-30 18:18:22,110 - overlay - INFO - 🎨 Applied transparent background styling
2025-04-30 18:18:22,117 - overlay - ERROR - ❌ Screenshot error: Page.screenshot: options.quality is unsupported for the png screenshots
2025-04-30 18:18:22,118 - overlay - INFO - ✅ Successfully linked rtsp://192.168.100.150:8547/h264 to sink_2
2025-04-30 18:18:22,119 - overlay - WARNING - ⏸️ Pipeline not in PLAYING state, deferring active pad selection
2025-04-30 18:18:22,119 - overlay - INFO - State changed: READY -> PAUSED
2025-04-30 18:18:22,119 - overlay - INFO - State changed: PAUSED -> PAUSED
2025-04-30 18:18:22,149 - overlay - INFO - ✅ Successfully linked rtsp://192.168.100.150:8547/h264 to sink_3
2025-04-30 18:18:22,150 - overlay - WARNING - ⏸️ Pipeline not in PLAYING state, deferring active pad selection
2025-04-30 18:18:22,151 - overlay - INFO - State changed: READY -> PAUSED
2025-04-30 18:18:22,151 - overlay - INFO - State changed: PAUSED -> PAUSED
2025-04-30 18:18:22,152 - overlay - INFO - State changed: PAUSED -> PAUSED
2025-04-30 18:18:22,152 - overlay - INFO - State changed: PAUSED -> PLAYING
2025-04-30 18:18:22,152 - overlay - INFO - State changed: PAUSED -> PLAYING
2025-04-30 18:18:22,153 - overlay - INFO - State changed: PAUSED -> PLAYING
2025-04-30 18:18:22,153 - overlay - INFO - State changed: PAUSED -> PLAYING
2025-04-30 18:18:22,153 - overlay - INFO - State changed: PAUSED -> PLAYING
2025-04-30 18:18:22,154 - overlay - INFO - State changed: PAUSED -> PLAYING
2025-04-30 18:18:22,154 - overlay - INFO - State changed: PAUSED -> PLAYING
2025-04-30 18:18:22,154 - overlay - INFO - State changed: PAUSED -> PLAYING
2025-04-30 18:18:22,154 - overlay - INFO - State changed: PAUSED -> PLAYING
2025-04-30 18:18:22,155 - overlay - INFO - State changed: PAUSED -> PLAYING
2025-04-30 18:18:22,155 - overlay - INFO - State changed: PAUSED -> PLAYING
2025-04-30 18:18:22,155 - overlay - INFO - State changed: PAUSED -> PLAYING
2025-04-30 18:18:22,156 - overlay - INFO - State changed: PAUSED -> PLAYING
2025-04-30 18:18:22,156 - overlay - INFO - State changed: PAUSED -> PLAYING
2025-04-30 18:18:22,156 - overlay - INFO - State changed: PAUSED -> PLAYING
2025-04-30 18:18:22,157 - overlay - INFO - State changed: PAUSED -> PLAYING
2025-04-30 18:18:22,157 - overlay - INFO - State changed: PAUSED -> PLAYING
2025-04-30 18:18:22,157 - overlay - INFO - State changed: PAUSED -> PLAYING
2025-04-30 18:18:22,157 - overlay - INFO - State changed: PAUSED -> PLAYING
2025-04-30 18:18:22,158 - overlay - INFO - State changed: PAUSED -> PLAYING
2025-04-30 18:18:22,158 - overlay - INFO - State changed: PAUSED -> PLAYING
2025-04-30 18:18:22,158 - overlay - INFO - State changed: PAUSED -> PLAYING
2025-04-30 18:18:22,159 - overlay - INFO - State changed: PAUSED -> PLAYING
2025-04-30 18:18:22,160 - overlay - INFO - State changed: PAUSED -> PLAYING
2025-04-30 18:18:22,160 - overlay - INFO - State changed: PAUSED -> PLAYING
2025-04-30 18:18:22,161 - overlay - INFO - State changed: PAUSED -> PLAYING
2025-04-30 18:18:22,162 - overlay - INFO - State changed: PAUSED -> PLAYING
2025-04-30 18:18:22,162 - overlay - INFO - State changed: PAUSED -> PLAYING
2025-04-30 18:18:22,163 - overlay - INFO - State changed: PAUSED -> PLAYING
2025-04-30 18:18:23,012 - overlay - INFO - Switching to rtsp://192.168.100.150:8547/h264 (Attempt 1/15)
2025-04-30 18:18:23,013 - overlay - INFO - Setting camera ID 1 as default
2025-04-30 18:18:23,024 - overlay - INFO - All cameras' Default fields set to false
2025-04-30 18:18:23,050 - overlay - INFO - Camera ID 1 set as default
2025-04-30 18:18:24,120 - overlay - ERROR - ❌ Screenshot error: Page.screenshot: options.quality is unsupported for the png screenshots
2025-04-30 18:18:26,123 - overlay - ERROR - ❌ Screenshot error: Page.screenshot: options.quality is unsupported for the png screenshots
2025-04-30 18:18:28,128 - overlay - ERROR - ❌ Screenshot error: Page.screenshot: options.quality is unsupported for the png screenshots
2025-04-30 18:18:30,132 - overlay - ERROR - ❌ Screenshot error: Page.screenshot: options.quality is unsupported for the png screenshots
2025-04-30 18:18:31,145 - overlay - INFO - Fetching gamestats with ID: 1
2025-04-30 18:18:31,160 - overlay - INFO - Fetching graphics with ID: 1
2025-04-30 18:18:32,136 - overlay - ERROR - ❌ Screenshot error: Page.screenshot: options.quality is unsupported for the png screenshots
2025-04-30 18:18:34,142 - overlay - ERROR - ❌ Screenshot error: Page.screenshot: options.quality is unsupported for the png screenshots
2025-04-30 18:18:36,145 - overlay - ERROR - ❌ Screenshot error: Page.screenshot: options.quality is unsupported for the png screenshots
2025-04-30 18:18:38,148 - overlay - ERROR - ❌ Screenshot error: Page.screenshot: options.quality is unsupported for the png screenshots
2025-04-30 18:18:40,151 - overlay - ERROR - ❌ Screenshot error: Page.screenshot: options.quality is unsupported for the png screenshots
2025-04-30 18:18:41,145 - overlay - INFO - Fetching gamestats with ID: 1
2025-04-30 18:18:41,158 - overlay - INFO - Fetching graphics with ID: 1
2025-04-30 18:18:42,155 - overlay - ERROR - ❌ Screenshot error: Page.screenshot: options.quality is unsupported for the png screenshots
2025-04-30 18:18:44,158 - overlay - ERROR - ❌ Screenshot error: Page.screenshot: options.quality is unsupported for the png screenshots
2025-04-30 18:18:46,162 - overlay - ERROR - ❌ Screenshot error: Page.screenshot: options.quality is unsupported for the png screenshots
2025-04-30 18:18:48,166 - overlay - ERROR - ❌ Screenshot error: Page.screenshot: options.quality is unsupported for the png screenshots
2025-04-30 18:18:49,189 - recording_session - INFO - Finalizing chunk: /var/www/html/public/assets/uploads/CAM1/2025-04-30/1746019068.mp4
2025-04-30 18:18:49,200 - recording_session - INFO - 📁 Started recording chunk: /var/www/html/public/assets/uploads/CAM3/2025-04-30/1746019129.mp4
2025-04-30 18:18:49,213 - recording_session - INFO - 📁 Started recording chunk: /var/www/html/public/assets/uploads/CAM4/2025-04-30/1746019129.mp4
2025-04-30 18:18:49,228 - recording_session - INFO - 📁 Started recording chunk: /var/www/html/public/assets/uploads/CAM2/2025-04-30/1746019129.mp4
2025-04-30 18:18:49,244 - recording_session - INFO - 📁 Started recording chunk: /var/www/html/public/assets/uploads/CAM1/2025-04-30/1746019129.mp4
2025-04-30 18:18:49,296 - recording_session - INFO - 📤 Enqueuing for slow motion: /var/www/html/public/assets/uploads/CAM1/2025-04-30/1746019068.mp4
2025-04-30 18:18:49,297 - recording_session - INFO - Finalizing chunk: /var/www/html/public/assets/uploads/CAM2/2025-04-30/1746019068.mp4
2025-04-30 18:18:49,400 - ffmpeg_post_process - INFO - 🎞️ Processing slow motion: /var/www/html/public/assets/uploads/CAM1/2025-04-30/1746019068.mp4
2025-04-30 18:18:49,408 - recording_session - INFO - 📤 Enqueuing for slow motion: /var/www/html/public/assets/uploads/CAM2/2025-04-30/1746019068.mp4
2025-04-30 18:18:49,408 - recording_session - INFO - Finalizing chunk: /var/www/html/public/assets/uploads/CAM3/2025-04-30/1746019068.mp4
2025-04-30 18:18:49,513 - recording_session - INFO - 📤 Enqueuing for slow motion: /var/www/html/public/assets/uploads/CAM3/2025-04-30/1746019068.mp4
2025-04-30 18:18:49,514 - recording_session - INFO - Finalizing chunk: /var/www/html/public/assets/uploads/CAM4/2025-04-30/1746019068.mp4
2025-04-30 18:18:49,632 - recording_session - INFO - 📤 Enqueuing for slow motion: /var/www/html/public/assets/uploads/CAM4/2025-04-30/1746019068.mp4
2025-04-30 18:18:50,004 - ffmpeg_post_process - INFO - 🎞️ Processing slow motion: /var/www/html/public/assets/uploads/CAM3/2025-04-30/1746019068.mp4
2025-04-30 18:18:50,005 - ffmpeg_post_process - INFO - 🎞️ Processing slow motion: /var/www/html/public/assets/uploads/CAM4/2025-04-30/1746019068.mp4
2025-04-30 18:18:50,169 - overlay - ERROR - ❌ Screenshot error: Page.screenshot: options.quality is unsupported for the png screenshots
2025-04-30 18:18:51,148 - overlay - INFO - Fetching gamestats with ID: 1
2025-04-30 18:18:51,167 - overlay - INFO - Fetching graphics with ID: 1
2025-04-30 18:18:52,173 - overlay - ERROR - ❌ Screenshot error: Page.screenshot: options.quality is unsupported for the png screenshots
2025-04-30 18:18:54,176 - overlay - ERROR - ❌ Screenshot error: Page.screenshot: options.quality is unsupported for the png screenshots
2025-04-30 18:18:56,180 - overlay - ERROR - ❌ Screenshot error: Page.screenshot: options.quality is unsupported for the png screenshots
2025-04-30 18:18:58,183 - overlay - ERROR - ❌ Screenshot error: Page.screenshot: options.quality is unsupported for the png screenshots
2025-04-30 18:19:00,188 - overlay - ERROR - ❌ Screenshot error: Page.screenshot: options.quality is unsupported for the png screenshots
2025-04-30 18:19:01,143 - overlay - INFO - Fetching gamestats with ID: 1
2025-04-30 18:19:01,161 - overlay - INFO - Fetching graphics with ID: 1
2025-04-30 18:19:02,193 - overlay - ERROR - ❌ Screenshot error: Page.screenshot: options.quality is unsupported for the png screenshots
2025-04-30 18:19:04,196 - overlay - ERROR - ❌ Screenshot error: Page.screenshot: options.quality is unsupported for the png screenshots
2025-04-30 18:19:06,200 - overlay - ERROR - ❌ Screenshot error: Page.screenshot: options.quality is unsupported for the png screenshots
2025-04-30 18:19:08,203 - overlay - ERROR - ❌ Screenshot error: Page.screenshot: options.quality is unsupported for the png screenshots
2025-04-30 18:19:10,209 - overlay - ERROR - ❌ Screenshot error: Page.screenshot: options.quality is unsupported for the png screenshots
2025-04-30 18:19:11,145 - overlay - INFO - Fetching gamestats with ID: 1
2025-04-30 18:19:11,160 - overlay - INFO - Fetching graphics with ID: 1
2025-04-30 18:19:12,221 - overlay - ERROR - ❌ Screenshot error: Page.screenshot: options.quality is unsupported for the png screenshots
2025-04-30 18:19:14,229 - overlay - ERROR - ❌ Screenshot error: Page.screenshot: options.quality is unsupported for the png screenshots
2025-04-30 18:19:16,237 - overlay - ERROR - ❌ Screenshot error: Page.screenshot: options.quality is unsupported for the png screenshots
2025-04-30 18:19:18,122 - ffmpeg_post_process - INFO - ✅ Slow motion generated and recorded for /var/www/html/public/assets/uploads/CAM1/2025-04-30/1746019068.mp4
2025-04-30 18:19:18,221 - ffmpeg_post_process - INFO - 🎞️ Processing slow motion: /var/www/html/public/assets/uploads/CAM2/2025-04-30/1746019068.mp4
2025-04-30 18:19:18,246 - overlay - ERROR - ❌ Screenshot error: Page.screenshot: options.quality is unsupported for the png screenshots
2025-04-30 18:19:18,927 - ffmpeg_post_process - INFO - ✅ Slow motion generated and recorded for /var/www/html/public/assets/uploads/CAM3/2025-04-30/1746019068.mp4
2025-04-30 18:19:20,258 - overlay - ERROR - ❌ Screenshot error: Page.screenshot: options.quality is unsupported for the png screenshots
2025-04-30 18:19:21,152 - overlay - INFO - Fetching gamestats with ID: 1
2025-04-30 18:19:21,175 - overlay - INFO - Fetching graphics with ID: 1
2025-04-30 18:19:22,262 - overlay - ERROR - ❌ Screenshot error: Page.screenshot: options.quality is unsupported for the png screenshots
2025-04-30 18:19:24,266 - overlay - ERROR - ❌ Screenshot error: Page.screenshot: options.quality is unsupported for the png screenshots
2025-04-30 18:19:26,269 - overlay - ERROR - ❌ Screenshot error: Page.screenshot: options.quality is unsupported for the png screenshots
2025-04-30 18:19:28,273 - overlay - ERROR - ❌ Screenshot error: Page.screenshot: options.quality is unsupported for the png screenshots
2025-04-30 18:19:30,280 - overlay - ERROR - ❌ Screenshot error: Page.screenshot: options.quality is unsupported for the png screenshots
2025-04-30 18:19:31,150 - overlay - INFO - Fetching gamestats with ID: 1
2025-04-30 18:19:31,167 - overlay - INFO - Fetching graphics with ID: 1
