2025-04-27 22:58:30,643 - overlay - INFO - Fetching all CameraURLs records
2025-04-27 22:58:30,653 - recording_session - INFO - 🚀 SlowMoWorker started
2025-04-27 22:58:30,654 - overlay - INFO - Fetching all CameraURLs records
2025-04-27 22:58:30,664 - recording_session - INFO - 🧹 Cleanup done. Deleted 0 files.
2025-04-27 22:58:30,675 - recording_session - INFO - 🎥 Recording thread started for camera 1
2025-04-27 22:58:30,677 - overlay - INFO - Started recording for camera 1: rtsp://192.168.100.150:8547/h264
2025-04-27 22:58:30,687 - recording_session - INFO - 🎥 Recording thread started for camera 2
2025-04-27 22:58:30,687 - overlay - INFO - Started recording for camera 2: rtsp://192.168.100.150:8547/h264
2025-04-27 22:58:30,691 - recording_session - INFO - 🧪 Starting GStreamer pipeline for camera 2
2025-04-27 22:58:30,692 - recording_session - INFO - 🧪 Starting GStreamer pipeline for camera 1
2025-04-27 22:58:30,693 - recording_session - INFO - ✅ Pipeline set to PLAYING for camera 2
2025-04-27 22:58:30,693 - recording_session - INFO - ✅ Pipeline set to PLAYING for camera 1
2025-04-27 22:58:30,709 - recording_session - INFO - 🎥 Recording thread started for camera 3
2025-04-27 22:58:30,710 - recording_session - INFO - 🧪 Starting GStreamer pipeline for camera 3
2025-04-27 22:58:30,711 - overlay - INFO - Started recording for camera 3: rtsp://192.168.100.150:8547/h264
2025-04-27 22:58:30,714 - recording_session - INFO - ✅ Pipeline set to PLAYING for camera 3
2025-04-27 22:58:30,722 - recording_session - INFO - 🎥 Recording thread started for camera 4
2025-04-27 22:58:30,723 - overlay - INFO - Started recording for camera 4: rtsp://192.168.100.150:8547/h264
2025-04-27 22:58:30,729 - recording_session - INFO - 🧪 Starting GStreamer pipeline for camera 4
2025-04-27 22:58:30,734 - recording_session - INFO - ✅ Pipeline set to PLAYING for camera 4
2025-04-27 22:58:30,759 - recording_session - INFO - 🔌 pad-added signal for camera 4
2025-04-27 22:58:30,761 - recording_session - INFO - 🔗 Linked rtspsrc pad to depay for camera 4
