2025-04-27 23:02:23,394 - overlay - INFO - Fetching all CameraURLs records
2025-04-27 23:02:23,403 - recording_session - INFO - 🚀 SlowMoWorker started
2025-04-27 23:02:23,404 - overlay - INFO - Fetching all CameraURLs records
2025-04-27 23:02:23,417 - recording_session - INFO - 🧹 Cleanup done. Deleted 0 files.
2025-04-27 23:02:23,422 - recording_session - INFO - 🎥 Recording thread started for camera 1
2025-04-27 23:02:23,425 - overlay - INFO - Started recording for camera 1: rtsp://192.168.100.150:8547/h264
2025-04-27 23:02:23,434 - recording_session - INFO - 🎥 Recording thread started for camera 2
2025-04-27 23:02:23,435 - overlay - INFO - Started recording for camera 2: rtsp://192.168.100.150:8547/h264
2025-04-27 23:02:23,438 - recording_session - INFO - 🧪 Starting GStreamer pipeline for camera 2
2025-04-27 23:02:23,439 - recording_session - INFO - 🧪 Starting GStreamer pipeline for camera 1
2025-04-27 23:02:23,440 - recording_session - INFO - ✅ Pipeline set to PLAYING for camera 2
2025-04-27 23:02:23,462 - recording_session - INFO - ✅ Pipeline set to PLAYING for camera 1
2025-04-27 23:02:23,464 - recording_session - INFO - 🎥 Recording thread started for camera 3
2025-04-27 23:02:23,464 - overlay - INFO - Started recording for camera 3: rtsp://192.168.100.150:8547/h264
2025-04-27 23:02:23,473 - recording_session - INFO - 🧪 Starting GStreamer pipeline for camera 3
2025-04-27 23:02:23,474 - recording_session - INFO - ✅ Pipeline set to PLAYING for camera 3
2025-04-27 23:02:23,482 - recording_session - INFO - 🎥 Recording thread started for camera 4
2025-04-27 23:02:23,483 - overlay - INFO - Started recording for camera 4: rtsp://192.168.100.150:8547/h264
2025-04-27 23:02:23,486 - recording_session - INFO - 🧪 Starting GStreamer pipeline for camera 4
2025-04-27 23:02:23,491 - recording_session - INFO - ✅ Pipeline set to PLAYING for camera 4
2025-04-27 23:02:23,521 - recording_session - INFO - 🔌 pad-added signal for camera 4
2025-04-27 23:02:23,523 - recording_session - INFO - 🔗 Linked rtspsrc pad to depay for camera 4
