2025-05-15 17:04:18,284 - overlay - INFO - Fetching all CameraURLs records
2025-05-15 17:04:18,294 - recording_session - INFO - 🚀 SlowMoWorkers started: 4 threads
2025-05-15 17:04:18,294 - overlay - INFO - Fetching all CameraURLs records
2025-05-15 17:04:18,306 - recording_session - INFO - 🎥 Recording thread started for camera 1
2025-05-15 17:04:18,306 - overlay - INFO - Started recording for camera 1: rtsp://192.168.100.150:8547/h264
2025-05-15 17:04:18,318 - recording_session - INFO - 🎥 Recording thread started for camera 2
2025-05-15 17:04:18,319 - overlay - INFO - Started recording for camera 2: rtsp://192.168.100.150:8547/h264
2025-05-15 17:04:18,332 - recording_session - INFO - 🎥 Recording thread started for camera 3
2025-05-15 17:04:18,333 - overlay - INFO - Started recording for camera 3: rtsp://192.168.100.150:8547/h264
2025-05-15 17:04:18,344 - recording_session - INFO - 🎥 Recording thread started for camera 4
2025-05-15 17:04:18,345 - overlay - INFO - Started recording for camera 4: rtsp://192.168.100.150:8547/h264
2025-05-15 17:04:18,345 - recording_session - INFO - 🧪 Starting GStreamer pipeline for camera 3
2025-05-15 17:04:18,346 - recording_session - INFO - 🧪 Starting GStreamer pipeline for camera 1
2025-05-15 17:04:18,347 - recording_session - INFO - 🧪 Starting GStreamer pipeline for camera 2
2025-05-15 17:04:18,357 - recording_session - INFO - 🧪 Starting GStreamer pipeline for camera 4
2025-05-15 17:04:18,369 - recording_session - INFO - ✅ Pipeline PLAYING for camera 2
2025-05-15 17:04:18,385 - recording_session - INFO - ✅ Pipeline PLAYING for camera 3
2025-05-15 17:04:18,385 - recording_session - INFO - ✅ Pipeline PLAYING for camera 1
2025-05-15 17:04:18,385 - recording_session - INFO - ✅ Pipeline PLAYING for camera 4
2025-05-15 17:04:18,570 - recording_session - INFO - ✅ Linked rtspsrc → depay for camera 1
2025-05-15 17:04:18,572 - recording_session - INFO - ✅ Linked rtspsrc → depay for camera 4
2025-05-15 17:04:18,573 - recording_session - INFO - ✅ Linked rtspsrc → depay for camera 3
2025-05-15 17:04:18,573 - recording_session - INFO - ✅ Linked rtspsrc → depay for camera 2
2025-05-15 17:04:18,588 - recording_session - INFO - 📁 Started recording chunk: /var/www/html/public/assets/uploads/CAM2/2025-05-15/1747310658.mp4
2025-05-15 17:04:18,605 - recording_session - INFO - 📁 Started recording chunk: /var/www/html/public/assets/uploads/CAM1/2025-05-15/1747310658.mp4
2025-05-15 17:04:18,624 - recording_session - INFO - 📁 Started recording chunk: /var/www/html/public/assets/uploads/CAM4/2025-05-15/1747310658.mp4
2025-05-15 17:04:18,640 - recording_session - INFO - 📁 Started recording chunk: /var/www/html/public/assets/uploads/CAM3/2025-05-15/1747310658.mp4
2025-05-15 17:04:56,659 - overlay - INFO - Fetching all graphics records
2025-05-15 17:04:56,660 - overlay - INFO - Fetching all CameraURLs records
2025-05-15 17:04:56,668 - overlay - INFO - Found 1 graphics records
2025-05-15 17:04:56,672 - overlay - INFO - Found 4 CameraURLs records
2025-05-15 17:04:56,788 - overlay - INFO - Fetching gamestats with ID: 1
2025-05-15 17:04:56,789 - overlay - INFO - Fetching graphics with ID: 1
2025-05-15 17:04:56,840 - overlay - INFO - Fetching graphics with ID: 1
2025-05-15 17:05:05,992 - overlay - INFO - Loaded stream target (ID: 1): srt => srt://origin-v2.vewbie.com:7010
2025-05-15 17:05:05,992 - overlay - INFO - Creating pipeline for srt stream to: srt://origin-v2.vewbie.com:7010
2025-05-15 17:05:06,136 - overlay - INFO - 🧩 Dynamic overlay URL set to: http://103.217.176.16:8080/scorecards/baseball/scorecard/1
2025-05-15 17:05:06,137 - overlay - INFO - Adding overlay for position: tl
2025-05-15 17:05:06,138 - overlay - INFO - Screenshot capture started...
2025-05-15 17:05:06,142 - overlay - INFO - Position set to tl (X: 10, Y: 10)
2025-05-15 17:05:06,798 - overlay - INFO - State changed: NULL -> READY
2025-05-15 17:05:06,798 - overlay - INFO - State changed: NULL -> READY
2025-05-15 17:05:06,799 - overlay - INFO - State changed: NULL -> READY
2025-05-15 17:05:06,799 - overlay - INFO - State changed: NULL -> READY
2025-05-15 17:05:06,799 - overlay - INFO - State changed: NULL -> READY
2025-05-15 17:05:06,799 - overlay - INFO - State changed: NULL -> READY
2025-05-15 17:05:06,799 - overlay - INFO - State changed: NULL -> READY
2025-05-15 17:05:06,799 - overlay - INFO - State changed: NULL -> READY
2025-05-15 17:05:06,799 - overlay - INFO - State changed: NULL -> READY
2025-05-15 17:05:06,799 - overlay - INFO - State changed: NULL -> READY
2025-05-15 17:05:06,800 - overlay - INFO - State changed: NULL -> READY
2025-05-15 17:05:06,800 - overlay - INFO - State changed: NULL -> READY
2025-05-15 17:05:06,800 - overlay - INFO - State changed: NULL -> READY
2025-05-15 17:05:06,800 - overlay - INFO - State changed: NULL -> READY
2025-05-15 17:05:06,800 - overlay - INFO - Pipeline thread started with state transition
2025-05-15 17:05:06,800 - overlay - INFO - State changed: NULL -> READY
2025-05-15 17:05:06,803 - overlay - INFO - State changed: NULL -> READY
2025-05-15 17:05:06,804 - overlay - INFO - State changed: NULL -> READY
2025-05-15 17:05:06,804 - overlay - INFO - State changed: NULL -> READY
2025-05-15 17:05:06,805 - overlay - INFO - State changed: NULL -> READY
2025-05-15 17:05:06,805 - overlay - INFO - State changed: NULL -> READY
2025-05-15 17:05:06,805 - overlay - INFO - State changed: NULL -> READY
2025-05-15 17:05:06,806 - overlay - INFO - State changed: NULL -> READY
2025-05-15 17:05:06,806 - overlay - INFO - State changed: NULL -> READY
2025-05-15 17:05:06,806 - overlay - INFO - State changed: NULL -> READY
2025-05-15 17:05:06,807 - overlay - INFO - State changed: NULL -> READY
2025-05-15 17:05:06,807 - overlay - INFO - State changed: READY -> PAUSED
2025-05-15 17:05:06,807 - overlay - INFO - State changed: READY -> PAUSED
2025-05-15 17:05:06,808 - overlay - INFO - State changed: READY -> PAUSED
2025-05-15 17:05:06,808 - overlay - INFO - State changed: READY -> PAUSED
2025-05-15 17:05:06,809 - overlay - INFO - State changed: READY -> PAUSED
2025-05-15 17:05:06,809 - overlay - INFO - State changed: READY -> PAUSED
2025-05-15 17:05:06,810 - overlay - INFO - State changed: READY -> PAUSED
2025-05-15 17:05:06,810 - overlay - INFO - State changed: READY -> PAUSED
2025-05-15 17:05:06,810 - overlay - INFO - State changed: READY -> PAUSED
2025-05-15 17:05:06,811 - overlay - INFO - State changed: READY -> PAUSED
2025-05-15 17:05:06,811 - overlay - INFO - State changed: READY -> PAUSED
2025-05-15 17:05:06,812 - overlay - INFO - State changed: READY -> PAUSED
2025-05-15 17:05:06,812 - overlay - INFO - State changed: READY -> PAUSED
2025-05-15 17:05:06,813 - overlay - INFO - State changed: READY -> PAUSED
2025-05-15 17:05:06,813 - overlay - INFO - State changed: READY -> PAUSED
2025-05-15 17:05:06,814 - overlay - INFO - State changed: READY -> PAUSED
2025-05-15 17:05:06,814 - overlay - INFO - State changed: READY -> PAUSED
2025-05-15 17:05:06,815 - overlay - INFO - State changed: READY -> PAUSED
2025-05-15 17:05:06,815 - overlay - INFO - State changed: READY -> PAUSED
2025-05-15 17:05:06,815 - overlay - INFO - State changed: READY -> PAUSED
2025-05-15 17:05:06,816 - overlay - INFO - State changed: READY -> PAUSED
2025-05-15 17:05:06,817 - overlay - INFO - State changed: READY -> PAUSED
2025-05-15 17:05:06,817 - overlay - INFO - State changed: READY -> PAUSED
2025-05-15 17:05:06,818 - overlay - INFO - State changed: READY -> PAUSED
2025-05-15 17:05:06,819 - overlay - INFO - State changed: PAUSED -> PLAYING
2025-05-15 17:05:06,820 - overlay - INFO - State changed: PAUSED -> PLAYING
2025-05-15 17:05:06,820 - overlay - INFO - State changed: PAUSED -> PLAYING
2025-05-15 17:05:06,821 - overlay - INFO - State changed: PAUSED -> PLAYING
2025-05-15 17:05:06,821 - overlay - INFO - State changed: PAUSED -> PLAYING
2025-05-15 17:05:06,822 - overlay - INFO - State changed: PAUSED -> PLAYING
2025-05-15 17:05:06,822 - overlay - INFO - State changed: PAUSED -> PLAYING
2025-05-15 17:05:06,822 - overlay - INFO - State changed: PAUSED -> PLAYING
2025-05-15 17:05:06,822 - overlay - INFO - State changed: PAUSED -> PLAYING
2025-05-15 17:05:06,822 - overlay - INFO - State changed: PAUSED -> PLAYING
2025-05-15 17:05:06,822 - overlay - INFO - State changed: PAUSED -> PLAYING
2025-05-15 17:05:06,823 - overlay - INFO - State changed: PAUSED -> PLAYING
2025-05-15 17:05:06,823 - overlay - INFO - State changed: PAUSED -> PLAYING
2025-05-15 17:05:06,823 - overlay - INFO - State changed: PAUSED -> PLAYING
2025-05-15 17:05:06,823 - overlay - INFO - State changed: PAUSED -> PLAYING
2025-05-15 17:05:06,823 - overlay - INFO - State changed: PAUSED -> PLAYING
2025-05-15 17:05:06,823 - overlay - INFO - State changed: PAUSED -> PLAYING
2025-05-15 17:05:06,824 - overlay - INFO - State changed: PAUSED -> PLAYING
2025-05-15 17:05:06,824 - overlay - INFO - State changed: PAUSED -> PLAYING
2025-05-15 17:05:06,824 - overlay - INFO - State changed: PAUSED -> PLAYING
2025-05-15 17:05:06,824 - overlay - INFO - State changed: PAUSED -> PLAYING
2025-05-15 17:05:06,824 - overlay - INFO - State changed: PAUSED -> PLAYING
2025-05-15 17:05:06,825 - overlay - INFO - State changed: PAUSED -> PLAYING
2025-05-15 17:05:06,854 - overlay - INFO - 🌐 Opening overlay URL in Playwright: http://103.217.176.16:8080/scorecards/baseball/scorecard/1
2025-05-15 17:05:08,116 - overlay - INFO - Fetching gamestats with ID: 1
2025-05-15 17:05:08,117 - overlay - INFO - Fetching graphics with ID: 1
2025-05-15 17:05:08,132 - overlay - INFO - Fetching graphics with ID: 1
2025-05-15 17:05:09,801 - overlay - INFO - Pad for rtsp://192.168.100.150:8547/h264 not found yet (Attempt 1/15)
2025-05-15 17:05:10,073 - overlay - INFO - 🔧 Injected transparent background for overlay rendering
2025-05-15 17:05:10,133 - overlay - INFO - 📸 Screenshot captured: url_shots/ee2f6c3b-5217-45a3-916a-71e854ef94d4.png
2025-05-15 17:05:10,301 - overlay - INFO - Pad for rtsp://192.168.100.150:8547/h264 not found yet (Attempt 2/15)
2025-05-15 17:05:10,802 - overlay - INFO - Pad for rtsp://192.168.100.150:8547/h264 not found yet (Attempt 3/15)
2025-05-15 17:05:11,303 - overlay - INFO - Pad for rtsp://192.168.100.150:8547/h264 not found yet (Attempt 4/15)
2025-05-15 17:05:11,803 - overlay - INFO - Pad for rtsp://192.168.100.150:8547/h264 not found yet (Attempt 5/15)
2025-05-15 17:05:12,304 - overlay - INFO - Pad for rtsp://192.168.100.150:8547/h264 not found yet (Attempt 6/15)
2025-05-15 17:05:12,804 - overlay - INFO - Pad for rtsp://192.168.100.150:8547/h264 not found yet (Attempt 7/15)
2025-05-15 17:05:13,305 - overlay - INFO - Pad for rtsp://192.168.100.150:8547/h264 not found yet (Attempt 8/15)
2025-05-15 17:05:13,805 - overlay - INFO - Pad for rtsp://192.168.100.150:8547/h264 not found yet (Attempt 9/15)
2025-05-15 17:05:14,306 - overlay - INFO - Pad for rtsp://192.168.100.150:8547/h264 not found yet (Attempt 10/15)
2025-05-15 17:05:14,806 - overlay - INFO - Pad for rtsp://192.168.100.150:8547/h264 not found yet (Attempt 11/15)
2025-05-15 17:05:15,307 - overlay - INFO - Pad for rtsp://192.168.100.150:8547/h264 not found yet (Attempt 12/15)
2025-05-15 17:05:15,808 - overlay - INFO - Pad for rtsp://192.168.100.150:8547/h264 not found yet (Attempt 13/15)
2025-05-15 17:05:16,308 - overlay - INFO - Pad for rtsp://192.168.100.150:8547/h264 not found yet (Attempt 14/15)
2025-05-15 17:05:16,809 - overlay - INFO - Pad for rtsp://192.168.100.150:8547/h264 not found yet (Attempt 15/15)
2025-05-15 17:05:17,309 - overlay - ERROR - Pad for rtsp://192.168.100.150:8547/h264 not found after 15 retries
2025-05-15 17:05:17,310 - overlay - INFO - Setting camera ID 1 as default
2025-05-15 17:05:17,310 - overlay - ERROR - Fallback pad not found. Unable to switch stream.
2025-05-15 17:05:17,310 - overlay - INFO - Setting camera ID 1 as default
2025-05-15 17:05:17,317 - overlay - INFO - All cameras' Default fields set to false
2025-05-15 17:05:17,333 - overlay - INFO - Camera ID 1 set as default
2025-05-15 17:05:18,119 - overlay - INFO - Fetching gamestats with ID: 1
2025-05-15 17:05:18,142 - overlay - INFO - Fetching graphics with ID: 1
2025-05-15 17:05:19,515 - recording_session - INFO - Finalizing chunk: /var/www/html/public/assets/uploads/CAM1/2025-05-15/1747310658.mp4
2025-05-15 17:05:19,535 - recording_session - INFO - 📁 Started recording chunk: /var/www/html/public/assets/uploads/CAM1/2025-05-15/1747310719.mp4
2025-05-15 17:05:19,549 - recording_session - INFO - 📁 Started recording chunk: /var/www/html/public/assets/uploads/CAM3/2025-05-15/1747310719.mp4
2025-05-15 17:05:19,566 - recording_session - INFO - 📁 Started recording chunk: /var/www/html/public/assets/uploads/CAM2/2025-05-15/1747310719.mp4
2025-05-15 17:05:19,584 - recording_session - INFO - 📁 Started recording chunk: /var/www/html/public/assets/uploads/CAM4/2025-05-15/1747310719.mp4
2025-05-15 17:05:19,734 - recording_session - INFO - 📤 Enqueuing for slow motion: /var/www/html/public/assets/uploads/CAM1/2025-05-15/1747310658.mp4
2025-05-15 17:05:19,735 - recording_session - INFO - Finalizing chunk: /var/www/html/public/assets/uploads/CAM3/2025-05-15/1747310658.mp4
2025-05-15 17:05:19,906 - recording_session - INFO - 📤 Enqueuing for slow motion: /var/www/html/public/assets/uploads/CAM3/2025-05-15/1747310658.mp4
2025-05-15 17:05:19,907 - recording_session - INFO - Finalizing chunk: /var/www/html/public/assets/uploads/CAM2/2025-05-15/1747310658.mp4
2025-05-15 17:05:19,986 - ffmpeg_post_process - INFO - 🎞️ Processing slow motion: /var/www/html/public/assets/uploads/CAM1/2025-05-15/1747310658.mp4
2025-05-15 17:05:20,081 - ffmpeg_post_process - INFO - 🎞️ Processing slow motion: /var/www/html/public/assets/uploads/CAM3/2025-05-15/1747310658.mp4
2025-05-15 17:05:20,091 - recording_session - INFO - 📤 Enqueuing for slow motion: /var/www/html/public/assets/uploads/CAM2/2025-05-15/1747310658.mp4
2025-05-15 17:05:20,092 - recording_session - INFO - Finalizing chunk: /var/www/html/public/assets/uploads/CAM4/2025-05-15/1747310658.mp4
2025-05-15 17:05:20,254 - ffmpeg_post_process - INFO - 🎞️ Processing slow motion: /var/www/html/public/assets/uploads/CAM2/2025-05-15/1747310658.mp4
2025-05-15 17:05:20,300 - recording_session - INFO - 📤 Enqueuing for slow motion: /var/www/html/public/assets/uploads/CAM4/2025-05-15/1747310658.mp4
2025-05-15 17:05:28,116 - overlay - INFO - Fetching gamestats with ID: 1
2025-05-15 17:05:28,126 - overlay - INFO - Fetching graphics with ID: 1
2025-05-15 17:05:38,113 - overlay - INFO - Fetching gamestats with ID: 1
2025-05-15 17:05:38,123 - overlay - INFO - Fetching graphics with ID: 1
2025-05-15 17:05:44,524 - ffmpeg_post_process - INFO - ✅ Slow motion generated and recorded for /var/www/html/public/assets/uploads/CAM1/2025-05-15/1747310658.mp4
2025-05-15 17:05:45,114 - ffmpeg_post_process - INFO - ✅ Slow motion generated and recorded for /var/www/html/public/assets/uploads/CAM3/2025-05-15/1747310658.mp4
2025-05-15 17:05:45,296 - ffmpeg_post_process - INFO - 🎞️ Processing slow motion: /var/www/html/public/assets/uploads/CAM4/2025-05-15/1747310658.mp4
2025-05-15 17:05:48,115 - overlay - INFO - Fetching gamestats with ID: 1
2025-05-15 17:05:48,134 - overlay - INFO - Fetching graphics with ID: 1
2025-05-15 17:05:58,117 - overlay - INFO - Fetching gamestats with ID: 1
2025-05-15 17:05:58,128 - overlay - INFO - Fetching graphics with ID: 1
2025-05-15 17:06:08,116 - overlay - INFO - Fetching gamestats with ID: 1
2025-05-15 17:06:08,129 - overlay - INFO - Fetching graphics with ID: 1
2025-05-15 17:06:09,413 - ffmpeg_post_process - INFO - ✅ Slow motion generated and recorded for /var/www/html/public/assets/uploads/CAM2/2025-05-15/1747310658.mp4
2025-05-15 17:06:10,417 - ffmpeg_post_process - INFO - ✅ Slow motion generated and recorded for /var/www/html/public/assets/uploads/CAM4/2025-05-15/1747310658.mp4
2025-05-15 17:06:18,119 - overlay - INFO - Fetching gamestats with ID: 1
2025-05-15 17:06:18,139 - overlay - INFO - Fetching graphics with ID: 1
2025-05-15 17:06:19,498 - recording_session - INFO - Finalizing chunk: /var/www/html/public/assets/uploads/CAM3/2025-05-15/1747310719.mp4
2025-05-15 17:06:19,518 - recording_session - INFO - 📁 Started recording chunk: /var/www/html/public/assets/uploads/CAM3/2025-05-15/1747310779.mp4
2025-05-15 17:06:19,527 - recording_session - INFO - 📁 Started recording chunk: /var/www/html/public/assets/uploads/CAM4/2025-05-15/1747310779.mp4
2025-05-15 17:06:19,543 - recording_session - INFO - 📁 Started recording chunk: /var/www/html/public/assets/uploads/CAM1/2025-05-15/1747310779.mp4
2025-05-15 17:06:19,565 - recording_session - INFO - 📁 Started recording chunk: /var/www/html/public/assets/uploads/CAM2/2025-05-15/1747310779.mp4
2025-05-15 17:06:19,663 - recording_session - INFO - 📤 Enqueuing for slow motion: /var/www/html/public/assets/uploads/CAM3/2025-05-15/1747310719.mp4
2025-05-15 17:06:19,665 - recording_session - INFO - Finalizing chunk: /var/www/html/public/assets/uploads/CAM1/2025-05-15/1747310719.mp4
2025-05-15 17:06:19,783 - ffmpeg_post_process - INFO - 🎞️ Processing slow motion: /var/www/html/public/assets/uploads/CAM3/2025-05-15/1747310719.mp4
2025-05-15 17:06:19,808 - recording_session - INFO - 📤 Enqueuing for slow motion: /var/www/html/public/assets/uploads/CAM1/2025-05-15/1747310719.mp4
2025-05-15 17:06:19,808 - recording_session - INFO - Finalizing chunk: /var/www/html/public/assets/uploads/CAM2/2025-05-15/1747310719.mp4
2025-05-15 17:06:19,951 - recording_session - INFO - 📤 Enqueuing for slow motion: /var/www/html/public/assets/uploads/CAM2/2025-05-15/1747310719.mp4
2025-05-15 17:06:19,951 - recording_session - INFO - Finalizing chunk: /var/www/html/public/assets/uploads/CAM4/2025-05-15/1747310719.mp4
2025-05-15 17:06:20,075 - ffmpeg_post_process - INFO - 🎞️ Processing slow motion: /var/www/html/public/assets/uploads/CAM1/2025-05-15/1747310719.mp4
2025-05-15 17:06:20,090 - ffmpeg_post_process - INFO - 🎞️ Processing slow motion: /var/www/html/public/assets/uploads/CAM2/2025-05-15/1747310719.mp4
2025-05-15 17:06:20,114 - recording_session - INFO - 📤 Enqueuing for slow motion: /var/www/html/public/assets/uploads/CAM4/2025-05-15/1747310719.mp4
2025-05-15 17:06:20,671 - ffmpeg_post_process - INFO - 🎞️ Processing slow motion: /var/www/html/public/assets/uploads/CAM4/2025-05-15/1747310719.mp4
2025-05-15 17:06:28,114 - overlay - INFO - Fetching gamestats with ID: 1
2025-05-15 17:06:28,128 - overlay - INFO - Fetching graphics with ID: 1
2025-05-15 17:06:38,117 - overlay - INFO - Fetching gamestats with ID: 1
2025-05-15 17:06:38,129 - overlay - INFO - Fetching graphics with ID: 1
2025-05-15 17:06:45,176 - ffmpeg_post_process - INFO - ✅ Slow motion generated and recorded for /var/www/html/public/assets/uploads/CAM3/2025-05-15/1747310719.mp4
2025-05-15 17:06:45,589 - ffmpeg_post_process - INFO - ✅ Slow motion generated and recorded for /var/www/html/public/assets/uploads/CAM1/2025-05-15/1747310719.mp4
2025-05-15 17:06:48,114 - overlay - INFO - Fetching gamestats with ID: 1
2025-05-15 17:06:48,135 - overlay - INFO - Fetching graphics with ID: 1
2025-05-15 17:06:58,113 - overlay - INFO - Fetching gamestats with ID: 1
2025-05-15 17:06:58,123 - overlay - INFO - Fetching graphics with ID: 1
2025-05-15 17:07:08,116 - overlay - INFO - Fetching gamestats with ID: 1
2025-05-15 17:07:08,130 - overlay - INFO - Fetching graphics with ID: 1
2025-05-15 17:07:10,291 - ffmpeg_post_process - INFO - ✅ Slow motion generated and recorded for /var/www/html/public/assets/uploads/CAM2/2025-05-15/1747310719.mp4
2025-05-15 17:07:10,831 - ffmpeg_post_process - INFO - ✅ Slow motion generated and recorded for /var/www/html/public/assets/uploads/CAM4/2025-05-15/1747310719.mp4
2025-05-15 17:07:18,115 - overlay - INFO - Fetching gamestats with ID: 1
2025-05-15 17:07:18,129 - overlay - INFO - Fetching graphics with ID: 1
2025-05-15 17:07:19,491 - recording_session - INFO - Finalizing chunk: /var/www/html/public/assets/uploads/CAM1/2025-05-15/1747310779.mp4
2025-05-15 17:07:19,521 - recording_session - INFO - 📁 Started recording chunk: /var/www/html/public/assets/uploads/CAM1/2025-05-15/1747310839.mp4
2025-05-15 17:07:19,556 - recording_session - INFO - 📁 Started recording chunk: /var/www/html/public/assets/uploads/CAM3/2025-05-15/1747310839.mp4
2025-05-15 17:07:19,581 - recording_session - INFO - 📁 Started recording chunk: /var/www/html/public/assets/uploads/CAM2/2025-05-15/1747310839.mp4
2025-05-15 17:07:19,599 - recording_session - INFO - 📁 Started recording chunk: /var/www/html/public/assets/uploads/CAM4/2025-05-15/1747310839.mp4
2025-05-15 17:07:19,678 - recording_session - INFO - 📤 Enqueuing for slow motion: /var/www/html/public/assets/uploads/CAM1/2025-05-15/1747310779.mp4
2025-05-15 17:07:19,678 - recording_session - INFO - Finalizing chunk: /var/www/html/public/assets/uploads/CAM3/2025-05-15/1747310779.mp4
2025-05-15 17:07:19,813 - ffmpeg_post_process - INFO - 🎞️ Processing slow motion: /var/www/html/public/assets/uploads/CAM1/2025-05-15/1747310779.mp4
2025-05-15 17:07:19,825 - recording_session - INFO - 📤 Enqueuing for slow motion: /var/www/html/public/assets/uploads/CAM3/2025-05-15/1747310779.mp4
2025-05-15 17:07:19,826 - recording_session - INFO - Finalizing chunk: /var/www/html/public/assets/uploads/CAM2/2025-05-15/1747310779.mp4
2025-05-15 17:07:19,982 - recording_session - INFO - 📤 Enqueuing for slow motion: /var/www/html/public/assets/uploads/CAM2/2025-05-15/1747310779.mp4
2025-05-15 17:07:19,982 - recording_session - INFO - Finalizing chunk: /var/www/html/public/assets/uploads/CAM4/2025-05-15/1747310779.mp4
2025-05-15 17:07:20,105 - ffmpeg_post_process - INFO - 🎞️ Processing slow motion: /var/www/html/public/assets/uploads/CAM2/2025-05-15/1747310779.mp4
2025-05-15 17:07:20,139 - recording_session - INFO - 📤 Enqueuing for slow motion: /var/www/html/public/assets/uploads/CAM4/2025-05-15/1747310779.mp4
2025-05-15 17:07:20,250 - ffmpeg_post_process - INFO - 🎞️ Processing slow motion: /var/www/html/public/assets/uploads/CAM3/2025-05-15/1747310779.mp4
2025-05-15 17:07:28,117 - overlay - INFO - Fetching gamestats with ID: 1
2025-05-15 17:07:28,127 - overlay - INFO - Fetching graphics with ID: 1
2025-05-15 17:07:38,115 - overlay - INFO - Fetching gamestats with ID: 1
2025-05-15 17:07:38,128 - overlay - INFO - Fetching graphics with ID: 1
2025-05-15 17:07:45,246 - ffmpeg_post_process - INFO - ✅ Slow motion generated and recorded for /var/www/html/public/assets/uploads/CAM2/2025-05-15/1747310779.mp4
2025-05-15 17:07:45,274 - ffmpeg_post_process - INFO - ✅ Slow motion generated and recorded for /var/www/html/public/assets/uploads/CAM1/2025-05-15/1747310779.mp4
2025-05-15 17:07:48,113 - overlay - INFO - Fetching gamestats with ID: 1
2025-05-15 17:07:48,121 - overlay - INFO - Fetching graphics with ID: 1
2025-05-15 17:07:58,114 - overlay - INFO - Fetching gamestats with ID: 1
2025-05-15 17:07:58,127 - overlay - INFO - Fetching graphics with ID: 1
2025-05-15 17:08:08,116 - overlay - INFO - Fetching gamestats with ID: 1
2025-05-15 17:08:08,133 - overlay - INFO - Fetching graphics with ID: 1
2025-05-15 17:08:08,136 - ffmpeg_post_process - INFO - ✅ Slow motion generated and recorded for /var/www/html/public/assets/uploads/CAM3/2025-05-15/1747310779.mp4
2025-05-15 17:08:08,272 - ffmpeg_post_process - INFO - 🎞️ Processing slow motion: /var/www/html/public/assets/uploads/CAM4/2025-05-15/1747310779.mp4
2025-05-15 17:08:18,114 - overlay - INFO - Fetching gamestats with ID: 1
2025-05-15 17:08:18,125 - overlay - INFO - Fetching graphics with ID: 1
2025-05-15 17:08:19,490 - recording_session - INFO - Finalizing chunk: /var/www/html/public/assets/uploads/CAM1/2025-05-15/1747310839.mp4
2025-05-15 17:08:19,500 - recording_session - INFO - 📁 Started recording chunk: /var/www/html/public/assets/uploads/CAM1/2025-05-15/1747310899.mp4
2025-05-15 17:08:19,512 - recording_session - INFO - 📁 Started recording chunk: /var/www/html/public/assets/uploads/CAM3/2025-05-15/1747310899.mp4
2025-05-15 17:08:19,525 - recording_session - INFO - 📁 Started recording chunk: /var/www/html/public/assets/uploads/CAM2/2025-05-15/1747310899.mp4
2025-05-15 17:08:19,544 - recording_session - INFO - 📁 Started recording chunk: /var/www/html/public/assets/uploads/CAM4/2025-05-15/1747310899.mp4
2025-05-15 17:08:19,643 - recording_session - INFO - 📤 Enqueuing for slow motion: /var/www/html/public/assets/uploads/CAM1/2025-05-15/1747310839.mp4
2025-05-15 17:08:19,643 - recording_session - INFO - Finalizing chunk: /var/www/html/public/assets/uploads/CAM3/2025-05-15/1747310839.mp4
2025-05-15 17:08:19,789 - recording_session - INFO - 📤 Enqueuing for slow motion: /var/www/html/public/assets/uploads/CAM3/2025-05-15/1747310839.mp4
2025-05-15 17:08:19,789 - recording_session - INFO - Finalizing chunk: /var/www/html/public/assets/uploads/CAM2/2025-05-15/1747310839.mp4
2025-05-15 17:08:19,913 - ffmpeg_post_process - INFO - 🎞️ Processing slow motion: /var/www/html/public/assets/uploads/CAM3/2025-05-15/1747310839.mp4
2025-05-15 17:08:19,935 - recording_session - INFO - 📤 Enqueuing for slow motion: /var/www/html/public/assets/uploads/CAM2/2025-05-15/1747310839.mp4
2025-05-15 17:08:19,936 - recording_session - INFO - Finalizing chunk: /var/www/html/public/assets/uploads/CAM4/2025-05-15/1747310839.mp4
2025-05-15 17:08:19,984 - ffmpeg_post_process - INFO - 🎞️ Processing slow motion: /var/www/html/public/assets/uploads/CAM1/2025-05-15/1747310839.mp4
2025-05-15 17:08:20,103 - ffmpeg_post_process - INFO - 🎞️ Processing slow motion: /var/www/html/public/assets/uploads/CAM2/2025-05-15/1747310839.mp4
2025-05-15 17:08:20,124 - recording_session - INFO - 📤 Enqueuing for slow motion: /var/www/html/public/assets/uploads/CAM4/2025-05-15/1747310839.mp4
2025-05-15 17:08:28,116 - overlay - INFO - Fetching gamestats with ID: 1
2025-05-15 17:08:28,124 - overlay - INFO - Fetching graphics with ID: 1
2025-05-15 17:08:31,989 - ffmpeg_post_process - INFO - ✅ Slow motion generated and recorded for /var/www/html/public/assets/uploads/CAM4/2025-05-15/1747310779.mp4
2025-05-15 17:08:38,115 - overlay - INFO - Fetching gamestats with ID: 1
2025-05-15 17:08:38,130 - overlay - INFO - Fetching graphics with ID: 1
2025-05-15 17:08:45,907 - ffmpeg_post_process - INFO - ✅ Slow motion generated and recorded for /var/www/html/public/assets/uploads/CAM3/2025-05-15/1747310839.mp4
2025-05-15 17:08:48,114 - overlay - INFO - Fetching gamestats with ID: 1
2025-05-15 17:08:48,127 - overlay - INFO - Fetching graphics with ID: 1
2025-05-15 17:08:58,113 - overlay - INFO - Fetching gamestats with ID: 1
2025-05-15 17:08:58,127 - overlay - INFO - Fetching graphics with ID: 1
2025-05-15 17:08:58,561 - ffmpeg_post_process - INFO - ✅ Slow motion generated and recorded for /var/www/html/public/assets/uploads/CAM1/2025-05-15/1747310839.mp4
2025-05-15 17:09:05,958 - ffmpeg_post_process - ERROR - ❌ Hardware encoding failed (code 255)
2025-05-15 17:09:05,958 - ffmpeg_post_process - WARNING - 🔁 Retrying slow motion for /var/www/html/public/assets/uploads/CAM2/2025-05-15/1747310839.mp4 (attempt 1)
2025-05-15 17:09:05,969 - recording_session - INFO - Finalizing chunk: /var/www/html/public/assets/uploads/CAM1/2025-05-15/1747310899.mp4
