2025-05-19 20:07:06,538 - overlay - INFO - Fetching all CameraURLs records
2025-05-19 20:07:06,620 - recording_session - INFO - ðŸš€ SlowMoWorkers started: 4 threads
2025-05-19 20:07:06,621 - overlay - INFO - Fetching all CameraURLs records
2025-05-19 20:07:06,637 - recording_session - INFO - ðŸŽ¥ Recording thread started for camera 1
2025-05-19 20:07:06,639 - overlay - INFO - Started recording for camera 1: rtsp://192.168.100.150:8547/h264
2025-05-19 20:07:06,649 - recording_session - INFO - ðŸŽ¥ Recording thread started for camera 2
2025-05-19 20:07:06,651 - overlay - INFO - Started recording for camera 2: rtsp://192.168.100.150:8547/h264
2025-05-19 20:07:06,666 - recording_session - INFO - ðŸŽ¥ Recording thread started for camera 3
2025-05-19 20:07:06,666 - overlay - INFO - Started recording for camera 3: rtsp://192.168.100.150:8547/h264
2025-05-19 20:07:06,673 - recording_session - INFO - ðŸ§ª Starting GStreamer pipeline for camera 3
2025-05-19 20:07:06,674 - recording_session - INFO - ðŸŽ¥ Recording thread started for camera 4
2025-05-19 20:07:06,674 - recording_session - INFO - ðŸ§ª Starting GStreamer pipeline for camera 1
2025-05-19 20:07:06,674 - recording_session - INFO - ðŸ§ª Starting GStreamer pipeline for camera 2
2025-05-19 20:07:06,674 - overlay - INFO - Started recording for camera 4: rtsp://192.168.100.150:8547/h264
2025-05-19 20:07:06,678 - recording_session - INFO - âœ… Pipeline PLAYING for camera 3
2025-05-19 20:07:06,685 - recording_session - INFO - âœ… Pipeline PLAYING for camera 1
2025-05-19 20:07:06,686 - recording_session - INFO - âœ… Pipeline PLAYING for camera 2
2025-05-19 20:07:06,692 - recording_session - INFO - ðŸ§ª Starting GStreamer pipeline for camera 4
2025-05-19 20:07:06,696 - recording_session - INFO - âœ… Pipeline PLAYING for camera 4
2025-05-19 20:07:06,826 - recording_session - INFO - âœ… Linked rtspsrc â†’ depay for camera 3
2025-05-19 20:07:06,826 - recording_session - INFO - âœ… Linked rtspsrc â†’ depay for camera 2
2025-05-19 20:07:06,827 - recording_session - INFO - âœ… Linked rtspsrc â†’ depay for camera 1
2025-05-19 20:07:06,831 - recording_session - INFO - âœ… Linked rtspsrc â†’ depay for camera 4
2025-05-19 20:07:06,843 - recording_session - INFO - ðŸ“ Started recording chunk: /var/www/html/public/assets/uploads/CAM2/2025-05-19/1747667226.mp4
2025-05-19 20:07:06,854 - recording_session - INFO - ðŸ“ Started recording chunk: /var/www/html/public/assets/uploads/CAM4/2025-05-19/1747667226.mp4
2025-05-19 20:07:06,873 - recording_session - INFO - ðŸ“ Started recording chunk: /var/www/html/public/assets/uploads/CAM3/2025-05-19/1747667226.mp4
2025-05-19 20:07:06,896 - recording_session - INFO - ðŸ“ Started recording chunk: /var/www/html/public/assets/uploads/CAM1/2025-05-19/1747667226.mp4
2025-05-19 20:07:23,910 - overlay - INFO - Loaded stream target (ID: 1): srt => srt://origin-v2.vewbie.com:7010
2025-05-19 20:07:23,911 - overlay - INFO - Creating pipeline for srt stream to: srt://origin-v2.vewbie.com:7010
2025-05-19 20:07:23,943 - overlay - ERROR - Unexpected error: could not convert 'enabled' to type 'GstMppEncSeiMode' when setting property 'GstMppH264Enc.sei-mode'
2025-05-19 20:08:05,919 - recording_session - INFO - Finalizing chunk: /var/www/html/public/assets/uploads/CAM1/2025-05-19/1747667226.mp4
2025-05-19 20:08:05,970 - recording_session - WARNING - Failed to probe file /var/www/html/public/assets/uploads/CAM1/2025-05-19/1747667226.mp4: could not convert string to float: ''
2025-05-19 20:08:05,971 - recording_session - WARNING - Chunk not ready or too small to process: /var/www/html/public/assets/uploads/CAM1/2025-05-19/1747667226.mp4
