2025-04-30 18:28:23,537 - overlay - INFO - Fetching all CameraURLs records
2025-04-30 18:28:23,547 - recording_session - INFO - 🚀 SlowMoWorkers started: 4 threads
2025-04-30 18:28:23,547 - overlay - INFO - Fetching all CameraURLs records
2025-04-30 18:28:23,568 - recording_session - INFO - 🎥 Recording thread started for camera 1
2025-04-30 18:28:23,573 - overlay - INFO - Started recording for camera 1: rtsp://192.168.100.150:8547/h264
2025-04-30 18:28:23,588 - recording_session - INFO - 🎥 Recording thread started for camera 2
2025-04-30 18:28:23,589 - overlay - INFO - Started recording for camera 2: rtsp://192.168.100.150:8547/h264
2025-04-30 18:28:23,600 - recording_session - INFO - 🎥 Recording thread started for camera 3
2025-04-30 18:28:23,600 - overlay - INFO - Started recording for camera 3: rtsp://192.168.100.150:8547/h264
2025-04-30 18:28:23,606 - recording_session - INFO - 🧪 Starting GStreamer pipeline for camera 1
2025-04-30 18:28:23,607 - recording_session - INFO - 🧪 Starting GStreamer pipeline for camera 2
2025-04-30 18:28:23,608 - recording_session - INFO - 🧪 Starting GStreamer pipeline for camera 3
2025-04-30 18:28:23,611 - recording_session - INFO - ✅ Pipeline set to PLAYING for camera 3
2025-04-30 18:28:23,611 - recording_session - INFO - ✅ Pipeline set to PLAYING for camera 1
2025-04-30 18:28:23,612 - recording_session - INFO - ✅ Pipeline set to PLAYING for camera 2
2025-04-30 18:28:23,622 - recording_session - INFO - 🎥 Recording thread started for camera 4
2025-04-30 18:28:23,623 - overlay - INFO - Started recording for camera 4: rtsp://192.168.100.150:8547/h264
2025-04-30 18:28:23,633 - recording_session - INFO - 🧪 Starting GStreamer pipeline for camera 4
2025-04-30 18:28:23,635 - recording_session - INFO - ✅ Pipeline set to PLAYING for camera 4
2025-04-30 18:28:23,689 - overlay - INFO - Deleted old file: /var/www/html/public/assets/uploads/CAM3/2025-04-29/1745917046_slow.mp4
2025-04-30 18:28:23,694 - overlay - INFO - Deleted old file: /var/www/html/public/assets/uploads/CAM2/2025-04-29/1745917046_slow.mp4
2025-04-30 18:28:23,699 - overlay - INFO - Deleted old file: /var/www/html/public/assets/uploads/CAM1/2025-04-29/1745917046_slow.mp4
2025-04-30 18:28:32,532 - overlay - INFO - Fetching all graphics records
2025-04-30 18:28:32,533 - overlay - INFO - Fetching all CameraURLs records
2025-04-30 18:28:32,542 - overlay - INFO - Found 1 graphics records
2025-04-30 18:28:32,542 - overlay - INFO - Found 4 CameraURLs records
2025-04-30 18:28:32,635 - overlay - INFO - Fetching gamestats with ID: 1
2025-04-30 18:28:32,636 - overlay - INFO - Fetching graphics with ID: 1
2025-04-30 18:28:32,680 - overlay - INFO - Fetching graphics with ID: 1
2025-04-30 18:28:45,976 - overlay - INFO - Fetching all CameraURLs records
2025-04-30 18:28:45,976 - overlay - INFO - Fetching all graphics records
2025-04-30 18:28:45,980 - overlay - INFO - Found 4 CameraURLs records
2025-04-30 18:28:45,981 - overlay - INFO - Found 1 graphics records
2025-04-30 18:28:46,070 - overlay - INFO - Fetching graphics with ID: 1
2025-04-30 18:28:46,071 - overlay - INFO - Fetching gamestats with ID: 1
2025-04-30 18:28:46,114 - overlay - INFO - Fetching graphics with ID: 1
2025-04-30 18:29:01,383 - overlay - INFO - Fetching all graphics records
2025-04-30 18:29:01,383 - overlay - INFO - Fetching all CameraURLs records
2025-04-30 18:29:01,387 - overlay - INFO - Found 1 graphics records
2025-04-30 18:29:01,389 - overlay - INFO - Found 4 CameraURLs records
2025-04-30 18:29:01,479 - overlay - INFO - Fetching graphics with ID: 1
2025-04-30 18:29:01,480 - overlay - INFO - Fetching gamestats with ID: 1
2025-04-30 18:29:01,517 - overlay - INFO - Fetching graphics with ID: 1
