2025-04-27 22:52:10,644 - overlay - INFO - Fetching all CameraURLs records
2025-04-27 22:52:10,654 - recording_session - INFO - 🚀 SlowMoWorker started
2025-04-27 22:52:10,655 - overlay - INFO - Fetching all CameraURLs records
2025-04-27 22:52:10,664 - recording_session - INFO - 🧹 Cleanup done. Deleted 0 files.
2025-04-27 22:52:10,674 - recording_session - INFO - 🎥 Recording thread started for camera 1
2025-04-27 22:52:10,676 - overlay - INFO - Started recording for camera 1: rtsp://192.168.100.150:8547/h264
2025-04-27 22:52:10,688 - recording_session - INFO - 🎥 Recording thread started for camera 2
2025-04-27 22:52:10,689 - overlay - INFO - Started recording for camera 2: rtsp://192.168.100.150:8547/h264
2025-04-27 22:52:10,693 - recording_session - INFO - 🧪 Starting GStreamer pipeline for camera 2
2025-04-27 22:52:10,694 - recording_session - INFO - 🧪 Starting GStreamer pipeline for camera 1
2025-04-27 22:52:10,695 - recording_session - INFO - ✅ Pipeline set to PLAYING for camera 1
2025-04-27 22:52:10,695 - recording_session - INFO - ✅ Pipeline set to PLAYING for camera 2
2025-04-27 22:52:10,704 - recording_session - INFO - 🎥 Recording thread started for camera 3
2025-04-27 22:52:10,704 - overlay - INFO - Started recording for camera 3: rtsp://192.168.100.150:8547/h264
2025-04-27 22:52:10,705 - recording_session - INFO - 🧪 Starting GStreamer pipeline for camera 3
2025-04-27 22:52:10,713 - recording_session - INFO - ✅ Pipeline set to PLAYING for camera 3
2025-04-27 22:52:10,722 - recording_session - INFO - 🎥 Recording thread started for camera 4
2025-04-27 22:52:10,723 - overlay - INFO - Started recording for camera 4: rtsp://192.168.100.150:8547/h264
2025-04-27 22:52:10,724 - recording_session - INFO - 🧪 Starting GStreamer pipeline for camera 4
2025-04-27 22:52:10,729 - recording_session - INFO - ✅ Pipeline set to PLAYING for camera 4
2025-04-27 22:52:10,747 - recording_session - INFO - 🔌 pad-added signal for camera 3
2025-04-27 22:52:10,748 - recording_session - INFO - 🔗 Linked rtspsrc pad to depay for camera 3
