2025-04-27 22:50:50,160 - overlay - INFO - Fetching all CameraURLs records
2025-04-27 22:50:50,170 - recording_session - INFO - 🚀 SlowMoWorker started
2025-04-27 22:50:50,171 - overlay - INFO - Fetching all CameraURLs records
2025-04-27 22:50:50,186 - recording_session - INFO - 🧹 Cleanup done. Deleted 0 files.
2025-04-27 22:50:50,192 - recording_session - INFO - 🎥 Recording thread started for camera 1
2025-04-27 22:50:50,193 - overlay - INFO - Started recording for camera 1: rtsp://192.168.100.150:8547/h264
2025-04-27 22:50:50,205 - recording_session - INFO - 🎥 Recording thread started for camera 2
2025-04-27 22:50:50,205 - overlay - INFO - Started recording for camera 2: rtsp://192.168.100.150:8547/h264
2025-04-27 22:50:50,210 - recording_session - INFO - 🧪 Starting GStreamer pipeline for camera 2
2025-04-27 22:50:50,210 - recording_session - INFO - 🧪 Starting GStreamer pipeline for camera 1
2025-04-27 22:50:50,211 - recording_session - INFO - ✅ Pipeline set to PLAYING for camera 1
2025-04-27 22:50:50,214 - recording_session - INFO - ✅ Pipeline set to PLAYING for camera 2
2025-04-27 22:50:50,215 - recording_session - INFO - 🎥 Recording thread started for camera 3
2025-04-27 22:50:50,215 - overlay - INFO - Started recording for camera 3: rtsp://192.168.100.150:8547/h264
2025-04-27 22:50:50,216 - recording_session - INFO - 🧪 Starting GStreamer pipeline for camera 3
2025-04-27 22:50:50,224 - recording_session - INFO - ✅ Pipeline set to PLAYING for camera 3
2025-04-27 22:50:50,234 - recording_session - INFO - 🎥 Recording thread started for camera 4
2025-04-27 22:50:50,234 - overlay - INFO - Started recording for camera 4: rtsp://192.168.100.150:8547/h264
2025-04-27 22:50:50,238 - recording_session - INFO - 🧪 Starting GStreamer pipeline for camera 4
2025-04-27 22:50:50,240 - recording_session - INFO - ✅ Pipeline set to PLAYING for camera 4
2025-04-27 22:50:50,268 - recording_session - INFO - 🔌 pad-added signal for camera 4
2025-04-27 22:50:50,268 - recording_session - INFO - 🔗 Linked rtspsrc pad to depay for camera 4
