2025-05-11 19:24:29,382 - overlay - INFO - Fetching all CameraURLs records
2025-05-11 19:24:29,392 - recording_session - INFO - ðŸš€ SlowMoWorkers started: 4 threads
2025-05-11 19:24:29,392 - overlay - INFO - Fetching all CameraURLs records
2025-05-11 19:24:29,404 - recording_session - INFO - ðŸŽ¥ Recording thread started for camera 1
2025-05-11 19:24:29,406 - overlay - INFO - Started recording for camera 1: rtsp://192.168.100.150:8547/h264
2025-05-11 19:24:29,417 - recording_session - INFO - ðŸŽ¥ Recording thread started for camera 2
2025-05-11 19:24:29,418 - overlay - INFO - Started recording for camera 2: rtsp://192.168.100.150:8547/h264
2025-05-11 19:24:29,428 - recording_session - INFO - ðŸŽ¥ Recording thread started for camera 3
2025-05-11 19:24:29,429 - overlay - INFO - Started recording for camera 3: rtsp://192.168.100.150:8547/h264
2025-05-11 19:24:29,436 - recording_session - INFO - ðŸ§ª Starting GStreamer pipeline for camera 3
2025-05-11 19:24:29,437 - recording_session - INFO - ðŸ§ª Starting GStreamer pipeline for camera 2
2025-05-11 19:24:29,437 - recording_session - INFO - ðŸ§ª Starting GStreamer pipeline for camera 1
2025-05-11 19:24:29,440 - recording_session - INFO - ðŸŽ¥ Recording thread started for camera 4
2025-05-11 19:24:29,440 - overlay - INFO - Started recording for camera 4: rtsp://192.168.100.150:8547/h264
2025-05-11 19:24:29,452 - recording_session - INFO - âœ… Pipeline PLAYING for camera 2
2025-05-11 19:24:29,452 - recording_session - INFO - âœ… Pipeline PLAYING for camera 3
2025-05-11 19:24:29,456 - recording_session - INFO - âœ… Pipeline PLAYING for camera 1
2025-05-11 19:24:29,467 - recording_session - INFO - ðŸ§ª Starting GStreamer pipeline for camera 4
2025-05-11 19:24:29,497 - recording_session - INFO - âœ… Pipeline PLAYING for camera 4
2025-05-11 19:24:29,669 - recording_session - INFO - âœ… Linked rtspsrc â†’ depay for camera 3
2025-05-11 19:24:29,669 - recording_session - INFO - âœ… Linked rtspsrc â†’ depay for camera 1
2025-05-11 19:24:29,670 - recording_session - INFO - âœ… Linked rtspsrc â†’ depay for camera 4
2025-05-11 19:24:29,670 - recording_session - INFO - âœ… Linked rtspsrc â†’ depay for camera 2
2025-05-11 19:24:29,682 - recording_session - INFO - ðŸ“ Started recording chunk: /var/www/html/public/assets/uploads/CAM4/2025-05-11/1746973469.mp4
2025-05-11 19:24:29,693 - recording_session - INFO - ðŸ“ Started recording chunk: /var/www/html/public/assets/uploads/CAM3/2025-05-11/1746973469.mp4
2025-05-11 19:24:29,701 - recording_session - INFO - ðŸ“ Started recording chunk: /var/www/html/public/assets/uploads/CAM2/2025-05-11/1746973469.mp4
2025-05-11 19:24:29,711 - recording_session - INFO - ðŸ“ Started recording chunk: /var/www/html/public/assets/uploads/CAM1/2025-05-11/1746973469.mp4
2025-05-11 19:24:37,553 - overlay - INFO - Fetching all graphics records
2025-05-11 19:24:37,553 - overlay - INFO - Fetching all CameraURLs records
2025-05-11 19:24:37,557 - overlay - INFO - Found 1 graphics records
2025-05-11 19:24:37,563 - overlay - INFO - Found 4 CameraURLs records
2025-05-11 19:24:37,669 - overlay - INFO - Fetching gamestats with ID: 1
2025-05-11 19:24:37,669 - overlay - INFO - Fetching graphics with ID: 1
2025-05-11 19:24:37,726 - overlay - INFO - Fetching graphics with ID: 1
2025-05-11 19:24:43,369 - overlay - INFO - Loaded stream target (ID: 1): srt => srt://origin-v2.vewbie.com:7010
2025-05-11 19:24:43,369 - overlay - INFO - Creating pipeline for srt stream to: srt://origin-v2.vewbie.com:7010
2025-05-11 19:24:43,387 - overlay - ERROR - Unexpected error: object of type `GstAacParse' does not have property `alignment'
2025-05-11 19:24:58,794 - recording_session - INFO - Finalizing chunk: /var/www/html/public/assets/uploads/CAM1/2025-05-11/1746973469.mp4
