2025-05-09 21:22:39,405 - overlay - INFO - Fetching all CameraURLs records
2025-05-09 21:22:39,416 - recording_session - INFO - 🚀 SlowMoWorkers started: 4 threads
2025-05-09 21:22:39,416 - overlay - INFO - Fetching all CameraURLs records
2025-05-09 21:22:39,429 - recording_session - INFO - 🎥 Recording thread started for camera 1
2025-05-09 21:22:39,431 - overlay - INFO - Started recording for camera 1: rtsp://192.168.100.150:8547/h264
2025-05-09 21:22:39,449 - recording_session - INFO - 🎥 Recording thread started for camera 2
2025-05-09 21:22:39,450 - overlay - INFO - Started recording for camera 2: rtsp://192.168.100.150:8547/h264
2025-05-09 21:22:39,461 - recording_session - INFO - 🎥 Recording thread started for camera 3
2025-05-09 21:22:39,462 - overlay - INFO - Started recording for camera 3: rtsp://192.168.100.150:8547/h264
2025-05-09 21:22:39,468 - recording_session - INFO - 🧪 Starting GStreamer pipeline for camera 2
2025-05-09 21:22:39,468 - recording_session - INFO - 🧪 Starting GStreamer pipeline for camera 1
2025-05-09 21:22:39,468 - recording_session - INFO - 🧪 Starting GStreamer pipeline for camera 3
2025-05-09 21:22:39,473 - recording_session - INFO - 🎥 Recording thread started for camera 4
2025-05-09 21:22:39,473 - overlay - INFO - Started recording for camera 4: rtsp://192.168.100.150:8547/h264
2025-05-09 21:22:39,480 - recording_session - INFO - 🧪 Starting GStreamer pipeline for camera 4
2025-05-09 21:22:39,489 - recording_session - INFO - ✅ Pipeline PLAYING for camera 2
2025-05-09 21:22:39,490 - recording_session - INFO - ✅ Pipeline PLAYING for camera 1
2025-05-09 21:22:39,493 - recording_session - INFO - ✅ Pipeline PLAYING for camera 3
2025-05-09 21:22:39,525 - recording_session - INFO - ✅ Pipeline PLAYING for camera 4
2025-05-09 21:22:39,690 - recording_session - INFO - ✅ Linked rtspsrc → depay for camera 2
2025-05-09 21:22:39,691 - recording_session - INFO - ✅ Linked rtspsrc → depay for camera 1
2025-05-09 21:22:39,696 - recording_session - INFO - ✅ Linked rtspsrc → depay for camera 4
2025-05-09 21:22:39,703 - recording_session - INFO - ✅ Linked rtspsrc → depay for camera 3
2025-05-09 21:22:39,704 - recording_session - INFO - 📁 Started recording chunk: /var/www/html/public/assets/uploads/CAM2/2025-05-09/1746807759.mp4
2025-05-09 21:22:39,714 - recording_session - INFO - 📁 Started recording chunk: /var/www/html/public/assets/uploads/CAM4/2025-05-09/1746807759.mp4
2025-05-09 21:22:39,720 - recording_session - INFO - 📁 Started recording chunk: /var/www/html/public/assets/uploads/CAM3/2025-05-09/1746807759.mp4
2025-05-09 21:22:39,736 - recording_session - INFO - 📁 Started recording chunk: /var/www/html/public/assets/uploads/CAM1/2025-05-09/1746807759.mp4
2025-05-09 21:22:45,301 - overlay - INFO - Fetching all graphics records
2025-05-09 21:22:45,302 - overlay - INFO - Fetching all CameraURLs records
2025-05-09 21:22:45,311 - overlay - INFO - Found 1 graphics records
2025-05-09 21:22:45,317 - overlay - INFO - Found 4 CameraURLs records
2025-05-09 21:22:45,422 - overlay - INFO - Fetching graphics with ID: 1
2025-05-09 21:22:45,423 - overlay - INFO - Fetching gamestats with ID: 1
2025-05-09 21:22:45,482 - overlay - INFO - Fetching graphics with ID: 1
2025-05-09 21:22:53,689 - overlay - INFO - Fetching streamtargets with ID: 1
2025-05-09 21:22:53,698 - overlay - INFO - Loaded stream target (ID: 1): srt => srt://origin-v2.vewbie.com:7010
2025-05-09 21:22:53,698 - overlay - INFO - Creating pipeline for srt stream to: srt://origin-v2.vewbie.com:7010
2025-05-09 21:22:53,819 - overlay - ERROR - ❌ Failed to request or link video pad
2025-05-09 21:22:53,823 - overlay - ERROR - ❌ Failed to request or link audio pad
2025-05-09 21:22:53,829 - overlay - INFO - 🧩 Dynamic overlay URL set to: http://103.217.176.16:8080/scorecards/baseball/scorecard/1
2025-05-09 21:22:53,830 - overlay - INFO - Adding overlay for position: tl
2025-05-09 21:22:53,832 - overlay - INFO - Screenshot capture started...
2025-05-09 21:22:53,835 - overlay - INFO - Position set to tl (X: 10, Y: 10)
2025-05-09 21:22:54,127 - overlay - INFO - State changed: NULL -> READY
2025-05-09 21:22:54,128 - overlay - INFO - State changed: NULL -> READY
2025-05-09 21:22:54,128 - overlay - INFO - State changed: NULL -> READY
2025-05-09 21:22:54,128 - overlay - INFO - State changed: NULL -> READY
2025-05-09 21:22:54,128 - overlay - INFO - State changed: NULL -> READY
2025-05-09 21:22:54,128 - overlay - INFO - State changed: NULL -> READY
2025-05-09 21:22:54,135 - overlay - INFO - State changed: NULL -> READY
2025-05-09 21:22:54,136 - overlay - INFO - State changed: NULL -> READY
2025-05-09 21:22:54,136 - overlay - INFO - State changed: NULL -> READY
2025-05-09 21:22:54,136 - overlay - INFO - State changed: NULL -> READY
2025-05-09 21:22:54,136 - overlay - INFO - State changed: NULL -> READY
2025-05-09 21:22:54,136 - overlay - INFO - State changed: NULL -> READY
2025-05-09 21:22:54,136 - overlay - INFO - State changed: NULL -> READY
2025-05-09 21:22:54,136 - overlay - INFO - State changed: NULL -> READY
2025-05-09 21:22:54,136 - overlay - INFO - State changed: NULL -> READY
2025-05-09 21:22:54,137 - overlay - INFO - State changed: NULL -> READY
2025-05-09 21:22:54,137 - overlay - INFO - State changed: NULL -> READY
2025-05-09 21:22:54,137 - overlay - INFO - State changed: NULL -> READY
2025-05-09 21:22:54,137 - overlay - INFO - State changed: NULL -> READY
2025-05-09 21:22:54,137 - overlay - INFO - State changed: NULL -> READY
2025-05-09 21:22:54,137 - overlay - INFO - State changed: NULL -> READY
2025-05-09 21:22:54,137 - overlay - INFO - State changed: NULL -> READY
2025-05-09 21:22:54,137 - overlay - INFO - State changed: NULL -> READY
2025-05-09 21:22:54,137 - overlay - INFO - State changed: NULL -> READY
2025-05-09 21:22:54,137 - overlay - INFO - State changed: NULL -> READY
2025-05-09 21:22:54,137 - overlay - INFO - State changed: NULL -> READY
2025-05-09 21:22:54,138 - overlay - INFO - State changed: READY -> PAUSED
2025-05-09 21:22:54,138 - overlay - INFO - State changed: READY -> PAUSED
2025-05-09 21:22:54,138 - overlay - INFO - State changed: READY -> PAUSED
2025-05-09 21:22:54,138 - overlay - INFO - State changed: READY -> PAUSED
2025-05-09 21:22:54,138 - overlay - INFO - State changed: READY -> PAUSED
2025-05-09 21:22:54,138 - overlay - INFO - State changed: READY -> PAUSED
2025-05-09 21:22:54,138 - overlay - INFO - State changed: READY -> PAUSED
2025-05-09 21:22:54,138 - overlay - INFO - State changed: READY -> PAUSED
2025-05-09 21:22:54,138 - overlay - INFO - State changed: READY -> PAUSED
2025-05-09 21:22:54,139 - overlay - INFO - State changed: READY -> PAUSED
2025-05-09 21:22:54,139 - overlay - INFO - State changed: READY -> PAUSED
2025-05-09 21:22:54,140 - overlay - INFO - State changed: READY -> PAUSED
2025-05-09 21:22:54,140 - overlay - INFO - State changed: READY -> PAUSED
2025-05-09 21:22:54,140 - overlay - INFO - State changed: READY -> PAUSED
2025-05-09 21:22:54,141 - overlay - INFO - State changed: READY -> PAUSED
2025-05-09 21:22:54,141 - overlay - INFO - State changed: READY -> PAUSED
2025-05-09 21:22:54,142 - overlay - INFO - State changed: READY -> PAUSED
2025-05-09 21:22:54,142 - overlay - INFO - State changed: READY -> PAUSED
2025-05-09 21:22:54,144 - overlay - INFO - State changed: READY -> PAUSED
2025-05-09 21:22:54,145 - overlay - INFO - State changed: READY -> PAUSED
2025-05-09 21:22:54,145 - overlay - INFO - State changed: READY -> PAUSED
2025-05-09 21:22:54,146 - overlay - INFO - State changed: NULL -> READY
2025-05-09 21:22:54,147 - overlay - INFO - State changed: READY -> PAUSED
2025-05-09 21:22:54,147 - overlay - INFO - State changed: READY -> PAUSED
2025-05-09 21:22:54,148 - overlay - INFO - State changed: NULL -> READY
2025-05-09 21:22:54,148 - overlay - INFO - State changed: READY -> PAUSED
2025-05-09 21:22:54,149 - overlay - INFO - State changed: READY -> PAUSED
2025-05-09 21:22:54,149 - overlay - INFO - State changed: NULL -> READY
2025-05-09 21:22:54,150 - overlay - INFO - State changed: READY -> PAUSED
2025-05-09 21:22:54,150 - overlay - INFO - State changed: READY -> PAUSED
2025-05-09 21:22:54,151 - overlay - INFO - State changed: NULL -> READY
2025-05-09 21:22:54,151 - overlay - INFO - State changed: READY -> PAUSED
2025-05-09 21:22:54,152 - overlay - INFO - State changed: READY -> PAUSED
2025-05-09 21:22:54,153 - overlay - INFO - State changed: READY -> PAUSED
2025-05-09 21:22:54,154 - overlay - INFO - State changed: PAUSED -> PAUSED
2025-05-09 21:22:54,155 - overlay - INFO - State changed: NULL -> READY
2025-05-09 21:22:54,155 - overlay - INFO - State changed: READY -> PAUSED
2025-05-09 21:22:54,155 - overlay - INFO - State changed: NULL -> READY
2025-05-09 21:22:54,156 - overlay - INFO - State changed: READY -> PAUSED
2025-05-09 21:22:54,157 - overlay - INFO - State changed: NULL -> READY
2025-05-09 21:22:54,157 - overlay - INFO - State changed: READY -> PAUSED
2025-05-09 21:22:54,157 - overlay - INFO - State changed: NULL -> READY
2025-05-09 21:22:54,158 - overlay - INFO - State changed: READY -> PAUSED
2025-05-09 21:22:54,159 - overlay - INFO - State changed: NULL -> READY
2025-05-09 21:22:54,160 - overlay - INFO - State changed: READY -> PAUSED
2025-05-09 21:22:54,161 - overlay - INFO - State changed: NULL -> READY
2025-05-09 21:22:54,162 - overlay - INFO - Pipeline thread started with state transition
2025-05-09 21:22:54,162 - overlay - INFO - State changed: READY -> PAUSED
2025-05-09 21:22:54,163 - overlay - INFO - State changed: NULL -> READY
2025-05-09 21:22:54,163 - overlay - INFO - State changed: READY -> PAUSED
2025-05-09 21:22:54,164 - overlay - INFO - State changed: NULL -> READY
2025-05-09 21:22:54,164 - overlay - INFO - State changed: READY -> PAUSED
2025-05-09 21:22:54,164 - overlay - INFO - State changed: NULL -> READY
2025-05-09 21:22:54,165 - overlay - INFO - State changed: READY -> PAUSED
2025-05-09 21:22:54,165 - overlay - INFO - State changed: NULL -> READY
2025-05-09 21:22:54,165 - overlay - INFO - State changed: READY -> PAUSED
2025-05-09 21:22:54,166 - overlay - INFO - State changed: NULL -> READY
2025-05-09 21:22:54,166 - overlay - INFO - State changed: READY -> PAUSED
2025-05-09 21:22:54,166 - overlay - INFO - State changed: NULL -> READY
2025-05-09 21:22:54,167 - overlay - INFO - State changed: READY -> PAUSED
2025-05-09 21:22:54,167 - overlay - INFO - State changed: NULL -> READY
2025-05-09 21:22:54,167 - overlay - INFO - State changed: READY -> PAUSED
2025-05-09 21:22:54,168 - overlay - INFO - State changed: NULL -> READY
2025-05-09 21:22:54,168 - overlay - INFO - State changed: READY -> PAUSED
2025-05-09 21:22:54,168 - overlay - INFO - State changed: NULL -> READY
2025-05-09 21:22:54,168 - overlay - INFO - State changed: READY -> PAUSED
2025-05-09 21:22:54,169 - overlay - INFO - State changed: NULL -> READY
2025-05-09 21:22:54,169 - overlay - INFO - State changed: READY -> PAUSED
2025-05-09 21:22:54,169 - overlay - INFO - State changed: PAUSED -> PLAYING
2025-05-09 21:22:54,171 - overlay - INFO - State changed: PAUSED -> PLAYING
2025-05-09 21:22:54,171 - overlay - INFO - State changed: PAUSED -> PLAYING
2025-05-09 21:22:54,171 - overlay - INFO - State changed: PAUSED -> PLAYING
2025-05-09 21:22:54,172 - overlay - INFO - State changed: PAUSED -> PLAYING
2025-05-09 21:22:54,172 - overlay - INFO - State changed: PAUSED -> PLAYING
2025-05-09 21:22:54,172 - overlay - INFO - State changed: PAUSED -> PLAYING
2025-05-09 21:22:54,172 - overlay - INFO - State changed: PAUSED -> PLAYING
2025-05-09 21:22:54,172 - overlay - INFO - State changed: PAUSED -> PLAYING
2025-05-09 21:22:54,172 - overlay - INFO - State changed: PAUSED -> PLAYING
2025-05-09 21:22:54,172 - overlay - INFO - State changed: PAUSED -> PLAYING
2025-05-09 21:22:54,172 - overlay - INFO - State changed: PAUSED -> PLAYING
2025-05-09 21:22:54,173 - overlay - INFO - State changed: PAUSED -> PLAYING
2025-05-09 21:22:54,173 - overlay - INFO - State changed: PAUSED -> PLAYING
2025-05-09 21:22:54,173 - overlay - INFO - State changed: PAUSED -> PLAYING
2025-05-09 21:22:54,173 - overlay - INFO - State changed: PAUSED -> PLAYING
2025-05-09 21:22:54,173 - overlay - INFO - State changed: PAUSED -> PLAYING
2025-05-09 21:22:54,173 - overlay - INFO - State changed: PAUSED -> PLAYING
2025-05-09 21:22:54,174 - overlay - INFO - State changed: PAUSED -> PLAYING
2025-05-09 21:22:54,174 - overlay - INFO - State changed: PAUSED -> PLAYING
2025-05-09 21:22:54,174 - overlay - INFO - State changed: PAUSED -> PLAYING
2025-05-09 21:22:54,174 - overlay - INFO - State changed: PAUSED -> PLAYING
2025-05-09 21:22:54,174 - overlay - INFO - State changed: PAUSED -> PLAYING
2025-05-09 21:22:54,174 - overlay - INFO - State changed: NULL -> READY
2025-05-09 21:22:54,174 - overlay - INFO - State changed: READY -> PAUSED
2025-05-09 21:22:54,174 - overlay - INFO - State changed: PAUSED -> PLAYING
2025-05-09 21:22:54,174 - overlay - INFO - State changed: NULL -> READY
2025-05-09 21:22:54,174 - overlay - INFO - State changed: PAUSED -> PLAYING
2025-05-09 21:22:54,175 - overlay - INFO - State changed: PAUSED -> PLAYING
2025-05-09 21:22:54,175 - overlay - INFO - State changed: NULL -> READY
2025-05-09 21:22:54,175 - overlay - INFO - State changed: READY -> PAUSED
2025-05-09 21:22:54,175 - overlay - INFO - State changed: PAUSED -> PLAYING
2025-05-09 21:22:54,175 - overlay - INFO - State changed: NULL -> READY
2025-05-09 21:22:54,175 - overlay - INFO - State changed: NULL -> READY
2025-05-09 21:22:54,175 - overlay - INFO - State changed: READY -> PAUSED
2025-05-09 21:22:54,175 - overlay - INFO - State changed: PAUSED -> PLAYING
2025-05-09 21:22:54,175 - overlay - INFO - State changed: NULL -> READY
2025-05-09 21:22:54,175 - overlay - INFO - State changed: PAUSED -> PLAYING
2025-05-09 21:22:54,175 - overlay - INFO - State changed: PAUSED -> PLAYING
2025-05-09 21:22:54,175 - overlay - INFO - State changed: READY -> PAUSED
2025-05-09 21:22:54,176 - overlay - INFO - State changed: PAUSED -> PLAYING
2025-05-09 21:22:54,176 - overlay - INFO - State changed: READY -> PAUSED
2025-05-09 21:22:54,176 - overlay - INFO - State changed: PAUSED -> PLAYING
2025-05-09 21:22:54,176 - overlay - INFO - State changed: PAUSED -> PLAYING
2025-05-09 21:22:54,176 - overlay - INFO - State changed: PAUSED -> PLAYING
2025-05-09 21:22:54,176 - overlay - INFO - State changed: PAUSED -> PLAYING
2025-05-09 21:22:54,176 - overlay - INFO - State changed: NULL -> READY
2025-05-09 21:22:54,176 - overlay - INFO - State changed: READY -> PAUSED
2025-05-09 21:22:54,176 - overlay - INFO - State changed: PAUSED -> PLAYING
2025-05-09 21:22:54,176 - overlay - INFO - State changed: READY -> PAUSED
2025-05-09 21:22:54,177 - overlay - INFO - State changed: NULL -> READY
2025-05-09 21:22:54,177 - overlay - INFO - State changed: PAUSED -> PLAYING
2025-05-09 21:22:54,177 - overlay - INFO - State changed: READY -> PAUSED
2025-05-09 21:22:54,177 - overlay - INFO - State changed: PAUSED -> PLAYING
2025-05-09 21:22:54,177 - overlay - INFO - State changed: PAUSED -> PLAYING
2025-05-09 21:22:54,177 - overlay - INFO - State changed: PAUSED -> PLAYING
2025-05-09 21:22:54,177 - overlay - INFO - State changed: PAUSED -> PLAYING
2025-05-09 21:22:54,178 - overlay - INFO - State changed: PAUSED -> PLAYING
2025-05-09 21:22:54,178 - overlay - INFO - State changed: READY -> PAUSED
2025-05-09 21:22:54,178 - overlay - INFO - State changed: PAUSED -> PLAYING
2025-05-09 21:22:54,178 - overlay - INFO - State changed: READY -> PAUSED
2025-05-09 21:22:54,178 - overlay - INFO - State changed: PAUSED -> PLAYING
2025-05-09 21:22:54,178 - overlay - INFO - State changed: PAUSED -> PLAYING
2025-05-09 21:22:54,178 - overlay - INFO - State changed: PAUSED -> PLAYING
2025-05-09 21:22:54,178 - overlay - INFO - State changed: PAUSED -> PLAYING
2025-05-09 21:22:54,178 - overlay - INFO - State changed: PAUSED -> PLAYING
2025-05-09 21:22:54,178 - overlay - INFO - State changed: READY -> PAUSED
2025-05-09 21:22:54,178 - overlay - INFO - State changed: PAUSED -> PLAYING
2025-05-09 21:22:54,179 - overlay - INFO - State changed: READY -> PAUSED
2025-05-09 21:22:54,179 - overlay - INFO - State changed: PAUSED -> PLAYING
2025-05-09 21:22:54,179 - overlay - INFO - State changed: PAUSED -> PLAYING
2025-05-09 21:22:54,179 - overlay - INFO - State changed: PAUSED -> PLAYING
2025-05-09 21:22:54,179 - overlay - INFO - State changed: PAUSED -> PLAYING
2025-05-09 21:22:54,179 - overlay - INFO - State changed: PAUSED -> PLAYING
2025-05-09 21:22:54,179 - overlay - INFO - State changed: READY -> PAUSED
2025-05-09 21:22:54,179 - overlay - INFO - State changed: PAUSED -> PLAYING
2025-05-09 21:22:54,179 - overlay - INFO - State changed: READY -> PAUSED
2025-05-09 21:22:54,179 - overlay - INFO - State changed: PAUSED -> PLAYING
2025-05-09 21:22:54,179 - overlay - INFO - State changed: PAUSED -> PLAYING
2025-05-09 21:22:54,180 - overlay - INFO - State changed: PAUSED -> PLAYING
2025-05-09 21:22:54,180 - overlay - INFO - State changed: PAUSED -> PLAYING
2025-05-09 21:22:54,180 - overlay - INFO - State changed: PAUSED -> PLAYING
2025-05-09 21:22:54,180 - overlay - INFO - State changed: READY -> PAUSED
2025-05-09 21:22:54,180 - overlay - INFO - State changed: PAUSED -> PLAYING
2025-05-09 21:22:54,180 - overlay - INFO - State changed: READY -> PAUSED
2025-05-09 21:22:54,180 - overlay - INFO - State changed: PAUSED -> PLAYING
2025-05-09 21:22:54,180 - overlay - INFO - State changed: NULL -> READY
2025-05-09 21:22:54,180 - overlay - INFO - State changed: NULL -> READY
2025-05-09 21:22:54,180 - overlay - INFO - State changed: NULL -> READY
2025-05-09 21:22:54,180 - overlay - INFO - State changed: NULL -> READY
2025-05-09 21:22:54,181 - overlay - INFO - State changed: READY -> PAUSED
2025-05-09 21:22:54,181 - overlay - INFO - State changed: PAUSED -> PLAYING
2025-05-09 21:22:54,181 - overlay - INFO - State changed: NULL -> READY
2025-05-09 21:22:54,181 - overlay - INFO - State changed: READY -> PAUSED
2025-05-09 21:22:54,181 - overlay - INFO - State changed: PAUSED -> PLAYING
2025-05-09 21:22:54,181 - overlay - INFO - State changed: READY -> PAUSED
2025-05-09 21:22:54,181 - overlay - INFO - State changed: PAUSED -> PLAYING
2025-05-09 21:22:54,181 - overlay - INFO - State changed: NULL -> READY
2025-05-09 21:22:54,181 - overlay - INFO - State changed: READY -> PAUSED
2025-05-09 21:22:54,181 - overlay - INFO - State changed: PAUSED -> PLAYING
2025-05-09 21:22:54,181 - overlay - INFO - State changed: READY -> PAUSED
2025-05-09 21:22:54,181 - overlay - INFO - State changed: PAUSED -> PLAYING
2025-05-09 21:22:54,182 - overlay - INFO - State changed: READY -> PAUSED
2025-05-09 21:22:54,182 - overlay - INFO - State changed: PAUSED -> PLAYING
2025-05-09 21:22:54,182 - overlay - INFO - State changed: NULL -> READY
2025-05-09 21:22:54,182 - overlay - INFO - State changed: READY -> PAUSED
2025-05-09 21:22:54,182 - overlay - INFO - State changed: PAUSED -> PLAYING
2025-05-09 21:22:54,182 - overlay - INFO - State changed: NULL -> READY
2025-05-09 21:22:54,182 - overlay - INFO - State changed: READY -> PAUSED
2025-05-09 21:22:54,182 - overlay - INFO - State changed: PAUSED -> PLAYING
2025-05-09 21:22:54,210 - overlay - ERROR - GStreamer ERROR: Internal data stream error.
2025-05-09 21:22:54,211 - overlay - ERROR - Debug info: ../libs/gst/base/gstbasesrc.c(3177): gst_base_src_loop (): /GstPipeline:main-pipeline/GstPulseSrc:audio_src:
streaming stopped, reason not-linked (-1)
2025-05-09 21:22:54,211 - overlay - ERROR - GStreamer ERROR: Internal data stream error.
2025-05-09 21:22:54,211 - overlay - ERROR - Debug info: ../plugins/elements/gstqueue.c(1035): gst_queue_handle_sink_event (): /GstPipeline:main-pipeline/GstQueue:audio_queue:
streaming stopped, reason not-linked (-1)
2025-05-09 21:22:54,460 - overlay - INFO - 🌐 Opening overlay URL in Playwright: http://103.217.176.16:8080/scorecards/baseball/scorecard/1
2025-05-09 21:22:55,271 - overlay - INFO - Fetching gamestats with ID: 1
2025-05-09 21:22:55,271 - overlay - INFO - Fetching graphics with ID: 1
2025-05-09 21:22:55,292 - overlay - INFO - Fetching graphics with ID: 1
2025-05-09 21:22:56,168 - overlay - INFO - State changed: NULL -> READY
2025-05-09 21:22:56,168 - overlay - INFO - State changed: NULL -> READY
2025-05-09 21:22:56,169 - overlay - INFO - State changed: NULL -> READY
2025-05-09 21:22:56,169 - overlay - INFO - State changed: PAUSED -> PAUSED
2025-05-09 21:22:56,169 - overlay - INFO - State changed: READY -> PAUSED
2025-05-09 21:22:56,170 - overlay - INFO - State changed: NULL -> READY
2025-05-09 21:22:56,170 - overlay - INFO - State changed: PAUSED -> PAUSED
2025-05-09 21:22:56,170 - overlay - INFO - State changed: READY -> PAUSED
2025-05-09 21:22:56,170 - overlay - INFO - State changed: NULL -> READY
2025-05-09 21:22:56,171 - overlay - INFO - State changed: NULL -> READY
2025-05-09 21:22:56,171 - overlay - INFO - State changed: NULL -> READY
2025-05-09 21:22:56,172 - overlay - INFO - State changed: NULL -> READY
2025-05-09 21:22:56,172 - overlay - INFO - State changed: PAUSED -> PAUSED
2025-05-09 21:22:56,172 - overlay - INFO - State changed: PAUSED -> PAUSED
2025-05-09 21:22:56,173 - overlay - INFO - State changed: READY -> PAUSED
2025-05-09 21:22:56,173 - overlay - INFO - State changed: READY -> PAUSED
2025-05-09 21:22:56,175 - overlay - INFO - State changed: NULL -> READY
2025-05-09 21:22:56,175 - overlay - INFO - State changed: NULL -> READY
2025-05-09 21:22:56,175 - overlay - INFO - State changed: READY -> PAUSED
2025-05-09 21:22:56,176 - overlay - INFO - State changed: READY -> PAUSED
2025-05-09 21:22:56,176 - overlay - INFO - State changed: NULL -> READY
2025-05-09 21:22:56,177 - overlay - INFO - State changed: READY -> PAUSED
2025-05-09 21:22:56,177 - overlay - INFO - State changed: NULL -> READY
2025-05-09 21:22:56,177 - overlay - INFO - State changed: NULL -> READY
2025-05-09 21:22:56,178 - overlay - INFO - State changed: READY -> PAUSED
2025-05-09 21:22:56,178 - overlay - INFO - State changed: READY -> PAUSED
2025-05-09 21:22:56,178 - overlay - INFO - State changed: NULL -> READY
2025-05-09 21:22:56,179 - overlay - INFO - State changed: NULL -> READY
2025-05-09 21:22:56,179 - overlay - INFO - State changed: NULL -> READY
2025-05-09 21:22:56,179 - overlay - INFO - State changed: READY -> PAUSED
2025-05-09 21:22:56,180 - overlay - INFO - State changed: READY -> PAUSED
2025-05-09 21:22:56,180 - overlay - INFO - State changed: READY -> PAUSED
2025-05-09 21:22:56,181 - overlay - INFO - State changed: NULL -> READY
2025-05-09 21:22:56,181 - overlay - INFO - State changed: READY -> PAUSED
2025-05-09 21:22:56,181 - overlay - INFO - State changed: NULL -> READY
2025-05-09 21:22:56,182 - overlay - INFO - State changed: READY -> PAUSED
2025-05-09 21:22:56,182 - overlay - INFO - State changed: NULL -> READY
2025-05-09 21:22:56,184 - overlay - INFO - State changed: READY -> PAUSED
2025-05-09 21:22:56,185 - overlay - INFO - State changed: NULL -> READY
2025-05-09 21:22:56,185 - overlay - INFO - State changed: READY -> PAUSED
2025-05-09 21:22:56,189 - overlay - INFO - 🧩 on_pad_added called from source4
2025-05-09 21:22:56,190 - overlay - INFO - 📦 Pad caps: video/x-raw, format=(string)NV12, width=(int)1920, height=(int)1080, interlace-mode=(string)progressive, multiview-mode=(string)mono, multiview-flags=(GstVideoMultiviewFlagsSet)0:ffffffff:/right-view-first/left-flipped/left-flopped/right-flipped/right-flopped/half-aspect/mixed-mono, pixel-aspect-ratio=(fraction)1/1, colorimetry=(string)1:3:5:1, framerate=(fraction)30/1;
2025-05-09 21:22:56,190 - overlay - INFO - 🔗 Handling pad from source URI: rtsp://192.168.100.150:8547/h264
2025-05-09 21:22:56,191 - overlay - INFO - ✅ Requested sink pad sink_0 for rtsp://192.168.100.150:8547/h264
2025-05-09 21:22:56,194 - overlay - INFO - 🧩 on_pad_added called from source1
2025-05-09 21:22:56,195 - overlay - INFO - 📦 Pad caps: video/x-raw, format=(string)NV12, width=(int)1920, height=(int)1080, interlace-mode=(string)progressive, multiview-mode=(string)mono, multiview-flags=(GstVideoMultiviewFlagsSet)0:ffffffff:/right-view-first/left-flipped/left-flopped/right-flipped/right-flopped/half-aspect/mixed-mono, pixel-aspect-ratio=(fraction)1/1, colorimetry=(string)1:3:5:1, framerate=(fraction)30/1;
2025-05-09 21:22:56,195 - overlay - INFO - 🧩 on_pad_added called from source2
2025-05-09 21:22:56,195 - overlay - INFO - 🔗 Handling pad from source URI: rtsp://192.168.100.150:8547/h264
2025-05-09 21:22:56,195 - overlay - INFO - 📦 Pad caps: video/x-raw, format=(string)NV12, width=(int)1920, height=(int)1080, interlace-mode=(string)progressive, multiview-mode=(string)mono, multiview-flags=(GstVideoMultiviewFlagsSet)0:ffffffff:/right-view-first/left-flipped/left-flopped/right-flipped/right-flopped/half-aspect/mixed-mono, pixel-aspect-ratio=(fraction)1/1, colorimetry=(string)1:3:5:1, framerate=(fraction)30/1;
2025-05-09 21:22:56,195 - overlay - INFO - ✅ Requested sink pad sink_1 for rtsp://192.168.100.150:8547/h264
2025-05-09 21:22:56,196 - overlay - INFO - 🔗 Handling pad from source URI: rtsp://192.168.100.150:8547/h264
2025-05-09 21:22:56,196 - overlay - INFO - ✅ Requested sink pad sink_2 for rtsp://192.168.100.150:8547/h264
2025-05-09 21:22:56,202 - overlay - INFO - 🧩 on_pad_added called from source3
2025-05-09 21:22:56,202 - overlay - INFO - 📦 Pad caps: video/x-raw, format=(string)NV12, width=(int)1920, height=(int)1080, interlace-mode=(string)progressive, multiview-mode=(string)mono, multiview-flags=(GstVideoMultiviewFlagsSet)0:ffffffff:/right-view-first/left-flipped/left-flopped/right-flipped/right-flopped/half-aspect/mixed-mono, pixel-aspect-ratio=(fraction)1/1, colorimetry=(string)1:3:5:1, framerate=(fraction)30/1;
2025-05-09 21:22:56,203 - overlay - INFO - 🔗 Handling pad from source URI: rtsp://192.168.100.150:8547/h264
2025-05-09 21:22:56,203 - overlay - INFO - ✅ Requested sink pad sink_3 for rtsp://192.168.100.150:8547/h264
2025-05-09 21:22:56,214 - overlay - INFO - ✅ Successfully linked rtsp://192.168.100.150:8547/h264 to sink_2
2025-05-09 21:22:56,216 - overlay - INFO - 🎬 Set active pad to rtsp://192.168.100.150:8547/h264
2025-05-09 21:22:56,217 - overlay - INFO - State changed: READY -> PAUSED
2025-05-09 21:22:56,218 - overlay - INFO - ✅ Successfully linked rtsp://192.168.100.150:8547/h264 to sink_0
2025-05-09 21:22:56,218 - overlay - INFO - State changed: PAUSED -> PAUSED
2025-05-09 21:22:56,218 - overlay - INFO - 🎬 Set active pad to rtsp://192.168.100.150:8547/h264
2025-05-09 21:22:56,219 - overlay - INFO - State changed: READY -> PAUSED
2025-05-09 21:22:56,219 - overlay - INFO - State changed: PAUSED -> PAUSED
2025-05-09 21:22:56,223 - overlay - INFO - ✅ Successfully linked rtsp://192.168.100.150:8547/h264 to sink_3
2025-05-09 21:22:56,223 - overlay - INFO - 🎬 Set active pad to rtsp://192.168.100.150:8547/h264
2025-05-09 21:22:56,224 - overlay - INFO - State changed: READY -> PAUSED
2025-05-09 21:22:56,225 - overlay - INFO - State changed: PAUSED -> PAUSED
2025-05-09 21:22:56,231 - overlay - INFO - 🔧 Injected transparent background for overlay rendering
2025-05-09 21:22:56,242 - overlay - INFO - ✅ Successfully linked rtsp://192.168.100.150:8547/h264 to sink_1
2025-05-09 21:22:56,243 - overlay - INFO - 🎬 Set active pad to rtsp://192.168.100.150:8547/h264
2025-05-09 21:22:56,243 - overlay - INFO - State changed: READY -> PAUSED
2025-05-09 21:22:56,243 - overlay - INFO - State changed: PAUSED -> PAUSED
2025-05-09 21:22:56,301 - overlay - INFO - 📸 Screenshot captured: url_shots/8750d2db-8868-45a7-8db4-31a97c1d8174.png
2025-05-09 21:22:56,307 - overlay - INFO - 🖼️ Updated overlay with PNG: url_shots/8750d2db-8868-45a7-8db4-31a97c1d8174.png
2025-05-09 21:22:57,162 - overlay - INFO - Switching to rtsp://192.168.100.150:8547/h264 (Attempt 1/15)
2025-05-09 21:22:57,163 - overlay - INFO - Setting camera ID 1 as default
2025-05-09 21:22:57,167 - overlay - INFO - All cameras' Default fields set to false
2025-05-09 21:22:57,179 - overlay - INFO - Camera ID 1 set as default
2025-05-09 21:22:57,392 - overlay - INFO - 📸 Screenshot captured: url_shots/9e9acf21-38f7-41b3-bded-b92d3c41ab3e.png
2025-05-09 21:22:57,394 - overlay - INFO - 🖼️ Updated overlay with PNG: url_shots/9e9acf21-38f7-41b3-bded-b92d3c41ab3e.png
2025-05-09 21:22:58,456 - overlay - INFO - 📸 Screenshot captured: url_shots/67e0b285-fa0e-4c6f-bdba-8bd3bd0e210f.png
2025-05-09 21:22:58,458 - overlay - INFO - 🖼️ Updated overlay with PNG: url_shots/67e0b285-fa0e-4c6f-bdba-8bd3bd0e210f.png
2025-05-09 21:22:59,507 - overlay - INFO - 📸 Screenshot captured: url_shots/5337f825-dadc-40a6-a1e5-d047955d896a.png
2025-05-09 21:22:59,508 - overlay - INFO - 🖼️ Updated overlay with PNG: url_shots/5337f825-dadc-40a6-a1e5-d047955d896a.png
2025-05-09 21:23:00,365 - recording_session - INFO - Finalizing chunk: /var/www/html/public/assets/uploads/CAM1/2025-05-09/1746807759.mp4
2025-05-09 21:23:00,538 - overlay - INFO - Stopping pipeline...
2025-05-09 21:23:00,609 - recording_session - INFO - 📤 Enqueuing for slow motion: /var/www/html/public/assets/uploads/CAM1/2025-05-09/1746807759.mp4
2025-05-09 21:23:00,610 - recording_session - INFO - Finalizing chunk: /var/www/html/public/assets/uploads/CAM2/2025-05-09/1746807759.mp4
2025-05-09 21:23:00,688 - overlay - INFO - Pipeline fully stopped and resources released
