2025-04-27 22:48:11,674 - overlay - INFO - Fetching all CameraURLs records
2025-04-27 22:48:11,683 - recording_session - INFO - 🚀 SlowMoWorker started
2025-04-27 22:48:11,684 - overlay - INFO - Fetching all CameraURLs records
2025-04-27 22:48:11,701 - recording_session - INFO - 🧹 Cleanup done. Deleted 0 files.
2025-04-27 22:48:11,704 - recording_session - INFO - 🎥 Recording thread started for camera 1
2025-04-27 22:48:11,709 - overlay - INFO - Started recording for camera 1: rtsp://192.168.100.150:8547/h264
2025-04-27 22:48:11,723 - recording_session - INFO - 🎥 Recording thread started for camera 2
2025-04-27 22:48:11,723 - overlay - INFO - Started recording for camera 2: rtsp://192.168.100.150:8547/h264
2025-04-27 22:48:11,729 - recording_session - INFO - 🎥 Recording thread started for camera 3
2025-04-27 22:48:11,730 - overlay - INFO - Started recording for camera 3: rtsp://192.168.100.150:8547/h264
2025-04-27 22:48:11,736 - recording_session - INFO - 🧪 Starting GStreamer pipeline for camera 3
2025-04-27 22:48:11,736 - recording_session - INFO - 🧪 Starting GStreamer pipeline for camera 1
2025-04-27 22:48:11,737 - recording_session - INFO - 🧪 Starting GStreamer pipeline for camera 2
2025-04-27 22:48:11,738 - recording_session - INFO - ✅ Pipeline set to PLAYING for camera 3
2025-04-27 22:48:11,739 - recording_session - INFO - ✅ Pipeline set to PLAYING for camera 2
2025-04-27 22:48:11,746 - recording_session - INFO - ✅ Pipeline set to PLAYING for camera 1
2025-04-27 22:48:11,748 - recording_session - INFO - 🎥 Recording thread started for camera 4
2025-04-27 22:48:11,749 - overlay - INFO - Started recording for camera 4: rtsp://192.168.100.150:8547/h264
2025-04-27 22:48:11,761 - recording_session - INFO - 🧪 Starting GStreamer pipeline for camera 4
2025-04-27 22:48:11,764 - recording_session - INFO - ✅ Pipeline set to PLAYING for camera 4
2025-04-27 22:48:11,789 - recording_session - INFO - 🔌 pad-added signal for camera 4
2025-04-27 22:48:11,790 - recording_session - INFO - 🔗 Linked rtspsrc pad to depay for camera 4
