2025-04-27 22:49:38,907 - overlay - INFO - Fetching all CameraURLs records
2025-04-27 22:49:38,916 - recording_session - INFO - 🚀 SlowMoWorker started
2025-04-27 22:49:38,917 - overlay - INFO - Fetching all CameraURLs records
2025-04-27 22:49:38,930 - recording_session - INFO - 🧹 Cleanup done. Deleted 0 files.
2025-04-27 22:49:38,941 - recording_session - INFO - 🎥 Recording thread started for camera 1
2025-04-27 22:49:38,943 - overlay - INFO - Started recording for camera 1: rtsp://192.168.100.150:8547/h264
2025-04-27 22:49:38,953 - recording_session - INFO - 🎥 Recording thread started for camera 2
2025-04-27 22:49:38,954 - overlay - INFO - Started recording for camera 2: rtsp://192.168.100.150:8547/h264
2025-04-27 22:49:38,958 - recording_session - INFO - 🧪 Starting GStreamer pipeline for camera 1
2025-04-27 22:49:38,958 - recording_session - INFO - 🧪 Starting GStreamer pipeline for camera 2
2025-04-27 22:49:38,959 - recording_session - INFO - ✅ Pipeline set to PLAYING for camera 1
2025-04-27 22:49:38,960 - recording_session - INFO - ✅ Pipeline set to PLAYING for camera 2
2025-04-27 22:49:38,976 - recording_session - INFO - 🎥 Recording thread started for camera 3
2025-04-27 22:49:38,977 - overlay - INFO - Started recording for camera 3: rtsp://192.168.100.150:8547/h264
2025-04-27 22:49:38,978 - recording_session - INFO - 🧪 Starting GStreamer pipeline for camera 3
2025-04-27 22:49:38,981 - recording_session - INFO - ✅ Pipeline set to PLAYING for camera 3
2025-04-27 22:49:38,987 - recording_session - INFO - 🎥 Recording thread started for camera 4
2025-04-27 22:49:38,987 - overlay - INFO - Started recording for camera 4: rtsp://192.168.100.150:8547/h264
2025-04-27 22:49:38,992 - recording_session - INFO - 🧪 Starting GStreamer pipeline for camera 4
2025-04-27 22:49:38,995 - recording_session - INFO - ✅ Pipeline set to PLAYING for camera 4
2025-04-27 22:49:39,013 - recording_session - INFO - 🔌 pad-added signal for camera 3
2025-04-27 22:49:39,015 - recording_session - INFO - 🔗 Linked rtspsrc pad to depay for camera 3
