2025-05-11 10:49:10,294 - overlay - INFO - Fetching all CameraURLs records
2025-05-11 10:49:10,305 - recording_session - INFO - ðŸš€ SlowMoWorkers started: 4 threads
2025-05-11 10:49:10,305 - overlay - INFO - Fetching all CameraURLs records
2025-05-11 10:49:10,318 - recording_session - INFO - ðŸŽ¥ Recording thread started for camera 1
2025-05-11 10:49:10,324 - overlay - INFO - Started recording for camera 1: rtsp://192.168.100.150:8547/h264
2025-05-11 10:49:10,338 - recording_session - INFO - ðŸŽ¥ Recording thread started for camera 2
2025-05-11 10:49:10,338 - overlay - INFO - Started recording for camera 2: rtsp://192.168.100.150:8547/h264
2025-05-11 10:49:10,351 - recording_session - INFO - ðŸŽ¥ Recording thread started for camera 3
2025-05-11 10:49:10,352 - overlay - INFO - Started recording for camera 3: rtsp://192.168.100.150:8547/h264
2025-05-11 10:49:10,362 - recording_session - INFO - ðŸŽ¥ Recording thread started for camera 4
2025-05-11 10:49:10,363 - overlay - INFO - Started recording for camera 4: rtsp://192.168.100.150:8547/h264
2025-05-11 10:49:10,364 - recording_session - INFO - ðŸ§ª Starting GStreamer pipeline for camera 1
2025-05-11 10:49:10,366 - recording_session - INFO - ðŸ§ª Starting GStreamer pipeline for camera 3
2025-05-11 10:49:10,366 - recording_session - INFO - ðŸ§ª Starting GStreamer pipeline for camera 2
2025-05-11 10:49:10,368 - recording_session - INFO - ðŸ§ª Starting GStreamer pipeline for camera 4
2025-05-11 10:49:10,393 - recording_session - INFO - âœ… Pipeline PLAYING for camera 4
2025-05-11 10:49:10,395 - recording_session - INFO - âœ… Pipeline PLAYING for camera 3
2025-05-11 10:49:10,408 - recording_session - INFO - âœ… Pipeline PLAYING for camera 2
2025-05-11 10:49:10,408 - recording_session - INFO - âœ… Pipeline PLAYING for camera 1
2025-05-11 10:49:10,608 - recording_session - INFO - âœ… Linked rtspsrc â†’ depay for camera 4
2025-05-11 10:49:10,609 - recording_session - INFO - âœ… Linked rtspsrc â†’ depay for camera 3
2025-05-11 10:49:10,609 - recording_session - INFO - âœ… Linked rtspsrc â†’ depay for camera 1
2025-05-11 10:49:10,619 - recording_session - INFO - âœ… Linked rtspsrc â†’ depay for camera 2
2025-05-11 10:49:10,629 - recording_session - INFO - ðŸ“ Started recording chunk: /var/www/html/public/assets/uploads/CAM3/2025-05-11/1746942550.mp4
2025-05-11 10:49:10,642 - recording_session - INFO - ðŸ“ Started recording chunk: /var/www/html/public/assets/uploads/CAM1/2025-05-11/1746942550.mp4
2025-05-11 10:49:10,657 - recording_session - INFO - ðŸ“ Started recording chunk: /var/www/html/public/assets/uploads/CAM2/2025-05-11/1746942550.mp4
2025-05-11 10:49:10,678 - recording_session - INFO - ðŸ“ Started recording chunk: /var/www/html/public/assets/uploads/CAM4/2025-05-11/1746942550.mp4
2025-05-11 10:49:22,287 - overlay - INFO - Fetching all graphics records
2025-05-11 10:49:22,293 - overlay - INFO - Fetching all CameraURLs records
2025-05-11 10:49:22,296 - overlay - INFO - Found 1 graphics records
2025-05-11 10:49:22,302 - overlay - INFO - Found 4 CameraURLs records
2025-05-11 10:49:22,412 - overlay - INFO - Fetching gamestats with ID: 1
2025-05-11 10:49:22,412 - overlay - INFO - Fetching graphics with ID: 1
2025-05-11 10:49:22,470 - overlay - INFO - Fetching graphics with ID: 1
2025-05-11 10:49:29,956 - overlay - INFO - Loaded stream target (ID: 1): srt => srt://origin-v2.vewbie.com:7010
2025-05-11 10:49:29,957 - overlay - INFO - Creating pipeline for srt stream to: srt://origin-v2.vewbie.com:7010
2025-05-11 10:49:29,972 - overlay - ERROR - Unexpected error: object of type `GstPulseSrc' does not have property `wave'
2025-05-11 10:49:41,238 - recording_session - INFO - Finalizing chunk: /var/www/html/public/assets/uploads/CAM1/2025-05-11/1746942550.mp4
