2025-04-27 22:35:07,494 - overlay - INFO - Fetching all CameraURLs records
2025-04-27 22:35:07,507 - recording_session - INFO - 🚀 SlowMoWorker started
2025-04-27 22:35:07,510 - overlay - INFO - Fetching all CameraURLs records
2025-04-27 22:35:07,529 - recording_session - INFO - 🎥 Recording thread started for camera 1
2025-04-27 22:35:07,530 - overlay - INFO - Started recording for camera 1: rtsp://192.168.100.150:8547/h264
2025-04-27 22:35:07,547 - recording_session - INFO - 🧹 Cleanup done. Deleted 0 files.
2025-04-27 22:35:07,554 - recording_session - INFO - 🎥 Recording thread started for camera 2
2025-04-27 22:35:07,561 - overlay - INFO - Started recording for camera 2: rtsp://192.168.100.150:8547/h264
2025-04-27 22:35:07,569 - recording_session - INFO - 🧪 Starting GStreamer pipeline for camera 1
2025-04-27 22:35:07,571 - recording_session - INFO - ✅ Pipeline set to PLAYING for camera 1
2025-04-27 22:35:07,596 - recording_session - INFO - 🧪 Starting GStreamer pipeline for camera 2
2025-04-27 22:35:07,597 - recording_session - INFO - 🎥 Recording thread started for camera 3
2025-04-27 22:35:07,605 - overlay - INFO - Started recording for camera 3: rtsp://192.168.100.150:8547/h264
2025-04-27 22:35:07,606 - recording_session - INFO - ✅ Pipeline set to PLAYING for camera 2
2025-04-27 22:35:07,612 - recording_session - INFO - 🧪 Starting GStreamer pipeline for camera 3
2025-04-27 22:35:07,614 - recording_session - INFO - ✅ Pipeline set to PLAYING for camera 3
2025-04-27 22:35:07,622 - recording_session - INFO - 🎥 Recording thread started for camera 4
2025-04-27 22:35:07,622 - overlay - INFO - Started recording for camera 4: rtsp://192.168.100.150:8547/h264
2025-04-27 22:35:07,627 - recording_session - INFO - 🧪 Starting GStreamer pipeline for camera 4
2025-04-27 22:35:07,630 - recording_session - INFO - ✅ Pipeline set to PLAYING for camera 4
2025-04-27 22:35:07,643 - recording_session - INFO - 🔌 pad-added signal for camera 2
2025-04-27 22:35:07,646 - recording_session - INFO - 🔗 Linked rtspsrc pad to depay for camera 2
2025-04-27 22:35:07,656 - recording_session - INFO - 🔌 pad-added signal for camera 3
2025-04-27 22:35:07,656 - recording_session - INFO - 🔗 Linked rtspsrc pad to depay for camera 3
