2025-04-27 23:04:55,404 - overlay - INFO - Fetching all CameraURLs records
2025-04-27 23:04:55,414 - recording_session - INFO - 🚀 SlowMoWorker started
2025-04-27 23:04:55,415 - overlay - INFO - Fetching all CameraURLs records
2025-04-27 23:04:55,424 - recording_session - INFO - 🧹 Cleanup done. Deleted 0 files.
2025-04-27 23:04:55,439 - recording_session - INFO - 🎥 Recording thread started for camera 1
2025-04-27 23:04:55,445 - overlay - INFO - Started recording for camera 1: rtsp://192.168.100.150:8547/h264
2025-04-27 23:04:55,457 - recording_session - INFO - 🎥 Recording thread started for camera 2
2025-04-27 23:04:55,458 - overlay - INFO - Started recording for camera 2: rtsp://192.168.100.150:8547/h264
2025-04-27 23:04:55,469 - recording_session - INFO - 🎥 Recording thread started for camera 3
2025-04-27 23:04:55,470 - overlay - INFO - Started recording for camera 3: rtsp://192.168.100.150:8547/h264
2025-04-27 23:04:55,473 - recording_session - INFO - 🧪 Starting GStreamer pipeline for camera 3
2025-04-27 23:04:55,473 - recording_session - INFO - 🧪 Starting GStreamer pipeline for camera 1
2025-04-27 23:04:55,473 - recording_session - INFO - 🧪 Starting GStreamer pipeline for camera 2
2025-04-27 23:04:55,475 - recording_session - INFO - ✅ Pipeline set to PLAYING for camera 1
2025-04-27 23:04:55,475 - recording_session - INFO - ✅ Pipeline set to PLAYING for camera 3
2025-04-27 23:04:55,476 - recording_session - INFO - ✅ Pipeline set to PLAYING for camera 2
2025-04-27 23:04:55,486 - recording_session - INFO - 🎥 Recording thread started for camera 4
2025-04-27 23:04:55,486 - overlay - INFO - Started recording for camera 4: rtsp://192.168.100.150:8547/h264
2025-04-27 23:04:55,498 - recording_session - INFO - 🧪 Starting GStreamer pipeline for camera 4
2025-04-27 23:04:55,499 - recording_session - INFO - ✅ Pipeline set to PLAYING for camera 4
2025-04-27 23:04:55,529 - recording_session - INFO - 🔌 pad-added signal for camera 4
2025-04-27 23:04:55,530 - recording_session - INFO - 🔗 Linked rtspsrc pad to depay for camera 4
