2025-04-27 22:47:14,653 - overlay - INFO - Fetching all CameraURLs records
2025-04-27 22:47:14,663 - recording_session - INFO - 🚀 SlowMoWorker started
2025-04-27 22:47:14,664 - overlay - INFO - Fetching all CameraURLs records
2025-04-27 22:47:14,694 - recording_session - INFO - 🎥 Recording thread started for camera 1
2025-04-27 22:47:14,694 - overlay - INFO - Started recording for camera 1: rtsp://192.168.100.150:8547/h264
2025-04-27 22:47:14,695 - recording_session - INFO - 🧹 Cleanup done. Deleted 0 files.
2025-04-27 22:47:14,708 - recording_session - INFO - 🎥 Recording thread started for camera 2
2025-04-27 22:47:14,708 - overlay - INFO - Started recording for camera 2: rtsp://192.168.100.150:8547/h264
2025-04-27 22:47:14,720 - recording_session - INFO - 🎥 Recording thread started for camera 3
2025-04-27 22:47:14,721 - recording_session - INFO - 🧪 Starting GStreamer pipeline for camera 2
2025-04-27 22:47:14,721 - overlay - INFO - Started recording for camera 3: rtsp://192.168.100.150:8547/h264
2025-04-27 22:47:14,721 - recording_session - INFO - 🧪 Starting GStreamer pipeline for camera 1
2025-04-27 22:47:14,722 - recording_session - INFO - ✅ Pipeline set to PLAYING for camera 2
2025-04-27 22:47:14,724 - recording_session - INFO - 🧪 Starting GStreamer pipeline for camera 3
2025-04-27 22:47:14,724 - recording_session - INFO - ✅ Pipeline set to PLAYING for camera 1
2025-04-27 22:47:14,744 - recording_session - INFO - ✅ Pipeline set to PLAYING for camera 3
2025-04-27 22:47:14,745 - recording_session - INFO - 🎥 Recording thread started for camera 4
2025-04-27 22:47:14,746 - overlay - INFO - Started recording for camera 4: rtsp://192.168.100.150:8547/h264
2025-04-27 22:47:14,766 - recording_session - INFO - 🧪 Starting GStreamer pipeline for camera 4
2025-04-27 22:47:14,773 - recording_session - INFO - ✅ Pipeline set to PLAYING for camera 4
2025-04-27 22:47:14,795 - recording_session - INFO - 🔌 pad-added signal for camera 4
2025-04-27 22:47:14,796 - recording_session - INFO - 🔗 Linked rtspsrc pad to depay for camera 4
