2025-04-27 22:43:31,414 - overlay - INFO - Fetching all CameraURLs records
2025-04-27 22:43:31,423 - recording_session - INFO - 🚀 SlowMoWorker started
2025-04-27 22:43:31,431 - overlay - INFO - Fetching all CameraURLs records
2025-04-27 22:43:31,441 - recording_session - INFO - 🧹 Cleanup done. Deleted 0 files.
2025-04-27 22:43:31,460 - recording_session - INFO - 🎥 Recording thread started for camera 1
2025-04-27 22:43:31,460 - overlay - INFO - Started recording for camera 1: rtsp://192.168.100.150:8547/h264
2025-04-27 22:43:31,470 - recording_session - INFO - 🎥 Recording thread started for camera 2
2025-04-27 22:43:31,471 - overlay - INFO - Started recording for camera 2: rtsp://192.168.100.150:8547/h264
2025-04-27 22:43:31,476 - recording_session - INFO - 🧪 Starting GStreamer pipeline for camera 1
2025-04-27 22:43:31,476 - recording_session - INFO - 🧪 Starting GStreamer pipeline for camera 2
2025-04-27 22:43:31,479 - recording_session - INFO - ✅ Pipeline set to PLAYING for camera 1
2025-04-27 22:43:31,486 - recording_session - INFO - ✅ Pipeline set to PLAYING for camera 2
2025-04-27 22:43:31,487 - recording_session - INFO - 🎥 Recording thread started for camera 3
2025-04-27 22:43:31,488 - overlay - INFO - Started recording for camera 3: rtsp://192.168.100.150:8547/h264
2025-04-27 22:43:31,490 - recording_session - INFO - 🧪 Starting GStreamer pipeline for camera 3
2025-04-27 22:43:31,500 - recording_session - INFO - ✅ Pipeline set to PLAYING for camera 3
2025-04-27 22:43:31,506 - recording_session - INFO - 🎥 Recording thread started for camera 4
2025-04-27 22:43:31,506 - overlay - INFO - Started recording for camera 4: rtsp://192.168.100.150:8547/h264
2025-04-27 22:43:31,508 - recording_session - INFO - 🧪 Starting GStreamer pipeline for camera 4
2025-04-27 22:43:31,514 - recording_session - INFO - ✅ Pipeline set to PLAYING for camera 4
2025-04-27 22:43:31,536 - recording_session - INFO - 🔌 pad-added signal for camera 4
2025-04-27 22:43:31,536 - recording_session - INFO - 🔗 Linked rtspsrc pad to depay for camera 4
