2025-04-27 22:45:01,631 - overlay - INFO - Fetching all CameraURLs records
2025-04-27 22:45:01,643 - recording_session - INFO - 🚀 SlowMoWorker started
2025-04-27 22:45:01,646 - overlay - INFO - Fetching all CameraURLs records
2025-04-27 22:45:01,658 - recording_session - INFO - 🧹 Cleanup done. Deleted 0 files.
2025-04-27 22:45:01,672 - recording_session - INFO - 🎥 Recording thread started for camera 1
2025-04-27 22:45:01,674 - overlay - INFO - Started recording for camera 1: rtsp://192.168.100.150:8547/h264
2025-04-27 22:45:01,685 - recording_session - INFO - 🎥 Recording thread started for camera 2
2025-04-27 22:45:01,685 - overlay - INFO - Started recording for camera 2: rtsp://192.168.100.150:8547/h264
2025-04-27 22:45:01,690 - recording_session - INFO - 🧪 Starting GStreamer pipeline for camera 2
2025-04-27 22:45:01,691 - recording_session - INFO - 🧪 Starting GStreamer pipeline for camera 1
2025-04-27 22:45:01,693 - recording_session - INFO - ✅ Pipeline set to PLAYING for camera 2
2025-04-27 22:45:01,693 - recording_session - INFO - ✅ Pipeline set to PLAYING for camera 1
2025-04-27 22:45:01,707 - recording_session - INFO - 🎥 Recording thread started for camera 3
2025-04-27 22:45:01,709 - overlay - INFO - Started recording for camera 3: rtsp://192.168.100.150:8547/h264
2025-04-27 22:45:01,710 - recording_session - INFO - 🧪 Starting GStreamer pipeline for camera 3
2025-04-27 22:45:01,712 - recording_session - INFO - ✅ Pipeline set to PLAYING for camera 3
2025-04-27 22:45:01,720 - recording_session - INFO - 🎥 Recording thread started for camera 4
2025-04-27 22:45:01,721 - overlay - INFO - Started recording for camera 4: rtsp://192.168.100.150:8547/h264
2025-04-27 22:45:01,730 - recording_session - INFO - 🧪 Starting GStreamer pipeline for camera 4
2025-04-27 22:45:01,735 - recording_session - INFO - ✅ Pipeline set to PLAYING for camera 4
2025-04-27 22:45:01,746 - recording_session - INFO - 🔌 pad-added signal for camera 3
2025-04-27 22:45:01,747 - recording_session - INFO - 🔗 Linked rtspsrc pad to depay for camera 3
