2025-05-19 20:08:11,576 - overlay - INFO - Fetching all CameraURLs records
2025-05-19 20:08:11,658 - recording_session - INFO - ðŸš€ SlowMoWorkers started: 4 threads
2025-05-19 20:08:11,659 - overlay - INFO - Fetching all CameraURLs records
2025-05-19 20:08:11,669 - recording_session - INFO - ðŸŽ¥ Recording thread started for camera 1
2025-05-19 20:08:11,671 - overlay - INFO - Started recording for camera 1: rtsp://192.168.100.150:8547/h264
2025-05-19 20:08:11,682 - recording_session - INFO - ðŸŽ¥ Recording thread started for camera 2
2025-05-19 20:08:11,684 - overlay - INFO - Started recording for camera 2: rtsp://192.168.100.150:8547/h264
2025-05-19 20:08:11,701 - recording_session - INFO - ðŸŽ¥ Recording thread started for camera 3
2025-05-19 20:08:11,701 - overlay - INFO - Started recording for camera 3: rtsp://192.168.100.150:8547/h264
2025-05-19 20:08:11,710 - recording_session - INFO - ðŸ§ª Starting GStreamer pipeline for camera 3
2025-05-19 20:08:11,711 - recording_session - INFO - ðŸŽ¥ Recording thread started for camera 4
2025-05-19 20:08:11,711 - recording_session - INFO - ðŸ§ª Starting GStreamer pipeline for camera 2
2025-05-19 20:08:11,711 - recording_session - INFO - ðŸ§ª Starting GStreamer pipeline for camera 1
2025-05-19 20:08:11,712 - overlay - INFO - Started recording for camera 4: rtsp://192.168.100.150:8547/h264
2025-05-19 20:08:11,717 - recording_session - INFO - âœ… Pipeline PLAYING for camera 3
2025-05-19 20:08:11,718 - recording_session - INFO - âœ… Pipeline PLAYING for camera 1
2025-05-19 20:08:11,719 - recording_session - INFO - âœ… Pipeline PLAYING for camera 2
2025-05-19 20:08:11,738 - recording_session - INFO - ðŸ§ª Starting GStreamer pipeline for camera 4
2025-05-19 20:08:11,756 - recording_session - INFO - âœ… Pipeline PLAYING for camera 4
2025-05-19 20:08:11,867 - recording_session - INFO - âœ… Linked rtspsrc â†’ depay for camera 1
2025-05-19 20:08:11,867 - recording_session - INFO - âœ… Linked rtspsrc â†’ depay for camera 3
2025-05-19 20:08:11,868 - recording_session - INFO - âœ… Linked rtspsrc â†’ depay for camera 2
2025-05-19 20:08:11,886 - recording_session - INFO - ðŸ“ Started recording chunk: /var/www/html/public/assets/uploads/CAM2/2025-05-19/1747667291.mp4
2025-05-19 20:08:11,887 - recording_session - INFO - âœ… Linked rtspsrc â†’ depay for camera 4
2025-05-19 20:08:11,900 - recording_session - INFO - ðŸ“ Started recording chunk: /var/www/html/public/assets/uploads/CAM3/2025-05-19/1747667291.mp4
2025-05-19 20:08:11,915 - recording_session - INFO - ðŸ“ Started recording chunk: /var/www/html/public/assets/uploads/CAM1/2025-05-19/1747667291.mp4
2025-05-19 20:08:11,934 - recording_session - INFO - ðŸ“ Started recording chunk: /var/www/html/public/assets/uploads/CAM4/2025-05-19/1747667291.mp4
2025-05-19 20:08:24,475 - overlay - INFO - Fetching all graphics records
2025-05-19 20:08:24,475 - overlay - INFO - Fetching all CameraURLs records
2025-05-19 20:08:24,484 - overlay - INFO - Found 4 CameraURLs records
2025-05-19 20:08:24,484 - overlay - INFO - Found 1 graphics records
2025-05-19 20:08:24,639 - overlay - INFO - Fetching gamestats with ID: 1
2025-05-19 20:08:24,639 - overlay - INFO - Fetching graphics with ID: 1
2025-05-19 20:08:24,662 - overlay - INFO - Fetching graphics with ID: 1
2025-05-19 20:08:25,618 - overlay - INFO - Loaded stream target (ID: 1): srt => srt://origin-v2.vewbie.com:7010
2025-05-19 20:08:25,619 - overlay - INFO - Creating pipeline for srt stream to: srt://origin-v2.vewbie.com:7010
2025-05-19 20:08:25,631 - overlay - ERROR - Unexpected error: could not convert 'enabled' to type 'GstMppEncSeiMode' when setting property 'GstMppH264Enc.sei-mode'
2025-05-19 20:09:00,443 - recording_session - INFO - Finalizing chunk: /var/www/html/public/assets/uploads/CAM1/2025-05-19/1747667291.mp4
2025-05-19 20:09:00,481 - recording_session - WARNING - Failed to probe file /var/www/html/public/assets/uploads/CAM1/2025-05-19/1747667291.mp4: could not convert string to float: ''
2025-05-19 20:09:00,482 - recording_session - WARNING - Chunk not ready or too small to process: /var/www/html/public/assets/uploads/CAM1/2025-05-19/1747667291.mp4
2025-05-19 20:09:00,482 - recording_session - INFO - Finalizing chunk: /var/www/html/public/assets/uploads/CAM3/2025-05-19/1747667291.mp4
