2025-05-11 15:27:00,837 - overlay - INFO - Fetching all CameraURLs records
2025-05-11 15:27:00,848 - recording_session - INFO - ðŸš€ SlowMoWorkers started: 4 threads
2025-05-11 15:27:00,848 - overlay - INFO - Fetching all CameraURLs records
2025-05-11 15:27:00,858 - recording_session - INFO - ðŸŽ¥ Recording thread started for camera 1
2025-05-11 15:27:00,861 - overlay - INFO - Started recording for camera 1: rtsp://192.168.100.150:8547/h264
2025-05-11 15:27:00,876 - recording_session - INFO - ðŸŽ¥ Recording thread started for camera 2
2025-05-11 15:27:00,877 - overlay - INFO - Started recording for camera 2: rtsp://192.168.100.150:8547/h264
2025-05-11 15:27:00,888 - recording_session - INFO - ðŸŽ¥ Recording thread started for camera 3
2025-05-11 15:27:00,889 - overlay - INFO - Started recording for camera 3: rtsp://192.168.100.150:8547/h264
2025-05-11 15:27:00,898 - recording_session - INFO - ðŸ§ª Starting GStreamer pipeline for camera 2
2025-05-11 15:27:00,898 - recording_session - INFO - ðŸ§ª Starting GStreamer pipeline for camera 3
2025-05-11 15:27:00,899 - recording_session - INFO - ðŸŽ¥ Recording thread started for camera 4
2025-05-11 15:27:00,899 - recording_session - INFO - ðŸ§ª Starting GStreamer pipeline for camera 1
2025-05-11 15:27:00,899 - overlay - INFO - Started recording for camera 4: rtsp://192.168.100.150:8547/h264
2025-05-11 15:27:00,902 - recording_session - INFO - ðŸ§ª Starting GStreamer pipeline for camera 4
2025-05-11 15:27:00,914 - recording_session - INFO - âœ… Pipeline PLAYING for camera 3
2025-05-11 15:27:00,942 - recording_session - INFO - âœ… Pipeline PLAYING for camera 4
2025-05-11 15:27:00,943 - recording_session - INFO - âœ… Pipeline PLAYING for camera 1
2025-05-11 15:27:00,993 - recording_session - INFO - âœ… Pipeline PLAYING for camera 2
2025-05-11 15:27:01,114 - recording_session - INFO - âœ… Linked rtspsrc â†’ depay for camera 4
2025-05-11 15:27:01,115 - recording_session - INFO - âœ… Linked rtspsrc â†’ depay for camera 2
2025-05-11 15:27:01,117 - recording_session - INFO - âœ… Linked rtspsrc â†’ depay for camera 1
2025-05-11 15:27:01,125 - recording_session - INFO - âœ… Linked rtspsrc â†’ depay for camera 3
2025-05-11 15:27:01,131 - recording_session - INFO - ðŸ“ Started recording chunk: /var/www/html/public/assets/uploads/CAM4/2025-05-11/1746959221.mp4
2025-05-11 15:27:01,139 - recording_session - INFO - ðŸ“ Started recording chunk: /var/www/html/public/assets/uploads/CAM3/2025-05-11/1746959221.mp4
2025-05-11 15:27:01,150 - recording_session - INFO - ðŸ“ Started recording chunk: /var/www/html/public/assets/uploads/CAM2/2025-05-11/1746959221.mp4
2025-05-11 15:27:01,168 - recording_session - INFO - ðŸ“ Started recording chunk: /var/www/html/public/assets/uploads/CAM1/2025-05-11/1746959221.mp4
2025-05-11 15:27:05,952 - overlay - INFO - Fetching all graphics records
2025-05-11 15:27:05,956 - overlay - INFO - Fetching all CameraURLs records
2025-05-11 15:27:05,956 - overlay - INFO - Found 1 graphics records
2025-05-11 15:27:05,959 - overlay - INFO - Found 4 CameraURLs records
2025-05-11 15:27:06,068 - overlay - INFO - Fetching gamestats with ID: 1
2025-05-11 15:27:06,068 - overlay - INFO - Fetching graphics with ID: 1
2025-05-11 15:27:06,134 - overlay - INFO - Fetching all CameraURLs records
2025-05-11 15:27:06,134 - overlay - INFO - Fetching all graphics records
2025-05-11 15:27:06,136 - overlay - INFO - Found 4 CameraURLs records
2025-05-11 15:27:06,138 - overlay - INFO - Found 1 graphics records
2025-05-11 15:27:06,296 - overlay - INFO - Fetching gamestats with ID: 1
2025-05-11 15:27:06,296 - overlay - INFO - Fetching graphics with ID: 1
2025-05-11 15:27:06,313 - overlay - INFO - Fetching graphics with ID: 1
2025-05-11 15:27:11,687 - overlay - INFO - Loaded stream target (ID: 1): srt => srt://origin-v2.vewbie.com:7010
2025-05-11 15:27:11,688 - overlay - INFO - Creating pipeline for srt stream to: srt://origin-v2.vewbie.com:7010
2025-05-11 15:27:11,793 - overlay - INFO - ðŸ§© Dynamic overlay URL set to: http://103.217.176.16:8080/scorecards/baseball/scorecard/1
2025-05-11 15:27:11,794 - overlay - INFO - Adding overlay for position: tl
2025-05-11 15:27:11,796 - overlay - INFO - Screenshot capture started...
2025-05-11 15:27:11,798 - overlay - INFO - Position set to tl (X: 10, Y: 10)
2025-05-11 15:27:11,859 - overlay - INFO - State changed: NULL -> READY
2025-05-11 15:27:11,861 - overlay - INFO - State changed: NULL -> READY
2025-05-11 15:27:11,862 - overlay - INFO - State changed: NULL -> READY
2025-05-11 15:27:11,863 - overlay - INFO - State changed: NULL -> READY
2025-05-11 15:27:11,864 - overlay - INFO - State changed: NULL -> READY
2025-05-11 15:27:11,865 - overlay - INFO - State changed: NULL -> READY
2025-05-11 15:27:11,866 - overlay - INFO - State changed: NULL -> READY
2025-05-11 15:27:11,867 - overlay - INFO - State changed: NULL -> READY
2025-05-11 15:27:11,868 - overlay - INFO - Pipeline thread started with state transition
2025-05-11 15:27:11,870 - overlay - INFO - State changed: NULL -> READY
2025-05-11 15:27:11,871 - overlay - INFO - State changed: NULL -> READY
2025-05-11 15:27:11,873 - overlay - INFO - State changed: NULL -> READY
2025-05-11 15:27:11,874 - overlay - INFO - State changed: NULL -> READY
2025-05-11 15:27:11,874 - overlay - INFO - State changed: NULL -> READY
2025-05-11 15:27:11,875 - overlay - INFO - State changed: NULL -> READY
2025-05-11 15:27:11,876 - overlay - INFO - State changed: NULL -> READY
2025-05-11 15:27:11,877 - overlay - INFO - State changed: NULL -> READY
2025-05-11 15:27:11,877 - overlay - INFO - State changed: NULL -> READY
2025-05-11 15:27:11,878 - overlay - INFO - State changed: NULL -> READY
2025-05-11 15:27:11,878 - overlay - INFO - State changed: NULL -> READY
2025-05-11 15:27:11,878 - overlay - INFO - State changed: NULL -> READY
2025-05-11 15:27:11,879 - overlay - INFO - State changed: NULL -> READY
2025-05-11 15:27:11,879 - overlay - INFO - State changed: NULL -> READY
2025-05-11 15:27:11,880 - overlay - INFO - State changed: NULL -> READY
2025-05-11 15:27:11,880 - overlay - INFO - State changed: NULL -> READY
2025-05-11 15:27:11,881 - overlay - INFO - State changed: NULL -> READY
2025-05-11 15:27:11,881 - overlay - INFO - State changed: NULL -> READY
2025-05-11 15:27:11,881 - overlay - INFO - State changed: NULL -> READY
2025-05-11 15:27:11,882 - overlay - INFO - State changed: NULL -> READY
2025-05-11 15:27:11,882 - overlay - INFO - State changed: NULL -> READY
2025-05-11 15:27:11,883 - overlay - INFO - State changed: READY -> PAUSED
2025-05-11 15:27:11,883 - overlay - INFO - State changed: READY -> PAUSED
2025-05-11 15:27:11,883 - overlay - INFO - State changed: READY -> PAUSED
2025-05-11 15:27:11,884 - overlay - INFO - State changed: READY -> PAUSED
2025-05-11 15:27:11,884 - overlay - INFO - State changed: READY -> PAUSED
2025-05-11 15:27:11,885 - overlay - INFO - State changed: READY -> PAUSED
2025-05-11 15:27:11,885 - overlay - INFO - State changed: READY -> PAUSED
2025-05-11 15:27:11,886 - overlay - INFO - State changed: READY -> PAUSED
2025-05-11 15:27:11,886 - overlay - INFO - State changed: READY -> PAUSED
2025-05-11 15:27:11,886 - overlay - INFO - State changed: READY -> PAUSED
2025-05-11 15:27:11,887 - overlay - INFO - State changed: READY -> PAUSED
2025-05-11 15:27:11,887 - overlay - INFO - State changed: READY -> PAUSED
2025-05-11 15:27:11,887 - overlay - INFO - State changed: READY -> PAUSED
2025-05-11 15:27:11,888 - overlay - INFO - State changed: READY -> PAUSED
2025-05-11 15:27:11,888 - overlay - INFO - State changed: READY -> PAUSED
2025-05-11 15:27:11,888 - overlay - INFO - State changed: READY -> PAUSED
2025-05-11 15:27:11,889 - overlay - INFO - State changed: READY -> PAUSED
2025-05-11 15:27:11,889 - overlay - INFO - State changed: READY -> PAUSED
2025-05-11 15:27:11,889 - overlay - INFO - State changed: READY -> PAUSED
2025-05-11 15:27:11,890 - overlay - INFO - State changed: READY -> PAUSED
2025-05-11 15:27:11,890 - overlay - INFO - State changed: READY -> PAUSED
2025-05-11 15:27:11,890 - overlay - INFO - State changed: READY -> PAUSED
2025-05-11 15:27:11,891 - overlay - INFO - State changed: READY -> PAUSED
2025-05-11 15:27:11,891 - overlay - INFO - State changed: READY -> PAUSED
2025-05-11 15:27:11,891 - overlay - INFO - State changed: NULL -> READY
2025-05-11 15:27:11,892 - overlay - INFO - State changed: READY -> PAUSED
2025-05-11 15:27:11,892 - overlay - INFO - State changed: READY -> PAUSED
2025-05-11 15:27:11,892 - overlay - INFO - State changed: NULL -> READY
2025-05-11 15:27:11,893 - overlay - INFO - State changed: READY -> PAUSED
2025-05-11 15:27:11,893 - overlay - INFO - State changed: READY -> PAUSED
2025-05-11 15:27:11,893 - overlay - INFO - State changed: NULL -> READY
2025-05-11 15:27:11,894 - overlay - INFO - State changed: READY -> PAUSED
2025-05-11 15:27:11,894 - overlay - INFO - State changed: READY -> PAUSED
2025-05-11 15:27:11,894 - overlay - INFO - State changed: NULL -> READY
2025-05-11 15:27:11,895 - overlay - INFO - State changed: READY -> PAUSED
2025-05-11 15:27:11,895 - overlay - INFO - State changed: READY -> PAUSED
2025-05-11 15:27:11,895 - overlay - INFO - State changed: READY -> PAUSED
2025-05-11 15:27:11,896 - overlay - INFO - State changed: PAUSED -> PAUSED
2025-05-11 15:27:11,896 - overlay - INFO - State changed: PAUSED -> PLAYING
2025-05-11 15:27:11,896 - overlay - INFO - State changed: PAUSED -> PLAYING
2025-05-11 15:27:11,897 - overlay - INFO - State changed: PAUSED -> PLAYING
2025-05-11 15:27:11,897 - overlay - INFO - State changed: PAUSED -> PLAYING
2025-05-11 15:27:11,897 - overlay - INFO - State changed: PAUSED -> PLAYING
2025-05-11 15:27:11,897 - overlay - INFO - State changed: PAUSED -> PLAYING
2025-05-11 15:27:11,898 - overlay - INFO - State changed: PAUSED -> PLAYING
2025-05-11 15:27:11,898 - overlay - INFO - State changed: PAUSED -> PLAYING
2025-05-11 15:27:11,898 - overlay - INFO - State changed: PAUSED -> PLAYING
2025-05-11 15:27:11,899 - overlay - INFO - State changed: PAUSED -> PLAYING
2025-05-11 15:27:11,899 - overlay - INFO - State changed: PAUSED -> PLAYING
2025-05-11 15:27:11,899 - overlay - INFO - State changed: PAUSED -> PLAYING
2025-05-11 15:27:11,899 - overlay - INFO - State changed: PAUSED -> PLAYING
2025-05-11 15:27:11,900 - overlay - INFO - State changed: PAUSED -> PLAYING
2025-05-11 15:27:11,900 - overlay - INFO - State changed: PAUSED -> PLAYING
2025-05-11 15:27:11,900 - overlay - INFO - State changed: PAUSED -> PLAYING
2025-05-11 15:27:11,901 - overlay - INFO - State changed: PAUSED -> PLAYING
2025-05-11 15:27:11,901 - overlay - INFO - State changed: PAUSED -> PLAYING
2025-05-11 15:27:11,901 - overlay - INFO - State changed: PAUSED -> PLAYING
2025-05-11 15:27:11,901 - overlay - INFO - State changed: PAUSED -> PLAYING
2025-05-11 15:27:11,902 - overlay - INFO - State changed: PAUSED -> PLAYING
2025-05-11 15:27:11,902 - overlay - INFO - State changed: PAUSED -> PLAYING
2025-05-11 15:27:11,902 - overlay - INFO - State changed: PAUSED -> PLAYING
2025-05-11 15:27:11,903 - overlay - INFO - State changed: PAUSED -> PLAYING
2025-05-11 15:27:11,903 - overlay - INFO - State changed: PAUSED -> PLAYING
2025-05-11 15:27:11,903 - overlay - INFO - State changed: PAUSED -> PLAYING
2025-05-11 15:27:11,904 - overlay - INFO - State changed: PAUSED -> PLAYING
2025-05-11 15:27:11,904 - overlay - INFO - State changed: PAUSED -> PLAYING
2025-05-11 15:27:11,904 - overlay - INFO - State changed: PAUSED -> PLAYING
2025-05-11 15:27:11,905 - overlay - INFO - State changed: PAUSED -> PLAYING
2025-05-11 15:27:11,905 - overlay - INFO - State changed: PAUSED -> PLAYING
2025-05-11 15:27:11,905 - overlay - INFO - State changed: PAUSED -> PLAYING
2025-05-11 15:27:11,906 - overlay - INFO - State changed: PAUSED -> PLAYING
2025-05-11 15:27:11,906 - overlay - INFO - State changed: NULL -> READY
2025-05-11 15:27:11,907 - overlay - INFO - State changed: READY -> PAUSED
2025-05-11 15:27:11,907 - overlay - INFO - State changed: NULL -> READY
2025-05-11 15:27:11,907 - overlay - INFO - State changed: READY -> PAUSED
2025-05-11 15:27:11,908 - overlay - INFO - State changed: NULL -> READY
2025-05-11 15:27:11,908 - overlay - INFO - State changed: READY -> PAUSED
2025-05-11 15:27:11,908 - overlay - INFO - State changed: NULL -> READY
2025-05-11 15:27:11,908 - overlay - INFO - State changed: READY -> PAUSED
2025-05-11 15:27:11,909 - overlay - INFO - State changed: NULL -> READY
2025-05-11 15:27:11,909 - overlay - INFO - State changed: READY -> PAUSED
2025-05-11 15:27:11,909 - overlay - INFO - State changed: NULL -> READY
2025-05-11 15:27:11,910 - overlay - INFO - State changed: READY -> PAUSED
2025-05-11 15:27:11,910 - overlay - INFO - State changed: NULL -> READY
2025-05-11 15:27:11,910 - overlay - INFO - State changed: READY -> PAUSED
2025-05-11 15:27:11,911 - overlay - INFO - State changed: NULL -> READY
2025-05-11 15:27:11,911 - overlay - INFO - State changed: READY -> PAUSED
2025-05-11 15:27:11,911 - overlay - INFO - State changed: NULL -> READY
2025-05-11 15:27:11,911 - overlay - INFO - State changed: READY -> PAUSED
2025-05-11 15:27:11,911 - overlay - INFO - State changed: PAUSED -> PLAYING
2025-05-11 15:27:11,911 - overlay - INFO - State changed: NULL -> READY
2025-05-11 15:27:11,911 - overlay - INFO - State changed: NULL -> READY
2025-05-11 15:27:11,911 - overlay - INFO - State changed: READY -> PAUSED
2025-05-11 15:27:11,911 - overlay - INFO - State changed: READY -> PAUSED
2025-05-11 15:27:11,911 - overlay - INFO - State changed: PAUSED -> PLAYING
2025-05-11 15:27:11,912 - overlay - INFO - State changed: NULL -> READY
2025-05-11 15:27:11,912 - overlay - INFO - State changed: READY -> PAUSED
2025-05-11 15:27:11,912 - overlay - INFO - State changed: NULL -> READY
2025-05-11 15:27:11,912 - overlay - INFO - State changed: NULL -> READY
2025-05-11 15:27:11,912 - overlay - INFO - State changed: READY -> PAUSED
2025-05-11 15:27:11,912 - overlay - INFO - State changed: PAUSED -> PLAYING
2025-05-11 15:27:11,912 - overlay - INFO - State changed: NULL -> READY
2025-05-11 15:27:11,912 - overlay - INFO - State changed: READY -> PAUSED
2025-05-11 15:27:11,912 - overlay - INFO - State changed: NULL -> READY
2025-05-11 15:27:11,912 - overlay - INFO - State changed: READY -> PAUSED
2025-05-11 15:27:11,912 - overlay - INFO - State changed: READY -> PAUSED
2025-05-11 15:27:11,913 - overlay - INFO - State changed: PAUSED -> PLAYING
2025-05-11 15:27:11,913 - overlay - INFO - State changed: PAUSED -> PLAYING
2025-05-11 15:27:11,913 - overlay - INFO - State changed: PAUSED -> PLAYING
2025-05-11 15:27:11,913 - overlay - INFO - State changed: PAUSED -> PLAYING
2025-05-11 15:27:11,913 - overlay - INFO - State changed: PAUSED -> PLAYING
2025-05-11 15:27:11,914 - overlay - INFO - State changed: READY -> PAUSED
2025-05-11 15:27:11,914 - overlay - INFO - State changed: PAUSED -> PLAYING
2025-05-11 15:27:11,914 - overlay - INFO - State changed: READY -> PAUSED
2025-05-11 15:27:11,914 - overlay - INFO - State changed: PAUSED -> PLAYING
2025-05-11 15:27:11,915 - overlay - INFO - State changed: PAUSED -> PLAYING
2025-05-11 15:27:11,915 - overlay - INFO - State changed: PAUSED -> PLAYING
2025-05-11 15:27:11,915 - overlay - INFO - State changed: PAUSED -> PLAYING
2025-05-11 15:27:11,915 - overlay - INFO - State changed: PAUSED -> PLAYING
2025-05-11 15:27:11,915 - overlay - INFO - State changed: READY -> PAUSED
2025-05-11 15:27:11,915 - overlay - INFO - State changed: PAUSED -> PLAYING
2025-05-11 15:27:11,915 - overlay - INFO - State changed: READY -> PAUSED
2025-05-11 15:27:11,915 - overlay - INFO - State changed: PAUSED -> PLAYING
2025-05-11 15:27:11,915 - overlay - INFO - State changed: NULL -> READY
2025-05-11 15:27:11,916 - overlay - INFO - State changed: READY -> PAUSED
2025-05-11 15:27:11,916 - overlay - INFO - State changed: NULL -> READY
2025-05-11 15:27:11,916 - overlay - INFO - State changed: READY -> PAUSED
2025-05-11 15:27:11,916 - overlay - INFO - State changed: PAUSED -> PLAYING
2025-05-11 15:27:11,916 - overlay - INFO - State changed: NULL -> READY
2025-05-11 15:27:11,916 - overlay - INFO - State changed: READY -> PAUSED
2025-05-11 15:27:11,916 - overlay - INFO - State changed: PAUSED -> PLAYING
2025-05-11 15:27:11,916 - overlay - INFO - State changed: NULL -> READY
2025-05-11 15:27:11,916 - overlay - INFO - State changed: READY -> PAUSED
2025-05-11 15:27:11,916 - overlay - INFO - State changed: NULL -> READY
2025-05-11 15:27:11,916 - overlay - INFO - State changed: READY -> PAUSED
2025-05-11 15:27:11,917 - overlay - INFO - State changed: NULL -> READY
2025-05-11 15:27:11,917 - overlay - INFO - State changed: READY -> PAUSED
2025-05-11 15:27:11,917 - overlay - INFO - State changed: PAUSED -> PLAYING
2025-05-11 15:27:11,917 - overlay - INFO - State changed: PAUSED -> PLAYING
2025-05-11 15:27:11,917 - overlay - INFO - State changed: PAUSED -> PLAYING
2025-05-11 15:27:11,917 - overlay - INFO - State changed: PAUSED -> PLAYING
2025-05-11 15:27:11,917 - overlay - INFO - State changed: READY -> PAUSED
2025-05-11 15:27:11,917 - overlay - INFO - State changed: PAUSED -> PLAYING
2025-05-11 15:27:11,917 - overlay - INFO - State changed: READY -> PAUSED
2025-05-11 15:27:11,917 - overlay - INFO - State changed: PAUSED -> PLAYING
2025-05-11 15:27:11,917 - overlay - INFO - State changed: NULL -> READY
2025-05-11 15:27:11,918 - overlay - INFO - State changed: READY -> PAUSED
2025-05-11 15:27:11,918 - overlay - INFO - State changed: PAUSED -> PLAYING
2025-05-11 15:27:11,918 - overlay - INFO - State changed: NULL -> READY
2025-05-11 15:27:11,918 - overlay - INFO - State changed: READY -> PAUSED
2025-05-11 15:27:11,918 - overlay - INFO - State changed: PAUSED -> PLAYING
2025-05-11 15:27:11,918 - overlay - INFO - State changed: NULL -> READY
2025-05-11 15:27:11,918 - overlay - INFO - State changed: NULL -> READY
2025-05-11 15:27:11,918 - overlay - INFO - State changed: NULL -> READY
2025-05-11 15:27:11,918 - overlay - INFO - State changed: READY -> PAUSED
2025-05-11 15:27:11,918 - overlay - INFO - State changed: PAUSED -> PLAYING
2025-05-11 15:27:11,918 - overlay - INFO - State changed: NULL -> READY
2025-05-11 15:27:11,919 - overlay - INFO - State changed: READY -> PAUSED
2025-05-11 15:27:11,919 - overlay - INFO - State changed: PAUSED -> PLAYING
2025-05-11 15:27:11,919 - overlay - INFO - State changed: READY -> PAUSED
2025-05-11 15:27:11,919 - overlay - INFO - State changed: PAUSED -> PLAYING
2025-05-11 15:27:11,919 - overlay - INFO - State changed: READY -> PAUSED
2025-05-11 15:27:11,919 - overlay - INFO - State changed: PAUSED -> PLAYING
2025-05-11 15:27:11,919 - overlay - INFO - State changed: NULL -> READY
2025-05-11 15:27:11,919 - overlay - INFO - State changed: READY -> PAUSED
2025-05-11 15:27:11,920 - overlay - INFO - State changed: PAUSED -> PLAYING
2025-05-11 15:27:11,920 - overlay - INFO - State changed: NULL -> READY
2025-05-11 15:27:11,920 - overlay - INFO - State changed: READY -> PAUSED
2025-05-11 15:27:11,920 - overlay - INFO - State changed: PAUSED -> PLAYING
2025-05-11 15:27:11,920 - overlay - INFO - State changed: PAUSED -> PLAYING
2025-05-11 15:27:11,920 - overlay - INFO - State changed: PAUSED -> PLAYING
2025-05-11 15:27:11,920 - overlay - INFO - State changed: PAUSED -> PLAYING
2025-05-11 15:27:11,920 - overlay - INFO - State changed: PAUSED -> PLAYING
2025-05-11 15:27:11,920 - overlay - INFO - State changed: READY -> PAUSED
2025-05-11 15:27:11,920 - overlay - INFO - State changed: PAUSED -> PLAYING
2025-05-11 15:27:11,920 - overlay - INFO - State changed: READY -> PAUSED
2025-05-11 15:27:11,921 - overlay - INFO - State changed: PAUSED -> PLAYING
2025-05-11 15:27:11,921 - overlay - INFO - State changed: NULL -> READY
2025-05-11 15:27:11,921 - overlay - INFO - State changed: READY -> PAUSED
2025-05-11 15:27:11,921 - overlay - INFO - State changed: PAUSED -> PLAYING
2025-05-11 15:27:11,921 - overlay - INFO - State changed: NULL -> READY
2025-05-11 15:27:11,921 - overlay - INFO - State changed: READY -> PAUSED
2025-05-11 15:27:11,921 - overlay - INFO - State changed: PAUSED -> PLAYING
2025-05-11 15:27:12,400 - overlay - INFO - ðŸŒ Opening overlay URL in Playwright: http://103.217.176.16:8080/scorecards/baseball/scorecard/1
2025-05-11 15:27:12,966 - overlay - INFO - Fetching gamestats with ID: 1
2025-05-11 15:27:12,967 - overlay - INFO - Fetching graphics with ID: 1
2025-05-11 15:27:12,978 - overlay - INFO - Fetching graphics with ID: 1
2025-05-11 15:27:13,809 - overlay - INFO - ðŸ”§ Injected transparent background for overlay rendering
2025-05-11 15:27:13,878 - overlay - INFO - State changed: NULL -> READY
2025-05-11 15:27:13,878 - overlay - INFO - State changed: NULL -> READY
2025-05-11 15:27:13,878 - overlay - INFO - State changed: NULL -> READY
2025-05-11 15:27:13,878 - overlay - INFO - State changed: NULL -> READY
2025-05-11 15:27:13,878 - overlay - INFO - State changed: PAUSED -> PAUSED
2025-05-11 15:27:13,878 - overlay - INFO - State changed: PAUSED -> PAUSED
2025-05-11 15:27:13,878 - overlay - INFO - State changed: PAUSED -> PAUSED
2025-05-11 15:27:13,879 - overlay - INFO - State changed: READY -> PAUSED
2025-05-11 15:27:13,879 - overlay - INFO - State changed: READY -> PAUSED
2025-05-11 15:27:13,879 - overlay - INFO - State changed: NULL -> READY
2025-05-11 15:27:13,879 - overlay - INFO - State changed: NULL -> READY
2025-05-11 15:27:13,879 - overlay - INFO - State changed: PAUSED -> PAUSED
2025-05-11 15:27:13,879 - overlay - INFO - State changed: READY -> PAUSED
2025-05-11 15:27:13,884 - overlay - INFO - State changed: NULL -> READY
2025-05-11 15:27:13,888 - overlay - INFO - State changed: READY -> PAUSED
2025-05-11 15:27:13,890 - overlay - INFO - State changed: NULL -> READY
2025-05-11 15:27:13,890 - overlay - INFO - State changed: READY -> PAUSED
2025-05-11 15:27:13,891 - overlay - INFO - State changed: NULL -> READY
2025-05-11 15:27:13,891 - overlay - INFO - State changed: READY -> PAUSED
2025-05-11 15:27:13,891 - overlay - INFO - State changed: NULL -> READY
2025-05-11 15:27:13,891 - overlay - INFO - State changed: NULL -> READY
2025-05-11 15:27:13,891 - overlay - INFO - State changed: NULL -> READY
2025-05-11 15:27:13,891 - overlay - INFO - State changed: READY -> PAUSED
2025-05-11 15:27:13,892 - overlay - INFO - State changed: READY -> PAUSED
2025-05-11 15:27:13,892 - overlay - INFO - State changed: READY -> PAUSED
2025-05-11 15:27:13,892 - overlay - INFO - State changed: NULL -> READY
2025-05-11 15:27:13,892 - overlay - INFO - State changed: NULL -> READY
2025-05-11 15:27:13,892 - overlay - INFO - State changed: READY -> PAUSED
2025-05-11 15:27:13,892 - overlay - INFO - State changed: READY -> PAUSED
2025-05-11 15:27:13,893 - overlay - INFO - State changed: NULL -> READY
2025-05-11 15:27:13,893 - overlay - INFO - State changed: READY -> PAUSED
2025-05-11 15:27:13,899 - overlay - INFO - State changed: NULL -> READY
2025-05-11 15:27:13,899 - overlay - INFO - State changed: NULL -> READY
2025-05-11 15:27:13,900 - overlay - INFO - State changed: PAUSED -> PAUSED
2025-05-11 15:27:13,900 - overlay - INFO - State changed: READY -> PAUSED
2025-05-11 15:27:13,903 - overlay - INFO - State changed: NULL -> READY
2025-05-11 15:27:13,906 - overlay - INFO - ðŸ§© on_pad_added called from source3
2025-05-11 15:27:13,906 - overlay - INFO - State changed: READY -> PAUSED
2025-05-11 15:27:13,907 - overlay - INFO - State changed: NULL -> READY
2025-05-11 15:27:13,907 - overlay - INFO - ðŸ“¦ Pad caps: video/x-raw, format=(string)NV12, width=(int)1920, height=(int)1080, interlace-mode=(string)progressive, multiview-mode=(string)mono, multiview-flags=(GstVideoMultiviewFlagsSet)0:ffffffff:/right-view-first/left-flipped/left-flopped/right-flipped/right-flopped/half-aspect/mixed-mono, pixel-aspect-ratio=(fraction)1/1, colorimetry=(string)1:3:5:1, framerate=(fraction)30/1;
2025-05-11 15:27:13,908 - overlay - INFO - State changed: READY -> PAUSED
2025-05-11 15:27:13,908 - overlay - INFO - ðŸ”— Handling pad from source URI: rtsp://192.168.100.150:8547/h264
2025-05-11 15:27:13,909 - overlay - INFO - âœ… Requested sink pad sink_0 for rtsp://192.168.100.150:8547/h264
2025-05-11 15:27:13,911 - overlay - INFO - State changed: NULL -> READY
2025-05-11 15:27:13,912 - overlay - INFO - State changed: READY -> PAUSED
2025-05-11 15:27:13,914 - overlay - INFO - ðŸ§© on_pad_added called from source4
2025-05-11 15:27:13,927 - overlay - INFO - ðŸ§© on_pad_added called from source2
2025-05-11 15:27:13,928 - overlay - INFO - ðŸ“¦ Pad caps: video/x-raw, format=(string)NV12, width=(int)1920, height=(int)1080, interlace-mode=(string)progressive, multiview-mode=(string)mono, multiview-flags=(GstVideoMultiviewFlagsSet)0:ffffffff:/right-view-first/left-flipped/left-flopped/right-flipped/right-flopped/half-aspect/mixed-mono, pixel-aspect-ratio=(fraction)1/1, colorimetry=(string)1:3:5:1, framerate=(fraction)30/1;
2025-05-11 15:27:13,929 - overlay - INFO - ðŸ“¦ Pad caps: video/x-raw, format=(string)NV12, width=(int)1920, height=(int)1080, interlace-mode=(string)progressive, multiview-mode=(string)mono, multiview-flags=(GstVideoMultiviewFlagsSet)0:ffffffff:/right-view-first/left-flipped/left-flopped/right-flipped/right-flopped/half-aspect/mixed-mono, pixel-aspect-ratio=(fraction)1/1, colorimetry=(string)1:3:5:1, framerate=(fraction)30/1;
2025-05-11 15:27:13,930 - overlay - INFO - ðŸ“¸ Screenshot captured: url_shots/391fdba5-1986-4200-8baf-bfb175d26d9a.png
2025-05-11 15:27:13,931 - overlay - INFO - ðŸ”— Handling pad from source URI: rtsp://192.168.100.150:8547/h264
2025-05-11 15:27:13,934 - overlay - INFO - ðŸ”— Handling pad from source URI: rtsp://192.168.100.150:8547/h264
2025-05-11 15:27:13,934 - overlay - INFO - ðŸ§© on_pad_added called from source1
2025-05-11 15:27:13,936 - overlay - INFO - âœ… Requested sink pad sink_1 for rtsp://192.168.100.150:8547/h264
2025-05-11 15:27:13,936 - overlay - INFO - âœ… Requested sink pad sink_2 for rtsp://192.168.100.150:8547/h264
2025-05-11 15:27:13,936 - overlay - INFO - ðŸ“¦ Pad caps: video/x-raw, format=(string)NV12, width=(int)1920, height=(int)1080, interlace-mode=(string)progressive, multiview-mode=(string)mono, multiview-flags=(GstVideoMultiviewFlagsSet)0:ffffffff:/right-view-first/left-flipped/left-flopped/right-flipped/right-flopped/half-aspect/mixed-mono, pixel-aspect-ratio=(fraction)1/1, colorimetry=(string)1:3:5:1, framerate=(fraction)30/1;
2025-05-11 15:27:13,936 - overlay - INFO - ðŸ”— Handling pad from source URI: rtsp://192.168.100.150:8547/h264
2025-05-11 15:27:13,937 - overlay - INFO - âœ… Requested sink pad sink_3 for rtsp://192.168.100.150:8547/h264
2025-05-11 15:27:13,958 - overlay - INFO - âœ… Successfully linked rtsp://192.168.100.150:8547/h264 to sink_2
2025-05-11 15:27:13,958 - overlay - WARNING - â¸ï¸ Pipeline not in PLAYING state, deferring active pad selection
2025-05-11 15:27:13,958 - overlay - INFO - State changed: READY -> PAUSED
2025-05-11 15:27:13,959 - overlay - INFO - State changed: PAUSED -> PAUSED
2025-05-11 15:27:13,963 - overlay - INFO - âœ… Successfully linked rtsp://192.168.100.150:8547/h264 to sink_1
2025-05-11 15:27:13,963 - overlay - WARNING - â¸ï¸ Pipeline not in PLAYING state, deferring active pad selection
2025-05-11 15:27:13,963 - overlay - INFO - State changed: READY -> PAUSED
2025-05-11 15:27:13,963 - overlay - INFO - State changed: PAUSED -> PAUSED
2025-05-11 15:27:13,975 - overlay - INFO - âœ… Successfully linked rtsp://192.168.100.150:8547/h264 to sink_0
2025-05-11 15:27:13,975 - overlay - WARNING - â¸ï¸ Pipeline not in PLAYING state, deferring active pad selection
2025-05-11 15:27:13,976 - overlay - INFO - State changed: READY -> PAUSED
2025-05-11 15:27:13,976 - overlay - INFO - State changed: PAUSED -> PAUSED
2025-05-11 15:27:13,984 - overlay - INFO - âœ… Successfully linked rtsp://192.168.100.150:8547/h264 to sink_3
2025-05-11 15:27:13,984 - overlay - WARNING - â¸ï¸ Pipeline not in PLAYING state, deferring active pad selection
2025-05-11 15:27:13,984 - overlay - INFO - State changed: READY -> PAUSED
2025-05-11 15:27:13,985 - overlay - INFO - State changed: PAUSED -> PAUSED
2025-05-11 15:27:13,985 - overlay - INFO - State changed: PAUSED -> PAUSED
2025-05-11 15:27:13,986 - overlay - INFO - State changed: PAUSED -> PLAYING
2025-05-11 15:27:13,987 - overlay - INFO - State changed: PAUSED -> PLAYING
2025-05-11 15:27:13,987 - overlay - INFO - State changed: PAUSED -> PLAYING
2025-05-11 15:27:13,987 - overlay - INFO - State changed: PAUSED -> PLAYING
2025-05-11 15:27:13,987 - overlay - INFO - State changed: PAUSED -> PLAYING
2025-05-11 15:27:13,987 - overlay - INFO - State changed: PAUSED -> PLAYING
2025-05-11 15:27:13,987 - overlay - INFO - State changed: PAUSED -> PLAYING
2025-05-11 15:27:13,987 - overlay - INFO - State changed: PAUSED -> PLAYING
2025-05-11 15:27:13,987 - overlay - INFO - State changed: PAUSED -> PLAYING
2025-05-11 15:27:13,988 - overlay - INFO - State changed: PAUSED -> PLAYING
2025-05-11 15:27:13,988 - overlay - INFO - State changed: PAUSED -> PLAYING
2025-05-11 15:27:13,988 - overlay - INFO - State changed: PAUSED -> PLAYING
2025-05-11 15:27:13,988 - overlay - INFO - State changed: PAUSED -> PLAYING
2025-05-11 15:27:13,988 - overlay - INFO - State changed: PAUSED -> PLAYING
2025-05-11 15:27:13,988 - overlay - INFO - State changed: PAUSED -> PLAYING
2025-05-11 15:27:13,988 - overlay - INFO - State changed: PAUSED -> PLAYING
2025-05-11 15:27:13,988 - overlay - INFO - State changed: PAUSED -> PLAYING
2025-05-11 15:27:13,988 - overlay - INFO - State changed: PAUSED -> PLAYING
2025-05-11 15:27:13,988 - overlay - INFO - State changed: PAUSED -> PLAYING
2025-05-11 15:27:13,989 - overlay - INFO - State changed: PAUSED -> PLAYING
2025-05-11 15:27:13,989 - overlay - INFO - State changed: PAUSED -> PLAYING
2025-05-11 15:27:13,989 - overlay - INFO - State changed: PAUSED -> PLAYING
2025-05-11 15:27:13,989 - overlay - INFO - State changed: PAUSED -> PLAYING
2025-05-11 15:27:13,989 - overlay - INFO - ðŸ–¼ï¸ Updated overlay with PNG: url_shots/391fdba5-1986-4200-8baf-bfb175d26d9a.png
2025-05-11 15:27:13,989 - overlay - INFO - State changed: PAUSED -> PLAYING
2025-05-11 15:27:13,989 - overlay - INFO - State changed: PAUSED -> PLAYING
2025-05-11 15:27:13,989 - overlay - INFO - State changed: PAUSED -> PLAYING
2025-05-11 15:27:13,989 - overlay - INFO - State changed: PAUSED -> PLAYING
2025-05-11 15:27:13,989 - overlay - INFO - State changed: PAUSED -> PLAYING
2025-05-11 15:27:13,990 - overlay - INFO - State changed: PAUSED -> PLAYING
2025-05-11 15:27:14,871 - overlay - INFO - Switching to rtsp://192.168.100.150:8547/h264 (Attempt 1/15)
2025-05-11 15:27:14,872 - overlay - INFO - Setting camera ID 1 as default
2025-05-11 15:27:14,885 - overlay - INFO - All cameras' Default fields set to false
2025-05-11 15:27:14,914 - overlay - INFO - Camera ID 1 set as default
2025-05-11 15:27:15,044 - overlay - INFO - ðŸ“¸ Screenshot captured: url_shots/4ead2d6b-01e1-4844-af17-659177aa9bb0.png
2025-05-11 15:27:15,047 - overlay - INFO - ðŸ–¼ï¸ Updated overlay with PNG: url_shots/4ead2d6b-01e1-4844-af17-659177aa9bb0.png
2025-05-11 15:27:15,468 - recording_session - INFO - Finalizing chunk: /var/www/html/public/assets/uploads/CAM1/2025-05-11/1746959221.mp4
2025-05-11 15:27:15,600 - recording_session - INFO - ðŸ“¤ Enqueuing for slow motion: /var/www/html/public/assets/uploads/CAM1/2025-05-11/1746959221.mp4
2025-05-11 15:27:15,601 - recording_session - INFO - Finalizing chunk: /var/www/html/public/assets/uploads/CAM2/2025-05-11/1746959221.mp4
2025-05-11 15:27:15,643 - recording_session - WARNING - Failed to probe file /var/www/html/public/assets/uploads/CAM2/2025-05-11/1746959221.mp4: could not convert string to float: ''
2025-05-11 15:27:15,643 - recording_session - WARNING - Chunk not ready or too small to process: /var/www/html/public/assets/uploads/CAM2/2025-05-11/1746959221.mp4
2025-05-11 15:27:15,644 - recording_session - INFO - Finalizing chunk: /var/www/html/public/assets/uploads/CAM3/2025-05-11/1746959221.mp4
2025-05-11 15:27:15,847 - recording_session - INFO - ðŸ“¤ Enqueuing for slow motion: /var/www/html/public/assets/uploads/CAM3/2025-05-11/1746959221.mp4
2025-05-11 15:27:15,848 - recording_session - INFO - Finalizing chunk: /var/www/html/public/assets/uploads/CAM4/2025-05-11/1746959221.mp4
2025-05-11 15:27:15,956 - ffmpeg_post_process - INFO - ðŸŽžï¸ Processing slow motion: /var/www/html/public/assets/uploads/CAM1/2025-05-11/1746959221.mp4
2025-05-11 15:27:15,964 - recording_session - INFO - ðŸ“¤ Enqueuing for slow motion: /var/www/html/public/assets/uploads/CAM4/2025-05-11/1746959221.mp4
2025-05-11 15:27:16,055 - overlay - INFO - Stopping pipeline...
2025-05-11 15:27:16,055 - overlay - INFO - State changed: PLAYING -> PAUSED
2025-05-11 15:27:16,055 - overlay - INFO - State changed: PLAYING -> PAUSED
2025-05-11 15:27:16,055 - overlay - INFO - State changed: PLAYING -> PAUSED
2025-05-11 15:27:16,055 - overlay - INFO - State changed: PLAYING -> PAUSED
2025-05-11 15:27:16,055 - overlay - INFO - State changed: PLAYING -> PAUSED
2025-05-11 15:27:16,056 - overlay - INFO - State changed: PLAYING -> PAUSED
2025-05-11 15:27:16,056 - overlay - INFO - State changed: PLAYING -> PAUSED
2025-05-11 15:27:16,056 - overlay - INFO - State changed: PLAYING -> PAUSED
2025-05-11 15:27:16,056 - overlay - INFO - State changed: PLAYING -> PAUSED
2025-05-11 15:27:16,056 - overlay - INFO - State changed: PLAYING -> PAUSED
2025-05-11 15:27:16,056 - overlay - INFO - State changed: PLAYING -> PAUSED
2025-05-11 15:27:16,056 - overlay - INFO - State changed: PLAYING -> PAUSED
2025-05-11 15:27:16,056 - overlay - INFO - State changed: PLAYING -> PAUSED
2025-05-11 15:27:16,056 - overlay - INFO - State changed: PLAYING -> PAUSED
2025-05-11 15:27:16,056 - overlay - INFO - State changed: PLAYING -> PAUSED
2025-05-11 15:27:16,056 - overlay - INFO - State changed: PLAYING -> PAUSED
2025-05-11 15:27:16,056 - overlay - INFO - State changed: PLAYING -> PAUSED
2025-05-11 15:27:16,057 - overlay - INFO - State changed: PLAYING -> PAUSED
2025-05-11 15:27:16,057 - overlay - INFO - State changed: PLAYING -> PAUSED
2025-05-11 15:27:16,057 - overlay - INFO - State changed: PLAYING -> PAUSED
2025-05-11 15:27:16,057 - overlay - INFO - State changed: PLAYING -> PAUSED
2025-05-11 15:27:16,057 - overlay - INFO - State changed: PLAYING -> PAUSED
2025-05-11 15:27:16,057 - overlay - INFO - State changed: PLAYING -> PAUSED
2025-05-11 15:27:16,057 - overlay - INFO - State changed: PLAYING -> PAUSED
2025-05-11 15:27:16,057 - overlay - INFO - State changed: PLAYING -> PAUSED
2025-05-11 15:27:16,057 - overlay - INFO - State changed: PLAYING -> PAUSED
2025-05-11 15:27:16,057 - overlay - INFO - State changed: PLAYING -> PAUSED
2025-05-11 15:27:16,057 - overlay - INFO - State changed: PLAYING -> PAUSED
2025-05-11 15:27:16,058 - overlay - INFO - State changed: PLAYING -> PAUSED
2025-05-11 15:27:16,058 - overlay - INFO - State changed: PLAYING -> PAUSED
2025-05-11 15:27:16,058 - overlay - INFO - State changed: PLAYING -> PAUSED
2025-05-11 15:27:16,058 - overlay - INFO - State changed: PLAYING -> PAUSED
2025-05-11 15:27:16,058 - overlay - INFO - State changed: PLAYING -> PAUSED
2025-05-11 15:27:16,058 - overlay - INFO - State changed: PLAYING -> PAUSED
2025-05-11 15:27:16,058 - overlay - INFO - State changed: PLAYING -> PAUSED
2025-05-11 15:27:16,058 - overlay - INFO - State changed: PLAYING -> PAUSED
2025-05-11 15:27:16,058 - overlay - INFO - State changed: PLAYING -> PAUSED
2025-05-11 15:27:16,059 - overlay - INFO - State changed: PLAYING -> PAUSED
2025-05-11 15:27:16,059 - overlay - INFO - State changed: PLAYING -> PAUSED
2025-05-11 15:27:16,059 - overlay - INFO - State changed: PLAYING -> PAUSED
2025-05-11 15:27:16,059 - overlay - INFO - State changed: PLAYING -> PAUSED
2025-05-11 15:27:16,059 - overlay - INFO - State changed: PLAYING -> PAUSED
2025-05-11 15:27:16,059 - overlay - INFO - State changed: PLAYING -> PAUSED
2025-05-11 15:27:16,059 - overlay - INFO - State changed: PLAYING -> PAUSED
2025-05-11 15:27:16,059 - overlay - INFO - State changed: PLAYING -> PAUSED
2025-05-11 15:27:16,059 - overlay - INFO - State changed: PLAYING -> PAUSED
2025-05-11 15:27:16,059 - overlay - INFO - State changed: PLAYING -> PAUSED
2025-05-11 15:27:16,060 - overlay - INFO - State changed: PLAYING -> PAUSED
2025-05-11 15:27:16,060 - overlay - INFO - State changed: PLAYING -> PAUSED
2025-05-11 15:27:16,060 - overlay - INFO - State changed: PLAYING -> PAUSED
2025-05-11 15:27:16,060 - overlay - INFO - State changed: PLAYING -> PAUSED
2025-05-11 15:27:16,060 - overlay - INFO - State changed: PLAYING -> PAUSED
2025-05-11 15:27:16,060 - overlay - INFO - State changed: PLAYING -> PAUSED
2025-05-11 15:27:16,060 - overlay - INFO - State changed: PLAYING -> PAUSED
2025-05-11 15:27:16,060 - overlay - INFO - State changed: PLAYING -> PAUSED
2025-05-11 15:27:16,060 - overlay - INFO - State changed: PLAYING -> PAUSED
2025-05-11 15:27:16,060 - overlay - INFO - State changed: PLAYING -> PAUSED
2025-05-11 15:27:16,060 - overlay - INFO - State changed: PAUSED -> READY
2025-05-11 15:27:16,061 - overlay - INFO - State changed: PAUSED -> READY
2025-05-11 15:27:16,061 - overlay - INFO - State changed: PAUSED -> READY
2025-05-11 15:27:16,061 - overlay - INFO - State changed: PAUSED -> READY
2025-05-11 15:27:16,061 - overlay - INFO - State changed: PLAYING -> PAUSED
2025-05-11 15:27:16,061 - overlay - INFO - State changed: PLAYING -> PAUSED
2025-05-11 15:27:16,061 - overlay - INFO - State changed: PLAYING -> PAUSED
2025-05-11 15:27:16,061 - overlay - INFO - State changed: PLAYING -> PAUSED
2025-05-11 15:27:16,061 - overlay - INFO - State changed: PLAYING -> PAUSED
2025-05-11 15:27:16,061 - overlay - INFO - State changed: PLAYING -> PAUSED
2025-05-11 15:27:16,061 - overlay - INFO - State changed: PLAYING -> PAUSED
2025-05-11 15:27:16,062 - overlay - INFO - State changed: PLAYING -> PAUSED
2025-05-11 15:27:16,062 - overlay - INFO - State changed: PAUSED -> READY
2025-05-11 15:27:16,062 - overlay - INFO - State changed: PAUSED -> READY
2025-05-11 15:27:16,062 - overlay - INFO - State changed: PLAYING -> PAUSED
2025-05-11 15:27:16,062 - overlay - INFO - State changed: PLAYING -> PAUSED
2025-05-11 15:27:16,062 - overlay - INFO - State changed: PLAYING -> PAUSED
2025-05-11 15:27:16,062 - overlay - INFO - State changed: PLAYING -> PAUSED
2025-05-11 15:27:16,062 - overlay - INFO - State changed: PLAYING -> PAUSED
2025-05-11 15:27:16,062 - overlay - INFO - State changed: PLAYING -> PAUSED
2025-05-11 15:27:16,062 - overlay - INFO - State changed: PLAYING -> PAUSED
2025-05-11 15:27:16,062 - overlay - INFO - State changed: PLAYING -> PAUSED
2025-05-11 15:27:16,062 - overlay - INFO - State changed: PLAYING -> PAUSED
2025-05-11 15:27:16,063 - overlay - INFO - State changed: PLAYING -> PAUSED
2025-05-11 15:27:16,063 - overlay - INFO - State changed: PLAYING -> PAUSED
2025-05-11 15:27:16,063 - overlay - INFO - State changed: PLAYING -> PAUSED
2025-05-11 15:27:16,063 - overlay - INFO - State changed: PLAYING -> PAUSED
2025-05-11 15:27:16,063 - overlay - INFO - State changed: PLAYING -> PAUSED
2025-05-11 15:27:16,063 - overlay - INFO - State changed: PLAYING -> PAUSED
2025-05-11 15:27:16,063 - overlay - INFO - State changed: PLAYING -> PAUSED
2025-05-11 15:27:16,063 - overlay - INFO - State changed: PLAYING -> PAUSED
2025-05-11 15:27:16,064 - overlay - INFO - State changed: PLAYING -> PAUSED
2025-05-11 15:27:16,064 - overlay - INFO - State changed: PLAYING -> PAUSED
2025-05-11 15:27:16,064 - overlay - INFO - State changed: PLAYING -> PAUSED
2025-05-11 15:27:16,064 - overlay - INFO - State changed: PLAYING -> PAUSED
2025-05-11 15:27:16,064 - overlay - INFO - State changed: PLAYING -> PAUSED
2025-05-11 15:27:16,064 - overlay - INFO - State changed: PLAYING -> PAUSED
2025-05-11 15:27:16,064 - overlay - INFO - State changed: PLAYING -> PAUSED
2025-05-11 15:27:16,073 - overlay - INFO - State changed: PAUSED -> READY
2025-05-11 15:27:16,073 - overlay - INFO - State changed: PAUSED -> READY
2025-05-11 15:27:16,073 - overlay - INFO - State changed: PAUSED -> READY
2025-05-11 15:27:16,073 - overlay - INFO - State changed: PAUSED -> READY
2025-05-11 15:27:16,092 - overlay - INFO - State changed: PAUSED -> READY
2025-05-11 15:27:16,092 - overlay - INFO - State changed: PAUSED -> READY
2025-05-11 15:27:16,092 - overlay - INFO - State changed: PAUSED -> READY
2025-05-11 15:27:16,092 - overlay - INFO - State changed: PAUSED -> READY
2025-05-11 15:27:16,092 - overlay - INFO - State changed: PAUSED -> READY
2025-05-11 15:27:16,092 - overlay - INFO - State changed: PAUSED -> READY
2025-05-11 15:27:16,092 - overlay - INFO - State changed: PAUSED -> READY
2025-05-11 15:27:16,092 - overlay - INFO - State changed: PAUSED -> READY
2025-05-11 15:27:16,092 - overlay - INFO - State changed: PAUSED -> READY
2025-05-11 15:27:16,093 - overlay - INFO - State changed: PAUSED -> READY
2025-05-11 15:27:16,093 - overlay - INFO - State changed: PAUSED -> READY
2025-05-11 15:27:16,093 - overlay - INFO - State changed: PAUSED -> READY
2025-05-11 15:27:16,093 - overlay - INFO - State changed: PAUSED -> READY
2025-05-11 15:27:16,093 - overlay - INFO - State changed: PAUSED -> READY
2025-05-11 15:27:16,113 - overlay - INFO - State changed: PAUSED -> READY
2025-05-11 15:27:16,114 - overlay - INFO - State changed: PAUSED -> READY
2025-05-11 15:27:16,114 - overlay - INFO - State changed: PAUSED -> READY
2025-05-11 15:27:16,114 - overlay - INFO - State changed: PAUSED -> READY
2025-05-11 15:27:16,114 - overlay - INFO - State changed: PAUSED -> READY
2025-05-11 15:27:16,114 - overlay - INFO - State changed: READY -> NULL
2025-05-11 15:27:16,114 - overlay - INFO - State changed: READY -> NULL
2025-05-11 15:27:16,114 - overlay - INFO - State changed: READY -> NULL
2025-05-11 15:27:16,114 - overlay - INFO - State changed: READY -> NULL
2025-05-11 15:27:16,114 - overlay - INFO - State changed: PAUSED -> READY
2025-05-11 15:27:16,114 - overlay - INFO - State changed: PAUSED -> READY
2025-05-11 15:27:16,115 - overlay - INFO - State changed: PAUSED -> READY
2025-05-11 15:27:16,115 - overlay - INFO - State changed: PAUSED -> READY
2025-05-11 15:27:16,115 - overlay - INFO - State changed: PAUSED -> READY
2025-05-11 15:27:16,115 - overlay - INFO - State changed: PAUSED -> READY
2025-05-11 15:27:16,115 - overlay - INFO - State changed: PAUSED -> READY
2025-05-11 15:27:16,115 - overlay - INFO - State changed: PAUSED -> READY
2025-05-11 15:27:16,115 - overlay - INFO - State changed: PAUSED -> READY
2025-05-11 15:27:16,116 - overlay - INFO - State changed: READY -> NULL
2025-05-11 15:27:16,116 - overlay - INFO - State changed: PLAYING -> PAUSED
2025-05-11 15:27:16,116 - overlay - INFO - State changed: PAUSED -> READY
2025-05-11 15:27:16,116 - overlay - INFO - State changed: READY -> NULL
2025-05-11 15:27:16,116 - overlay - INFO - State changed: READY -> NULL
2025-05-11 15:27:16,116 - overlay - INFO - State changed: PLAYING -> PAUSED
2025-05-11 15:27:16,116 - overlay - INFO - State changed: PAUSED -> READY
2025-05-11 15:27:16,116 - overlay - INFO - State changed: READY -> NULL
2025-05-11 15:27:16,117 - overlay - INFO - State changed: PLAYING -> PAUSED
2025-05-11 15:27:16,117 - overlay - INFO - State changed: PAUSED -> READY
2025-05-11 15:27:16,117 - overlay - INFO - State changed: READY -> NULL
2025-05-11 15:27:16,117 - overlay - INFO - State changed: READY -> NULL
2025-05-11 15:27:16,117 - overlay - INFO - State changed: READY -> NULL
2025-05-11 15:27:16,117 - overlay - INFO - State changed: READY -> NULL
2025-05-11 15:27:16,117 - overlay - INFO - State changed: READY -> NULL
2025-05-11 15:27:16,117 - overlay - INFO - State changed: READY -> NULL
2025-05-11 15:27:16,117 - overlay - INFO - State changed: READY -> NULL
2025-05-11 15:27:16,118 - overlay - INFO - State changed: PAUSED -> READY
2025-05-11 15:27:16,118 - overlay - INFO - State changed: READY -> NULL
2025-05-11 15:27:16,119 - overlay - INFO - State changed: PAUSED -> READY
2025-05-11 15:27:16,131 - overlay - INFO - State changed: PAUSED -> READY
2025-05-11 15:27:16,131 - overlay - INFO - State changed: PAUSED -> READY
2025-05-11 15:27:16,131 - overlay - INFO - State changed: PAUSED -> READY
2025-05-11 15:27:16,131 - overlay - INFO - State changed: PAUSED -> READY
2025-05-11 15:27:16,131 - overlay - INFO - State changed: PAUSED -> READY
2025-05-11 15:27:16,132 - overlay - INFO - State changed: READY -> NULL
2025-05-11 15:27:16,132 - overlay - INFO - State changed: READY -> NULL
2025-05-11 15:27:16,132 - overlay - INFO - State changed: READY -> NULL
2025-05-11 15:27:16,132 - overlay - INFO - State changed: READY -> NULL
2025-05-11 15:27:16,132 - overlay - INFO - State changed: PAUSED -> READY
2025-05-11 15:27:16,132 - overlay - INFO - State changed: PAUSED -> READY
2025-05-11 15:27:16,132 - overlay - INFO - State changed: PAUSED -> READY
2025-05-11 15:27:16,132 - overlay - INFO - State changed: PAUSED -> READY
2025-05-11 15:27:16,132 - overlay - INFO - State changed: PAUSED -> READY
2025-05-11 15:27:16,133 - overlay - INFO - State changed: PAUSED -> READY
2025-05-11 15:27:16,133 - overlay - INFO - State changed: PAUSED -> READY
2025-05-11 15:27:16,133 - overlay - INFO - State changed: PAUSED -> READY
2025-05-11 15:27:16,133 - overlay - INFO - State changed: PAUSED -> READY
2025-05-11 15:27:16,133 - overlay - INFO - State changed: READY -> NULL
2025-05-11 15:27:16,133 - overlay - INFO - State changed: PLAYING -> PAUSED
2025-05-11 15:27:16,133 - overlay - INFO - State changed: PAUSED -> READY
2025-05-11 15:27:16,134 - overlay - INFO - State changed: READY -> NULL
2025-05-11 15:27:16,134 - overlay - INFO - State changed: READY -> NULL
2025-05-11 15:27:16,134 - overlay - INFO - State changed: PLAYING -> PAUSED
2025-05-11 15:27:16,134 - overlay - INFO - State changed: PAUSED -> READY
2025-05-11 15:27:16,134 - overlay - INFO - State changed: READY -> NULL
2025-05-11 15:27:16,134 - overlay - INFO - State changed: PLAYING -> PAUSED
2025-05-11 15:27:16,134 - overlay - INFO - State changed: PAUSED -> READY
2025-05-11 15:27:16,134 - overlay - INFO - State changed: READY -> NULL
2025-05-11 15:27:16,134 - overlay - INFO - State changed: READY -> NULL
2025-05-11 15:27:16,134 - overlay - INFO - State changed: READY -> NULL
2025-05-11 15:27:16,135 - overlay - INFO - State changed: READY -> NULL
2025-05-11 15:27:16,135 - overlay - INFO - State changed: READY -> NULL
2025-05-11 15:27:16,135 - overlay - INFO - State changed: READY -> NULL
2025-05-11 15:27:16,135 - overlay - INFO - State changed: READY -> NULL
2025-05-11 15:27:16,136 - overlay - INFO - State changed: PAUSED -> READY
2025-05-11 15:27:16,136 - overlay - INFO - State changed: READY -> NULL
2025-05-11 15:27:16,136 - overlay - INFO - State changed: PAUSED -> READY
2025-05-11 15:27:16,149 - overlay - INFO - State changed: PAUSED -> READY
2025-05-11 15:27:16,149 - overlay - INFO - State changed: PAUSED -> READY
2025-05-11 15:27:16,149 - overlay - INFO - State changed: PAUSED -> READY
2025-05-11 15:27:16,149 - overlay - INFO - State changed: PAUSED -> READY
2025-05-11 15:27:16,150 - overlay - INFO - State changed: PAUSED -> READY
2025-05-11 15:27:16,150 - overlay - INFO - State changed: READY -> NULL
2025-05-11 15:27:16,150 - overlay - INFO - State changed: READY -> NULL
2025-05-11 15:27:16,150 - overlay - INFO - State changed: READY -> NULL
2025-05-11 15:27:16,150 - overlay - INFO - State changed: READY -> NULL
2025-05-11 15:27:16,150 - overlay - INFO - State changed: PAUSED -> READY
2025-05-11 15:27:16,150 - overlay - INFO - State changed: PAUSED -> READY
2025-05-11 15:27:16,150 - overlay - INFO - State changed: PAUSED -> READY
2025-05-11 15:27:16,150 - overlay - INFO - State changed: PAUSED -> READY
2025-05-11 15:27:16,151 - overlay - INFO - State changed: PAUSED -> READY
2025-05-11 15:27:16,151 - overlay - INFO - State changed: PAUSED -> READY
2025-05-11 15:27:16,151 - overlay - INFO - State changed: PAUSED -> READY
2025-05-11 15:27:16,151 - overlay - INFO - State changed: PAUSED -> READY
2025-05-11 15:27:16,151 - overlay - INFO - State changed: PAUSED -> READY
2025-05-11 15:27:16,152 - overlay - INFO - State changed: READY -> NULL
2025-05-11 15:27:16,153 - overlay - INFO - State changed: PLAYING -> PAUSED
2025-05-11 15:27:16,153 - overlay - INFO - State changed: PAUSED -> READY
2025-05-11 15:27:16,153 - overlay - INFO - State changed: READY -> NULL
2025-05-11 15:27:16,153 - overlay - INFO - State changed: READY -> NULL
2025-05-11 15:27:16,153 - overlay - INFO - State changed: PLAYING -> PAUSED
2025-05-11 15:27:16,153 - overlay - INFO - State changed: PAUSED -> READY
2025-05-11 15:27:16,153 - overlay - INFO - State changed: READY -> NULL
2025-05-11 15:27:16,153 - overlay - INFO - State changed: PLAYING -> PAUSED
2025-05-11 15:27:16,153 - overlay - INFO - State changed: PAUSED -> READY
2025-05-11 15:27:16,153 - overlay - INFO - State changed: READY -> NULL
2025-05-11 15:27:16,154 - overlay - INFO - State changed: READY -> NULL
2025-05-11 15:27:16,154 - overlay - INFO - State changed: READY -> NULL
2025-05-11 15:27:16,154 - overlay - INFO - State changed: READY -> NULL
2025-05-11 15:27:16,154 - overlay - INFO - State changed: READY -> NULL
2025-05-11 15:27:16,154 - overlay - INFO - State changed: READY -> NULL
2025-05-11 15:27:16,154 - overlay - INFO - State changed: READY -> NULL
2025-05-11 15:27:16,155 - overlay - INFO - State changed: PAUSED -> READY
2025-05-11 15:27:16,155 - overlay - INFO - State changed: READY -> NULL
2025-05-11 15:27:16,155 - overlay - INFO - State changed: PAUSED -> READY
2025-05-11 15:27:16,168 - overlay - INFO - State changed: PAUSED -> READY
2025-05-11 15:27:16,169 - overlay - INFO - State changed: PAUSED -> READY
2025-05-11 15:27:16,169 - overlay - INFO - State changed: PAUSED -> READY
2025-05-11 15:27:16,169 - overlay - INFO - State changed: PAUSED -> READY
2025-05-11 15:27:16,169 - overlay - INFO - State changed: PAUSED -> READY
2025-05-11 15:27:16,169 - overlay - INFO - State changed: READY -> NULL
2025-05-11 15:27:16,169 - overlay - INFO - State changed: READY -> NULL
2025-05-11 15:27:16,169 - overlay - INFO - State changed: READY -> NULL
2025-05-11 15:27:16,169 - overlay - INFO - State changed: READY -> NULL
2025-05-11 15:27:16,170 - overlay - INFO - State changed: PAUSED -> READY
2025-05-11 15:27:16,170 - overlay - INFO - State changed: PAUSED -> READY
2025-05-11 15:27:16,170 - overlay - INFO - State changed: PAUSED -> READY
2025-05-11 15:27:16,170 - overlay - INFO - State changed: PAUSED -> READY
2025-05-11 15:27:16,170 - overlay - INFO - State changed: PAUSED -> READY
2025-05-11 15:27:16,170 - overlay - INFO - State changed: PAUSED -> READY
2025-05-11 15:27:16,170 - overlay - INFO - State changed: PAUSED -> READY
2025-05-11 15:27:16,170 - overlay - INFO - State changed: PAUSED -> READY
2025-05-11 15:27:16,171 - overlay - INFO - State changed: PAUSED -> READY
2025-05-11 15:27:16,171 - overlay - INFO - State changed: READY -> NULL
2025-05-11 15:27:16,171 - overlay - INFO - State changed: PLAYING -> PAUSED
2025-05-11 15:27:16,172 - overlay - INFO - State changed: PAUSED -> READY
2025-05-11 15:27:16,172 - overlay - INFO - State changed: READY -> NULL
2025-05-11 15:27:16,172 - overlay - INFO - State changed: READY -> NULL
2025-05-11 15:27:16,172 - overlay - INFO - State changed: PLAYING -> PAUSED
2025-05-11 15:27:16,172 - overlay - INFO - State changed: PAUSED -> READY
2025-05-11 15:27:16,172 - overlay - INFO - State changed: READY -> NULL
2025-05-11 15:27:16,172 - overlay - INFO - State changed: PLAYING -> PAUSED
2025-05-11 15:27:16,174 - overlay - INFO - Pipeline fully stopped and resources released
