2025-04-27 22:44:18,898 - overlay - INFO - Fetching all CameraURLs records
2025-04-27 22:44:18,908 - recording_session - INFO - 🚀 SlowMoWorker started
2025-04-27 22:44:18,909 - overlay - INFO - Fetching all CameraURLs records
2025-04-27 22:44:18,914 - recording_session - INFO - 🧹 Cleanup done. Deleted 0 files.
2025-04-27 22:44:18,932 - recording_session - INFO - 🎥 Recording thread started for camera 1
2025-04-27 22:44:18,935 - overlay - INFO - Started recording for camera 1: rtsp://192.168.100.150:8547/h264
2025-04-27 22:44:18,944 - recording_session - INFO - 🎥 Recording thread started for camera 2
2025-04-27 22:44:18,945 - overlay - INFO - Started recording for camera 2: rtsp://192.168.100.150:8547/h264
2025-04-27 22:44:18,948 - recording_session - INFO - 🧪 Starting GStreamer pipeline for camera 1
2025-04-27 22:44:18,948 - recording_session - INFO - 🧪 Starting GStreamer pipeline for camera 2
2025-04-27 22:44:18,950 - recording_session - INFO - ✅ Pipeline set to PLAYING for camera 1
2025-04-27 22:44:18,950 - recording_session - INFO - ✅ Pipeline set to PLAYING for camera 2
2025-04-27 22:44:18,960 - recording_session - INFO - 🎥 Recording thread started for camera 3
2025-04-27 22:44:18,960 - overlay - INFO - Started recording for camera 3: rtsp://192.168.100.150:8547/h264
2025-04-27 22:44:18,967 - recording_session - INFO - 🧪 Starting GStreamer pipeline for camera 3
2025-04-27 22:44:18,969 - recording_session - INFO - ✅ Pipeline set to PLAYING for camera 3
2025-04-27 22:44:18,978 - recording_session - INFO - 🎥 Recording thread started for camera 4
2025-04-27 22:44:18,978 - overlay - INFO - Started recording for camera 4: rtsp://192.168.100.150:8547/h264
2025-04-27 22:44:18,981 - recording_session - INFO - 🧪 Starting GStreamer pipeline for camera 4
2025-04-27 22:44:18,984 - recording_session - INFO - ✅ Pipeline set to PLAYING for camera 4
2025-04-27 22:44:19,001 - recording_session - INFO - 🔌 pad-added signal for camera 3
2025-04-27 22:44:19,001 - recording_session - INFO - 🔗 Linked rtspsrc pad to depay for camera 3
