2025-05-19 13:01:46,755 - overlay - INFO - Fetching all CameraURLs records
2025-05-19 13:01:46,887 - recording_session - INFO - ðŸš€ SlowMoWorkers started: 4 threads
2025-05-19 13:01:46,888 - overlay - INFO - Fetching all CameraURLs records
2025-05-19 13:01:46,901 - recording_session - INFO - ðŸŽ¥ Recording thread started for camera 1
2025-05-19 13:01:46,902 - overlay - INFO - Started recording for camera 1: rtsp://192.168.100.150:8547/h264
2025-05-19 13:01:46,916 - recording_session - INFO - ðŸŽ¥ Recording thread started for camera 2
2025-05-19 13:01:46,917 - overlay - INFO - Started recording for camera 2: rtsp://192.168.100.150:8547/h264
2025-05-19 13:01:46,927 - recording_session - INFO - ðŸŽ¥ Recording thread started for camera 3
2025-05-19 13:01:46,927 - overlay - INFO - Started recording for camera 3: rtsp://192.168.100.150:8547/h264
2025-05-19 13:01:46,938 - recording_session - INFO - ðŸŽ¥ Recording thread started for camera 4
2025-05-19 13:01:46,938 - overlay - INFO - Started recording for camera 4: rtsp://192.168.100.150:8547/h264
2025-05-19 13:01:46,952 - recording_session - INFO - ðŸ§ª Starting GStreamer pipeline for camera 3
2025-05-19 13:01:46,954 - recording_session - INFO - ðŸ§ª Starting GStreamer pipeline for camera 2
2025-05-19 13:01:46,956 - recording_session - INFO - ðŸ§ª Starting GStreamer pipeline for camera 1
2025-05-19 13:01:46,956 - recording_session - INFO - ðŸ§ª Starting GStreamer pipeline for camera 4
2025-05-19 13:01:47,045 - recording_session - INFO - âœ… Pipeline PLAYING for camera 3
2025-05-19 13:01:47,052 - recording_session - INFO - âœ… Pipeline PLAYING for camera 2
2025-05-19 13:01:47,055 - recording_session - INFO - âœ… Pipeline PLAYING for camera 4
2025-05-19 13:01:47,128 - recording_session - INFO - âœ… Pipeline PLAYING for camera 1
2025-05-19 13:01:47,305 - recording_session - INFO - âœ… Linked rtspsrc â†’ depay for camera 4
2025-05-19 13:01:47,306 - recording_session - INFO - âœ… Linked rtspsrc â†’ depay for camera 3
2025-05-19 13:01:47,306 - recording_session - INFO - âœ… Linked rtspsrc â†’ depay for camera 1
2025-05-19 13:01:47,306 - recording_session - INFO - âœ… Linked rtspsrc â†’ depay for camera 2
2025-05-19 13:01:47,323 - recording_session - INFO - ðŸ“ Started recording chunk: /var/www/html/public/assets/uploads/CAM4/2025-05-19/1747641707.mp4
2025-05-19 13:01:47,336 - recording_session - INFO - ðŸ“ Started recording chunk: /var/www/html/public/assets/uploads/CAM3/2025-05-19/1747641707.mp4
2025-05-19 13:01:47,353 - recording_session - INFO - ðŸ“ Started recording chunk: /var/www/html/public/assets/uploads/CAM1/2025-05-19/1747641707.mp4
2025-05-19 13:01:47,374 - recording_session - INFO - ðŸ“ Started recording chunk: /var/www/html/public/assets/uploads/CAM2/2025-05-19/1747641707.mp4
2025-05-19 13:01:57,390 - overlay - INFO - Fetching all graphics records
2025-05-19 13:01:57,391 - overlay - INFO - Fetching all CameraURLs records
2025-05-19 13:01:57,397 - overlay - INFO - Found 1 graphics records
2025-05-19 13:01:57,399 - overlay - INFO - Found 4 CameraURLs records
2025-05-19 13:01:57,509 - overlay - INFO - Fetching graphics with ID: 1
2025-05-19 13:01:57,509 - overlay - INFO - Fetching gamestats with ID: 1
2025-05-19 13:01:57,555 - overlay - INFO - Fetching graphics with ID: 1
2025-05-19 13:02:16,634 - overlay - INFO - Loaded stream target (ID: 1): srt => srt://origin-v2.vewbie.com:7010
2025-05-19 13:02:16,738 - overlay - ERROR - Unexpected error: 
2025-05-19 13:02:29,509 - recording_session - INFO - Finalizing chunk: /var/www/html/public/assets/uploads/CAM2/2025-05-19/1747641707.mp4
2025-05-19 13:02:29,718 - recording_session - INFO - ðŸ“¤ Enqueuing for slow motion: /var/www/html/public/assets/uploads/CAM2/2025-05-19/1747641707.mp4
2025-05-19 13:02:29,801 - recording_session - INFO - Finalizing chunk: /var/www/html/public/assets/uploads/CAM1/2025-05-19/1747641707.mp4
