2025-04-27 22:54:52,151 - overlay - INFO - Fetching all CameraURLs records
2025-04-27 22:54:52,160 - recording_session - INFO - 🚀 SlowMoWorker started
2025-04-27 22:54:52,161 - overlay - INFO - Fetching all CameraURLs records
2025-04-27 22:54:52,176 - recording_session - INFO - 🧹 Cleanup done. Deleted 0 files.
2025-04-27 22:54:52,189 - recording_session - INFO - 🎥 Recording thread started for camera 1
2025-04-27 22:54:52,191 - overlay - INFO - Started recording for camera 1: rtsp://192.168.100.150:8547/h264
2025-04-27 22:54:52,203 - recording_session - INFO - 🎥 Recording thread started for camera 2
2025-04-27 22:54:52,203 - overlay - INFO - Started recording for camera 2: rtsp://192.168.100.150:8547/h264
2025-04-27 22:54:52,204 - recording_session - INFO - 🧪 Starting GStreamer pipeline for camera 2
2025-04-27 22:54:52,204 - recording_session - INFO - 🧪 Starting GStreamer pipeline for camera 1
2025-04-27 22:54:52,206 - recording_session - INFO - ✅ Pipeline set to PLAYING for camera 2
2025-04-27 22:54:52,215 - recording_session - INFO - ✅ Pipeline set to PLAYING for camera 1
2025-04-27 22:54:52,224 - recording_session - INFO - 🎥 Recording thread started for camera 3
2025-04-27 22:54:52,224 - overlay - INFO - Started recording for camera 3: rtsp://192.168.100.150:8547/h264
2025-04-27 22:54:52,226 - recording_session - INFO - 🧪 Starting GStreamer pipeline for camera 3
2025-04-27 22:54:52,228 - recording_session - INFO - ✅ Pipeline set to PLAYING for camera 3
2025-04-27 22:54:52,235 - recording_session - INFO - 🎥 Recording thread started for camera 4
2025-04-27 22:54:52,235 - overlay - INFO - Started recording for camera 4: rtsp://192.168.100.150:8547/h264
2025-04-27 22:54:52,241 - recording_session - INFO - 🧪 Starting GStreamer pipeline for camera 4
2025-04-27 22:54:52,244 - recording_session - INFO - ✅ Pipeline set to PLAYING for camera 4
2025-04-27 22:54:52,261 - recording_session - INFO - 🔌 pad-added signal for camera 3
2025-04-27 22:54:52,262 - recording_session - INFO - 🔗 Linked rtspsrc pad to depay for camera 3
