2025-04-27 22:56:22,391 - overlay - INFO - Fetching all CameraURLs records
2025-04-27 22:56:22,401 - recording_session - INFO - 🚀 SlowMoWorker started
2025-04-27 22:56:22,412 - overlay - INFO - Fetching all CameraURLs records
2025-04-27 22:56:22,421 - recording_session - INFO - 🧹 Cleanup done. Deleted 0 files.
2025-04-27 22:56:22,437 - recording_session - INFO - 🎥 Recording thread started for camera 1
2025-04-27 22:56:22,445 - overlay - INFO - Started recording for camera 1: rtsp://192.168.100.150:8547/h264
2025-04-27 22:56:22,455 - recording_session - INFO - 🎥 Recording thread started for camera 2
2025-04-27 22:56:22,456 - overlay - INFO - Started recording for camera 2: rtsp://192.168.100.150:8547/h264
2025-04-27 22:56:22,465 - recording_session - INFO - 🎥 Recording thread started for camera 3
2025-04-27 22:56:22,465 - overlay - INFO - Started recording for camera 3: rtsp://192.168.100.150:8547/h264
2025-04-27 22:56:22,467 - recording_session - INFO - 🧪 Starting GStreamer pipeline for camera 1
2025-04-27 22:56:22,467 - recording_session - INFO - 🧪 Starting GStreamer pipeline for camera 2
2025-04-27 22:56:22,468 - recording_session - INFO - 🧪 Starting GStreamer pipeline for camera 3
2025-04-27 22:56:22,469 - recording_session - INFO - ✅ Pipeline set to PLAYING for camera 2
2025-04-27 22:56:22,470 - recording_session - INFO - ✅ Pipeline set to PLAYING for camera 1
2025-04-27 22:56:22,470 - recording_session - INFO - ✅ Pipeline set to PLAYING for camera 3
2025-04-27 22:56:22,480 - recording_session - INFO - 🎥 Recording thread started for camera 4
2025-04-27 22:56:22,480 - overlay - INFO - Started recording for camera 4: rtsp://192.168.100.150:8547/h264
2025-04-27 22:56:22,487 - recording_session - INFO - 🧪 Starting GStreamer pipeline for camera 4
2025-04-27 22:56:22,490 - recording_session - INFO - ✅ Pipeline set to PLAYING for camera 4
2025-04-27 22:56:22,517 - recording_session - INFO - 🔌 pad-added signal for camera 3
2025-04-27 22:56:22,519 - recording_session - INFO - 🔗 Linked rtspsrc pad to depay for camera 3
