2025-05-26 16:22:03,911 - overlay - INFO - Fetching all CameraURLs records
2025-05-26 16:22:04,274 - recording_session - INFO - 🚀 SlowMoWorkers started: 4 threads
2025-05-26 16:22:04,274 - overlay - INFO - Fetching all CameraURLs records
2025-05-26 16:22:04,308 - recording_session - INFO - 🎥 Recording thread started for camera 1
2025-05-26 16:22:04,309 - overlay - INFO - Started recording for camera 1: rtsp://192.168.100.150:8547/h264
2025-05-26 16:22:04,329 - recording_session - INFO - 🎥 Recording thread started for camera 2
2025-05-26 16:22:04,329 - overlay - INFO - Started recording for camera 2: rtsp://192.168.100.150:8547/h264
2025-05-26 16:22:04,345 - recording_session - INFO - 🎥 Recording thread started for camera 3
2025-05-26 16:22:04,345 - overlay - INFO - Started recording for camera 3: rtsp://192.168.100.150:8547/h264
2025-05-26 16:22:04,358 - recording_session - INFO - 🎥 Recording thread started for camera 4
2025-05-26 16:22:04,358 - overlay - INFO - Started recording for camera 4: rtsp://192.168.100.150:8547/h264
2025-05-26 16:22:04,377 - overlay - INFO - Deleted old file: /var/www/html/public/assets/uploads/CAM1/2025-05-19/1747675045.mp4
2025-05-26 16:22:04,385 - recording_session - INFO - 🧪 Starting GStreamer pipeline for camera 2
2025-05-26 16:22:04,385 - recording_session - INFO - 🧪 Starting GStreamer pipeline for camera 4
2025-05-26 16:22:04,386 - recording_session - INFO - 🧪 Starting GStreamer pipeline for camera 1
2025-05-26 16:22:04,386 - recording_session - INFO - 🧪 Starting GStreamer pipeline for camera 3
2025-05-26 16:22:04,390 - recording_session - INFO - ✅ Pipeline PLAYING for camera 1
2025-05-26 16:22:04,391 - recording_session - INFO - ✅ Pipeline PLAYING for camera 4
2025-05-26 16:22:04,392 - recording_session - INFO - ✅ Pipeline PLAYING for camera 3
2025-05-26 16:22:04,397 - recording_session - INFO - ✅ Pipeline PLAYING for camera 2
2025-05-26 16:25:18,564 - overlay - INFO - Fetching all graphics records
2025-05-26 16:25:18,565 - overlay - INFO - Fetching all CameraURLs records
2025-05-26 16:25:18,569 - overlay - INFO - Found 1 graphics records
2025-05-26 16:25:18,572 - overlay - INFO - Found 4 CameraURLs records
2025-05-26 16:25:20,831 - overlay - INFO - Fetching gamestats with ID: 1
2025-05-26 16:25:20,838 - overlay - INFO - Fetching graphics with ID: 1
2025-05-26 16:25:21,051 - overlay - INFO - Fetching graphics with ID: 1
2025-05-26 16:25:43,417 - overlay - INFO - Fetching gamestats with ID: 1
2025-05-26 16:25:43,726 - overlay - INFO - Updating gamestats with ID: 1
2025-05-26 16:25:43,726 - overlay - INFO - Fetching gamestats with ID: 1
2025-05-26 16:25:43,731 - overlay - INFO - GameStats updated successfully: 1
2025-05-26 16:25:47,986 - overlay - INFO - Updating gamestats with ID: 1
2025-05-26 16:25:47,986 - overlay - INFO - Fetching gamestats with ID: 1
2025-05-26 16:25:47,999 - overlay - INFO - GameStats updated successfully: 1
