2025-04-27 23:01:54,914 - overlay - INFO - Fetching all CameraURLs records
2025-04-27 23:01:54,924 - recording_session - INFO - 🚀 SlowMoWorker started
2025-04-27 23:01:54,925 - overlay - INFO - Fetching all CameraURLs records
2025-04-27 23:01:54,938 - recording_session - INFO - 🧹 Cleanup done. Deleted 0 files.
2025-04-27 23:01:54,966 - recording_session - INFO - 🎥 Recording thread started for camera 1
2025-04-27 23:01:54,968 - overlay - INFO - Started recording for camera 1: rtsp://192.168.100.150:8547/h264
2025-04-27 23:01:54,982 - recording_session - INFO - 🧪 Starting GStreamer pipeline for camera 1
2025-04-27 23:01:54,983 - recording_session - INFO - ✅ Pipeline set to PLAYING for camera 1
2025-04-27 23:01:54,998 - recording_session - INFO - 🎥 Recording thread started for camera 2
2025-04-27 23:01:54,999 - overlay - INFO - Started recording for camera 2: rtsp://192.168.100.150:8547/h264
2025-04-27 23:01:55,002 - recording_session - INFO - 🧪 Starting GStreamer pipeline for camera 2
2025-04-27 23:01:55,004 - recording_session - INFO - ✅ Pipeline set to PLAYING for camera 2
2025-04-27 23:01:55,009 - recording_session - INFO - 🎥 Recording thread started for camera 3
2025-04-27 23:01:55,009 - overlay - INFO - Started recording for camera 3: rtsp://192.168.100.150:8547/h264
2025-04-27 23:01:55,010 - recording_session - INFO - 🧪 Starting GStreamer pipeline for camera 3
2025-04-27 23:01:55,011 - recording_session - INFO - ✅ Pipeline set to PLAYING for camera 3
2025-04-27 23:01:55,021 - recording_session - INFO - 🎥 Recording thread started for camera 4
2025-04-27 23:01:55,022 - overlay - INFO - Started recording for camera 4: rtsp://192.168.100.150:8547/h264
2025-04-27 23:01:55,023 - recording_session - INFO - 🧪 Starting GStreamer pipeline for camera 4
2025-04-27 23:01:55,025 - recording_session - INFO - ✅ Pipeline set to PLAYING for camera 4
2025-04-27 23:01:55,030 - recording_session - INFO - 🔌 pad-added signal for camera 1
2025-04-27 23:01:55,033 - recording_session - INFO - 🔗 Linked rtspsrc pad to depay for camera 1
2025-04-27 23:01:55,041 - recording_session - INFO - 🔌 pad-added signal for camera 2
2025-04-27 23:01:55,041 - recording_session - INFO - 🔗 Linked rtspsrc pad to depay for camera 2
2025-04-27 23:01:55,061 - recording_session - INFO - 🔌 pad-added signal for camera 4
2025-04-27 23:01:55,061 - recording_session - INFO - 🔗 Linked rtspsrc pad to depay for camera 4
