2025-04-28 18:46:49,778 - overlay - INFO - Fetching all CameraURLs records
2025-04-28 18:46:49,789 - recording_session - INFO - 🚀 SlowMoWorkers started: 4 threads
2025-04-28 18:46:49,789 - overlay - INFO - Fetching all CameraURLs records
2025-04-28 18:46:49,791 - recording_session - INFO - 🧹 Cleanup done. Deleted 0 files.
2025-04-28 18:46:49,800 - recording_session - INFO - 🎥 Recording thread started for camera 1
2025-04-28 18:46:49,803 - overlay - INFO - Started recording for camera 1: rtsp://192.168.100.150:8547/h264
2025-04-28 18:46:49,852 - recording_session - INFO - 🎥 Recording thread started for camera 2
2025-04-28 18:46:49,852 - overlay - INFO - Started recording for camera 2: rtsp://192.168.100.150:8547/h264
2025-04-28 18:46:49,863 - recording_session - INFO - 🎥 Recording thread started for camera 3
2025-04-28 18:46:49,863 - overlay - INFO - Started recording for camera 3: rtsp://192.168.100.150:8547/h264
2025-04-28 18:46:49,876 - recording_session - INFO - 🎥 Recording thread started for camera 4
2025-04-28 18:46:49,876 - overlay - INFO - Started recording for camera 4: rtsp://192.168.100.150:8547/h264
2025-04-28 18:46:49,886 - recording_session - INFO - 🧪 Starting GStreamer pipeline for camera 1
2025-04-28 18:46:49,886 - recording_session - INFO - 🧪 Starting GStreamer pipeline for camera 3
2025-04-28 18:46:49,887 - recording_session - INFO - 🧪 Starting GStreamer pipeline for camera 4
2025-04-28 18:46:49,887 - recording_session - INFO - 🧪 Starting GStreamer pipeline for camera 2
2025-04-28 18:46:49,889 - recording_session - INFO - ✅ Pipeline set to PLAYING for camera 3
2025-04-28 18:46:49,889 - recording_session - INFO - ✅ Pipeline set to PLAYING for camera 1
2025-04-28 18:46:49,889 - recording_session - INFO - ✅ Pipeline set to PLAYING for camera 4
2025-04-28 18:46:49,889 - recording_session - INFO - ✅ Pipeline set to PLAYING for camera 2
2025-04-28 18:46:50,853 - recording_session - INFO - 📊 RAM Usage: 2.1% | CPU: 4.7%
