2025-04-27 22:51:27,894 - overlay - INFO - Fetching all CameraURLs records
2025-04-27 22:51:27,905 - recording_session - INFO - 🚀 SlowMoWorker started
2025-04-27 22:51:27,906 - overlay - INFO - Fetching all CameraURLs records
2025-04-27 22:51:27,924 - recording_session - INFO - 🧹 Cleanup done. Deleted 0 files.
2025-04-27 22:51:27,925 - recording_session - INFO - 🎥 Recording thread started for camera 1
2025-04-27 22:51:27,927 - overlay - INFO - Started recording for camera 1: rtsp://192.168.100.150:8547/h264
2025-04-27 22:51:27,938 - recording_session - INFO - 🎥 Recording thread started for camera 2
2025-04-27 22:51:27,938 - overlay - INFO - Started recording for camera 2: rtsp://192.168.100.150:8547/h264
2025-04-27 22:51:27,940 - recording_session - INFO - 🧪 Starting GStreamer pipeline for camera 1
2025-04-27 22:51:27,941 - recording_session - INFO - 🧪 Starting GStreamer pipeline for camera 2
2025-04-27 22:51:27,942 - recording_session - INFO - ✅ Pipeline set to PLAYING for camera 1
2025-04-27 22:51:27,943 - recording_session - INFO - ✅ Pipeline set to PLAYING for camera 2
2025-04-27 22:51:27,952 - recording_session - INFO - 🎥 Recording thread started for camera 3
2025-04-27 22:51:27,958 - overlay - INFO - Started recording for camera 3: rtsp://192.168.100.150:8547/h264
2025-04-27 22:51:27,961 - recording_session - INFO - 🧪 Starting GStreamer pipeline for camera 3
2025-04-27 22:51:27,962 - recording_session - INFO - ✅ Pipeline set to PLAYING for camera 3
2025-04-27 22:51:27,968 - recording_session - INFO - 🎥 Recording thread started for camera 4
2025-04-27 22:51:27,969 - overlay - INFO - Started recording for camera 4: rtsp://192.168.100.150:8547/h264
2025-04-27 22:51:27,971 - recording_session - INFO - 🧪 Starting GStreamer pipeline for camera 4
2025-04-27 22:51:27,973 - recording_session - INFO - ✅ Pipeline set to PLAYING for camera 4
2025-04-27 22:51:27,995 - recording_session - INFO - 🔌 pad-added signal for camera 3
2025-04-27 22:51:27,996 - recording_session - INFO - 🔗 Linked rtspsrc pad to depay for camera 3
