2025-04-27 22:53:45,643 - overlay - INFO - Fetching all CameraURLs records
2025-04-27 22:53:45,654 - recording_session - INFO - 🚀 SlowMoWorker started
2025-04-27 22:53:45,655 - overlay - INFO - Fetching all CameraURLs records
2025-04-27 22:53:45,666 - recording_session - INFO - 🧹 Cleanup done. Deleted 0 files.
2025-04-27 22:53:45,676 - recording_session - INFO - 🎥 Recording thread started for camera 1
2025-04-27 22:53:45,678 - overlay - INFO - Started recording for camera 1: rtsp://192.168.100.150:8547/h264
2025-04-27 22:53:45,688 - recording_session - INFO - 🎥 Recording thread started for camera 2
2025-04-27 22:53:45,688 - overlay - INFO - Started recording for camera 2: rtsp://192.168.100.150:8547/h264
2025-04-27 22:53:45,692 - recording_session - INFO - 🧪 Starting GStreamer pipeline for camera 1
2025-04-27 22:53:45,692 - recording_session - INFO - 🧪 Starting GStreamer pipeline for camera 2
2025-04-27 22:53:45,694 - recording_session - INFO - ✅ Pipeline set to PLAYING for camera 1
2025-04-27 22:53:45,694 - recording_session - INFO - ✅ Pipeline set to PLAYING for camera 2
2025-04-27 22:53:45,716 - recording_session - INFO - 🎥 Recording thread started for camera 3
2025-04-27 22:53:45,717 - overlay - INFO - Started recording for camera 3: rtsp://192.168.100.150:8547/h264
2025-04-27 22:53:45,727 - recording_session - INFO - 🧪 Starting GStreamer pipeline for camera 3
2025-04-27 22:53:45,729 - recording_session - INFO - ✅ Pipeline set to PLAYING for camera 3
2025-04-27 22:53:45,734 - recording_session - INFO - 🎥 Recording thread started for camera 4
2025-04-27 22:53:45,734 - overlay - INFO - Started recording for camera 4: rtsp://192.168.100.150:8547/h264
2025-04-27 22:53:45,738 - recording_session - INFO - 🧪 Starting GStreamer pipeline for camera 4
2025-04-27 22:53:45,740 - recording_session - INFO - ✅ Pipeline set to PLAYING for camera 4
2025-04-27 22:53:45,768 - recording_session - INFO - 🔌 pad-added signal for camera 4
2025-04-27 22:53:45,769 - recording_session - INFO - 🔗 Linked rtspsrc pad to depay for camera 4
