2025-04-27 22:37:45,145 - overlay - INFO - Fetching all CameraURLs records
2025-04-27 22:37:45,154 - recording_session - INFO - 🚀 SlowMoWorker started
2025-04-27 22:37:45,155 - overlay - INFO - Fetching all CameraURLs records
2025-04-27 22:37:45,171 - recording_session - INFO - 🧹 Cleanup done. Deleted 0 files.
2025-04-27 22:37:45,196 - recording_session - INFO - 🎥 Recording thread started for camera 1
2025-04-27 22:37:45,198 - overlay - INFO - Started recording for camera 1: rtsp://192.168.100.150:8547/h264
2025-04-27 22:37:45,212 - recording_session - INFO - 🧪 Starting GStreamer pipeline for camera 1
2025-04-27 22:37:45,214 - recording_session - INFO - ✅ Pipeline set to PLAYING for camera 1
2025-04-27 22:37:45,230 - recording_session - INFO - 🎥 Recording thread started for camera 2
2025-04-27 22:37:45,230 - overlay - INFO - Started recording for camera 2: rtsp://192.168.100.150:8547/h264
2025-04-27 22:37:45,233 - recording_session - INFO - 🧪 Starting GStreamer pipeline for camera 2
2025-04-27 22:37:45,235 - recording_session - INFO - ✅ Pipeline set to PLAYING for camera 2
2025-04-27 22:37:45,242 - recording_session - INFO - 🎥 Recording thread started for camera 3
2025-04-27 22:37:45,242 - overlay - INFO - Started recording for camera 3: rtsp://192.168.100.150:8547/h264
2025-04-27 22:37:45,243 - recording_session - INFO - 🧪 Starting GStreamer pipeline for camera 3
2025-04-27 22:37:45,247 - recording_session - INFO - ✅ Pipeline set to PLAYING for camera 3
2025-04-27 22:37:45,253 - recording_session - INFO - 🎥 Recording thread started for camera 4
2025-04-27 22:37:45,254 - overlay - INFO - Started recording for camera 4: rtsp://192.168.100.150:8547/h264
2025-04-27 22:37:45,257 - recording_session - INFO - 🧪 Starting GStreamer pipeline for camera 4
2025-04-27 22:37:45,260 - recording_session - INFO - ✅ Pipeline set to PLAYING for camera 4
2025-04-27 22:37:45,328 - recording_session - INFO - 🔌 pad-added signal for camera 3
2025-04-27 22:37:45,330 - recording_session - INFO - 🔗 Linked rtspsrc pad to depay for camera 3
2025-04-27 22:37:45,356 - recording_session - INFO - 🔌 pad-added signal for camera 4
2025-04-27 22:37:45,356 - recording_session - INFO - 🔗 Linked rtspsrc pad to depay for camera 4
