2025-04-27 22:38:13,625 - overlay - INFO - Fetching all CameraURLs records
2025-04-27 22:38:13,634 - recording_session - INFO - 🚀 SlowMoWorker started
2025-04-27 22:38:13,636 - overlay - INFO - Fetching all CameraURLs records
2025-04-27 22:38:13,641 - recording_session - INFO - 🧹 Cleanup done. Deleted 0 files.
2025-04-27 22:38:13,664 - recording_session - INFO - 🎥 Recording thread started for camera 1
2025-04-27 22:38:13,665 - overlay - INFO - Started recording for camera 1: rtsp://192.168.100.150:8547/h264
2025-04-27 22:38:13,675 - recording_session - INFO - 🎥 Recording thread started for camera 2
2025-04-27 22:38:13,676 - overlay - INFO - Started recording for camera 2: rtsp://192.168.100.150:8547/h264
2025-04-27 22:38:13,683 - recording_session - INFO - 🎥 Recording thread started for camera 3
2025-04-27 22:38:13,684 - overlay - INFO - Started recording for camera 3: rtsp://192.168.100.150:8547/h264
2025-04-27 22:38:13,687 - recording_session - INFO - 🧪 Starting GStreamer pipeline for camera 2
2025-04-27 22:38:13,687 - recording_session - INFO - 🧪 Starting GStreamer pipeline for camera 3
2025-04-27 22:38:13,687 - recording_session - INFO - 🧪 Starting GStreamer pipeline for camera 1
2025-04-27 22:38:13,689 - recording_session - INFO - ✅ Pipeline set to PLAYING for camera 3
2025-04-27 22:38:13,690 - recording_session - INFO - ✅ Pipeline set to PLAYING for camera 1
2025-04-27 22:38:13,697 - recording_session - INFO - ✅ Pipeline set to PLAYING for camera 2
2025-04-27 22:38:13,699 - recording_session - INFO - 🎥 Recording thread started for camera 4
2025-04-27 22:38:13,699 - overlay - INFO - Started recording for camera 4: rtsp://192.168.100.150:8547/h264
2025-04-27 22:38:13,708 - recording_session - INFO - 🧪 Starting GStreamer pipeline for camera 4
2025-04-27 22:38:13,710 - recording_session - INFO - ✅ Pipeline set to PLAYING for camera 4
2025-04-27 22:38:13,742 - recording_session - INFO - 🔌 pad-added signal for camera 4
2025-04-27 22:38:13,743 - recording_session - INFO - 🔗 Linked rtspsrc pad to depay for camera 4
