2025-05-11 15:25:48,297 - overlay - INFO - Fetching all CameraURLs records
2025-05-11 15:25:48,308 - recording_session - INFO - 🚀 SlowMoWorkers started: 4 threads
2025-05-11 15:25:48,309 - overlay - INFO - Fetching all CameraURLs records
2025-05-11 15:25:48,318 - recording_session - INFO - 🎥 Recording thread started for camera 1
2025-05-11 15:25:48,318 - overlay - INFO - Started recording for camera 1: rtsp://192.168.100.150:8547/h264
2025-05-11 15:25:48,338 - recording_session - INFO - 🎥 Recording thread started for camera 2
2025-05-11 15:25:48,338 - overlay - INFO - Started recording for camera 2: rtsp://192.168.100.150:8547/h264
2025-05-11 15:25:48,348 - recording_session - INFO - 🎥 Recording thread started for camera 3
2025-05-11 15:25:48,350 - overlay - INFO - Started recording for camera 3: rtsp://192.168.100.150:8547/h264
2025-05-11 15:25:48,359 - recording_session - INFO - 🧪 Starting GStreamer pipeline for camera 2
2025-05-11 15:25:48,359 - recording_session - INFO - 🧪 Starting GStreamer pipeline for camera 1
2025-05-11 15:25:48,360 - recording_session - INFO - 🧪 Starting GStreamer pipeline for camera 3
2025-05-11 15:25:48,360 - recording_session - INFO - 🎥 Recording thread started for camera 4
2025-05-11 15:25:48,361 - overlay - INFO - Started recording for camera 4: rtsp://192.168.100.150:8547/h264
2025-05-11 15:25:48,364 - recording_session - INFO - 🧪 Starting GStreamer pipeline for camera 4
2025-05-11 15:25:48,373 - recording_session - INFO - ✅ Pipeline PLAYING for camera 2
2025-05-11 15:25:48,381 - recording_session - INFO - ✅ Pipeline PLAYING for camera 1
2025-05-11 15:25:48,386 - recording_session - INFO - ✅ Pipeline PLAYING for camera 4
2025-05-11 15:25:48,386 - recording_session - INFO - ✅ Pipeline PLAYING for camera 3
2025-05-11 15:25:48,610 - recording_session - INFO - ✅ Linked rtspsrc → depay for camera 4
2025-05-11 15:25:48,611 - recording_session - INFO - ✅ Linked rtspsrc → depay for camera 3
2025-05-11 15:25:48,622 - recording_session - INFO - ✅ Linked rtspsrc → depay for camera 2
2025-05-11 15:25:48,622 - recording_session - INFO - ✅ Linked rtspsrc → depay for camera 1
2025-05-11 15:25:48,628 - recording_session - INFO - 📁 Started recording chunk: /var/www/html/public/assets/uploads/CAM4/2025-05-11/1746959148.mp4
2025-05-11 15:25:48,638 - recording_session - INFO - 📁 Started recording chunk: /var/www/html/public/assets/uploads/CAM2/2025-05-11/1746959148.mp4
2025-05-11 15:25:48,658 - recording_session - INFO - 📁 Started recording chunk: /var/www/html/public/assets/uploads/CAM3/2025-05-11/1746959148.mp4
2025-05-11 15:25:48,674 - recording_session - INFO - 📁 Started recording chunk: /var/www/html/public/assets/uploads/CAM1/2025-05-11/1746959148.mp4
2025-05-11 15:26:01,085 - overlay - INFO - Fetching all graphics records
2025-05-11 15:26:01,085 - overlay - INFO - Fetching all CameraURLs records
2025-05-11 15:26:01,091 - overlay - INFO - Found 1 graphics records
2025-05-11 15:26:01,095 - overlay - INFO - Found 4 CameraURLs records
2025-05-11 15:26:01,208 - overlay - INFO - Fetching graphics with ID: 1
2025-05-11 15:26:01,209 - overlay - INFO - Fetching gamestats with ID: 1
2025-05-11 15:26:01,264 - overlay - INFO - Fetching graphics with ID: 1
2025-05-11 15:26:10,408 - overlay - INFO - Loaded stream target (ID: 1): srt => srt://origin-v2.vewbie.com:7010
2025-05-11 15:26:10,408 - overlay - INFO - Creating pipeline for srt stream to: srt://origin-v2.vewbie.com:7010
2025-05-11 15:26:10,513 - overlay - INFO - 🧩 Dynamic overlay URL set to: http://103.217.176.16:8080/scorecards/baseball/scorecard/1
2025-05-11 15:26:10,514 - overlay - INFO - Adding overlay for position: tl
2025-05-11 15:26:10,515 - overlay - INFO - Screenshot capture started...
2025-05-11 15:26:10,515 - overlay - INFO - Position set to tl (X: 10, Y: 10)
2025-05-11 15:26:10,585 - overlay - INFO - State changed: NULL -> READY
2025-05-11 15:26:10,586 - overlay - INFO - State changed: NULL -> READY
2025-05-11 15:26:10,586 - overlay - INFO - State changed: NULL -> READY
2025-05-11 15:26:10,586 - overlay - INFO - State changed: NULL -> READY
2025-05-11 15:26:10,587 - overlay - INFO - State changed: NULL -> READY
2025-05-11 15:26:10,587 - overlay - INFO - State changed: NULL -> READY
2025-05-11 15:26:10,587 - overlay - INFO - State changed: NULL -> READY
2025-05-11 15:26:10,587 - overlay - INFO - State changed: NULL -> READY
2025-05-11 15:26:10,588 - overlay - INFO - State changed: NULL -> READY
2025-05-11 15:26:10,588 - overlay - INFO - State changed: NULL -> READY
2025-05-11 15:26:10,588 - overlay - INFO - State changed: NULL -> READY
2025-05-11 15:26:10,588 - overlay - INFO - State changed: NULL -> READY
2025-05-11 15:26:10,588 - overlay - INFO - State changed: NULL -> READY
2025-05-11 15:26:10,588 - overlay - INFO - State changed: NULL -> READY
2025-05-11 15:26:10,588 - overlay - INFO - State changed: NULL -> READY
2025-05-11 15:26:10,589 - overlay - INFO - State changed: NULL -> READY
2025-05-11 15:26:10,589 - overlay - INFO - State changed: NULL -> READY
2025-05-11 15:26:10,589 - overlay - INFO - State changed: NULL -> READY
2025-05-11 15:26:10,589 - overlay - INFO - State changed: NULL -> READY
2025-05-11 15:26:10,589 - overlay - INFO - State changed: NULL -> READY
2025-05-11 15:26:10,589 - overlay - INFO - State changed: NULL -> READY
2025-05-11 15:26:10,589 - overlay - INFO - State changed: NULL -> READY
2025-05-11 15:26:10,589 - overlay - INFO - State changed: NULL -> READY
2025-05-11 15:26:10,589 - overlay - INFO - State changed: NULL -> READY
2025-05-11 15:26:10,590 - overlay - INFO - State changed: NULL -> READY
2025-05-11 15:26:10,590 - overlay - INFO - State changed: NULL -> READY
2025-05-11 15:26:10,590 - overlay - INFO - State changed: NULL -> READY
2025-05-11 15:26:10,590 - overlay - INFO - State changed: NULL -> READY
2025-05-11 15:26:10,590 - overlay - INFO - State changed: NULL -> READY
2025-05-11 15:26:10,591 - overlay - INFO - State changed: READY -> PAUSED
2025-05-11 15:26:10,592 - overlay - INFO - State changed: READY -> PAUSED
2025-05-11 15:26:10,594 - overlay - INFO - State changed: READY -> PAUSED
2025-05-11 15:26:10,594 - overlay - INFO - State changed: READY -> PAUSED
2025-05-11 15:26:10,594 - overlay - INFO - State changed: READY -> PAUSED
2025-05-11 15:26:10,594 - overlay - INFO - Pipeline thread started with state transition
2025-05-11 15:26:10,595 - overlay - INFO - State changed: READY -> PAUSED
2025-05-11 15:26:10,595 - overlay - INFO - State changed: READY -> PAUSED
2025-05-11 15:26:10,595 - overlay - INFO - State changed: READY -> PAUSED
2025-05-11 15:26:10,595 - overlay - INFO - State changed: READY -> PAUSED
2025-05-11 15:26:10,595 - overlay - INFO - State changed: READY -> PAUSED
2025-05-11 15:26:10,595 - overlay - INFO - State changed: READY -> PAUSED
2025-05-11 15:26:10,595 - overlay - INFO - State changed: READY -> PAUSED
2025-05-11 15:26:10,596 - overlay - INFO - State changed: READY -> PAUSED
2025-05-11 15:26:10,596 - overlay - INFO - State changed: READY -> PAUSED
2025-05-11 15:26:10,596 - overlay - INFO - State changed: READY -> PAUSED
2025-05-11 15:26:10,596 - overlay - INFO - State changed: READY -> PAUSED
2025-05-11 15:26:10,596 - overlay - INFO - State changed: READY -> PAUSED
2025-05-11 15:26:10,596 - overlay - INFO - State changed: READY -> PAUSED
2025-05-11 15:26:10,596 - overlay - INFO - State changed: READY -> PAUSED
2025-05-11 15:26:10,596 - overlay - INFO - State changed: READY -> PAUSED
2025-05-11 15:26:10,596 - overlay - INFO - State changed: READY -> PAUSED
2025-05-11 15:26:10,596 - overlay - INFO - State changed: READY -> PAUSED
2025-05-11 15:26:10,597 - overlay - INFO - State changed: READY -> PAUSED
2025-05-11 15:26:10,597 - overlay - INFO - State changed: READY -> PAUSED
2025-05-11 15:26:10,597 - overlay - INFO - State changed: NULL -> READY
2025-05-11 15:26:10,597 - overlay - INFO - State changed: READY -> PAUSED
2025-05-11 15:26:10,597 - overlay - INFO - State changed: READY -> PAUSED
2025-05-11 15:26:10,597 - overlay - INFO - State changed: NULL -> READY
2025-05-11 15:26:10,598 - overlay - INFO - State changed: READY -> PAUSED
2025-05-11 15:26:10,598 - overlay - INFO - State changed: READY -> PAUSED
2025-05-11 15:26:10,598 - overlay - INFO - State changed: NULL -> READY
2025-05-11 15:26:10,598 - overlay - INFO - State changed: READY -> PAUSED
2025-05-11 15:26:10,599 - overlay - INFO - State changed: READY -> PAUSED
2025-05-11 15:26:10,599 - overlay - INFO - State changed: NULL -> READY
2025-05-11 15:26:10,599 - overlay - INFO - State changed: READY -> PAUSED
2025-05-11 15:26:10,599 - overlay - INFO - State changed: READY -> PAUSED
2025-05-11 15:26:10,599 - overlay - INFO - State changed: READY -> PAUSED
2025-05-11 15:26:10,599 - overlay - INFO - State changed: PAUSED -> PAUSED
2025-05-11 15:26:10,599 - overlay - INFO - State changed: PAUSED -> PLAYING
2025-05-11 15:26:10,599 - overlay - INFO - State changed: PAUSED -> PLAYING
2025-05-11 15:26:10,600 - overlay - INFO - State changed: PAUSED -> PLAYING
2025-05-11 15:26:10,600 - overlay - INFO - State changed: PAUSED -> PLAYING
2025-05-11 15:26:10,600 - overlay - INFO - State changed: PAUSED -> PLAYING
2025-05-11 15:26:10,600 - overlay - INFO - State changed: PAUSED -> PLAYING
2025-05-11 15:26:10,600 - overlay - INFO - State changed: PAUSED -> PLAYING
2025-05-11 15:26:10,600 - overlay - INFO - State changed: PAUSED -> PLAYING
2025-05-11 15:26:10,600 - overlay - INFO - State changed: PAUSED -> PLAYING
2025-05-11 15:26:10,600 - overlay - INFO - State changed: PAUSED -> PLAYING
2025-05-11 15:26:10,600 - overlay - INFO - State changed: PAUSED -> PLAYING
2025-05-11 15:26:10,601 - overlay - INFO - State changed: PAUSED -> PLAYING
2025-05-11 15:26:10,601 - overlay - INFO - State changed: PAUSED -> PLAYING
2025-05-11 15:26:10,601 - overlay - INFO - State changed: PAUSED -> PLAYING
2025-05-11 15:26:10,601 - overlay - INFO - State changed: PAUSED -> PLAYING
2025-05-11 15:26:10,601 - overlay - INFO - State changed: PAUSED -> PLAYING
2025-05-11 15:26:10,601 - overlay - INFO - State changed: PAUSED -> PLAYING
2025-05-11 15:26:10,601 - overlay - INFO - State changed: PAUSED -> PLAYING
2025-05-11 15:26:10,601 - overlay - INFO - State changed: PAUSED -> PLAYING
2025-05-11 15:26:10,601 - overlay - INFO - State changed: PAUSED -> PLAYING
2025-05-11 15:26:10,601 - overlay - INFO - State changed: PAUSED -> PLAYING
2025-05-11 15:26:10,601 - overlay - INFO - State changed: PAUSED -> PLAYING
2025-05-11 15:26:10,602 - overlay - INFO - State changed: PAUSED -> PLAYING
2025-05-11 15:26:10,602 - overlay - INFO - State changed: PAUSED -> PLAYING
2025-05-11 15:26:10,602 - overlay - INFO - State changed: PAUSED -> PLAYING
2025-05-11 15:26:10,602 - overlay - INFO - State changed: PAUSED -> PLAYING
2025-05-11 15:26:10,602 - overlay - INFO - State changed: PAUSED -> PLAYING
2025-05-11 15:26:10,602 - overlay - INFO - State changed: PAUSED -> PLAYING
2025-05-11 15:26:10,602 - overlay - INFO - State changed: PAUSED -> PLAYING
2025-05-11 15:26:10,602 - overlay - INFO - State changed: PAUSED -> PLAYING
2025-05-11 15:26:10,602 - overlay - INFO - State changed: PAUSED -> PLAYING
2025-05-11 15:26:10,603 - overlay - INFO - State changed: PAUSED -> PLAYING
2025-05-11 15:26:10,603 - overlay - INFO - State changed: PAUSED -> PLAYING
2025-05-11 15:26:10,603 - overlay - INFO - State changed: NULL -> READY
2025-05-11 15:26:10,603 - overlay - INFO - State changed: READY -> PAUSED
2025-05-11 15:26:10,603 - overlay - INFO - State changed: NULL -> READY
2025-05-11 15:26:10,603 - overlay - INFO - State changed: READY -> PAUSED
2025-05-11 15:26:10,603 - overlay - INFO - State changed: NULL -> READY
2025-05-11 15:26:10,603 - overlay - INFO - State changed: READY -> PAUSED
2025-05-11 15:26:10,604 - overlay - INFO - State changed: NULL -> READY
2025-05-11 15:26:10,604 - overlay - INFO - State changed: READY -> PAUSED
2025-05-11 15:26:10,604 - overlay - INFO - State changed: NULL -> READY
2025-05-11 15:26:10,604 - overlay - INFO - State changed: READY -> PAUSED
2025-05-11 15:26:10,604 - overlay - INFO - State changed: PAUSED -> PLAYING
2025-05-11 15:26:10,604 - overlay - INFO - State changed: NULL -> READY
2025-05-11 15:26:10,604 - overlay - INFO - State changed: READY -> PAUSED
2025-05-11 15:26:10,604 - overlay - INFO - State changed: PAUSED -> PLAYING
2025-05-11 15:26:10,604 - overlay - INFO - State changed: NULL -> READY
2025-05-11 15:26:10,605 - overlay - INFO - State changed: READY -> PAUSED
2025-05-11 15:26:10,605 - overlay - INFO - State changed: NULL -> READY
2025-05-11 15:26:10,605 - overlay - INFO - State changed: READY -> PAUSED
2025-05-11 15:26:10,605 - overlay - INFO - State changed: NULL -> READY
2025-05-11 15:26:10,605 - overlay - INFO - State changed: READY -> PAUSED
2025-05-11 15:26:10,605 - overlay - INFO - State changed: NULL -> READY
2025-05-11 15:26:10,605 - overlay - INFO - State changed: READY -> PAUSED
2025-05-11 15:26:10,605 - overlay - INFO - State changed: PAUSED -> PLAYING
2025-05-11 15:26:10,605 - overlay - INFO - State changed: PAUSED -> PLAYING
2025-05-11 15:26:10,606 - overlay - INFO - State changed: PAUSED -> PLAYING
2025-05-11 15:26:10,606 - overlay - INFO - State changed: PAUSED -> PLAYING
2025-05-11 15:26:10,606 - overlay - INFO - State changed: READY -> PAUSED
2025-05-11 15:26:10,606 - overlay - INFO - State changed: PAUSED -> PLAYING
2025-05-11 15:26:10,606 - overlay - INFO - State changed: READY -> PAUSED
2025-05-11 15:26:10,606 - overlay - INFO - State changed: PAUSED -> PLAYING
2025-05-11 15:26:10,606 - overlay - INFO - State changed: NULL -> READY
2025-05-11 15:26:10,606 - overlay - INFO - State changed: READY -> PAUSED
2025-05-11 15:26:10,606 - overlay - INFO - State changed: NULL -> READY
2025-05-11 15:26:10,607 - overlay - INFO - State changed: READY -> PAUSED
2025-05-11 15:26:10,607 - overlay - INFO - State changed: PAUSED -> PLAYING
2025-05-11 15:26:10,607 - overlay - INFO - State changed: NULL -> READY
2025-05-11 15:26:10,607 - overlay - INFO - State changed: READY -> PAUSED
2025-05-11 15:26:10,607 - overlay - INFO - State changed: PAUSED -> PLAYING
2025-05-11 15:26:10,607 - overlay - INFO - State changed: PAUSED -> PLAYING
2025-05-11 15:26:10,607 - overlay - INFO - State changed: PAUSED -> PLAYING
2025-05-11 15:26:10,608 - overlay - INFO - State changed: PAUSED -> PLAYING
2025-05-11 15:26:10,608 - overlay - INFO - State changed: PAUSED -> PLAYING
2025-05-11 15:26:10,608 - overlay - INFO - State changed: NULL -> READY
2025-05-11 15:26:10,608 - overlay - INFO - State changed: READY -> PAUSED
2025-05-11 15:26:10,608 - overlay - INFO - State changed: NULL -> READY
2025-05-11 15:26:10,608 - overlay - INFO - State changed: READY -> PAUSED
2025-05-11 15:26:10,608 - overlay - INFO - State changed: NULL -> READY
2025-05-11 15:26:10,608 - overlay - INFO - State changed: NULL -> READY
2025-05-11 15:26:10,608 - overlay - INFO - State changed: READY -> PAUSED
2025-05-11 15:26:10,609 - overlay - INFO - State changed: READY -> PAUSED
2025-05-11 15:26:10,609 - overlay - INFO - State changed: READY -> PAUSED
2025-05-11 15:26:10,609 - overlay - INFO - State changed: PAUSED -> PLAYING
2025-05-11 15:26:10,609 - overlay - INFO - State changed: NULL -> READY
2025-05-11 15:26:10,609 - overlay - INFO - State changed: READY -> PAUSED
2025-05-11 15:26:10,609 - overlay - INFO - State changed: NULL -> READY
2025-05-11 15:26:10,609 - overlay - INFO - State changed: READY -> PAUSED
2025-05-11 15:26:10,609 - overlay - INFO - State changed: NULL -> READY
2025-05-11 15:26:10,609 - overlay - INFO - State changed: READY -> PAUSED
2025-05-11 15:26:10,609 - overlay - INFO - State changed: READY -> PAUSED
2025-05-11 15:26:10,610 - overlay - INFO - State changed: PAUSED -> PLAYING
2025-05-11 15:26:10,610 - overlay - INFO - State changed: NULL -> READY
2025-05-11 15:26:10,610 - overlay - INFO - State changed: READY -> PAUSED
2025-05-11 15:26:10,610 - overlay - INFO - State changed: PAUSED -> PLAYING
2025-05-11 15:26:10,610 - overlay - INFO - State changed: NULL -> READY
2025-05-11 15:26:10,610 - overlay - INFO - State changed: READY -> PAUSED
2025-05-11 15:26:10,610 - overlay - INFO - State changed: PAUSED -> PLAYING
2025-05-11 15:26:10,610 - overlay - INFO - State changed: NULL -> READY
2025-05-11 15:26:10,611 - overlay - INFO - State changed: READY -> PAUSED
2025-05-11 15:26:10,611 - overlay - INFO - State changed: PAUSED -> PLAYING
2025-05-11 15:26:10,611 - overlay - INFO - State changed: NULL -> READY
2025-05-11 15:26:10,611 - overlay - INFO - State changed: READY -> PAUSED
2025-05-11 15:26:10,611 - overlay - INFO - State changed: PAUSED -> PLAYING
2025-05-11 15:26:10,611 - overlay - INFO - State changed: PAUSED -> PLAYING
2025-05-11 15:26:10,611 - overlay - INFO - State changed: PAUSED -> PLAYING
2025-05-11 15:26:10,611 - overlay - INFO - State changed: PAUSED -> PLAYING
2025-05-11 15:26:10,611 - overlay - INFO - State changed: PAUSED -> PLAYING
2025-05-11 15:26:10,611 - overlay - INFO - State changed: READY -> PAUSED
2025-05-11 15:26:10,612 - overlay - INFO - State changed: PAUSED -> PLAYING
2025-05-11 15:26:10,612 - overlay - INFO - State changed: READY -> PAUSED
2025-05-11 15:26:10,612 - overlay - INFO - State changed: PAUSED -> PLAYING
2025-05-11 15:26:10,612 - overlay - INFO - State changed: PAUSED -> PLAYING
2025-05-11 15:26:10,612 - overlay - INFO - State changed: PAUSED -> PLAYING
2025-05-11 15:26:10,612 - overlay - INFO - State changed: PAUSED -> PLAYING
2025-05-11 15:26:10,612 - overlay - INFO - State changed: PAUSED -> PLAYING
2025-05-11 15:26:10,612 - overlay - INFO - State changed: READY -> PAUSED
2025-05-11 15:26:10,612 - overlay - INFO - State changed: PAUSED -> PLAYING
2025-05-11 15:26:10,613 - overlay - INFO - State changed: READY -> PAUSED
2025-05-11 15:26:10,613 - overlay - INFO - State changed: PAUSED -> PLAYING
2025-05-11 15:26:10,619 - overlay - INFO - State changed: NULL -> READY
2025-05-11 15:26:10,620 - overlay - INFO - State changed: NULL -> READY
2025-05-11 15:26:10,620 - overlay - INFO - State changed: NULL -> READY
2025-05-11 15:26:10,620 - overlay - INFO - State changed: READY -> PAUSED
2025-05-11 15:26:10,620 - overlay - INFO - State changed: PAUSED -> PLAYING
2025-05-11 15:26:10,620 - overlay - INFO - State changed: NULL -> READY
2025-05-11 15:26:10,620 - overlay - INFO - State changed: READY -> PAUSED
2025-05-11 15:26:10,621 - overlay - INFO - State changed: PAUSED -> PLAYING
2025-05-11 15:26:10,621 - overlay - INFO - State changed: READY -> PAUSED
2025-05-11 15:26:10,621 - overlay - INFO - State changed: PAUSED -> PLAYING
2025-05-11 15:26:10,621 - overlay - INFO - State changed: READY -> PAUSED
2025-05-11 15:26:10,621 - overlay - INFO - State changed: PAUSED -> PLAYING
2025-05-11 15:26:10,621 - overlay - INFO - State changed: NULL -> READY
2025-05-11 15:26:10,621 - overlay - INFO - State changed: NULL -> READY
2025-05-11 15:26:10,621 - overlay - INFO - State changed: READY -> PAUSED
2025-05-11 15:26:10,621 - overlay - INFO - State changed: PAUSED -> PLAYING
2025-05-11 15:26:10,621 - overlay - INFO - State changed: READY -> PAUSED
2025-05-11 15:26:10,622 - overlay - INFO - State changed: NULL -> READY
2025-05-11 15:26:10,622 - overlay - INFO - State changed: PAUSED -> PLAYING
2025-05-11 15:26:10,622 - overlay - INFO - State changed: READY -> PAUSED
2025-05-11 15:26:10,622 - overlay - INFO - State changed: PAUSED -> PLAYING
2025-05-11 15:26:10,622 - overlay - INFO - State changed: NULL -> READY
2025-05-11 15:26:10,622 - overlay - INFO - State changed: READY -> PAUSED
2025-05-11 15:26:10,622 - overlay - INFO - State changed: PAUSED -> PLAYING
2025-05-11 15:26:11,128 - overlay - INFO - 🌐 Opening overlay URL in Playwright: http://103.217.176.16:8080/scorecards/baseball/scorecard/1
2025-05-11 15:26:11,749 - overlay - INFO - Fetching gamestats with ID: 1
2025-05-11 15:26:11,749 - overlay - INFO - Fetching graphics with ID: 1
2025-05-11 15:26:11,768 - overlay - INFO - Fetching graphics with ID: 1
2025-05-11 15:26:12,534 - overlay - INFO - 🔧 Injected transparent background for overlay rendering
2025-05-11 15:26:12,607 - overlay - INFO - State changed: NULL -> READY
2025-05-11 15:26:12,608 - overlay - INFO - State changed: NULL -> READY
2025-05-11 15:26:12,608 - overlay - INFO - State changed: PAUSED -> PAUSED
2025-05-11 15:26:12,609 - overlay - INFO - State changed: PAUSED -> PAUSED
2025-05-11 15:26:12,609 - overlay - INFO - State changed: READY -> PAUSED
2025-05-11 15:26:12,609 - overlay - INFO - State changed: NULL -> READY
2025-05-11 15:26:12,610 - overlay - INFO - State changed: NULL -> READY
2025-05-11 15:26:12,610 - overlay - INFO - State changed: PAUSED -> PAUSED
2025-05-11 15:26:12,610 - overlay - INFO - State changed: READY -> PAUSED
2025-05-11 15:26:12,611 - overlay - INFO - State changed: NULL -> READY
2025-05-11 15:26:12,611 - overlay - INFO - State changed: NULL -> READY
2025-05-11 15:26:12,611 - overlay - INFO - State changed: PAUSED -> PAUSED
2025-05-11 15:26:12,612 - overlay - INFO - State changed: READY -> PAUSED
2025-05-11 15:26:12,612 - overlay - INFO - State changed: NULL -> READY
2025-05-11 15:26:12,612 - overlay - INFO - State changed: NULL -> READY
2025-05-11 15:26:12,613 - overlay - INFO - State changed: PAUSED -> PAUSED
2025-05-11 15:26:12,613 - overlay - INFO - State changed: READY -> PAUSED
2025-05-11 15:26:12,614 - overlay - INFO - State changed: NULL -> READY
2025-05-11 15:26:12,614 - overlay - INFO - State changed: NULL -> READY
2025-05-11 15:26:12,614 - overlay - INFO - State changed: READY -> PAUSED
2025-05-11 15:26:12,614 - overlay - INFO - State changed: NULL -> READY
2025-05-11 15:26:12,614 - overlay - INFO - State changed: NULL -> READY
2025-05-11 15:26:12,615 - overlay - INFO - State changed: READY -> PAUSED
2025-05-11 15:26:12,615 - overlay - INFO - State changed: READY -> PAUSED
2025-05-11 15:26:12,615 - overlay - INFO - State changed: READY -> PAUSED
2025-05-11 15:26:12,615 - overlay - INFO - State changed: NULL -> READY
2025-05-11 15:26:12,615 - overlay - INFO - State changed: NULL -> READY
2025-05-11 15:26:12,615 - overlay - INFO - State changed: NULL -> READY
2025-05-11 15:26:12,615 - overlay - INFO - State changed: NULL -> READY
2025-05-11 15:26:12,615 - overlay - INFO - State changed: READY -> PAUSED
2025-05-11 15:26:12,616 - overlay - INFO - State changed: READY -> PAUSED
2025-05-11 15:26:12,617 - overlay - INFO - State changed: READY -> PAUSED
2025-05-11 15:26:12,622 - overlay - INFO - State changed: READY -> PAUSED
2025-05-11 15:26:12,623 - overlay - INFO - 🧩 on_pad_added called from source4
2025-05-11 15:26:12,624 - overlay - INFO - State changed: NULL -> READY
2025-05-11 15:26:12,626 - overlay - INFO - 📦 Pad caps: video/x-raw, format=(string)NV12, width=(int)1920, height=(int)1080, interlace-mode=(string)progressive, multiview-mode=(string)mono, multiview-flags=(GstVideoMultiviewFlagsSet)0:ffffffff:/right-view-first/left-flipped/left-flopped/right-flipped/right-flopped/half-aspect/mixed-mono, pixel-aspect-ratio=(fraction)1/1, colorimetry=(string)1:3:5:1, framerate=(fraction)30/1;
2025-05-11 15:26:12,627 - overlay - INFO - 📸 Screenshot captured: url_shots/af6e61c3-941e-4fb7-a888-b18e319e743d.png
2025-05-11 15:26:12,627 - overlay - INFO - State changed: NULL -> READY
2025-05-11 15:26:12,628 - overlay - INFO - 🔗 Handling pad from source URI: rtsp://192.168.100.150:8547/h264
2025-05-11 15:26:12,628 - overlay - INFO - State changed: NULL -> READY
2025-05-11 15:26:12,629 - overlay - INFO - 🧩 on_pad_added called from source2
2025-05-11 15:26:12,629 - overlay - INFO - ✅ Requested sink pad sink_0 for rtsp://192.168.100.150:8547/h264
2025-05-11 15:26:12,630 - overlay - INFO - State changed: READY -> PAUSED
2025-05-11 15:26:12,630 - overlay - INFO - 📦 Pad caps: video/x-raw, format=(string)NV12, width=(int)1920, height=(int)1080, interlace-mode=(string)progressive, multiview-mode=(string)mono, multiview-flags=(GstVideoMultiviewFlagsSet)0:ffffffff:/right-view-first/left-flipped/left-flopped/right-flipped/right-flopped/half-aspect/mixed-mono, pixel-aspect-ratio=(fraction)1/1, colorimetry=(string)1:3:5:1, framerate=(fraction)30/1;
2025-05-11 15:26:12,631 - overlay - INFO - State changed: READY -> PAUSED
2025-05-11 15:26:12,631 - overlay - INFO - 🔗 Handling pad from source URI: rtsp://192.168.100.150:8547/h264
2025-05-11 15:26:12,632 - overlay - INFO - ✅ Requested sink pad sink_1 for rtsp://192.168.100.150:8547/h264
2025-05-11 15:26:12,632 - overlay - INFO - 🧩 on_pad_added called from source3
2025-05-11 15:26:12,633 - overlay - INFO - State changed: READY -> PAUSED
2025-05-11 15:26:12,633 - overlay - INFO - 📦 Pad caps: video/x-raw, format=(string)NV12, width=(int)1920, height=(int)1080, interlace-mode=(string)progressive, multiview-mode=(string)mono, multiview-flags=(GstVideoMultiviewFlagsSet)0:ffffffff:/right-view-first/left-flipped/left-flopped/right-flipped/right-flopped/half-aspect/mixed-mono, pixel-aspect-ratio=(fraction)1/1, colorimetry=(string)1:3:5:1, framerate=(fraction)30/1;
2025-05-11 15:26:12,634 - overlay - INFO - State changed: NULL -> READY
2025-05-11 15:26:12,634 - overlay - INFO - 🔗 Handling pad from source URI: rtsp://192.168.100.150:8547/h264
2025-05-11 15:26:12,635 - overlay - INFO - State changed: READY -> PAUSED
2025-05-11 15:26:12,636 - overlay - INFO - 🧩 on_pad_added called from source1
2025-05-11 15:26:12,638 - overlay - INFO - ✅ Requested sink pad sink_2 for rtsp://192.168.100.150:8547/h264
2025-05-11 15:26:12,640 - overlay - INFO - 📦 Pad caps: video/x-raw, format=(string)NV12, width=(int)1920, height=(int)1080, interlace-mode=(string)progressive, multiview-mode=(string)mono, multiview-flags=(GstVideoMultiviewFlagsSet)0:ffffffff:/right-view-first/left-flipped/left-flopped/right-flipped/right-flopped/half-aspect/mixed-mono, pixel-aspect-ratio=(fraction)1/1, colorimetry=(string)1:3:5:1, framerate=(fraction)30/1;
2025-05-11 15:26:12,641 - overlay - INFO - 🔗 Handling pad from source URI: rtsp://192.168.100.150:8547/h264
2025-05-11 15:26:12,641 - overlay - INFO - ✅ Requested sink pad sink_3 for rtsp://192.168.100.150:8547/h264
2025-05-11 15:26:12,654 - overlay - INFO - ✅ Successfully linked rtsp://192.168.100.150:8547/h264 to sink_1
2025-05-11 15:26:12,654 - overlay - WARNING - ⏸️ Pipeline not in PLAYING state, deferring active pad selection
2025-05-11 15:26:12,655 - overlay - INFO - State changed: READY -> PAUSED
2025-05-11 15:26:12,655 - overlay - INFO - State changed: PAUSED -> PAUSED
2025-05-11 15:26:12,670 - overlay - INFO - ✅ Successfully linked rtsp://192.168.100.150:8547/h264 to sink_0
2025-05-11 15:26:12,670 - overlay - WARNING - ⏸️ Pipeline not in PLAYING state, deferring active pad selection
2025-05-11 15:26:12,670 - overlay - INFO - State changed: READY -> PAUSED
2025-05-11 15:26:12,670 - overlay - INFO - State changed: PAUSED -> PAUSED
2025-05-11 15:26:12,692 - overlay - INFO - ✅ Successfully linked rtsp://192.168.100.150:8547/h264 to sink_3
2025-05-11 15:26:12,692 - overlay - WARNING - ⏸️ Pipeline not in PLAYING state, deferring active pad selection
2025-05-11 15:26:12,693 - overlay - INFO - ✅ Successfully linked rtsp://192.168.100.150:8547/h264 to sink_2
2025-05-11 15:26:12,693 - overlay - INFO - State changed: READY -> PAUSED
2025-05-11 15:26:12,693 - overlay - WARNING - ⏸️ Pipeline not in PLAYING state, deferring active pad selection
2025-05-11 15:26:12,693 - overlay - INFO - State changed: PAUSED -> PAUSED
2025-05-11 15:26:12,693 - overlay - INFO - State changed: READY -> PAUSED
2025-05-11 15:26:12,694 - overlay - INFO - State changed: PAUSED -> PAUSED
2025-05-11 15:26:12,694 - overlay - INFO - State changed: PAUSED -> PAUSED
2025-05-11 15:26:12,694 - overlay - INFO - State changed: PAUSED -> PLAYING
2025-05-11 15:26:12,694 - overlay - INFO - State changed: PAUSED -> PLAYING
2025-05-11 15:26:12,694 - overlay - INFO - State changed: PAUSED -> PLAYING
2025-05-11 15:26:12,695 - overlay - INFO - State changed: PAUSED -> PLAYING
2025-05-11 15:26:12,695 - overlay - INFO - State changed: PAUSED -> PLAYING
2025-05-11 15:26:12,695 - overlay - INFO - State changed: PAUSED -> PLAYING
2025-05-11 15:26:12,695 - overlay - INFO - State changed: PAUSED -> PLAYING
2025-05-11 15:26:12,695 - overlay - INFO - State changed: PAUSED -> PLAYING
2025-05-11 15:26:12,695 - overlay - INFO - State changed: PAUSED -> PLAYING
2025-05-11 15:26:12,695 - overlay - INFO - State changed: PAUSED -> PLAYING
2025-05-11 15:26:12,695 - overlay - INFO - State changed: PAUSED -> PLAYING
2025-05-11 15:26:12,695 - overlay - INFO - State changed: PAUSED -> PLAYING
2025-05-11 15:26:12,695 - overlay - INFO - State changed: PAUSED -> PLAYING
2025-05-11 15:26:12,695 - overlay - INFO - State changed: PAUSED -> PLAYING
2025-05-11 15:26:12,696 - overlay - INFO - State changed: PAUSED -> PLAYING
2025-05-11 15:26:12,696 - overlay - INFO - State changed: PAUSED -> PLAYING
2025-05-11 15:26:12,696 - overlay - INFO - State changed: PAUSED -> PLAYING
2025-05-11 15:26:12,696 - overlay - INFO - State changed: PAUSED -> PLAYING
2025-05-11 15:26:12,696 - overlay - INFO - State changed: PAUSED -> PLAYING
2025-05-11 15:26:12,696 - overlay - INFO - State changed: PAUSED -> PLAYING
2025-05-11 15:26:12,696 - overlay - INFO - 🖼️ Updated overlay with PNG: url_shots/af6e61c3-941e-4fb7-a888-b18e319e743d.png
2025-05-11 15:26:12,696 - overlay - INFO - State changed: PAUSED -> PLAYING
2025-05-11 15:26:12,696 - overlay - INFO - State changed: PAUSED -> PLAYING
2025-05-11 15:26:12,696 - overlay - INFO - State changed: PAUSED -> PLAYING
2025-05-11 15:26:12,697 - overlay - INFO - State changed: PAUSED -> PLAYING
2025-05-11 15:26:12,697 - overlay - INFO - State changed: PAUSED -> PLAYING
2025-05-11 15:26:12,697 - overlay - INFO - State changed: PAUSED -> PLAYING
2025-05-11 15:26:12,697 - overlay - INFO - State changed: PAUSED -> PLAYING
2025-05-11 15:26:12,697 - overlay - INFO - State changed: PAUSED -> PLAYING
2025-05-11 15:26:12,697 - overlay - INFO - State changed: PAUSED -> PLAYING
2025-05-11 15:26:13,595 - overlay - INFO - Switching to rtsp://192.168.100.150:8547/h264 (Attempt 1/15)
2025-05-11 15:26:13,595 - overlay - INFO - Setting camera ID 1 as default
2025-05-11 15:26:13,599 - overlay - INFO - All cameras' Default fields set to false
2025-05-11 15:26:13,615 - overlay - INFO - Camera ID 1 set as default
2025-05-11 15:26:13,752 - overlay - INFO - 📸 Screenshot captured: url_shots/2308559f-9438-467f-b91b-7328580890d2.png
2025-05-11 15:26:13,755 - overlay - INFO - 🖼️ Updated overlay with PNG: url_shots/2308559f-9438-467f-b91b-7328580890d2.png
2025-05-11 15:26:14,812 - overlay - INFO - 📸 Screenshot captured: url_shots/902ddc40-662d-4e4a-83b3-25dfc7f20eb9.png
2025-05-11 15:26:14,815 - overlay - INFO - 🖼️ Updated overlay with PNG: url_shots/902ddc40-662d-4e4a-83b3-25dfc7f20eb9.png
2025-05-11 15:26:15,864 - overlay - INFO - 📸 Screenshot captured: url_shots/5c9bf06a-0335-48c1-97a5-ec1039058ef2.png
2025-05-11 15:26:15,867 - overlay - INFO - 🖼️ Updated overlay with PNG: url_shots/5c9bf06a-0335-48c1-97a5-ec1039058ef2.png
2025-05-11 15:26:16,914 - overlay - INFO - 📸 Screenshot captured: url_shots/3c66bb10-cb50-49b1-a203-02496d2db4d5.png
2025-05-11 15:26:16,917 - overlay - INFO - 🖼️ Updated overlay with PNG: url_shots/3c66bb10-cb50-49b1-a203-02496d2db4d5.png
2025-05-11 15:26:17,971 - overlay - INFO - 📸 Screenshot captured: url_shots/cfb14807-f8d0-4050-b41a-3cd1e4708446.png
2025-05-11 15:26:17,973 - overlay - INFO - 🖼️ Updated overlay with PNG: url_shots/cfb14807-f8d0-4050-b41a-3cd1e4708446.png
2025-05-11 15:26:19,031 - overlay - INFO - 📸 Screenshot captured: url_shots/49161062-1e72-42f7-bc1d-ee0a4e388cf6.png
2025-05-11 15:26:19,033 - overlay - INFO - 🖼️ Updated overlay with PNG: url_shots/49161062-1e72-42f7-bc1d-ee0a4e388cf6.png
2025-05-11 15:26:20,086 - overlay - INFO - 📸 Screenshot captured: url_shots/d348bc13-34d1-4f5f-aaee-0c8adb6f6a0e.png
2025-05-11 15:26:20,087 - overlay - INFO - 🖼️ Updated overlay with PNG: url_shots/d348bc13-34d1-4f5f-aaee-0c8adb6f6a0e.png
2025-05-11 15:26:21,135 - overlay - INFO - 📸 Screenshot captured: url_shots/c0878538-caab-4e92-86ae-9c2945d62528.png
2025-05-11 15:26:21,137 - overlay - INFO - 🖼️ Updated overlay with PNG: url_shots/c0878538-caab-4e92-86ae-9c2945d62528.png
2025-05-11 15:26:21,747 - overlay - INFO - Fetching gamestats with ID: 1
2025-05-11 15:26:21,760 - overlay - INFO - Fetching graphics with ID: 1
2025-05-11 15:26:22,204 - overlay - INFO - 📸 Screenshot captured: url_shots/f7ad6a2b-bc02-41e8-bc44-110cbbd224d1.png
2025-05-11 15:26:22,205 - overlay - INFO - 🖼️ Updated overlay with PNG: url_shots/f7ad6a2b-bc02-41e8-bc44-110cbbd224d1.png
2025-05-11 15:26:22,497 - recording_session - INFO - Finalizing chunk: /var/www/html/public/assets/uploads/CAM1/2025-05-11/1746959148.mp4
2025-05-11 15:26:22,539 - recording_session - WARNING - Failed to probe file /var/www/html/public/assets/uploads/CAM1/2025-05-11/1746959148.mp4: could not convert string to float: ''
2025-05-11 15:26:22,539 - recording_session - WARNING - Chunk not ready or too small to process: /var/www/html/public/assets/uploads/CAM1/2025-05-11/1746959148.mp4
2025-05-11 15:26:22,539 - recording_session - INFO - Finalizing chunk: /var/www/html/public/assets/uploads/CAM2/2025-05-11/1746959148.mp4
2025-05-11 15:26:22,844 - recording_session - INFO - 📤 Enqueuing for slow motion: /var/www/html/public/assets/uploads/CAM2/2025-05-11/1746959148.mp4
2025-05-11 15:26:22,845 - recording_session - INFO - Finalizing chunk: /var/www/html/public/assets/uploads/CAM3/2025-05-11/1746959148.mp4
2025-05-11 15:26:23,078 - ffmpeg_post_process - WARNING - ❌ Failed to get video info: could not convert string to float: ''
2025-05-11 15:26:23,079 - recording_session - WARNING - Failed to probe file /var/www/html/public/assets/uploads/CAM3/2025-05-11/1746959148.mp4: could not convert string to float: ''
2025-05-11 15:26:23,079 - recording_session - WARNING - Chunk not ready or too small to process: /var/www/html/public/assets/uploads/CAM3/2025-05-11/1746959148.mp4
2025-05-11 15:26:23,079 - recording_session - INFO - Finalizing chunk: /var/www/html/public/assets/uploads/CAM4/2025-05-11/1746959148.mp4
2025-05-11 15:26:23,213 - overlay - INFO - Stopping pipeline...
2025-05-11 15:26:23,347 - overlay - INFO - Pipeline fully stopped and resources released
