2025-04-27 22:56:55,609 - overlay - INFO - Fetching all CameraURLs records
2025-04-27 22:56:55,618 - recording_session - INFO - 🚀 SlowMoWorker started
2025-04-27 22:56:55,620 - overlay - INFO - Fetching all CameraURLs records
2025-04-27 22:56:55,648 - recording_session - INFO - 🎥 Recording thread started for camera 1
2025-04-27 22:56:55,648 - overlay - INFO - Started recording for camera 1: rtsp://192.168.100.150:8547/h264
2025-04-27 22:56:55,649 - recording_session - INFO - 🧹 Cleanup done. Deleted 0 files.
2025-04-27 22:56:55,671 - recording_session - INFO - 🎥 Recording thread started for camera 2
2025-04-27 22:56:55,671 - overlay - INFO - Started recording for camera 2: rtsp://192.168.100.150:8547/h264
2025-04-27 22:56:55,677 - recording_session - INFO - 🧪 Starting GStreamer pipeline for camera 2
2025-04-27 22:56:55,677 - recording_session - INFO - 🧪 Starting GStreamer pipeline for camera 1
2025-04-27 22:56:55,680 - recording_session - INFO - ✅ Pipeline set to PLAYING for camera 2
2025-04-27 22:56:55,680 - recording_session - INFO - ✅ Pipeline set to PLAYING for camera 1
2025-04-27 22:56:55,695 - recording_session - INFO - 🎥 Recording thread started for camera 3
2025-04-27 22:56:55,696 - overlay - INFO - Started recording for camera 3: rtsp://192.168.100.150:8547/h264
2025-04-27 22:56:55,699 - recording_session - INFO - 🧪 Starting GStreamer pipeline for camera 3
2025-04-27 22:56:55,702 - recording_session - INFO - ✅ Pipeline set to PLAYING for camera 3
2025-04-27 22:56:55,706 - recording_session - INFO - 🎥 Recording thread started for camera 4
2025-04-27 22:56:55,707 - overlay - INFO - Started recording for camera 4: rtsp://192.168.100.150:8547/h264
2025-04-27 22:56:55,713 - recording_session - INFO - 🧪 Starting GStreamer pipeline for camera 4
2025-04-27 22:56:55,717 - recording_session - INFO - ✅ Pipeline set to PLAYING for camera 4
2025-04-27 22:56:55,747 - recording_session - INFO - 🔌 pad-added signal for camera 4
2025-04-27 22:56:55,749 - recording_session - INFO - 🔗 Linked rtspsrc pad to depay for camera 4
