2025-06-11 00:41:14,340 - overlay - INFO - Fetching all CameraURLs records
2025-06-11 00:41:14,734 - recording_session - INFO - 🚀 SlowMoWorkers started: 4 threads
2025-06-11 00:41:14,734 - overlay - INFO - Fetching all CameraURLs records
2025-06-11 00:41:14,766 - recording_session - INFO - 🎥 Recording thread started for camera 1
2025-06-11 00:41:14,766 - overlay - INFO - Started recording for camera 1: rtsp://192.168.100.150:8547/h264
2025-06-11 00:41:14,786 - recording_session - INFO - 🎥 Recording thread started for camera 2
2025-06-11 00:41:14,786 - overlay - INFO - Started recording for camera 2: rtsp://192.168.100.150:8547/h264
2025-06-11 00:41:14,800 - recording_session - INFO - 🎥 Recording thread started for camera 3
2025-06-11 00:41:14,800 - overlay - INFO - Started recording for camera 3: rtsp://192.168.100.150:8547/h264
2025-06-11 00:41:14,815 - recording_session - INFO - 🎥 Recording thread started for camera 4
2025-06-11 00:41:14,816 - overlay - INFO - Started recording for camera 4: rtsp://192.168.100.150:8547/h264
2025-06-11 00:41:14,846 - recording_session - INFO - 🧪 Starting GStreamer pipeline for camera 4
2025-06-11 00:41:14,846 - recording_session - INFO - 🧪 Starting GStreamer pipeline for camera 1
2025-06-11 00:41:14,846 - recording_session - INFO - 🧪 Starting GStreamer pipeline for camera 2
2025-06-11 00:41:14,847 - recording_session - INFO - 🧪 Starting GStreamer pipeline for camera 3
2025-06-11 00:41:14,850 - recording_session - INFO - ✅ Pipeline PLAYING for camera 3
2025-06-11 00:41:14,851 - recording_session - INFO - ✅ Pipeline PLAYING for camera 2
2025-06-11 00:41:14,852 - recording_session - INFO - ✅ Pipeline PLAYING for camera 4
2025-06-11 00:41:14,852 - recording_session - INFO - ✅ Pipeline PLAYING for camera 1
2025-06-11 00:41:14,896 - overlay - INFO - Deleted old file: /var/www/html/public/assets/uploads/CAM3/2025-05-27/1748353214_slow.mp4
2025-06-11 01:41:14,923 - overlay - INFO - Deleted old file: /var/www/html/public/assets/uploads/CAM1/2025-05-27/1748355188.mp4
