2025-04-27 22:35:35,971 - overlay - INFO - Fetching all CameraURLs records
2025-04-27 22:35:35,982 - recording_session - INFO - 🚀 SlowMoWorker started
2025-04-27 22:35:35,983 - overlay - INFO - Fetching all CameraURLs records
2025-04-27 22:35:36,013 - recording_session - INFO - 🎥 Recording thread started for camera 1
2025-04-27 22:35:36,013 - overlay - INFO - Started recording for camera 1: rtsp://192.168.100.150:8547/h264
2025-04-27 22:35:36,014 - recording_session - INFO - 🧹 Cleanup done. Deleted 0 files.
2025-04-27 22:35:36,026 - recording_session - INFO - 🎥 Recording thread started for camera 2
2025-04-27 22:35:36,026 - overlay - INFO - Started recording for camera 2: rtsp://192.168.100.150:8547/h264
2025-04-27 22:35:36,043 - recording_session - INFO - 🎥 Recording thread started for camera 3
2025-04-27 22:35:36,043 - overlay - INFO - Started recording for camera 3: rtsp://192.168.100.150:8547/h264
2025-04-27 22:35:36,046 - recording_session - INFO - 🧪 Starting GStreamer pipeline for camera 3
2025-04-27 22:35:36,046 - recording_session - INFO - 🧪 Starting GStreamer pipeline for camera 2
2025-04-27 22:35:36,046 - recording_session - INFO - 🧪 Starting GStreamer pipeline for camera 1
2025-04-27 22:35:36,049 - recording_session - INFO - ✅ Pipeline set to PLAYING for camera 3
2025-04-27 22:35:36,049 - recording_session - INFO - ✅ Pipeline set to PLAYING for camera 2
2025-04-27 22:35:36,049 - recording_session - INFO - ✅ Pipeline set to PLAYING for camera 1
2025-04-27 22:35:36,073 - recording_session - INFO - 🎥 Recording thread started for camera 4
2025-04-27 22:35:36,089 - overlay - INFO - Started recording for camera 4: rtsp://192.168.100.150:8547/h264
2025-04-27 22:35:36,096 - recording_session - INFO - 🧪 Starting GStreamer pipeline for camera 4
2025-04-27 22:35:36,097 - recording_session - INFO - ✅ Pipeline set to PLAYING for camera 4
2025-04-27 22:35:36,155 - recording_session - INFO - 🔌 pad-added signal for camera 4
2025-04-27 22:35:36,155 - recording_session - INFO - 🔗 Linked rtspsrc pad to depay for camera 4
