2025-04-27 22:59:46,642 - overlay - INFO - Fetching all CameraURLs records
2025-04-27 22:59:46,652 - recording_session - INFO - 🚀 SlowMoWorker started
2025-04-27 22:59:46,653 - overlay - INFO - Fetching all CameraURLs records
2025-04-27 22:59:46,675 - recording_session - INFO - 🧹 Cleanup done. Deleted 0 files.
2025-04-27 22:59:46,678 - recording_session - INFO - 🎥 Recording thread started for camera 1
2025-04-27 22:59:46,680 - overlay - INFO - Started recording for camera 1: rtsp://192.168.100.150:8547/h264
2025-04-27 22:59:46,694 - recording_session - INFO - 🧪 Starting GStreamer pipeline for camera 1
2025-04-27 22:59:46,696 - recording_session - INFO - ✅ Pipeline set to PLAYING for camera 1
2025-04-27 22:59:46,719 - recording_session - INFO - 🧪 Starting GStreamer pipeline for camera 2
2025-04-27 22:59:46,720 - recording_session - INFO - 🎥 Recording thread started for camera 2
2025-04-27 22:59:46,720 - overlay - INFO - Started recording for camera 2: rtsp://192.168.100.150:8547/h264
2025-04-27 22:59:46,727 - recording_session - INFO - ✅ Pipeline set to PLAYING for camera 2
2025-04-27 22:59:46,730 - recording_session - INFO - 🎥 Recording thread started for camera 3
2025-04-27 22:59:46,731 - recording_session - INFO - 🧪 Starting GStreamer pipeline for camera 3
2025-04-27 22:59:46,731 - overlay - INFO - Started recording for camera 3: rtsp://192.168.100.150:8547/h264
2025-04-27 22:59:46,732 - recording_session - INFO - ✅ Pipeline set to PLAYING for camera 3
2025-04-27 22:59:46,743 - recording_session - INFO - 🎥 Recording thread started for camera 4
2025-04-27 22:59:46,744 - overlay - INFO - Started recording for camera 4: rtsp://192.168.100.150:8547/h264
2025-04-27 22:59:46,747 - recording_session - INFO - 🧪 Starting GStreamer pipeline for camera 4
2025-04-27 22:59:46,749 - recording_session - INFO - ✅ Pipeline set to PLAYING for camera 4
2025-04-27 22:59:46,783 - recording_session - INFO - 🔌 pad-added signal for camera 2
2025-04-27 22:59:46,785 - recording_session - INFO - 🔗 Linked rtspsrc pad to depay for camera 2
2025-04-27 22:59:46,793 - recording_session - INFO - 🔌 pad-added signal for camera 3
2025-04-27 22:59:46,793 - recording_session - INFO - 🔗 Linked rtspsrc pad to depay for camera 3
2025-04-27 22:59:46,801 - recording_session - INFO - 🔌 pad-added signal for camera 4
2025-04-27 22:59:46,801 - recording_session - INFO - 🔗 Linked rtspsrc pad to depay for camera 4
