2025-04-27 22:42:15,400 - overlay - INFO - Fetching all CameraURLs records
2025-04-27 22:42:15,410 - recording_session - INFO - 🚀 SlowMoWorker started
2025-04-27 22:42:15,411 - overlay - INFO - Fetching all CameraURLs records
2025-04-27 22:42:15,430 - recording_session - INFO - 🧹 Cleanup done. Deleted 0 files.
2025-04-27 22:42:15,434 - recording_session - INFO - 🎥 Recording thread started for camera 1
2025-04-27 22:42:15,436 - overlay - INFO - Started recording for camera 1: rtsp://192.168.100.150:8547/h264
2025-04-27 22:42:15,445 - recording_session - INFO - 🎥 Recording thread started for camera 2
2025-04-27 22:42:15,446 - overlay - INFO - Started recording for camera 2: rtsp://192.168.100.150:8547/h264
2025-04-27 22:42:15,450 - recording_session - INFO - 🧪 Starting GStreamer pipeline for camera 2
2025-04-27 22:42:15,450 - recording_session - INFO - 🧪 Starting GStreamer pipeline for camera 1
2025-04-27 22:42:15,453 - recording_session - INFO - ✅ Pipeline set to PLAYING for camera 2
2025-04-27 22:42:15,453 - recording_session - INFO - ✅ Pipeline set to PLAYING for camera 1
2025-04-27 22:42:15,462 - recording_session - INFO - 🎥 Recording thread started for camera 3
2025-04-27 22:42:15,469 - overlay - INFO - Started recording for camera 3: rtsp://192.168.100.150:8547/h264
2025-04-27 22:42:15,472 - recording_session - INFO - 🧪 Starting GStreamer pipeline for camera 3
2025-04-27 22:42:15,475 - recording_session - INFO - ✅ Pipeline set to PLAYING for camera 3
2025-04-27 22:42:15,481 - recording_session - INFO - 🎥 Recording thread started for camera 4
2025-04-27 22:42:15,481 - overlay - INFO - Started recording for camera 4: rtsp://192.168.100.150:8547/h264
2025-04-27 22:42:15,485 - recording_session - INFO - 🧪 Starting GStreamer pipeline for camera 4
2025-04-27 22:42:15,486 - recording_session - INFO - ✅ Pipeline set to PLAYING for camera 4
2025-04-27 22:42:15,512 - recording_session - INFO - 🔌 pad-added signal for camera 4
2025-04-27 22:42:15,513 - recording_session - INFO - 🔗 Linked rtspsrc pad to depay for camera 4
