2025-04-27 22:53:07,652 - overlay - INFO - Fetching all CameraURLs records
2025-04-27 22:53:07,662 - recording_session - INFO - 🚀 SlowMoWorker started
2025-04-27 22:53:07,664 - overlay - INFO - Fetching all CameraURLs records
2025-04-27 22:53:07,679 - recording_session - INFO - 🧹 Cleanup done. Deleted 0 files.
2025-04-27 22:53:07,689 - recording_session - INFO - 🎥 Recording thread started for camera 1
2025-04-27 22:53:07,691 - overlay - INFO - Started recording for camera 1: rtsp://192.168.100.150:8547/h264
2025-04-27 22:53:07,700 - recording_session - INFO - 🎥 Recording thread started for camera 2
2025-04-27 22:53:07,701 - overlay - INFO - Started recording for camera 2: rtsp://192.168.100.150:8547/h264
2025-04-27 22:53:07,706 - recording_session - INFO - 🧪 Starting GStreamer pipeline for camera 2
2025-04-27 22:53:07,706 - recording_session - INFO - 🧪 Starting GStreamer pipeline for camera 1
2025-04-27 22:53:07,711 - recording_session - INFO - ✅ Pipeline set to PLAYING for camera 1
2025-04-27 22:53:07,712 - recording_session - INFO - ✅ Pipeline set to PLAYING for camera 2
2025-04-27 22:53:07,712 - recording_session - INFO - 🎥 Recording thread started for camera 3
2025-04-27 22:53:07,726 - overlay - INFO - Started recording for camera 3: rtsp://192.168.100.150:8547/h264
2025-04-27 22:53:07,729 - recording_session - INFO - 🧪 Starting GStreamer pipeline for camera 3
2025-04-27 22:53:07,733 - recording_session - INFO - ✅ Pipeline set to PLAYING for camera 3
2025-04-27 22:53:07,739 - recording_session - INFO - 🎥 Recording thread started for camera 4
2025-04-27 22:53:07,739 - overlay - INFO - Started recording for camera 4: rtsp://192.168.100.150:8547/h264
2025-04-27 22:53:07,745 - recording_session - INFO - 🧪 Starting GStreamer pipeline for camera 4
2025-04-27 22:53:07,747 - recording_session - INFO - ✅ Pipeline set to PLAYING for camera 4
2025-04-27 22:53:07,775 - recording_session - INFO - 🔌 pad-added signal for camera 4
2025-04-27 22:53:07,777 - recording_session - INFO - 🔗 Linked rtspsrc pad to depay for camera 4
