2025-05-17 11:41:06,115 - overlay - INFO - Fetching all CameraURLs records
2025-05-17 11:41:06,207 - recording_session - INFO - ðŸš€ SlowMoWorkers started: 4 threads
2025-05-17 11:41:06,211 - overlay - INFO - Fetching all CameraURLs records
2025-05-17 11:41:06,227 - recording_session - INFO - ðŸŽ¥ Recording thread started for camera 1
2025-05-17 11:41:06,228 - overlay - INFO - Started recording for camera 1: rtsp://192.168.100.150:8547/h264
2025-05-17 11:41:06,238 - recording_session - INFO - ðŸŽ¥ Recording thread started for camera 2
2025-05-17 11:41:06,238 - overlay - INFO - Started recording for camera 2: rtsp://192.168.100.150:8547/h264
2025-05-17 11:41:06,249 - recording_session - INFO - ðŸŽ¥ Recording thread started for camera 3
2025-05-17 11:41:06,250 - overlay - INFO - Started recording for camera 3: rtsp://192.168.100.150:8547/h264
2025-05-17 11:41:06,250 - recording_session - INFO - ðŸ§ª Starting GStreamer pipeline for camera 1
2025-05-17 11:41:06,251 - recording_session - INFO - ðŸ§ª Starting GStreamer pipeline for camera 2
2025-05-17 11:41:06,253 - recording_session - INFO - âœ… Pipeline PLAYING for camera 1
2025-05-17 11:41:06,255 - recording_session - INFO - âœ… Pipeline PLAYING for camera 2
2025-05-17 11:41:06,261 - recording_session - INFO - ðŸ§ª Starting GStreamer pipeline for camera 3
2025-05-17 11:41:06,263 - recording_session - INFO - ðŸŽ¥ Recording thread started for camera 4
2025-05-17 11:41:06,263 - overlay - INFO - Started recording for camera 4: rtsp://192.168.100.150:8547/h264
2025-05-17 11:41:06,269 - recording_session - INFO - âœ… Pipeline PLAYING for camera 3
2025-05-17 11:41:06,276 - recording_session - INFO - ðŸ§ª Starting GStreamer pipeline for camera 4
2025-05-17 11:41:06,279 - recording_session - INFO - âœ… Pipeline PLAYING for camera 4
2025-05-17 11:41:06,382 - recording_session - INFO - âœ… Linked rtspsrc â†’ depay for camera 2
2025-05-17 11:41:06,388 - recording_session - INFO - âœ… Linked rtspsrc â†’ depay for camera 3
2025-05-17 11:41:06,394 - recording_session - INFO - âœ… Linked rtspsrc â†’ depay for camera 4
2025-05-17 11:41:06,397 - recording_session - INFO - âœ… Linked rtspsrc â†’ depay for camera 1
2025-05-17 11:41:06,400 - recording_session - INFO - ðŸ“ Started recording chunk: /var/www/html/public/assets/uploads/CAM2/2025-05-17/1747464066.mp4
2025-05-17 11:41:06,411 - recording_session - INFO - ðŸ“ Started recording chunk: /var/www/html/public/assets/uploads/CAM4/2025-05-17/1747464066.mp4
2025-05-17 11:41:06,428 - recording_session - INFO - ðŸ“ Started recording chunk: /var/www/html/public/assets/uploads/CAM1/2025-05-17/1747464066.mp4
2025-05-17 11:41:06,453 - recording_session - INFO - ðŸ“ Started recording chunk: /var/www/html/public/assets/uploads/CAM3/2025-05-17/1747464066.mp4
2025-05-17 11:41:24,870 - overlay - INFO - Fetching all graphics records
2025-05-17 11:41:24,870 - overlay - INFO - Fetching all CameraURLs records
2025-05-17 11:41:24,879 - overlay - INFO - Found 1 graphics records
2025-05-17 11:41:24,884 - overlay - INFO - Found 4 CameraURLs records
2025-05-17 11:41:24,997 - overlay - INFO - Fetching graphics with ID: 1
2025-05-17 11:41:24,998 - overlay - INFO - Fetching gamestats with ID: 1
2025-05-17 11:41:25,058 - overlay - INFO - Fetching graphics with ID: 1
2025-05-17 11:41:26,545 - overlay - INFO - Loaded stream target (ID: 1): srt => srt://origin-v2.vewbie.com:7010
2025-05-17 11:41:26,559 - overlay - ERROR - Pipeline creation failed: type object 'Element' has no attribute 'link_many'
2025-05-17 11:41:26,559 - overlay - ERROR - Unexpected error: 'RTSPtoSRTStreamer' object has no attribute 'cleanup_elements'
