2025-04-27 22:43:55,143 - overlay - INFO - Fetching all CameraURLs records
2025-04-27 22:43:55,152 - recording_session - INFO - 🚀 SlowMoWorker started
2025-04-27 22:43:55,153 - overlay - INFO - Fetching all CameraURLs records
2025-04-27 22:43:55,163 - recording_session - INFO - 🧹 Cleanup done. Deleted 0 files.
2025-04-27 22:43:55,177 - recording_session - INFO - 🎥 Recording thread started for camera 1
2025-04-27 22:43:55,182 - overlay - INFO - Started recording for camera 1: rtsp://192.168.100.150:8547/h264
2025-04-27 22:43:55,194 - recording_session - INFO - 🎥 Recording thread started for camera 2
2025-04-27 22:43:55,194 - overlay - INFO - Started recording for camera 2: rtsp://192.168.100.150:8547/h264
2025-04-27 22:43:55,204 - recording_session - INFO - 🎥 Recording thread started for camera 3
2025-04-27 22:43:55,204 - recording_session - INFO - 🧪 Starting GStreamer pipeline for camera 2
2025-04-27 22:43:55,204 - overlay - INFO - Started recording for camera 3: rtsp://192.168.100.150:8547/h264
2025-04-27 22:43:55,204 - recording_session - INFO - 🧪 Starting GStreamer pipeline for camera 1
2025-04-27 22:43:55,205 - recording_session - INFO - 🧪 Starting GStreamer pipeline for camera 3
2025-04-27 22:43:55,207 - recording_session - INFO - ✅ Pipeline set to PLAYING for camera 2
2025-04-27 22:43:55,216 - recording_session - INFO - ✅ Pipeline set to PLAYING for camera 1
2025-04-27 22:43:55,217 - recording_session - INFO - ✅ Pipeline set to PLAYING for camera 3
2025-04-27 22:43:55,218 - recording_session - INFO - 🎥 Recording thread started for camera 4
2025-04-27 22:43:55,225 - overlay - INFO - Started recording for camera 4: rtsp://192.168.100.150:8547/h264
2025-04-27 22:43:55,233 - recording_session - INFO - 🧪 Starting GStreamer pipeline for camera 4
2025-04-27 22:43:55,235 - recording_session - INFO - ✅ Pipeline set to PLAYING for camera 4
2025-04-27 22:43:55,266 - recording_session - INFO - 🔌 pad-added signal for camera 4
2025-04-27 22:43:55,268 - recording_session - INFO - 🔗 Linked rtspsrc pad to depay for camera 4
