2025-04-27 22:50:45,380 - overlay - INFO - Fetching all CameraURLs records
2025-04-27 22:50:45,391 - recording_session - INFO - 🚀 SlowMoWorker started
2025-04-27 22:50:45,392 - overlay - INFO - Fetching all CameraURLs records
2025-04-27 22:50:45,404 - recording_session - INFO - 🧹 Cleanup done. Deleted 0 files.
2025-04-27 22:50:45,419 - recording_session - INFO - 🎥 Recording thread started for camera 1
2025-04-27 22:50:45,421 - overlay - INFO - Started recording for camera 1: rtsp://192.168.100.150:8547/h264
2025-04-27 22:50:45,430 - recording_session - INFO - 🎥 Recording thread started for camera 2
2025-04-27 22:50:45,431 - overlay - INFO - Started recording for camera 2: rtsp://192.168.100.150:8547/h264
2025-04-27 22:50:45,434 - recording_session - INFO - 🧪 Starting GStreamer pipeline for camera 2
2025-04-27 22:50:45,434 - recording_session - INFO - 🧪 Starting GStreamer pipeline for camera 1
2025-04-27 22:50:45,436 - recording_session - INFO - ✅ Pipeline set to PLAYING for camera 2
2025-04-27 22:50:45,436 - recording_session - INFO - ✅ Pipeline set to PLAYING for camera 1
2025-04-27 22:50:45,445 - recording_session - INFO - 🎥 Recording thread started for camera 3
2025-04-27 22:50:45,451 - overlay - INFO - Started recording for camera 3: rtsp://192.168.100.150:8547/h264
2025-04-27 22:50:45,454 - recording_session - INFO - 🧪 Starting GStreamer pipeline for camera 3
2025-04-27 22:50:45,456 - recording_session - INFO - ✅ Pipeline set to PLAYING for camera 3
2025-04-27 22:50:45,464 - recording_session - INFO - 🎥 Recording thread started for camera 4
2025-04-27 22:50:45,464 - overlay - INFO - Started recording for camera 4: rtsp://192.168.100.150:8547/h264
2025-04-27 22:50:45,469 - recording_session - INFO - 🧪 Starting GStreamer pipeline for camera 4
2025-04-27 22:50:45,474 - recording_session - INFO - ✅ Pipeline set to PLAYING for camera 4
2025-04-27 22:50:45,501 - recording_session - INFO - 🔌 pad-added signal for camera 4
2025-04-27 22:50:45,503 - recording_session - INFO - 🔗 Linked rtspsrc pad to depay for camera 4
