2025-04-30 10:11:57,247 - overlay - INFO - Fetching all CameraURLs records
2025-04-30 10:11:57,261 - recording_session - INFO - 🚀 SlowMoWorkers started: 4 threads
2025-04-30 10:11:57,261 - overlay - INFO - Fetching all CameraURLs records
2025-04-30 10:11:57,274 - recording_session - INFO - 🎥 Recording thread started for camera 1
2025-04-30 10:11:57,276 - overlay - INFO - Started recording for camera 1: rtsp://192.168.100.150:8547/h264
2025-04-30 10:11:57,287 - recording_session - INFO - 🎥 Recording thread started for camera 2
2025-04-30 10:11:57,287 - overlay - INFO - Started recording for camera 2: rtsp://192.168.100.150:8547/h264
2025-04-30 10:11:57,293 - recording_session - INFO - 🧪 Starting GStreamer pipeline for camera 1
2025-04-30 10:11:57,294 - recording_session - INFO - 🧪 Starting GStreamer pipeline for camera 2
2025-04-30 10:11:57,296 - recording_session - INFO - ✅ Pipeline set to PLAYING for camera 2
2025-04-30 10:11:57,297 - recording_session - INFO - ✅ Pipeline set to PLAYING for camera 1
2025-04-30 10:11:57,307 - recording_session - INFO - 🎥 Recording thread started for camera 3
2025-04-30 10:11:57,314 - overlay - INFO - Started recording for camera 3: rtsp://192.168.100.150:8547/h264
2025-04-30 10:11:57,316 - recording_session - INFO - 🧪 Starting GStreamer pipeline for camera 3
2025-04-30 10:11:57,317 - recording_session - INFO - ✅ Pipeline set to PLAYING for camera 3
2025-04-30 10:11:57,328 - recording_session - INFO - 🎥 Recording thread started for camera 4
2025-04-30 10:11:57,328 - overlay - INFO - Started recording for camera 4: rtsp://192.168.100.150:8547/h264
2025-04-30 10:11:57,330 - recording_session - INFO - 🧪 Starting GStreamer pipeline for camera 4
2025-04-30 10:11:57,331 - recording_session - INFO - ✅ Pipeline set to PLAYING for camera 4
2025-04-30 10:11:57,345 - overlay - INFO - Deleted old file: /var/www/html/public/assets/uploads/CAM2/2025-04-29/1745916866_slow.mp4
2025-04-30 11:11:57,403 - overlay - INFO - Deleted old file: /var/www/html/public/assets/uploads/CAM1/2025-04-29/1745916866_slow.mp4
2025-04-30 11:53:24,673 - overlay - INFO - Fetching gamestats with ID: 1
2025-04-30 11:53:24,894 - overlay - INFO - Fetching graphics with ID: 1
2025-04-30 11:53:25,505 - overlay - INFO - Fetching graphics with ID: 1
2025-04-30 11:53:34,027 - overlay - INFO - Fetching gamestats with ID: 1
2025-04-30 11:53:34,635 - overlay - INFO - Fetching graphics with ID: 1
2025-04-30 11:53:44,643 - overlay - INFO - Fetching gamestats with ID: 1
2025-04-30 11:53:45,258 - overlay - INFO - Fetching graphics with ID: 1
2025-04-30 11:53:54,633 - overlay - INFO - Fetching gamestats with ID: 1
2025-04-30 11:53:55,245 - overlay - INFO - Fetching graphics with ID: 1
2025-04-30 11:54:05,223 - overlay - INFO - Fetching gamestats with ID: 1
2025-04-30 11:54:05,835 - overlay - INFO - Fetching graphics with ID: 1
2025-04-30 11:54:14,631 - overlay - INFO - Fetching gamestats with ID: 1
2025-04-30 11:54:15,239 - overlay - INFO - Fetching graphics with ID: 1
2025-04-30 11:54:25,238 - overlay - INFO - Fetching gamestats with ID: 1
2025-04-30 11:54:25,847 - overlay - INFO - Fetching graphics with ID: 1
2025-04-30 11:54:34,631 - overlay - INFO - Fetching gamestats with ID: 1
2025-04-30 11:54:35,272 - overlay - INFO - Fetching graphics with ID: 1
2025-04-30 11:54:45,230 - overlay - INFO - Fetching gamestats with ID: 1
2025-04-30 11:54:45,849 - overlay - INFO - Fetching graphics with ID: 1
2025-04-30 11:55:46,233 - overlay - INFO - Fetching gamestats with ID: 1
2025-04-30 11:55:46,841 - overlay - INFO - Fetching graphics with ID: 1
2025-04-30 11:56:47,278 - overlay - INFO - Fetching gamestats with ID: 1
2025-04-30 11:56:47,884 - overlay - INFO - Fetching graphics with ID: 1
2025-04-30 11:57:48,238 - overlay - INFO - Fetching gamestats with ID: 1
2025-04-30 11:57:48,839 - overlay - INFO - Fetching graphics with ID: 1
2025-04-30 11:58:49,232 - overlay - INFO - Fetching gamestats with ID: 1
2025-04-30 11:58:49,839 - overlay - INFO - Fetching graphics with ID: 1
2025-04-30 11:59:50,238 - overlay - INFO - Fetching gamestats with ID: 1
2025-04-30 11:59:50,917 - overlay - INFO - Fetching graphics with ID: 1
2025-04-30 12:00:41,865 - overlay - INFO - Fetching gamestats with ID: 1
2025-04-30 12:00:42,477 - overlay - INFO - Fetching graphics with ID: 1
2025-04-30 12:00:44,020 - overlay - INFO - Fetching gamestats with ID: 1
2025-04-30 12:00:44,635 - overlay - INFO - Fetching graphics with ID: 1
2025-04-30 12:00:49,602 - overlay - INFO - Fetching all graphics records
2025-04-30 12:00:49,605 - overlay - INFO - Found 1 graphics records
2025-04-30 12:00:49,818 - overlay - INFO - Fetching all CameraURLs records
2025-04-30 12:00:49,819 - overlay - INFO - Found 4 CameraURLs records
2025-04-30 12:00:51,113 - overlay - INFO - Fetching graphics with ID: 1
2025-04-30 12:00:51,119 - overlay - INFO - Fetching gamestats with ID: 1
2025-04-30 12:00:51,726 - overlay - INFO - Fetching graphics with ID: 1
2025-04-30 12:11:57,421 - overlay - INFO - Deleted old file: /var/www/html/public/assets/uploads/CAM1/2025-04-29/1745916926.mp4
