2025-04-27 22:58:16,377 - overlay - INFO - Fetching all CameraURLs records
2025-04-27 22:58:16,387 - recording_session - INFO - 🚀 SlowMoWorker started
2025-04-27 22:58:16,389 - overlay - INFO - Fetching all CameraURLs records
2025-04-27 22:58:16,403 - recording_session - INFO - 🧹 Cleanup done. Deleted 0 files.
2025-04-27 22:58:16,413 - recording_session - INFO - 🎥 Recording thread started for camera 1
2025-04-27 22:58:16,418 - overlay - INFO - Started recording for camera 1: rtsp://192.168.100.150:8547/h264
2025-04-27 22:58:16,430 - recording_session - INFO - 🎥 Recording thread started for camera 2
2025-04-27 22:58:16,430 - overlay - INFO - Started recording for camera 2: rtsp://192.168.100.150:8547/h264
2025-04-27 22:58:16,440 - recording_session - INFO - 🎥 Recording thread started for camera 3
2025-04-27 22:58:16,441 - overlay - INFO - Started recording for camera 3: rtsp://192.168.100.150:8547/h264
2025-04-27 22:58:16,448 - recording_session - INFO - 🎥 Recording thread started for camera 4
2025-04-27 22:58:16,449 - recording_session - INFO - 🧪 Starting GStreamer pipeline for camera 3
2025-04-27 22:58:16,449 - recording_session - INFO - 🧪 Starting GStreamer pipeline for camera 1
2025-04-27 22:58:16,449 - recording_session - INFO - 🧪 Starting GStreamer pipeline for camera 2
2025-04-27 22:58:16,449 - overlay - INFO - Started recording for camera 4: rtsp://192.168.100.150:8547/h264
2025-04-27 22:58:16,451 - recording_session - INFO - 🧪 Starting GStreamer pipeline for camera 4
2025-04-27 22:58:16,452 - recording_session - INFO - ✅ Pipeline set to PLAYING for camera 3
2025-04-27 22:58:16,454 - recording_session - INFO - ✅ Pipeline set to PLAYING for camera 1
2025-04-27 22:58:16,474 - recording_session - INFO - ✅ Pipeline set to PLAYING for camera 2
2025-04-27 22:58:16,474 - recording_session - INFO - ✅ Pipeline set to PLAYING for camera 4
2025-04-27 22:58:16,527 - recording_session - INFO - 🔌 pad-added signal for camera 4
2025-04-27 22:58:16,528 - recording_session - INFO - 🔗 Linked rtspsrc pad to depay for camera 4
