2025-05-11 12:37:01,575 - overlay - INFO - Fetching all CameraURLs records
2025-05-11 12:37:01,585 - recording_session - INFO - ðŸš€ SlowMoWorkers started: 4 threads
2025-05-11 12:37:01,585 - overlay - INFO - Fetching all CameraURLs records
2025-05-11 12:37:01,596 - recording_session - INFO - ðŸŽ¥ Recording thread started for camera 1
2025-05-11 12:37:01,600 - overlay - INFO - Started recording for camera 1: rtsp://192.168.100.150:8547/h264
2025-05-11 12:37:01,615 - recording_session - INFO - ðŸŽ¥ Recording thread started for camera 2
2025-05-11 12:37:01,616 - overlay - INFO - Started recording for camera 2: rtsp://192.168.100.150:8547/h264
2025-05-11 12:37:01,629 - recording_session - INFO - ðŸŽ¥ Recording thread started for camera 3
2025-05-11 12:37:01,630 - overlay - INFO - Started recording for camera 3: rtsp://192.168.100.150:8547/h264
2025-05-11 12:37:01,641 - recording_session - INFO - ðŸ§ª Starting GStreamer pipeline for camera 3
2025-05-11 12:37:01,642 - recording_session - INFO - ðŸ§ª Starting GStreamer pipeline for camera 2
2025-05-11 12:37:01,642 - recording_session - INFO - ðŸŽ¥ Recording thread started for camera 4
2025-05-11 12:37:01,643 - overlay - INFO - Started recording for camera 4: rtsp://192.168.100.150:8547/h264
2025-05-11 12:37:01,644 - recording_session - INFO - ðŸ§ª Starting GStreamer pipeline for camera 1
2025-05-11 12:37:01,660 - recording_session - INFO - âœ… Pipeline PLAYING for camera 2
2025-05-11 12:37:01,661 - recording_session - INFO - âœ… Pipeline PLAYING for camera 3
2025-05-11 12:37:01,673 - recording_session - INFO - âœ… Pipeline PLAYING for camera 1
2025-05-11 12:37:01,690 - recording_session - INFO - ðŸ§ª Starting GStreamer pipeline for camera 4
2025-05-11 12:37:01,727 - recording_session - INFO - âœ… Pipeline PLAYING for camera 4
2025-05-11 12:37:01,818 - recording_session - INFO - âœ… Linked rtspsrc â†’ depay for camera 2
2025-05-11 12:37:01,819 - recording_session - INFO - âœ… Linked rtspsrc â†’ depay for camera 1
2025-05-11 12:37:01,821 - recording_session - INFO - âœ… Linked rtspsrc â†’ depay for camera 3
2025-05-11 12:37:01,835 - recording_session - INFO - ðŸ“ Started recording chunk: /var/www/html/public/assets/uploads/CAM2/2025-05-11/1746949021.mp4
2025-05-11 12:37:01,849 - recording_session - INFO - ðŸ“ Started recording chunk: /var/www/html/public/assets/uploads/CAM1/2025-05-11/1746949021.mp4
2025-05-11 12:37:01,854 - recording_session - INFO - âœ… Linked rtspsrc â†’ depay for camera 4
2025-05-11 12:37:01,868 - recording_session - INFO - ðŸ“ Started recording chunk: /var/www/html/public/assets/uploads/CAM4/2025-05-11/1746949021.mp4
2025-05-11 12:37:01,886 - recording_session - INFO - ðŸ“ Started recording chunk: /var/www/html/public/assets/uploads/CAM3/2025-05-11/1746949021.mp4
2025-05-11 12:37:17,222 - overlay - INFO - Fetching all CameraURLs records
2025-05-11 12:37:17,222 - overlay - INFO - Fetching all graphics records
2025-05-11 12:37:17,231 - overlay - INFO - Found 4 CameraURLs records
2025-05-11 12:37:17,233 - overlay - INFO - Found 1 graphics records
2025-05-11 12:37:17,620 - overlay - INFO - Fetching graphics with ID: 1
2025-05-11 12:37:17,625 - overlay - INFO - Fetching gamestats with ID: 1
2025-05-11 12:37:17,659 - overlay - INFO - Fetching graphics with ID: 1
2025-05-11 12:37:20,030 - overlay - INFO - Loaded stream target (ID: 1): srt => srt://origin-v2.vewbie.com:7010
2025-05-11 12:37:20,030 - overlay - INFO - Creating pipeline for srt stream to: srt://origin-v2.vewbie.com:7010
2025-05-11 12:37:20,035 - overlay - ERROR - Unexpected error: object of type `GstPulseSrc' does not have property `is-live'
2025-05-11 12:37:30,509 - recording_session - INFO - Finalizing chunk: /var/www/html/public/assets/uploads/CAM1/2025-05-11/1746949021.mp4
