2025-04-27 22:49:53,153 - overlay - INFO - Fetching all CameraURLs records
2025-04-27 22:49:53,164 - recording_session - INFO - 🚀 SlowMoWorker started
2025-04-27 22:49:53,165 - overlay - INFO - Fetching all CameraURLs records
2025-04-27 22:49:53,178 - recording_session - INFO - 🧹 Cleanup done. Deleted 0 files.
2025-04-27 22:49:53,184 - recording_session - INFO - 🎥 Recording thread started for camera 1
2025-04-27 22:49:53,187 - overlay - INFO - Started recording for camera 1: rtsp://192.168.100.150:8547/h264
2025-04-27 22:49:53,199 - recording_session - INFO - 🎥 Recording thread started for camera 2
2025-04-27 22:49:53,200 - overlay - INFO - Started recording for camera 2: rtsp://192.168.100.150:8547/h264
2025-04-27 22:49:53,203 - recording_session - INFO - 🧪 Starting GStreamer pipeline for camera 1
2025-04-27 22:49:53,204 - recording_session - INFO - 🧪 Starting GStreamer pipeline for camera 2
2025-04-27 22:49:53,207 - recording_session - INFO - ✅ Pipeline set to PLAYING for camera 1
2025-04-27 22:49:53,215 - recording_session - INFO - ✅ Pipeline set to PLAYING for camera 2
2025-04-27 22:49:53,218 - recording_session - INFO - 🎥 Recording thread started for camera 3
2025-04-27 22:49:53,224 - overlay - INFO - Started recording for camera 3: rtsp://192.168.100.150:8547/h264
2025-04-27 22:49:53,224 - recording_session - INFO - 🧪 Starting GStreamer pipeline for camera 3
2025-04-27 22:49:53,226 - recording_session - INFO - ✅ Pipeline set to PLAYING for camera 3
2025-04-27 22:49:53,235 - recording_session - INFO - 🎥 Recording thread started for camera 4
2025-04-27 22:49:53,235 - overlay - INFO - Started recording for camera 4: rtsp://192.168.100.150:8547/h264
2025-04-27 22:49:53,242 - recording_session - INFO - 🧪 Starting GStreamer pipeline for camera 4
2025-04-27 22:49:53,246 - recording_session - INFO - ✅ Pipeline set to PLAYING for camera 4
2025-04-27 22:49:53,274 - recording_session - INFO - 🔌 pad-added signal for camera 2
2025-04-27 22:49:53,275 - recording_session - INFO - 🔗 Linked rtspsrc pad to depay for camera 2
2025-04-27 22:49:53,309 - recording_session - INFO - 🔌 pad-added signal for camera 3
2025-04-27 22:49:53,309 - recording_session - INFO - 🔗 Linked rtspsrc pad to depay for camera 3
2025-04-27 22:49:53,318 - recording_session - INFO - 🔌 pad-added signal for camera 4
2025-04-27 22:49:53,319 - recording_session - INFO - 🔗 Linked rtspsrc pad to depay for camera 4
