2025-05-11 00:15:57,560 - overlay - INFO - Fetching all CameraURLs records
2025-05-11 00:15:57,568 - recording_session - INFO - ðŸš€ SlowMoWorkers started: 4 threads
2025-05-11 00:15:57,568 - overlay - INFO - Fetching all CameraURLs records
2025-05-11 00:15:57,577 - recording_session - INFO - ðŸŽ¥ Recording thread started for camera 1
2025-05-11 00:15:57,580 - overlay - INFO - Started recording for camera 1: rtsp://192.168.100.150:8547/h264
2025-05-11 00:15:57,594 - recording_session - INFO - ðŸŽ¥ Recording thread started for camera 2
2025-05-11 00:15:57,595 - overlay - INFO - Started recording for camera 2: rtsp://192.168.100.150:8547/h264
2025-05-11 00:15:57,604 - recording_session - INFO - ðŸŽ¥ Recording thread started for camera 3
2025-05-11 00:15:57,604 - overlay - INFO - Started recording for camera 3: rtsp://192.168.100.150:8547/h264
2025-05-11 00:15:57,614 - recording_session - INFO - ðŸŽ¥ Recording thread started for camera 4
2025-05-11 00:15:57,615 - overlay - INFO - Started recording for camera 4: rtsp://192.168.100.150:8547/h264
2025-05-11 00:15:57,622 - recording_session - INFO - ðŸ§ª Starting GStreamer pipeline for camera 3
2025-05-11 00:15:57,625 - recording_session - INFO - ðŸ§ª Starting GStreamer pipeline for camera 4
2025-05-11 00:15:57,627 - recording_session - INFO - ðŸ§ª Starting GStreamer pipeline for camera 1
2025-05-11 00:15:57,627 - recording_session - INFO - ðŸ§ª Starting GStreamer pipeline for camera 2
2025-05-11 00:15:57,643 - recording_session - INFO - âœ… Pipeline PLAYING for camera 1
2025-05-11 00:15:57,656 - recording_session - INFO - âœ… Pipeline PLAYING for camera 3
2025-05-11 00:15:57,657 - recording_session - INFO - âœ… Pipeline PLAYING for camera 4
2025-05-11 00:15:57,657 - recording_session - INFO - âœ… Pipeline PLAYING for camera 2
2025-05-11 00:15:57,831 - recording_session - INFO - âœ… Linked rtspsrc â†’ depay for camera 1
2025-05-11 00:15:57,833 - recording_session - INFO - âœ… Linked rtspsrc â†’ depay for camera 4
2025-05-11 00:15:57,833 - recording_session - INFO - âœ… Linked rtspsrc â†’ depay for camera 3
2025-05-11 00:15:57,835 - recording_session - INFO - âœ… Linked rtspsrc â†’ depay for camera 2
2025-05-11 00:15:57,850 - recording_session - INFO - ðŸ“ Started recording chunk: /var/www/html/public/assets/uploads/CAM3/2025-05-11/1746904557.mp4
2025-05-11 00:15:57,864 - recording_session - INFO - ðŸ“ Started recording chunk: /var/www/html/public/assets/uploads/CAM4/2025-05-11/1746904557.mp4
2025-05-11 00:15:57,879 - recording_session - INFO - ðŸ“ Started recording chunk: /var/www/html/public/assets/uploads/CAM2/2025-05-11/1746904557.mp4
2025-05-11 00:15:57,898 - recording_session - INFO - ðŸ“ Started recording chunk: /var/www/html/public/assets/uploads/CAM1/2025-05-11/1746904557.mp4
2025-05-11 00:16:02,989 - overlay - INFO - Fetching all graphics records
2025-05-11 00:16:02,990 - overlay - INFO - Fetching all CameraURLs records
2025-05-11 00:16:02,998 - overlay - INFO - Found 1 graphics records
2025-05-11 00:16:03,000 - overlay - INFO - Found 4 CameraURLs records
2025-05-11 00:16:03,126 - overlay - INFO - Fetching gamestats with ID: 1
2025-05-11 00:16:03,126 - overlay - INFO - Fetching graphics with ID: 1
2025-05-11 00:16:03,165 - overlay - INFO - Fetching graphics with ID: 1
2025-05-11 00:16:08,549 - overlay - INFO - Loaded stream target (ID: 1): srt => srt://origin-v2.vewbie.com:7010
2025-05-11 00:16:08,549 - overlay - INFO - Creating pipeline for srt stream to: srt://origin-v2.vewbie.com:7010
2025-05-11 00:16:08,565 - overlay - ERROR - Unexpected error: object of type `GstSRTSink' does not have property `linger'
2025-05-11 00:16:20,441 - recording_session - INFO - Finalizing chunk: /var/www/html/public/assets/uploads/CAM1/2025-05-11/1746904557.mp4
