2025-04-27 22:53:40,887 - overlay - INFO - Fetching all CameraURLs records
2025-04-27 22:53:40,899 - recording_session - INFO - 🚀 SlowMoWorker started
2025-04-27 22:53:40,900 - overlay - INFO - Fetching all CameraURLs records
2025-04-27 22:53:40,911 - recording_session - INFO - 🧹 Cleanup done. Deleted 0 files.
2025-04-27 22:53:40,922 - recording_session - INFO - 🎥 Recording thread started for camera 1
2025-04-27 22:53:40,925 - overlay - INFO - Started recording for camera 1: rtsp://192.168.100.150:8547/h264
2025-04-27 22:53:40,935 - recording_session - INFO - 🎥 Recording thread started for camera 2
2025-04-27 22:53:40,936 - overlay - INFO - Started recording for camera 2: rtsp://192.168.100.150:8547/h264
2025-04-27 22:53:40,938 - recording_session - INFO - 🧪 Starting GStreamer pipeline for camera 1
2025-04-27 22:53:40,939 - recording_session - INFO - 🧪 Starting GStreamer pipeline for camera 2
2025-04-27 22:53:40,940 - recording_session - INFO - ✅ Pipeline set to PLAYING for camera 2
2025-04-27 22:53:40,941 - recording_session - INFO - ✅ Pipeline set to PLAYING for camera 1
2025-04-27 22:53:40,949 - recording_session - INFO - 🎥 Recording thread started for camera 3
2025-04-27 22:53:40,955 - overlay - INFO - Started recording for camera 3: rtsp://192.168.100.150:8547/h264
2025-04-27 22:53:40,957 - recording_session - INFO - 🧪 Starting GStreamer pipeline for camera 3
2025-04-27 22:53:40,961 - recording_session - INFO - ✅ Pipeline set to PLAYING for camera 3
2025-04-27 22:53:40,968 - recording_session - INFO - 🎥 Recording thread started for camera 4
2025-04-27 22:53:40,968 - overlay - INFO - Started recording for camera 4: rtsp://192.168.100.150:8547/h264
2025-04-27 22:53:40,970 - recording_session - INFO - 🧪 Starting GStreamer pipeline for camera 4
2025-04-27 22:53:40,975 - recording_session - INFO - ✅ Pipeline set to PLAYING for camera 4
2025-04-27 22:53:41,002 - recording_session - INFO - 🔌 pad-added signal for camera 4
2025-04-27 22:53:41,004 - recording_session - INFO - 🔗 Linked rtspsrc pad to depay for camera 4
