2025-05-11 20:38:38,192 - overlay - INFO - Fetching all CameraURLs records
2025-05-11 20:38:38,205 - recording_session - INFO - 🚀 SlowMoWorkers started: 4 threads
2025-05-11 20:38:38,206 - overlay - INFO - Fetching all CameraURLs records
2025-05-11 20:38:38,215 - recording_session - INFO - 🎥 Recording thread started for camera 1
2025-05-11 20:38:38,217 - overlay - INFO - Started recording for camera 1: rtsp://192.168.100.150:8547/h264
2025-05-11 20:38:38,229 - recording_session - INFO - 🎥 Recording thread started for camera 2
2025-05-11 20:38:38,230 - overlay - INFO - Started recording for camera 2: rtsp://192.168.100.150:8547/h264
2025-05-11 20:38:38,240 - recording_session - INFO - 🎥 Recording thread started for camera 3
2025-05-11 20:38:38,241 - overlay - INFO - Started recording for camera 3: rtsp://192.168.100.150:8547/h264
2025-05-11 20:38:38,247 - recording_session - INFO - 🧪 Starting GStreamer pipeline for camera 3
2025-05-11 20:38:38,247 - recording_session - INFO - 🧪 Starting GStreamer pipeline for camera 1
2025-05-11 20:38:38,247 - recording_session - INFO - 🧪 Starting GStreamer pipeline for camera 2
2025-05-11 20:38:38,252 - recording_session - INFO - 🎥 Recording thread started for camera 4
2025-05-11 20:38:38,252 - overlay - INFO - Started recording for camera 4: rtsp://192.168.100.150:8547/h264
2025-05-11 20:38:38,259 - recording_session - INFO - 🧪 Starting GStreamer pipeline for camera 4
2025-05-11 20:38:38,270 - recording_session - INFO - ✅ Pipeline PLAYING for camera 2
2025-05-11 20:38:38,271 - recording_session - INFO - ✅ Pipeline PLAYING for camera 1
2025-05-11 20:38:38,271 - recording_session - INFO - ✅ Pipeline PLAYING for camera 3
2025-05-11 20:38:38,286 - recording_session - INFO - ✅ Pipeline PLAYING for camera 4
2025-05-11 20:38:44,279 - overlay - INFO - Fetching all graphics records
2025-05-11 20:38:44,279 - overlay - INFO - Fetching all CameraURLs records
2025-05-11 20:38:44,290 - overlay - INFO - Found 1 graphics records
2025-05-11 20:38:44,292 - overlay - INFO - Found 4 CameraURLs records
2025-05-11 20:38:44,400 - overlay - INFO - Fetching graphics with ID: 1
2025-05-11 20:38:44,400 - overlay - INFO - Fetching gamestats with ID: 1
2025-05-11 20:38:44,454 - overlay - INFO - Fetching graphics with ID: 1
2025-05-11 20:38:48,851 - overlay - INFO - Fetching all CameraURLs records
2025-05-11 20:38:48,851 - overlay - INFO - Fetching all graphics records
2025-05-11 20:38:48,855 - overlay - INFO - Found 4 CameraURLs records
2025-05-11 20:38:48,858 - overlay - INFO - Found 1 graphics records
2025-05-11 20:38:49,016 - overlay - INFO - Fetching gamestats with ID: 1
2025-05-11 20:38:49,016 - overlay - INFO - Fetching graphics with ID: 1
2025-05-11 20:38:49,035 - overlay - INFO - Fetching graphics with ID: 1
