2025-04-27 22:58:35,423 - overlay - INFO - Fetching all CameraURLs records
2025-04-27 22:58:35,432 - recording_session - INFO - 🚀 SlowMoWorker started
2025-04-27 22:58:35,433 - overlay - INFO - Fetching all CameraURLs records
2025-04-27 22:58:35,445 - recording_session - INFO - 🧹 Cleanup done. Deleted 0 files.
2025-04-27 22:58:35,463 - recording_session - INFO - 🎥 Recording thread started for camera 1
2025-04-27 22:58:35,466 - overlay - INFO - Started recording for camera 1: rtsp://192.168.100.150:8547/h264
2025-04-27 22:58:35,476 - recording_session - INFO - 🎥 Recording thread started for camera 2
2025-04-27 22:58:35,478 - overlay - INFO - Started recording for camera 2: rtsp://192.168.100.150:8547/h264
2025-04-27 22:58:35,480 - recording_session - INFO - 🧪 Starting GStreamer pipeline for camera 1
2025-04-27 22:58:35,480 - recording_session - INFO - 🧪 Starting GStreamer pipeline for camera 2
2025-04-27 22:58:35,482 - recording_session - INFO - ✅ Pipeline set to PLAYING for camera 2
2025-04-27 22:58:35,482 - recording_session - INFO - ✅ Pipeline set to PLAYING for camera 1
2025-04-27 22:58:35,507 - recording_session - INFO - 🎥 Recording thread started for camera 3
2025-04-27 22:58:35,507 - overlay - INFO - Started recording for camera 3: rtsp://192.168.100.150:8547/h264
2025-04-27 22:58:35,517 - recording_session - INFO - 🧪 Starting GStreamer pipeline for camera 3
2025-04-27 22:58:35,518 - recording_session - INFO - ✅ Pipeline set to PLAYING for camera 3
2025-04-27 22:58:35,523 - recording_session - INFO - 🎥 Recording thread started for camera 4
2025-04-27 22:58:35,523 - recording_session - INFO - 🧪 Starting GStreamer pipeline for camera 4
2025-04-27 22:58:35,523 - overlay - INFO - Started recording for camera 4: rtsp://192.168.100.150:8547/h264
2025-04-27 22:58:35,525 - recording_session - INFO - ✅ Pipeline set to PLAYING for camera 4
2025-04-27 22:58:35,553 - recording_session - INFO - 🔌 pad-added signal for camera 4
2025-04-27 22:58:35,554 - recording_session - INFO - 🔗 Linked rtspsrc pad to depay for camera 4
