2025-04-27 23:06:25,154 - overlay - INFO - Fetching all CameraURLs records
2025-04-27 23:06:25,163 - recording_session - INFO - 🚀 SlowMoWorker started
2025-04-27 23:06:25,164 - overlay - INFO - Fetching all CameraURLs records
2025-04-27 23:06:25,181 - recording_session - INFO - 🧹 Cleanup done. Deleted 0 files.
2025-04-27 23:06:25,186 - recording_session - INFO - 🎥 Recording thread started for camera 1
2025-04-27 23:06:25,188 - overlay - INFO - Started recording for camera 1: rtsp://192.168.100.150:8547/h264
2025-04-27 23:06:25,201 - recording_session - INFO - 🧪 Starting GStreamer pipeline for camera 1
2025-04-27 23:06:25,203 - recording_session - INFO - ✅ Pipeline set to PLAYING for camera 1
2025-04-27 23:06:25,225 - recording_session - INFO - 🎥 Recording thread started for camera 2
2025-04-27 23:06:25,226 - overlay - INFO - Started recording for camera 2: rtsp://192.168.100.150:8547/h264
2025-04-27 23:06:25,229 - recording_session - INFO - 🧪 Starting GStreamer pipeline for camera 2
2025-04-27 23:06:25,234 - recording_session - INFO - ✅ Pipeline set to PLAYING for camera 2
2025-04-27 23:06:25,265 - recording_session - INFO - 🎥 Recording thread started for camera 3
2025-04-27 23:06:25,265 - overlay - INFO - Started recording for camera 3: rtsp://192.168.100.150:8547/h264
2025-04-27 23:06:25,267 - recording_session - INFO - 🧪 Starting GStreamer pipeline for camera 3
2025-04-27 23:06:25,269 - recording_session - INFO - ✅ Pipeline set to PLAYING for camera 3
2025-04-27 23:06:25,303 - recording_session - INFO - 🎥 Recording thread started for camera 4
2025-04-27 23:06:25,303 - overlay - INFO - Started recording for camera 4: rtsp://192.168.100.150:8547/h264
2025-04-27 23:06:25,306 - recording_session - INFO - 🧪 Starting GStreamer pipeline for camera 4
2025-04-27 23:06:25,310 - recording_session - INFO - 🔌 pad-added signal for camera 1
2025-04-27 23:06:25,310 - recording_session - INFO - ✅ Pipeline set to PLAYING for camera 4
2025-04-27 23:06:25,311 - recording_session - INFO - 🔗 Linked rtspsrc pad to depay for camera 1
2025-04-27 23:06:25,321 - recording_session - INFO - 🔌 pad-added signal for camera 2
2025-04-27 23:06:25,322 - recording_session - INFO - 🔗 Linked rtspsrc pad to depay for camera 2
2025-04-27 23:06:25,330 - recording_session - INFO - 🔌 pad-added signal for camera 3
2025-04-27 23:06:25,330 - recording_session - INFO - 🔗 Linked rtspsrc pad to depay for camera 3
