2025-04-27 22:54:42,644 - overlay - INFO - Fetching all CameraURLs records
2025-04-27 22:54:42,654 - recording_session - INFO - 🚀 SlowMoWorker started
2025-04-27 22:54:42,655 - overlay - INFO - Fetching all CameraURLs records
2025-04-27 22:54:42,677 - recording_session - INFO - 🧹 Cleanup done. Deleted 0 files.
2025-04-27 22:54:42,678 - recording_session - INFO - 🎥 Recording thread started for camera 1
2025-04-27 22:54:42,682 - overlay - INFO - Started recording for camera 1: rtsp://192.168.100.150:8547/h264
2025-04-27 22:54:42,695 - recording_session - INFO - 🎥 Recording thread started for camera 2
2025-04-27 22:54:42,697 - overlay - INFO - Started recording for camera 2: rtsp://192.168.100.150:8547/h264
2025-04-27 22:54:42,703 - recording_session - INFO - 🧪 Starting GStreamer pipeline for camera 2
2025-04-27 22:54:42,705 - recording_session - INFO - 🧪 Starting GStreamer pipeline for camera 1
2025-04-27 22:54:42,705 - recording_session - INFO - ✅ Pipeline set to PLAYING for camera 2
2025-04-27 22:54:42,713 - recording_session - INFO - ✅ Pipeline set to PLAYING for camera 1
2025-04-27 22:54:42,720 - recording_session - INFO - 🎥 Recording thread started for camera 3
2025-04-27 22:54:42,722 - overlay - INFO - Started recording for camera 3: rtsp://192.168.100.150:8547/h264
2025-04-27 22:54:42,724 - recording_session - INFO - 🧪 Starting GStreamer pipeline for camera 3
2025-04-27 22:54:42,726 - recording_session - INFO - ✅ Pipeline set to PLAYING for camera 3
2025-04-27 22:54:42,734 - recording_session - INFO - 🎥 Recording thread started for camera 4
2025-04-27 22:54:42,735 - overlay - INFO - Started recording for camera 4: rtsp://192.168.100.150:8547/h264
2025-04-27 22:54:42,737 - recording_session - INFO - 🧪 Starting GStreamer pipeline for camera 4
2025-04-27 22:54:42,739 - recording_session - INFO - ✅ Pipeline set to PLAYING for camera 4
2025-04-27 22:54:42,766 - recording_session - INFO - 🔌 pad-added signal for camera 4
2025-04-27 22:54:42,768 - recording_session - INFO - 🔗 Linked rtspsrc pad to depay for camera 4
