2025-04-27 23:01:21,663 - overlay - INFO - Fetching all CameraURLs records
2025-04-27 23:01:21,673 - recording_session - INFO - 🚀 SlowMoWorker started
2025-04-27 23:01:21,673 - overlay - INFO - Fetching all CameraURLs records
2025-04-27 23:01:21,684 - recording_session - INFO - 🧹 Cleanup done. Deleted 0 files.
2025-04-27 23:01:21,694 - recording_session - INFO - 🎥 Recording thread started for camera 1
2025-04-27 23:01:21,696 - overlay - INFO - Started recording for camera 1: rtsp://192.168.100.150:8547/h264
2025-04-27 23:01:21,706 - recording_session - INFO - 🎥 Recording thread started for camera 2
2025-04-27 23:01:21,707 - overlay - INFO - Started recording for camera 2: rtsp://192.168.100.150:8547/h264
2025-04-27 23:01:21,711 - recording_session - INFO - 🧪 Starting GStreamer pipeline for camera 1
2025-04-27 23:01:21,711 - recording_session - INFO - 🧪 Starting GStreamer pipeline for camera 2
2025-04-27 23:01:21,712 - recording_session - INFO - ✅ Pipeline set to PLAYING for camera 2
2025-04-27 23:01:21,713 - recording_session - INFO - ✅ Pipeline set to PLAYING for camera 1
2025-04-27 23:01:21,722 - recording_session - INFO - 🎥 Recording thread started for camera 3
2025-04-27 23:01:21,723 - overlay - INFO - Started recording for camera 3: rtsp://192.168.100.150:8547/h264
2025-04-27 23:01:21,730 - recording_session - INFO - 🧪 Starting GStreamer pipeline for camera 3
2025-04-27 23:01:21,732 - recording_session - INFO - ✅ Pipeline set to PLAYING for camera 3
2025-04-27 23:01:21,733 - recording_session - INFO - 🎥 Recording thread started for camera 4
2025-04-27 23:01:21,733 - overlay - INFO - Started recording for camera 4: rtsp://192.168.100.150:8547/h264
2025-04-27 23:01:21,739 - recording_session - INFO - 🧪 Starting GStreamer pipeline for camera 4
2025-04-27 23:01:21,742 - recording_session - INFO - ✅ Pipeline set to PLAYING for camera 4
2025-04-27 23:01:21,767 - recording_session - INFO - 🔌 pad-added signal for camera 4
2025-04-27 23:01:21,768 - recording_session - INFO - 🔗 Linked rtspsrc pad to depay for camera 4
