2025-04-28 12:00:49,000 - overlay - INFO - Fetching all CameraURLs records
2025-04-28 12:00:49,010 - recording_session - INFO - 🚀 SlowMoWorker started
2025-04-28 12:00:49,011 - overlay - INFO - Fetching all CameraURLs records
2025-04-28 12:00:49,020 - recording_session - INFO - 🎥 Recording thread started for camera 1
2025-04-28 12:00:49,023 - overlay - INFO - Started recording for camera 1: rtsp://192.168.100.150:8547/h264
2025-04-28 12:00:49,030 - recording_session - INFO - 🧹 Cleanup done. Deleted 0 files.
2025-04-28 12:00:49,056 - recording_session - INFO - 🎥 Recording thread started for camera 2
2025-04-28 12:00:49,057 - overlay - INFO - Started recording for camera 2: rtsp://192.168.100.150:8547/h264
2025-04-28 12:00:49,079 - recording_session - INFO - 🎥 Recording thread started for camera 3
2025-04-28 12:00:49,079 - overlay - INFO - Started recording for camera 3: rtsp://192.168.100.150:8547/h264
2025-04-28 12:00:49,092 - recording_session - INFO - 🎥 Recording thread started for camera 4
2025-04-28 12:00:49,092 - overlay - INFO - Started recording for camera 4: rtsp://192.168.100.150:8547/h264
2025-04-28 12:00:49,098 - recording_session - INFO - 🧪 Starting GStreamer pipeline for camera 2
2025-04-28 12:00:49,098 - recording_session - INFO - 🧪 Starting GStreamer pipeline for camera 3
2025-04-28 12:00:49,099 - recording_session - INFO - 🧪 Starting GStreamer pipeline for camera 1
2025-04-28 12:00:49,099 - recording_session - INFO - 🧪 Starting GStreamer pipeline for camera 4
2025-04-28 12:00:49,100 - recording_session - INFO - ✅ Pipeline set to PLAYING for camera 2
2025-04-28 12:00:49,102 - recording_session - INFO - ✅ Pipeline set to PLAYING for camera 3
2025-04-28 12:00:49,103 - recording_session - INFO - ✅ Pipeline set to PLAYING for camera 1
2025-04-28 12:00:49,103 - recording_session - INFO - ✅ Pipeline set to PLAYING for camera 4
2025-04-28 12:00:50,068 - recording_session - INFO - 📊 RAM Usage: 2.2% | CPU: 7.2%
2025-04-28 12:01:20,577 - recording_session - INFO - 📊 RAM Usage: 4.7% | CPU: 1.9%
2025-04-28 12:01:51,578 - recording_session - INFO - 📊 RAM Usage: 4.7% | CPU: 2.8%
2025-04-28 12:02:22,579 - recording_session - INFO - 📊 RAM Usage: 5.1% | CPU: 12.2%
2025-04-28 12:02:53,581 - recording_session - INFO - 📊 RAM Usage: 5.1% | CPU: 2.9%
2025-04-28 12:03:24,582 - recording_session - INFO - 📊 RAM Usage: 5.1% | CPU: 2.9%
2025-04-28 12:03:31,318 - overlay - INFO - Fetching gamestats with ID: 1
2025-04-28 12:03:31,342 - overlay - INFO - Fetching graphics with ID: 1
2025-04-28 12:03:55,583 - recording_session - INFO - 📊 RAM Usage: 5.0% | CPU: 2.0%
2025-04-28 12:03:58,791 - overlay - INFO - Fetching all graphics records
2025-04-28 12:03:58,794 - overlay - INFO - Fetching all CameraURLs records
2025-04-28 12:03:58,797 - overlay - INFO - Found 1 graphics records
2025-04-28 12:03:58,799 - overlay - INFO - Found 4 CameraURLs records
2025-04-28 12:03:58,924 - overlay - INFO - Fetching gamestats with ID: 1
2025-04-28 12:03:58,925 - overlay - INFO - Fetching graphics with ID: 1
2025-04-28 12:03:58,981 - overlay - INFO - Fetching graphics with ID: 1
2025-04-28 12:04:26,585 - recording_session - INFO - 📊 RAM Usage: 5.1% | CPU: 6.9%
2025-04-28 12:04:57,586 - recording_session - INFO - 📊 RAM Usage: 5.3% | CPU: 13.6%
2025-04-28 12:05:28,588 - recording_session - INFO - 📊 RAM Usage: 5.2% | CPU: 3.6%
2025-04-28 12:05:59,589 - recording_session - INFO - 📊 RAM Usage: 5.2% | CPU: 3.1%
2025-04-28 12:06:30,591 - recording_session - INFO - 📊 RAM Usage: 5.2% | CPU: 6.7%
