2025-04-27 22:58:06,891 - overlay - INFO - Fetching all CameraURLs records
2025-04-27 22:58:06,901 - recording_session - INFO - 🚀 SlowMoWorker started
2025-04-27 22:58:06,901 - overlay - INFO - Fetching all CameraURLs records
2025-04-27 22:58:06,912 - recording_session - INFO - 🧹 Cleanup done. Deleted 0 files.
2025-04-27 22:58:06,927 - recording_session - INFO - 🎥 Recording thread started for camera 1
2025-04-27 22:58:06,929 - overlay - INFO - Started recording for camera 1: rtsp://192.168.100.150:8547/h264
2025-04-27 22:58:06,939 - recording_session - INFO - 🎥 Recording thread started for camera 2
2025-04-27 22:58:06,940 - overlay - INFO - Started recording for camera 2: rtsp://192.168.100.150:8547/h264
2025-04-27 22:58:06,945 - recording_session - INFO - 🧪 Starting GStreamer pipeline for camera 1
2025-04-27 22:58:06,945 - recording_session - INFO - 🧪 Starting GStreamer pipeline for camera 2
2025-04-27 22:58:06,948 - recording_session - INFO - ✅ Pipeline set to PLAYING for camera 1
2025-04-27 22:58:06,948 - recording_session - INFO - ✅ Pipeline set to PLAYING for camera 2
2025-04-27 22:58:06,963 - recording_session - INFO - 🎥 Recording thread started for camera 3
2025-04-27 22:58:06,965 - overlay - INFO - Started recording for camera 3: rtsp://192.168.100.150:8547/h264
2025-04-27 22:58:06,965 - recording_session - INFO - 🧪 Starting GStreamer pipeline for camera 3
2025-04-27 22:58:06,967 - recording_session - INFO - ✅ Pipeline set to PLAYING for camera 3
2025-04-27 22:58:06,977 - recording_session - INFO - 🎥 Recording thread started for camera 4
2025-04-27 22:58:06,978 - overlay - INFO - Started recording for camera 4: rtsp://192.168.100.150:8547/h264
2025-04-27 22:58:06,984 - recording_session - INFO - 🧪 Starting GStreamer pipeline for camera 4
2025-04-27 22:58:06,987 - recording_session - INFO - ✅ Pipeline set to PLAYING for camera 4
2025-04-27 22:58:07,003 - recording_session - INFO - 🔌 pad-added signal for camera 3
2025-04-27 22:58:07,004 - recording_session - INFO - 🔗 Linked rtspsrc pad to depay for camera 3
