2025-05-19 20:50:07,026 - overlay - INFO - Fetching all CameraURLs records
2025-05-19 20:50:07,107 - recording_session - INFO - ðŸš€ SlowMoWorkers started: 4 threads
2025-05-19 20:50:07,108 - overlay - INFO - Fetching all CameraURLs records
2025-05-19 20:50:07,123 - recording_session - INFO - ðŸŽ¥ Recording thread started for camera 1
2025-05-19 20:50:07,125 - overlay - INFO - Started recording for camera 1: rtsp://192.168.100.150:8547/h264
2025-05-19 20:50:07,136 - recording_session - INFO - ðŸŽ¥ Recording thread started for camera 2
2025-05-19 20:50:07,137 - overlay - INFO - Started recording for camera 2: rtsp://192.168.100.150:8547/h264
2025-05-19 20:50:07,148 - recording_session - INFO - ðŸŽ¥ Recording thread started for camera 3
2025-05-19 20:50:07,157 - overlay - INFO - Started recording for camera 3: rtsp://192.168.100.150:8547/h264
2025-05-19 20:50:07,170 - recording_session - INFO - ðŸŽ¥ Recording thread started for camera 4
2025-05-19 20:50:07,170 - overlay - INFO - Started recording for camera 4: rtsp://192.168.100.150:8547/h264
2025-05-19 20:50:07,178 - recording_session - INFO - ðŸ§ª Starting GStreamer pipeline for camera 2
2025-05-19 20:50:07,178 - recording_session - INFO - ðŸ§ª Starting GStreamer pipeline for camera 3
2025-05-19 20:50:07,179 - recording_session - INFO - ðŸ§ª Starting GStreamer pipeline for camera 1
2025-05-19 20:50:07,179 - recording_session - INFO - ðŸ§ª Starting GStreamer pipeline for camera 4
2025-05-19 20:50:07,184 - recording_session - INFO - âœ… Pipeline PLAYING for camera 1
2025-05-19 20:50:07,186 - recording_session - INFO - âœ… Pipeline PLAYING for camera 2
2025-05-19 20:50:07,186 - recording_session - INFO - âœ… Pipeline PLAYING for camera 3
2025-05-19 20:50:07,192 - recording_session - INFO - âœ… Pipeline PLAYING for camera 4
2025-05-19 20:50:07,316 - recording_session - INFO - âœ… Linked rtspsrc â†’ depay for camera 1
2025-05-19 20:50:07,317 - recording_session - INFO - âœ… Linked rtspsrc â†’ depay for camera 2
2025-05-19 20:50:07,318 - recording_session - INFO - âœ… Linked rtspsrc â†’ depay for camera 3
2025-05-19 20:50:07,320 - recording_session - INFO - âœ… Linked rtspsrc â†’ depay for camera 4
2025-05-19 20:50:07,335 - recording_session - INFO - ðŸ“ Started recording chunk: /var/www/html/public/assets/uploads/CAM3/2025-05-19/1747669807.mp4
2025-05-19 20:50:07,350 - recording_session - INFO - ðŸ“ Started recording chunk: /var/www/html/public/assets/uploads/CAM1/2025-05-19/1747669807.mp4
2025-05-19 20:50:07,366 - recording_session - INFO - ðŸ“ Started recording chunk: /var/www/html/public/assets/uploads/CAM2/2025-05-19/1747669807.mp4
2025-05-19 20:50:07,385 - recording_session - INFO - ðŸ“ Started recording chunk: /var/www/html/public/assets/uploads/CAM4/2025-05-19/1747669807.mp4
2025-05-19 20:50:17,213 - overlay - INFO - Fetching all CameraURLs records
2025-05-19 20:50:17,213 - overlay - INFO - Fetching all graphics records
2025-05-19 20:50:17,221 - overlay - INFO - Found 4 CameraURLs records
2025-05-19 20:50:17,225 - overlay - INFO - Found 1 graphics records
2025-05-19 20:50:17,386 - overlay - INFO - Fetching graphics with ID: 1
2025-05-19 20:50:17,387 - overlay - INFO - Fetching gamestats with ID: 1
2025-05-19 20:50:17,415 - overlay - INFO - Fetching graphics with ID: 1
2025-05-19 20:50:20,244 - overlay - INFO - Loaded stream target (ID: 1): srt => srt://origin-v2.vewbie.com:7010
2025-05-19 20:50:20,244 - overlay - INFO - Creating pipeline for srt stream to: srt://origin-v2.vewbie.com:7010
2025-05-19 20:50:20,258 - overlay - ERROR - Unexpected error: object of type `GstUDPSrc' does not have property `is-live'
2025-05-19 20:50:43,547 - recording_session - INFO - Finalizing chunk: /var/www/html/public/assets/uploads/CAM1/2025-05-19/1747669807.mp4
