2025-04-30 18:30:22,472 - overlay - INFO - Fetching all CameraURLs records
2025-04-30 18:30:22,485 - recording_session - INFO - 🚀 SlowMoWorkers started: 4 threads
2025-04-30 18:30:22,485 - overlay - INFO - Fetching all CameraURLs records
2025-04-30 18:30:22,495 - recording_session - INFO - 🎥 Recording thread started for camera 1
2025-04-30 18:30:22,496 - overlay - INFO - Started recording for camera 1: rtsp://192.168.100.150:8547/h264
2025-04-30 18:30:22,515 - recording_session - INFO - 🎥 Recording thread started for camera 2
2025-04-30 18:30:22,515 - overlay - INFO - Started recording for camera 2: rtsp://192.168.100.150:8547/h264
2025-04-30 18:30:22,525 - recording_session - INFO - 🎥 Recording thread started for camera 3
2025-04-30 18:30:22,526 - overlay - INFO - Started recording for camera 3: rtsp://192.168.100.150:8547/h264
2025-04-30 18:30:22,533 - recording_session - INFO - 🧪 Starting GStreamer pipeline for camera 2
2025-04-30 18:30:22,533 - recording_session - INFO - 🧪 Starting GStreamer pipeline for camera 3
2025-04-30 18:30:22,533 - recording_session - INFO - 🧪 Starting GStreamer pipeline for camera 1
2025-04-30 18:30:22,536 - recording_session - INFO - ✅ Pipeline set to PLAYING for camera 2
2025-04-30 18:30:22,537 - recording_session - INFO - ✅ Pipeline set to PLAYING for camera 3
2025-04-30 18:30:22,537 - recording_session - INFO - 🎥 Recording thread started for camera 4
2025-04-30 18:30:22,537 - recording_session - INFO - ✅ Pipeline set to PLAYING for camera 1
2025-04-30 18:30:22,548 - overlay - INFO - Started recording for camera 4: rtsp://192.168.100.150:8547/h264
2025-04-30 18:30:22,561 - recording_session - INFO - 🧪 Starting GStreamer pipeline for camera 4
2025-04-30 18:30:22,564 - recording_session - INFO - ✅ Pipeline set to PLAYING for camera 4
2025-04-30 18:30:22,614 - overlay - INFO - Deleted old file: /var/www/html/public/assets/uploads/CAM1/2025-04-29/1745917106.mp4
2025-04-30 18:30:36,705 - overlay - INFO - Fetching all graphics records
2025-04-30 18:30:36,706 - overlay - INFO - Fetching all CameraURLs records
2025-04-30 18:30:36,715 - overlay - INFO - Found 1 graphics records
2025-04-30 18:30:36,716 - overlay - INFO - Found 4 CameraURLs records
2025-04-30 18:30:36,807 - overlay - INFO - Fetching graphics with ID: 1
2025-04-30 18:30:36,807 - overlay - INFO - Fetching gamestats with ID: 1
2025-04-30 18:30:36,849 - overlay - INFO - Fetching graphics with ID: 1
