2025-04-27 22:42:20,138 - overlay - INFO - Fetching all CameraURLs records
2025-04-27 22:42:20,148 - recording_session - INFO - 🚀 SlowMoWorker started
2025-04-27 22:42:20,149 - overlay - INFO - Fetching all CameraURLs records
2025-04-27 22:42:20,160 - recording_session - INFO - 🧹 Cleanup done. Deleted 0 files.
2025-04-27 22:42:20,167 - recording_session - INFO - 🎥 Recording thread started for camera 1
2025-04-27 22:42:20,170 - overlay - INFO - Started recording for camera 1: rtsp://192.168.100.150:8547/h264
2025-04-27 22:42:20,182 - recording_session - INFO - 🎥 Recording thread started for camera 2
2025-04-27 22:42:20,182 - overlay - INFO - Started recording for camera 2: rtsp://192.168.100.150:8547/h264
2025-04-27 22:42:20,183 - recording_session - INFO - 🧪 Starting GStreamer pipeline for camera 1
2025-04-27 22:42:20,185 - recording_session - INFO - 🧪 Starting GStreamer pipeline for camera 2
2025-04-27 22:42:20,185 - recording_session - INFO - ✅ Pipeline set to PLAYING for camera 1
2025-04-27 22:42:20,194 - recording_session - INFO - ✅ Pipeline set to PLAYING for camera 2
2025-04-27 22:42:20,204 - recording_session - INFO - 🎥 Recording thread started for camera 3
2025-04-27 22:42:20,206 - overlay - INFO - Started recording for camera 3: rtsp://192.168.100.150:8547/h264
2025-04-27 22:42:20,207 - recording_session - INFO - 🧪 Starting GStreamer pipeline for camera 3
2025-04-27 22:42:20,209 - recording_session - INFO - ✅ Pipeline set to PLAYING for camera 3
2025-04-27 22:42:20,219 - recording_session - INFO - 🎥 Recording thread started for camera 4
2025-04-27 22:42:20,219 - overlay - INFO - Started recording for camera 4: rtsp://192.168.100.150:8547/h264
2025-04-27 22:42:20,221 - recording_session - INFO - 🧪 Starting GStreamer pipeline for camera 4
2025-04-27 22:42:20,225 - recording_session - INFO - ✅ Pipeline set to PLAYING for camera 4
2025-04-27 22:42:20,245 - recording_session - INFO - 🔌 pad-added signal for camera 3
2025-04-27 22:42:20,246 - recording_session - INFO - 🔗 Linked rtspsrc pad to depay for camera 3
2025-04-27 22:42:20,255 - recording_session - INFO - 🔌 pad-added signal for camera 4
2025-04-27 22:42:20,255 - recording_session - INFO - 🔗 Linked rtspsrc pad to depay for camera 4
