2025-04-27 22:54:18,910 - overlay - INFO - Fetching all CameraURLs records
2025-04-27 22:54:18,920 - recording_session - INFO - 🚀 SlowMoWorker started
2025-04-27 22:54:18,921 - overlay - INFO - Fetching all CameraURLs records
2025-04-27 22:54:18,941 - recording_session - INFO - 🎥 Recording thread started for camera 1
2025-04-27 22:54:18,946 - overlay - INFO - Started recording for camera 1: rtsp://192.168.100.150:8547/h264
2025-04-27 22:54:18,946 - recording_session - INFO - 🧹 Cleanup done. Deleted 0 files.
2025-04-27 22:54:18,964 - recording_session - INFO - 🧪 Starting GStreamer pipeline for camera 1
2025-04-27 22:54:18,965 - recording_session - INFO - 🎥 Recording thread started for camera 2
2025-04-27 22:54:18,965 - overlay - INFO - Started recording for camera 2: rtsp://192.168.100.150:8547/h264
2025-04-27 22:54:18,966 - recording_session - INFO - 🧪 Starting GStreamer pipeline for camera 2
2025-04-27 22:54:18,967 - recording_session - INFO - ✅ Pipeline set to PLAYING for camera 1
2025-04-27 22:54:18,977 - recording_session - INFO - ✅ Pipeline set to PLAYING for camera 2
2025-04-27 22:54:18,985 - recording_session - INFO - 🎥 Recording thread started for camera 3
2025-04-27 22:54:18,986 - overlay - INFO - Started recording for camera 3: rtsp://192.168.100.150:8547/h264
2025-04-27 22:54:18,987 - recording_session - INFO - 🧪 Starting GStreamer pipeline for camera 3
2025-04-27 22:54:18,989 - recording_session - INFO - ✅ Pipeline set to PLAYING for camera 3
2025-04-27 22:54:18,998 - recording_session - INFO - 🎥 Recording thread started for camera 4
2025-04-27 22:54:18,998 - overlay - INFO - Started recording for camera 4: rtsp://192.168.100.150:8547/h264
2025-04-27 22:54:19,005 - recording_session - INFO - 🧪 Starting GStreamer pipeline for camera 4
2025-04-27 22:54:19,009 - recording_session - INFO - ✅ Pipeline set to PLAYING for camera 4
2025-04-27 22:54:19,031 - recording_session - INFO - 🔌 pad-added signal for camera 4
2025-04-27 22:54:19,032 - recording_session - INFO - 🔗 Linked rtspsrc pad to depay for camera 4
