2025-05-11 11:32:55,948 - overlay - INFO - Fetching all CameraURLs records
2025-05-11 11:32:55,963 - recording_session - INFO - ðŸš€ SlowMoWorkers started: 4 threads
2025-05-11 11:32:55,963 - overlay - INFO - Fetching all CameraURLs records
2025-05-11 11:32:55,974 - recording_session - INFO - ðŸŽ¥ Recording thread started for camera 1
2025-05-11 11:32:55,975 - overlay - INFO - Started recording for camera 1: rtsp://192.168.100.150:8547/h264
2025-05-11 11:32:55,989 - recording_session - INFO - ðŸŽ¥ Recording thread started for camera 2
2025-05-11 11:32:55,990 - overlay - INFO - Started recording for camera 2: rtsp://192.168.100.150:8547/h264
2025-05-11 11:32:55,998 - recording_session - INFO - ðŸŽ¥ Recording thread started for camera 3
2025-05-11 11:32:55,999 - overlay - INFO - Started recording for camera 3: rtsp://192.168.100.150:8547/h264
2025-05-11 11:32:56,007 - recording_session - INFO - ðŸ§ª Starting GStreamer pipeline for camera 2
2025-05-11 11:32:56,007 - recording_session - INFO - ðŸ§ª Starting GStreamer pipeline for camera 3
2025-05-11 11:32:56,007 - recording_session - INFO - ðŸ§ª Starting GStreamer pipeline for camera 1
2025-05-11 11:32:56,010 - recording_session - INFO - ðŸŽ¥ Recording thread started for camera 4
2025-05-11 11:32:56,011 - overlay - INFO - Started recording for camera 4: rtsp://192.168.100.150:8547/h264
2025-05-11 11:32:56,014 - recording_session - INFO - ðŸ§ª Starting GStreamer pipeline for camera 4
2025-05-11 11:32:56,030 - recording_session - INFO - âœ… Pipeline PLAYING for camera 1
2025-05-11 11:32:56,031 - recording_session - INFO - âœ… Pipeline PLAYING for camera 2
2025-05-11 11:32:56,032 - recording_session - INFO - âœ… Pipeline PLAYING for camera 3
2025-05-11 11:32:56,041 - recording_session - INFO - âœ… Pipeline PLAYING for camera 4
2025-05-11 11:32:56,229 - recording_session - INFO - âœ… Linked rtspsrc â†’ depay for camera 2
2025-05-11 11:32:56,233 - recording_session - INFO - âœ… Linked rtspsrc â†’ depay for camera 1
2025-05-11 11:32:56,233 - recording_session - INFO - âœ… Linked rtspsrc â†’ depay for camera 4
2025-05-11 11:32:56,234 - recording_session - INFO - âœ… Linked rtspsrc â†’ depay for camera 3
2025-05-11 11:32:56,248 - recording_session - INFO - ðŸ“ Started recording chunk: /var/www/html/public/assets/uploads/CAM2/2025-05-11/1746945176.mp4
2025-05-11 11:32:56,264 - recording_session - INFO - ðŸ“ Started recording chunk: /var/www/html/public/assets/uploads/CAM1/2025-05-11/1746945176.mp4
2025-05-11 11:32:56,281 - recording_session - INFO - ðŸ“ Started recording chunk: /var/www/html/public/assets/uploads/CAM4/2025-05-11/1746945176.mp4
2025-05-11 11:32:56,301 - recording_session - INFO - ðŸ“ Started recording chunk: /var/www/html/public/assets/uploads/CAM3/2025-05-11/1746945176.mp4
2025-05-11 11:33:06,001 - overlay - INFO - Fetching all CameraURLs records
2025-05-11 11:33:06,001 - overlay - INFO - Fetching all graphics records
2025-05-11 11:33:06,003 - overlay - INFO - Found 4 CameraURLs records
2025-05-11 11:33:06,013 - overlay - INFO - Found 1 graphics records
2025-05-11 11:33:06,167 - overlay - INFO - Fetching graphics with ID: 1
2025-05-11 11:33:06,173 - overlay - INFO - Fetching gamestats with ID: 1
2025-05-11 11:33:06,195 - overlay - INFO - Fetching graphics with ID: 1
2025-05-11 11:33:12,610 - overlay - INFO - Loaded stream target (ID: 1): srt => srt://origin-v2.vewbie.com:7010
2025-05-11 11:33:12,610 - overlay - INFO - Creating pipeline for srt stream to: srt://origin-v2.vewbie.com:7010
2025-05-11 11:33:12,691 - overlay - ERROR - Unexpected error: object of type `GstMppH264Enc' does not have property `dma-buf'
2025-05-11 11:33:47,381 - recording_session - INFO - Finalizing chunk: /var/www/html/public/assets/uploads/CAM1/2025-05-11/1746945176.mp4
