2025-05-11 19:21:51,007 - overlay - INFO - Fetching all CameraURLs records
2025-05-11 19:21:51,016 - recording_session - INFO - ðŸš€ SlowMoWorkers started: 4 threads
2025-05-11 19:21:51,016 - overlay - INFO - Fetching all CameraURLs records
2025-05-11 19:21:51,027 - recording_session - INFO - ðŸŽ¥ Recording thread started for camera 1
2025-05-11 19:21:51,029 - overlay - INFO - Started recording for camera 1: rtsp://192.168.100.150:8547/h264
2025-05-11 19:21:51,043 - recording_session - INFO - ðŸŽ¥ Recording thread started for camera 2
2025-05-11 19:21:51,044 - overlay - INFO - Started recording for camera 2: rtsp://192.168.100.150:8547/h264
2025-05-11 19:21:51,052 - recording_session - INFO - ðŸ§ª Starting GStreamer pipeline for camera 1
2025-05-11 19:21:51,053 - recording_session - INFO - ðŸ§ª Starting GStreamer pipeline for camera 2
2025-05-11 19:21:51,054 - recording_session - INFO - ðŸŽ¥ Recording thread started for camera 3
2025-05-11 19:21:51,054 - overlay - INFO - Started recording for camera 3: rtsp://192.168.100.150:8547/h264
2025-05-11 19:21:51,055 - recording_session - INFO - ðŸ§ª Starting GStreamer pipeline for camera 3
2025-05-11 19:21:51,065 - recording_session - INFO - ðŸŽ¥ Recording thread started for camera 4
2025-05-11 19:21:51,065 - overlay - INFO - Started recording for camera 4: rtsp://192.168.100.150:8547/h264
2025-05-11 19:21:51,068 - recording_session - INFO - âœ… Pipeline PLAYING for camera 1
2025-05-11 19:21:51,080 - recording_session - INFO - âœ… Pipeline PLAYING for camera 2
2025-05-11 19:21:51,080 - recording_session - INFO - âœ… Pipeline PLAYING for camera 3
2025-05-11 19:21:51,091 - recording_session - INFO - ðŸ§ª Starting GStreamer pipeline for camera 4
2025-05-11 19:21:51,125 - recording_session - INFO - âœ… Pipeline PLAYING for camera 4
2025-05-11 19:21:51,239 - recording_session - INFO - âœ… Linked rtspsrc â†’ depay for camera 3
2025-05-11 19:21:51,243 - recording_session - INFO - âœ… Linked rtspsrc â†’ depay for camera 2
2025-05-11 19:21:51,245 - recording_session - INFO - âœ… Linked rtspsrc â†’ depay for camera 1
2025-05-11 19:21:51,253 - recording_session - INFO - âœ… Linked rtspsrc â†’ depay for camera 4
2025-05-11 19:21:51,256 - recording_session - INFO - ðŸ“ Started recording chunk: /var/www/html/public/assets/uploads/CAM3/2025-05-11/1746973311.mp4
2025-05-11 19:21:51,262 - recording_session - INFO - ðŸ“ Started recording chunk: /var/www/html/public/assets/uploads/CAM4/2025-05-11/1746973311.mp4
2025-05-11 19:21:51,272 - recording_session - INFO - ðŸ“ Started recording chunk: /var/www/html/public/assets/uploads/CAM2/2025-05-11/1746973311.mp4
2025-05-11 19:21:51,288 - recording_session - INFO - ðŸ“ Started recording chunk: /var/www/html/public/assets/uploads/CAM1/2025-05-11/1746973311.mp4
2025-05-11 19:21:59,570 - overlay - INFO - Fetching all graphics records
2025-05-11 19:21:59,570 - overlay - INFO - Fetching all CameraURLs records
2025-05-11 19:21:59,574 - overlay - INFO - Found 1 graphics records
2025-05-11 19:21:59,580 - overlay - INFO - Found 4 CameraURLs records
2025-05-11 19:21:59,690 - overlay - INFO - Fetching gamestats with ID: 1
2025-05-11 19:21:59,690 - overlay - INFO - Fetching graphics with ID: 1
2025-05-11 19:21:59,744 - overlay - INFO - Fetching graphics with ID: 1
2025-05-11 19:22:31,888 - overlay - INFO - Loaded stream target (ID: 1): srt => srt://origin-v2.vewbie.com:7010
2025-05-11 19:22:31,889 - overlay - INFO - Creating pipeline for srt stream to: srt://origin-v2.vewbie.com:7010
2025-05-11 19:22:31,905 - overlay - ERROR - Unexpected error: object of type `GstAacParse' does not have property `stream-format'
2025-05-11 19:22:42,582 - recording_session - INFO - Finalizing chunk: /var/www/html/public/assets/uploads/CAM1/2025-05-11/1746973311.mp4
2025-05-11 19:22:42,620 - recording_session - WARNING - Failed to probe file /var/www/html/public/assets/uploads/CAM1/2025-05-11/1746973311.mp4: could not convert string to float: ''
2025-05-11 19:22:42,620 - recording_session - WARNING - Chunk not ready or too small to process: /var/www/html/public/assets/uploads/CAM1/2025-05-11/1746973311.mp4
2025-05-11 19:22:42,621 - recording_session - INFO - Finalizing chunk: /var/www/html/public/assets/uploads/CAM2/2025-05-11/1746973311.mp4
