2025-04-27 23:02:04,405 - overlay - INFO - Fetching all CameraURLs records
2025-04-27 23:02:04,415 - recording_session - INFO - 🚀 SlowMoWorker started
2025-04-27 23:02:04,419 - overlay - INFO - Fetching all CameraURLs records
2025-04-27 23:02:04,441 - recording_session - INFO - 🧹 Cleanup done. Deleted 0 files.
2025-04-27 23:02:04,443 - recording_session - INFO - 🎥 Recording thread started for camera 1
2025-04-27 23:02:04,448 - overlay - INFO - Started recording for camera 1: rtsp://192.168.100.150:8547/h264
2025-04-27 23:02:04,460 - recording_session - INFO - 🎥 Recording thread started for camera 2
2025-04-27 23:02:04,460 - overlay - INFO - Started recording for camera 2: rtsp://192.168.100.150:8547/h264
2025-04-27 23:02:04,469 - recording_session - INFO - 🎥 Recording thread started for camera 3
2025-04-27 23:02:04,470 - overlay - INFO - Started recording for camera 3: rtsp://192.168.100.150:8547/h264
2025-04-27 23:02:04,470 - recording_session - INFO - 🧪 Starting GStreamer pipeline for camera 2
2025-04-27 23:02:04,471 - recording_session - INFO - 🧪 Starting GStreamer pipeline for camera 1
2025-04-27 23:02:04,472 - recording_session - INFO - 🧪 Starting GStreamer pipeline for camera 3
2025-04-27 23:02:04,473 - recording_session - INFO - ✅ Pipeline set to PLAYING for camera 1
2025-04-27 23:02:04,473 - recording_session - INFO - ✅ Pipeline set to PLAYING for camera 2
2025-04-27 23:02:04,474 - recording_session - INFO - ✅ Pipeline set to PLAYING for camera 3
2025-04-27 23:02:04,484 - recording_session - INFO - 🎥 Recording thread started for camera 4
2025-04-27 23:02:04,484 - overlay - INFO - Started recording for camera 4: rtsp://192.168.100.150:8547/h264
2025-04-27 23:02:04,493 - recording_session - INFO - 🧪 Starting GStreamer pipeline for camera 4
2025-04-27 23:02:04,495 - recording_session - INFO - ✅ Pipeline set to PLAYING for camera 4
2025-04-27 23:02:04,526 - recording_session - INFO - 🔌 pad-added signal for camera 4
2025-04-27 23:02:04,527 - recording_session - INFO - 🔗 Linked rtspsrc pad to depay for camera 4
