2025-04-27 22:50:21,657 - overlay - INFO - Fetching all CameraURLs records
2025-04-27 22:50:21,667 - recording_session - INFO - 🚀 SlowMoWorker started
2025-04-27 22:50:21,668 - overlay - INFO - Fetching all CameraURLs records
2025-04-27 22:50:21,679 - recording_session - INFO - 🧹 Cleanup done. Deleted 0 files.
2025-04-27 22:50:21,691 - recording_session - INFO - 🎥 Recording thread started for camera 1
2025-04-27 22:50:21,694 - overlay - INFO - Started recording for camera 1: rtsp://192.168.100.150:8547/h264
2025-04-27 22:50:21,706 - recording_session - INFO - 🎥 Recording thread started for camera 2
2025-04-27 22:50:21,707 - overlay - INFO - Started recording for camera 2: rtsp://192.168.100.150:8547/h264
2025-04-27 22:50:21,708 - recording_session - INFO - 🧪 Starting GStreamer pipeline for camera 1
2025-04-27 22:50:21,708 - recording_session - INFO - 🧪 Starting GStreamer pipeline for camera 2
2025-04-27 22:50:21,711 - recording_session - INFO - ✅ Pipeline set to PLAYING for camera 2
2025-04-27 22:50:21,712 - recording_session - INFO - ✅ Pipeline set to PLAYING for camera 1
2025-04-27 22:50:21,727 - recording_session - INFO - 🎥 Recording thread started for camera 3
2025-04-27 22:50:21,729 - overlay - INFO - Started recording for camera 3: rtsp://192.168.100.150:8547/h264
2025-04-27 22:50:21,730 - recording_session - INFO - 🧪 Starting GStreamer pipeline for camera 3
2025-04-27 22:50:21,732 - recording_session - INFO - ✅ Pipeline set to PLAYING for camera 3
2025-04-27 22:50:21,741 - recording_session - INFO - 🎥 Recording thread started for camera 4
2025-04-27 22:50:21,743 - recording_session - INFO - 🧪 Starting GStreamer pipeline for camera 4
2025-04-27 22:50:21,744 - overlay - INFO - Started recording for camera 4: rtsp://192.168.100.150:8547/h264
2025-04-27 22:50:21,748 - recording_session - INFO - ✅ Pipeline set to PLAYING for camera 4
2025-04-27 22:50:21,770 - recording_session - INFO - 🔌 pad-added signal for camera 3
2025-04-27 22:50:21,770 - recording_session - INFO - 🔗 Linked rtspsrc pad to depay for camera 3
2025-04-27 22:50:21,780 - recording_session - INFO - 🔌 pad-added signal for camera 4
2025-04-27 22:50:21,780 - recording_session - INFO - 🔗 Linked rtspsrc pad to depay for camera 4
