2025-05-19 20:05:54,583 - overlay - INFO - Fetching all CameraURLs records
2025-05-19 20:05:54,666 - recording_session - INFO - ðŸš€ SlowMoWorkers started: 4 threads
2025-05-19 20:05:54,666 - overlay - INFO - Fetching all CameraURLs records
2025-05-19 20:05:54,682 - recording_session - INFO - ðŸŽ¥ Recording thread started for camera 1
2025-05-19 20:05:54,683 - overlay - INFO - Started recording for camera 1: rtsp://192.168.100.150:8547/h264
2025-05-19 20:05:54,694 - recording_session - INFO - ðŸŽ¥ Recording thread started for camera 2
2025-05-19 20:05:54,695 - overlay - INFO - Started recording for camera 2: rtsp://192.168.100.150:8547/h264
2025-05-19 20:05:54,708 - recording_session - INFO - ðŸŽ¥ Recording thread started for camera 3
2025-05-19 20:05:54,709 - overlay - INFO - Started recording for camera 3: rtsp://192.168.100.150:8547/h264
2025-05-19 20:05:54,729 - recording_session - INFO - ðŸŽ¥ Recording thread started for camera 4
2025-05-19 20:05:54,730 - overlay - INFO - Started recording for camera 4: rtsp://192.168.100.150:8547/h264
2025-05-19 20:05:54,735 - recording_session - INFO - ðŸ§ª Starting GStreamer pipeline for camera 3
2025-05-19 20:05:54,735 - recording_session - INFO - ðŸ§ª Starting GStreamer pipeline for camera 2
2025-05-19 20:05:54,736 - recording_session - INFO - ðŸ§ª Starting GStreamer pipeline for camera 1
2025-05-19 20:05:54,739 - recording_session - INFO - âœ… Pipeline PLAYING for camera 2
2025-05-19 20:05:54,740 - recording_session - INFO - âœ… Pipeline PLAYING for camera 1
2025-05-19 20:05:54,746 - recording_session - INFO - ðŸ§ª Starting GStreamer pipeline for camera 4
2025-05-19 20:05:54,746 - recording_session - INFO - âœ… Pipeline PLAYING for camera 3
2025-05-19 20:05:54,754 - recording_session - INFO - âœ… Pipeline PLAYING for camera 4
2025-05-19 20:05:54,877 - recording_session - INFO - âœ… Linked rtspsrc â†’ depay for camera 3
2025-05-19 20:05:54,878 - recording_session - INFO - âœ… Linked rtspsrc â†’ depay for camera 2
2025-05-19 20:05:54,878 - recording_session - INFO - âœ… Linked rtspsrc â†’ depay for camera 1
2025-05-19 20:05:54,882 - recording_session - INFO - âœ… Linked rtspsrc â†’ depay for camera 4
2025-05-19 20:05:54,896 - recording_session - INFO - ðŸ“ Started recording chunk: /var/www/html/public/assets/uploads/CAM3/2025-05-19/1747667154.mp4
2025-05-19 20:05:54,910 - recording_session - INFO - ðŸ“ Started recording chunk: /var/www/html/public/assets/uploads/CAM1/2025-05-19/1747667154.mp4
2025-05-19 20:05:54,926 - recording_session - INFO - ðŸ“ Started recording chunk: /var/www/html/public/assets/uploads/CAM2/2025-05-19/1747667154.mp4
2025-05-19 20:05:54,949 - recording_session - INFO - ðŸ“ Started recording chunk: /var/www/html/public/assets/uploads/CAM4/2025-05-19/1747667154.mp4
2025-05-19 20:06:10,572 - overlay - INFO - Fetching all graphics records
2025-05-19 20:06:10,572 - overlay - INFO - Fetching all CameraURLs records
2025-05-19 20:06:10,581 - overlay - INFO - Found 1 graphics records
2025-05-19 20:06:10,584 - overlay - INFO - Found 4 CameraURLs records
2025-05-19 20:06:10,701 - overlay - INFO - Fetching graphics with ID: 1
2025-05-19 20:06:10,705 - overlay - INFO - Fetching gamestats with ID: 1
2025-05-19 20:06:10,753 - overlay - INFO - Fetching graphics with ID: 1
2025-05-19 20:06:13,789 - overlay - INFO - Loaded stream target (ID: 1): srt => srt://origin-v2.vewbie.com:7010
2025-05-19 20:06:13,789 - overlay - INFO - Creating pipeline for srt stream to: srt://origin-v2.vewbie.com:7010
2025-05-19 20:06:13,801 - overlay - ERROR - Unexpected error: object of type `GstMpegTsMux' does not have property `allow-late-buffers'
2025-05-19 20:06:28,673 - recording_session - INFO - Finalizing chunk: /var/www/html/public/assets/uploads/CAM1/2025-05-19/1747667154.mp4
