2025-04-27 22:37:35,660 - overlay - INFO - Fetching all CameraURLs records
2025-04-27 22:37:35,669 - recording_session - INFO - 🚀 SlowMoWorker started
2025-04-27 22:37:35,670 - overlay - INFO - Fetching all CameraURLs records
2025-04-27 22:37:35,691 - recording_session - INFO - 🧹 Cleanup done. Deleted 0 files.
2025-04-27 22:37:35,692 - recording_session - INFO - 🎥 Recording thread started for camera 1
2025-04-27 22:37:35,700 - overlay - INFO - Started recording for camera 1: rtsp://192.168.100.150:8547/h264
2025-04-27 22:37:35,720 - recording_session - INFO - 🎥 Recording thread started for camera 2
2025-04-27 22:37:35,721 - overlay - INFO - Started recording for camera 2: rtsp://192.168.100.150:8547/h264
2025-04-27 22:37:35,726 - recording_session - INFO - 🧪 Starting GStreamer pipeline for camera 1
2025-04-27 22:37:35,726 - recording_session - INFO - 🧪 Starting GStreamer pipeline for camera 2
2025-04-27 22:37:35,729 - recording_session - INFO - ✅ Pipeline set to PLAYING for camera 1
2025-04-27 22:37:35,729 - recording_session - INFO - ✅ Pipeline set to PLAYING for camera 2
2025-04-27 22:37:35,739 - recording_session - INFO - 🎥 Recording thread started for camera 3
2025-04-27 22:37:35,739 - overlay - INFO - Started recording for camera 3: rtsp://192.168.100.150:8547/h264
2025-04-27 22:37:35,748 - recording_session - INFO - 🧪 Starting GStreamer pipeline for camera 3
2025-04-27 22:37:35,749 - recording_session - INFO - ✅ Pipeline set to PLAYING for camera 3
2025-04-27 22:37:35,758 - recording_session - INFO - 🎥 Recording thread started for camera 4
2025-04-27 22:37:35,758 - overlay - INFO - Started recording for camera 4: rtsp://192.168.100.150:8547/h264
2025-04-27 22:37:35,761 - recording_session - INFO - 🧪 Starting GStreamer pipeline for camera 4
2025-04-27 22:37:35,762 - recording_session - INFO - ✅ Pipeline set to PLAYING for camera 4
2025-04-27 22:37:35,789 - recording_session - INFO - 🔌 pad-added signal for camera 4
2025-04-27 22:37:35,790 - recording_session - INFO - 🔗 Linked rtspsrc pad to depay for camera 4
