2025-04-27 22:38:37,151 - overlay - INFO - Fetching all CameraURLs records
2025-04-27 22:38:37,160 - recording_session - INFO - 🚀 SlowMoWorker started
2025-04-27 22:38:37,164 - overlay - INFO - Fetching all CameraURLs records
2025-04-27 22:38:37,172 - recording_session - INFO - 🧹 Cleanup done. Deleted 0 files.
2025-04-27 22:38:37,185 - recording_session - INFO - 🎥 Recording thread started for camera 1
2025-04-27 22:38:37,190 - overlay - INFO - Started recording for camera 1: rtsp://192.168.100.150:8547/h264
2025-04-27 22:38:37,204 - recording_session - INFO - 🎥 Recording thread started for camera 2
2025-04-27 22:38:37,204 - overlay - INFO - Started recording for camera 2: rtsp://192.168.100.150:8547/h264
2025-04-27 22:38:37,208 - recording_session - INFO - 🧪 Starting GStreamer pipeline for camera 2
2025-04-27 22:38:37,208 - recording_session - INFO - 🧪 Starting GStreamer pipeline for camera 1
2025-04-27 22:38:37,211 - recording_session - INFO - ✅ Pipeline set to PLAYING for camera 2
2025-04-27 22:38:37,221 - recording_session - INFO - ✅ Pipeline set to PLAYING for camera 1
2025-04-27 22:38:37,221 - recording_session - INFO - 🎥 Recording thread started for camera 3
2025-04-27 22:38:37,227 - overlay - INFO - Started recording for camera 3: rtsp://192.168.100.150:8547/h264
2025-04-27 22:38:37,230 - recording_session - INFO - 🧪 Starting GStreamer pipeline for camera 3
2025-04-27 22:38:37,232 - recording_session - INFO - ✅ Pipeline set to PLAYING for camera 3
2025-04-27 22:38:37,240 - recording_session - INFO - 🎥 Recording thread started for camera 4
2025-04-27 22:38:37,241 - overlay - INFO - Started recording for camera 4: rtsp://192.168.100.150:8547/h264
2025-04-27 22:38:37,243 - recording_session - INFO - 🧪 Starting GStreamer pipeline for camera 4
2025-04-27 22:38:37,245 - recording_session - INFO - ✅ Pipeline set to PLAYING for camera 4
2025-04-27 22:38:37,275 - recording_session - INFO - 🔌 pad-added signal for camera 4
2025-04-27 22:38:37,275 - recording_session - INFO - 🔗 Linked rtspsrc pad to depay for camera 4
