2025-05-10 17:19:03,743 - overlay - INFO - Fetching all CameraURLs records
2025-05-10 17:19:03,754 - recording_session - INFO - 🚀 SlowMoWorkers started: 4 threads
2025-05-10 17:19:03,755 - overlay - INFO - Fetching all CameraURLs records
2025-05-10 17:19:03,764 - recording_session - INFO - 🎥 Recording thread started for camera 1
2025-05-10 17:19:03,766 - overlay - INFO - Started recording for camera 1: rtsp://192.168.100.150:8547/h264
2025-05-10 17:19:03,816 - recording_session - INFO - 🎥 Recording thread started for camera 2
2025-05-10 17:19:03,817 - overlay - INFO - Started recording for camera 2: rtsp://192.168.100.150:8547/h264
2025-05-10 17:19:03,829 - recording_session - INFO - 🎥 Recording thread started for camera 3
2025-05-10 17:19:03,829 - overlay - INFO - Started recording for camera 3: rtsp://192.168.100.150:8547/h264
2025-05-10 17:19:03,842 - recording_session - INFO - 🎥 Recording thread started for camera 4
2025-05-10 17:19:03,843 - overlay - INFO - Started recording for camera 4: rtsp://192.168.100.150:8547/h264
2025-05-10 17:19:03,880 - overlay - INFO - Deleted oversized file: /var/www/html/public/assets/uploads/CAM3/2025-05-10/1746859324.mp4
2025-05-10 17:19:03,905 - recording_session - INFO - 🧪 Starting GStreamer pipeline for camera 1
2025-05-10 17:19:03,905 - recording_session - INFO - 🧪 Starting GStreamer pipeline for camera 3
2025-05-10 17:19:03,905 - recording_session - INFO - 🧪 Starting GStreamer pipeline for camera 4
2025-05-10 17:19:03,905 - recording_session - INFO - 🧪 Starting GStreamer pipeline for camera 2
2025-05-10 17:19:03,913 - recording_session - ERROR - ❌ Failed to set pipeline to PLAYING for camera 4
2025-05-10 17:19:03,913 - recording_session - ERROR - ❌ Failed to set pipeline to PLAYING for camera 2
2025-05-10 17:19:03,913 - recording_session - ERROR - ❌ Failed to set pipeline to PLAYING for camera 1
2025-05-10 17:19:03,913 - recording_session - ERROR - ❌ Failed to set pipeline to PLAYING for camera 3
2025-05-10 17:19:03,953 - overlay - INFO - Deleted oversized file: /var/www/html/public/assets/uploads/CAM1/2025-05-10/1746859324.mp4
2025-05-10 17:19:03,959 - overlay - INFO - Deleted oversized file: /var/www/html/public/assets/uploads/CAM2/2025-05-10/1746859324.mp4
2025-05-10 17:19:03,964 - overlay - INFO - Deleted oversized file: /var/www/html/public/assets/uploads/CAM4/2025-05-10/1746859324.mp4
2025-05-10 17:19:03,969 - overlay - INFO - Deleted oversized file: /var/www/html/public/assets/uploads/CAM3/2025-05-10/1746859264_slow.mp4
2025-05-10 17:19:03,974 - overlay - INFO - Deleted oversized file: /var/www/html/public/assets/uploads/CAM3/2025-05-10/1746859324_slow.mp4
2025-05-10 17:19:03,979 - overlay - INFO - Deleted oversized file: /var/www/html/public/assets/uploads/CAM2/2025-05-10/1746859324_slow.mp4
2025-05-10 17:19:03,985 - overlay - INFO - Deleted oversized file: /var/www/html/public/assets/uploads/CAM1/2025-05-10/1746859324_slow.mp4
2025-05-10 17:19:03,990 - overlay - INFO - Deleted oversized file: /var/www/html/public/assets/uploads/CAM4/2025-05-10/1746859324_slow.mp4
2025-05-10 17:19:03,995 - overlay - INFO - Deleted oversized file: /var/www/html/public/assets/uploads/CAM1/2025-05-10/1746859384.mp4
2025-05-10 17:19:04,042 - overlay - INFO - Deleted oversized file: /var/www/html/public/assets/uploads/CAM3/2025-05-10/1746859384.mp4
2025-05-10 17:19:04,047 - overlay - INFO - Deleted oversized file: /var/www/html/public/assets/uploads/CAM2/2025-05-10/1746859384.mp4
2025-05-10 17:19:04,052 - overlay - INFO - Deleted oversized file: /var/www/html/public/assets/uploads/CAM4/2025-05-10/1746859384.mp4
2025-05-10 17:19:04,057 - overlay - INFO - Deleted oversized file: /var/www/html/public/assets/uploads/CAM1/2025-05-10/1746859384_slow.mp4
2025-05-10 17:19:04,063 - overlay - INFO - Deleted oversized file: /var/www/html/public/assets/uploads/CAM3/2025-05-10/1746859384_slow.mp4
2025-05-10 17:19:04,068 - overlay - INFO - Deleted oversized file: /var/www/html/public/assets/uploads/CAM2/2025-05-10/1746859384_slow.mp4
2025-05-10 17:19:04,080 - overlay - INFO - Deleted oversized file: /var/www/html/public/assets/uploads/CAM3/2025-05-10/1746859444.mp4
2025-05-10 17:19:04,163 - overlay - INFO - Deleted oversized file: /var/www/html/public/assets/uploads/CAM1/2025-05-10/1746859444.mp4
2025-05-10 17:19:04,168 - overlay - INFO - Deleted oversized file: /var/www/html/public/assets/uploads/CAM4/2025-05-10/1746859444.mp4
2025-05-10 17:19:04,173 - overlay - INFO - Deleted oversized file: /var/www/html/public/assets/uploads/CAM2/2025-05-10/1746859444.mp4
2025-05-10 17:19:04,179 - overlay - INFO - Deleted oversized file: /var/www/html/public/assets/uploads/CAM4/2025-05-10/1746859384_slow.mp4
2025-05-10 17:19:04,185 - overlay - INFO - Deleted oversized file: /var/www/html/public/assets/uploads/CAM3/2025-05-10/1746859444_slow.mp4
2025-05-10 17:19:04,191 - overlay - INFO - Deleted oversized file: /var/www/html/public/assets/uploads/CAM2/2025-05-10/1746859444_slow.mp4
2025-05-10 17:19:04,197 - overlay - INFO - Deleted oversized file: /var/www/html/public/assets/uploads/CAM4/2025-05-10/1746859444_slow.mp4
2025-05-10 17:19:04,203 - overlay - INFO - Deleted oversized file: /var/www/html/public/assets/uploads/CAM3/2025-05-10/1746859504.mp4
2025-05-10 17:19:04,283 - overlay - INFO - Deleted oversized file: /var/www/html/public/assets/uploads/CAM2/2025-05-10/1746859504.mp4
2025-05-10 17:19:04,290 - overlay - INFO - Deleted oversized file: /var/www/html/public/assets/uploads/CAM1/2025-05-10/1746859504.mp4
2025-05-10 17:19:04,296 - overlay - INFO - Deleted oversized file: /var/www/html/public/assets/uploads/CAM4/2025-05-10/1746859504.mp4
2025-05-10 17:19:04,302 - overlay - INFO - Deleted oversized file: /var/www/html/public/assets/uploads/CAM1/2025-05-10/1746859444_slow.mp4
2025-05-10 17:19:04,308 - overlay - INFO - Deleted oversized file: /var/www/html/public/assets/uploads/CAM2/2025-05-10/1746859504_slow.mp4
2025-05-10 17:19:04,314 - overlay - INFO - Deleted oversized file: /var/www/html/public/assets/uploads/CAM3/2025-05-10/1746859504_slow.mp4
2025-05-10 17:19:04,320 - overlay - INFO - Deleted oversized file: /var/www/html/public/assets/uploads/CAM4/2025-05-10/1746859504_slow.mp4
2025-05-10 17:19:04,325 - overlay - INFO - Deleted oversized file: /var/www/html/public/assets/uploads/CAM2/2025-05-10/1746859564.mp4
2025-05-10 17:19:04,408 - overlay - INFO - Deleted oversized file: /var/www/html/public/assets/uploads/CAM4/2025-05-10/1746859564.mp4
2025-05-10 17:19:04,414 - overlay - INFO - Deleted oversized file: /var/www/html/public/assets/uploads/CAM3/2025-05-10/1746859564.mp4
2025-05-10 17:19:04,420 - overlay - INFO - Deleted oversized file: /var/www/html/public/assets/uploads/CAM1/2025-05-10/1746859564.mp4
2025-05-10 17:19:04,426 - overlay - INFO - Deleted oversized file: /var/www/html/public/assets/uploads/CAM1/2025-05-10/1746859504_slow.mp4
2025-05-10 17:19:04,432 - overlay - INFO - Deleted oversized file: /var/www/html/public/assets/uploads/CAM2/2025-05-10/1746859564_slow.mp4
2025-05-10 17:19:04,438 - overlay - INFO - Deleted oversized file: /var/www/html/public/assets/uploads/CAM1/2025-05-10/1746859564_slow.mp4
2025-05-10 17:19:04,444 - overlay - INFO - Deleted oversized file: /var/www/html/public/assets/uploads/CAM3/2025-05-10/1746859564_slow.mp4
2025-05-10 17:19:04,450 - overlay - INFO - Deleted oversized file: /var/www/html/public/assets/uploads/CAM2/2025-05-10/1746859623.mp4
2025-05-10 17:19:04,558 - overlay - INFO - Deleted oversized file: /var/www/html/public/assets/uploads/CAM3/2025-05-10/1746859623.mp4
2025-05-10 17:19:04,592 - overlay - INFO - Deleted oversized file: /var/www/html/public/assets/uploads/CAM4/2025-05-10/1746859623.mp4
2025-05-10 17:19:04,598 - overlay - INFO - Deleted oversized file: /var/www/html/public/assets/uploads/CAM1/2025-05-10/1746859623.mp4
2025-05-10 17:19:04,605 - overlay - INFO - Deleted oversized file: /var/www/html/public/assets/uploads/CAM4/2025-05-10/1746859564_slow.mp4
2025-05-10 17:19:04,611 - overlay - INFO - Deleted oversized file: /var/www/html/public/assets/uploads/CAM2/2025-05-10/1746859623_slow.mp4
2025-05-10 17:19:04,617 - overlay - INFO - Deleted oversized file: /var/www/html/public/assets/uploads/CAM1/2025-05-10/1746859623_slow.mp4
2025-05-10 17:19:04,623 - overlay - INFO - Deleted oversized file: /var/www/html/public/assets/uploads/CAM3/2025-05-10/1746859623_slow.mp4
2025-05-10 17:19:04,629 - overlay - INFO - Deleted oversized file: /var/www/html/public/assets/uploads/CAM4/2025-05-10/1746859623_slow.mp4
2025-05-10 17:19:04,635 - overlay - INFO - Deleted oversized file: /var/www/html/public/assets/uploads/CAM2/2025-05-10/1746859683.mp4
2025-05-10 17:19:04,732 - overlay - INFO - Deleted oversized file: /var/www/html/public/assets/uploads/CAM3/2025-05-10/1746859683.mp4
2025-05-10 17:19:04,752 - overlay - INFO - Deleted oversized file: /var/www/html/public/assets/uploads/CAM4/2025-05-10/1746859683.mp4
2025-05-10 17:19:04,757 - overlay - INFO - Deleted oversized file: /var/www/html/public/assets/uploads/CAM1/2025-05-10/1746859683.mp4
2025-05-10 17:19:04,761 - overlay - INFO - Deleted oversized file: /var/www/html/public/assets/uploads/CAM2/2025-05-10/1746859683_slow.mp4
2025-05-10 17:19:04,765 - overlay - INFO - Deleted oversized file: /var/www/html/public/assets/uploads/CAM1/2025-05-10/1746859683_slow.mp4
2025-05-10 17:19:04,769 - overlay - INFO - Deleted oversized file: /var/www/html/public/assets/uploads/CAM3/2025-05-10/1746859683_slow.mp4
2025-05-10 17:19:04,774 - overlay - INFO - Deleted oversized file: /var/www/html/public/assets/uploads/CAM4/2025-05-10/1746859683_slow.mp4
2025-05-10 17:19:04,778 - overlay - INFO - Deleted oversized file: /var/www/html/public/assets/uploads/CAM1/2025-05-10/1746859743.mp4
2025-05-10 17:19:04,875 - overlay - INFO - Deleted oversized file: /var/www/html/public/assets/uploads/CAM2/2025-05-10/1746859743.mp4
2025-05-10 17:19:04,878 - overlay - INFO - Deleted oversized file: /var/www/html/public/assets/uploads/CAM3/2025-05-10/1746859743.mp4
