2025-04-27 22:46:41,377 - overlay - INFO - Fetching all CameraURLs records
2025-04-27 22:46:41,386 - recording_session - INFO - 🚀 SlowMoWorker started
2025-04-27 22:46:41,387 - overlay - INFO - Fetching all CameraURLs records
2025-04-27 22:46:41,397 - recording_session - INFO - 🧹 Cleanup done. Deleted 0 files.
2025-04-27 22:46:41,414 - recording_session - INFO - 🎥 Recording thread started for camera 1
2025-04-27 22:46:41,419 - overlay - INFO - Started recording for camera 1: rtsp://192.168.100.150:8547/h264
2025-04-27 22:46:41,431 - recording_session - INFO - 🎥 Recording thread started for camera 2
2025-04-27 22:46:41,431 - overlay - INFO - Started recording for camera 2: rtsp://192.168.100.150:8547/h264
2025-04-27 22:46:41,440 - recording_session - INFO - 🎥 Recording thread started for camera 3
2025-04-27 22:46:41,441 - overlay - INFO - Started recording for camera 3: rtsp://192.168.100.150:8547/h264
2025-04-27 22:46:41,444 - recording_session - INFO - 🧪 Starting GStreamer pipeline for camera 3
2025-04-27 22:46:41,444 - recording_session - INFO - 🧪 Starting GStreamer pipeline for camera 2
2025-04-27 22:46:41,444 - recording_session - INFO - 🧪 Starting GStreamer pipeline for camera 1
2025-04-27 22:46:41,446 - recording_session - INFO - ✅ Pipeline set to PLAYING for camera 1
2025-04-27 22:46:41,448 - recording_session - INFO - ✅ Pipeline set to PLAYING for camera 3
2025-04-27 22:46:41,448 - recording_session - INFO - ✅ Pipeline set to PLAYING for camera 2
2025-04-27 22:46:41,463 - recording_session - INFO - 🎥 Recording thread started for camera 4
2025-04-27 22:46:41,465 - overlay - INFO - Started recording for camera 4: rtsp://192.168.100.150:8547/h264
2025-04-27 22:46:41,471 - recording_session - INFO - 🧪 Starting GStreamer pipeline for camera 4
2025-04-27 22:46:41,473 - recording_session - INFO - ✅ Pipeline set to PLAYING for camera 4
2025-04-27 22:46:41,500 - recording_session - INFO - 🔌 pad-added signal for camera 4
2025-04-27 22:46:41,501 - recording_session - INFO - 🔗 Linked rtspsrc pad to depay for camera 4
