2025-04-27 22:45:15,878 - overlay - INFO - Fetching all CameraURLs records
2025-04-27 22:45:15,890 - recording_session - INFO - 🚀 SlowMoWorker started
2025-04-27 22:45:15,891 - overlay - INFO - Fetching all CameraURLs records
2025-04-27 22:45:15,907 - recording_session - INFO - 🧹 Cleanup done. Deleted 0 files.
2025-04-27 22:45:15,909 - recording_session - INFO - 🎥 Recording thread started for camera 1
2025-04-27 22:45:15,910 - overlay - INFO - Started recording for camera 1: rtsp://192.168.100.150:8547/h264
2025-04-27 22:45:15,921 - recording_session - INFO - 🎥 Recording thread started for camera 2
2025-04-27 22:45:15,921 - overlay - INFO - Started recording for camera 2: rtsp://192.168.100.150:8547/h264
2025-04-27 22:45:15,924 - recording_session - INFO - 🧪 Starting GStreamer pipeline for camera 2
2025-04-27 22:45:15,925 - recording_session - INFO - 🧪 Starting GStreamer pipeline for camera 1
2025-04-27 22:45:15,926 - recording_session - INFO - ✅ Pipeline set to PLAYING for camera 2
2025-04-27 22:45:15,935 - recording_session - INFO - ✅ Pipeline set to PLAYING for camera 1
2025-04-27 22:45:15,935 - recording_session - INFO - 🎥 Recording thread started for camera 3
2025-04-27 22:45:15,936 - overlay - INFO - Started recording for camera 3: rtsp://192.168.100.150:8547/h264
2025-04-27 22:45:15,944 - recording_session - INFO - 🧪 Starting GStreamer pipeline for camera 3
2025-04-27 22:45:15,947 - recording_session - INFO - ✅ Pipeline set to PLAYING for camera 3
2025-04-27 22:45:15,953 - recording_session - INFO - 🎥 Recording thread started for camera 4
2025-04-27 22:45:15,953 - overlay - INFO - Started recording for camera 4: rtsp://192.168.100.150:8547/h264
2025-04-27 22:45:15,957 - recording_session - INFO - 🧪 Starting GStreamer pipeline for camera 4
2025-04-27 22:45:15,961 - recording_session - INFO - ✅ Pipeline set to PLAYING for camera 4
2025-04-27 22:45:15,986 - recording_session - INFO - 🔌 pad-added signal for camera 4
2025-04-27 22:45:15,988 - recording_session - INFO - 🔗 Linked rtspsrc pad to depay for camera 4
