2025-06-09 21:59:13,001 - overlay - INFO - Fetching all CameraURLs records
2025-06-09 21:59:13,398 - recording_session - INFO - 🚀 SlowMoWorkers started: 4 threads
2025-06-09 21:59:13,399 - overlay - INFO - Fetching all CameraURLs records
2025-06-09 21:59:13,429 - recording_session - INFO - 🎥 Recording thread started for camera 1
2025-06-09 21:59:13,430 - overlay - INFO - Started recording for camera 1: rtsp://192.168.100.150:8547/h264
2025-06-09 21:59:13,463 - recording_session - INFO - 🎥 Recording thread started for camera 2
2025-06-09 21:59:13,464 - overlay - INFO - Started recording for camera 2: rtsp://192.168.100.150:8547/h264
2025-06-09 21:59:13,481 - recording_session - INFO - 🎥 Recording thread started for camera 3
2025-06-09 21:59:13,481 - overlay - INFO - Started recording for camera 3: rtsp://192.168.100.150:8547/h264
2025-06-09 21:59:13,505 - recording_session - INFO - 🎥 Recording thread started for camera 4
2025-06-09 21:59:13,506 - overlay - INFO - Started recording for camera 4: rtsp://192.168.100.150:8547/h264
2025-06-09 21:59:13,526 - recording_session - INFO - 🧪 Starting GStreamer pipeline for camera 3
2025-06-09 21:59:13,526 - recording_session - INFO - 🧪 Starting GStreamer pipeline for camera 4
2025-06-09 21:59:13,526 - recording_session - INFO - 🧪 Starting GStreamer pipeline for camera 1
2025-06-09 21:59:13,526 - recording_session - INFO - 🧪 Starting GStreamer pipeline for camera 2
2025-06-09 21:59:13,530 - recording_session - INFO - ✅ Pipeline PLAYING for camera 3
2025-06-09 21:59:13,531 - recording_session - INFO - ✅ Pipeline PLAYING for camera 4
2025-06-09 21:59:13,531 - recording_session - INFO - ✅ Pipeline PLAYING for camera 1
2025-06-09 21:59:13,532 - recording_session - INFO - ✅ Pipeline PLAYING for camera 2
2025-06-09 21:59:13,572 - overlay - INFO - Deleted old file: /var/www/html/public/assets/uploads/CAM2/2025-05-27/1748351119_slow.mp4
2025-06-09 21:59:13,579 - overlay - INFO - Deleted old file: /var/www/html/public/assets/uploads/CAM1/2025-05-27/1748354769.mp4
2025-06-09 21:59:13,591 - overlay - INFO - Deleted old file: /var/www/html/public/assets/uploads/CAM4/2025-05-27/1748354769.mp4
2025-06-09 21:59:13,592 - overlay - INFO - Deleted old file: /var/www/html/public/assets/uploads/CAM2/2025-05-27/1748354769.mp4
2025-06-09 21:59:13,593 - overlay - INFO - Deleted old file: /var/www/html/public/assets/uploads/CAM3/2025-05-27/1748354769.mp4
2025-06-09 21:59:13,594 - overlay - INFO - Deleted old file: /var/www/html/public/assets/uploads/CAM1/2025-05-27/1748352375_slow.mp4
2025-06-09 21:59:13,595 - overlay - INFO - Deleted old file: /var/www/html/public/assets/uploads/CAM4/2025-05-27/1748352914_slow.mp4
2025-06-09 21:59:13,604 - overlay - INFO - Deleted old file: /var/www/html/public/assets/uploads/CAM1/2025-05-27/1748350701_slow.mp4
2025-06-09 21:59:13,605 - overlay - INFO - Deleted old file: /var/www/html/public/assets/uploads/CAM4/2025-05-27/1748354829.mp4
2025-06-09 21:59:13,633 - overlay - INFO - Deleted old file: /var/www/html/public/assets/uploads/CAM1/2025-05-27/1748354829.mp4
2025-06-09 21:59:13,634 - overlay - INFO - Deleted old file: /var/www/html/public/assets/uploads/CAM3/2025-05-27/1748354829.mp4
2025-06-09 21:59:13,635 - overlay - INFO - Deleted old file: /var/www/html/public/assets/uploads/CAM2/2025-05-27/1748354829.mp4
2025-06-09 21:59:13,636 - overlay - INFO - Deleted old file: /var/www/html/public/assets/uploads/CAM1/2025-05-27/1748351179_slow.mp4
2025-06-09 21:59:13,637 - overlay - INFO - Deleted old file: /var/www/html/public/assets/uploads/CAM2/2025-05-27/1748352435_slow.mp4
2025-06-09 21:59:13,638 - overlay - INFO - Deleted old file: /var/www/html/public/assets/uploads/CAM4/2025-05-27/1748352974_slow.mp4
2025-06-09 21:59:13,639 - overlay - INFO - Deleted old file: /var/www/html/public/assets/uploads/CAM1/2025-05-27/1748354889.mp4
2025-06-09 21:59:13,670 - overlay - INFO - Deleted old file: /var/www/html/public/assets/uploads/CAM3/2025-05-27/1748354889.mp4
2025-06-09 21:59:13,671 - overlay - INFO - Deleted old file: /var/www/html/public/assets/uploads/CAM4/2025-05-27/1748354889.mp4
2025-06-09 21:59:13,672 - overlay - INFO - Deleted old file: /var/www/html/public/assets/uploads/CAM2/2025-05-27/1748354889.mp4
2025-06-09 21:59:13,673 - overlay - INFO - Deleted old file: /var/www/html/public/assets/uploads/CAM3/2025-05-27/1748350821_slow.mp4
2025-06-09 21:59:13,674 - overlay - INFO - Deleted old file: /var/www/html/public/assets/uploads/CAM4/2025-05-27/1748351179_slow.mp4
2025-06-09 21:59:13,675 - overlay - INFO - Deleted old file: /var/www/html/public/assets/uploads/CAM4/2025-05-27/1748352435_slow.mp4
2025-06-09 21:59:13,675 - overlay - INFO - Deleted old file: /var/www/html/public/assets/uploads/CAM1/2025-05-27/1748353094_slow.mp4
2025-06-09 21:59:13,676 - overlay - INFO - Deleted old file: /var/www/html/public/assets/uploads/CAM3/2025-05-27/1748354949.mp4
2025-06-09 21:59:13,737 - overlay - INFO - Deleted old file: /var/www/html/public/assets/uploads/CAM1/2025-05-27/1748354949.mp4
2025-06-09 21:59:13,738 - overlay - INFO - Deleted old file: /var/www/html/public/assets/uploads/CAM4/2025-05-27/1748354949.mp4
2025-06-09 21:59:13,739 - overlay - INFO - Deleted old file: /var/www/html/public/assets/uploads/CAM2/2025-05-27/1748354949.mp4
2025-06-09 21:59:13,740 - overlay - INFO - Deleted old file: /var/www/html/public/assets/uploads/CAM1/2025-05-27/1748350821_slow.mp4
2025-06-09 21:59:13,740 - overlay - INFO - Deleted old file: /var/www/html/public/assets/uploads/CAM4/2025-05-27/1748351239_slow.mp4
2025-06-09 21:59:13,741 - overlay - INFO - Deleted old file: /var/www/html/public/assets/uploads/CAM3/2025-05-27/1748355009.mp4
2025-06-09 21:59:13,799 - overlay - INFO - Deleted old file: /var/www/html/public/assets/uploads/CAM1/2025-05-27/1748355009.mp4
2025-06-09 21:59:13,800 - overlay - INFO - Deleted old file: /var/www/html/public/assets/uploads/CAM4/2025-05-27/1748355009.mp4
2025-06-09 21:59:13,801 - overlay - INFO - Deleted old file: /var/www/html/public/assets/uploads/CAM2/2025-05-27/1748355009.mp4
2025-06-09 21:59:13,802 - overlay - INFO - Deleted old file: /var/www/html/public/assets/uploads/CAM3/2025-05-27/1748352495_slow.mp4
2025-06-09 21:59:13,803 - overlay - INFO - Deleted old file: /var/www/html/public/assets/uploads/CAM1/2025-05-27/1748353154_slow.mp4
2025-06-09 21:59:13,805 - overlay - INFO - Deleted old file: /var/www/html/public/assets/uploads/CAM2/2025-05-27/1748350821_slow.mp4
2025-06-09 21:59:13,806 - overlay - INFO - Deleted old file: /var/www/html/public/assets/uploads/CAM3/2025-05-27/1748351239_slow.mp4
2025-06-09 21:59:13,807 - overlay - INFO - Deleted old file: /var/www/html/public/assets/uploads/CAM1/2025-05-27/1748355068.mp4
2025-06-09 21:59:13,846 - overlay - INFO - Deleted old file: /var/www/html/public/assets/uploads/CAM2/2025-05-27/1748355068.mp4
2025-06-09 21:59:13,847 - overlay - INFO - Deleted old file: /var/www/html/public/assets/uploads/CAM4/2025-05-27/1748355068.mp4
2025-06-09 21:59:13,848 - overlay - INFO - Deleted old file: /var/www/html/public/assets/uploads/CAM3/2025-05-27/1748355068.mp4
2025-06-09 21:59:13,848 - overlay - INFO - Deleted old file: /var/www/html/public/assets/uploads/CAM4/2025-05-27/1748352615_slow.mp4
2025-06-09 21:59:13,849 - overlay - INFO - Deleted old file: /var/www/html/public/assets/uploads/CAM4/2025-05-27/1748353154_slow.mp4
2025-06-09 21:59:13,849 - overlay - INFO - Deleted old file: /var/www/html/public/assets/uploads/CAM4/2025-05-27/1748355129.mp4
2025-06-09 21:59:13,901 - overlay - INFO - Deleted old file: /var/www/html/public/assets/uploads/CAM1/2025-05-27/1748355129.mp4
2025-06-09 21:59:13,902 - overlay - INFO - Deleted old file: /var/www/html/public/assets/uploads/CAM3/2025-05-27/1748355129.mp4
2025-06-09 21:59:13,903 - overlay - INFO - Deleted old file: /var/www/html/public/assets/uploads/CAM2/2025-05-27/1748355129.mp4
2025-06-09 21:59:13,903 - overlay - INFO - Deleted old file: /var/www/html/public/assets/uploads/CAM3/2025-05-27/1748350941_slow.mp4
2025-06-09 22:59:13,924 - overlay - INFO - Deleted old file: /var/www/html/public/assets/uploads/CAM3/2025-05-27/1748351419_slow.mp4
2025-06-09 23:59:13,946 - overlay - INFO - Deleted old file: /var/www/html/public/assets/uploads/CAM4/2025-05-27/1748352675_slow.mp4
