2025-04-27 23:01:07,387 - overlay - INFO - Fetching all CameraURLs records
2025-04-27 23:01:07,396 - recording_session - INFO - 🚀 SlowMoWorker started
2025-04-27 23:01:07,397 - overlay - INFO - Fetching all CameraURLs records
2025-04-27 23:01:07,413 - recording_session - INFO - 🧹 Cleanup done. Deleted 0 files.
2025-04-27 23:01:07,423 - recording_session - INFO - 🎥 Recording thread started for camera 1
2025-04-27 23:01:07,423 - overlay - INFO - Started recording for camera 1: rtsp://192.168.100.150:8547/h264
2025-04-27 23:01:07,433 - recording_session - INFO - 🎥 Recording thread started for camera 2
2025-04-27 23:01:07,434 - overlay - INFO - Started recording for camera 2: rtsp://192.168.100.150:8547/h264
2025-04-27 23:01:07,438 - recording_session - INFO - 🧪 Starting GStreamer pipeline for camera 1
2025-04-27 23:01:07,438 - recording_session - INFO - 🧪 Starting GStreamer pipeline for camera 2
2025-04-27 23:01:07,442 - recording_session - INFO - ✅ Pipeline set to PLAYING for camera 2
2025-04-27 23:01:07,442 - recording_session - INFO - ✅ Pipeline set to PLAYING for camera 1
2025-04-27 23:01:07,458 - recording_session - INFO - 🎥 Recording thread started for camera 3
2025-04-27 23:01:07,458 - overlay - INFO - Started recording for camera 3: rtsp://192.168.100.150:8547/h264
2025-04-27 23:01:07,462 - recording_session - INFO - 🧪 Starting GStreamer pipeline for camera 3
2025-04-27 23:01:07,464 - recording_session - INFO - ✅ Pipeline set to PLAYING for camera 3
2025-04-27 23:01:07,471 - recording_session - INFO - 🎥 Recording thread started for camera 4
2025-04-27 23:01:07,471 - overlay - INFO - Started recording for camera 4: rtsp://192.168.100.150:8547/h264
2025-04-27 23:01:07,472 - recording_session - INFO - 🧪 Starting GStreamer pipeline for camera 4
2025-04-27 23:01:07,475 - recording_session - INFO - ✅ Pipeline set to PLAYING for camera 4
2025-04-27 23:01:07,504 - recording_session - INFO - 🔌 pad-added signal for camera 4
2025-04-27 23:01:07,505 - recording_session - INFO - 🔗 Linked rtspsrc pad to depay for camera 4
