2025-04-27 22:57:24,145 - overlay - INFO - Fetching all CameraURLs records
2025-04-27 22:57:24,154 - recording_session - INFO - 🚀 SlowMoWorker started
2025-04-27 22:57:24,155 - overlay - INFO - Fetching all CameraURLs records
2025-04-27 22:57:24,188 - recording_session - INFO - 🎥 Recording thread started for camera 1
2025-04-27 22:57:24,189 - recording_session - INFO - 🧹 Cleanup done. Deleted 0 files.
2025-04-27 22:57:24,193 - overlay - INFO - Started recording for camera 1: rtsp://192.168.100.150:8547/h264
2025-04-27 22:57:24,206 - recording_session - INFO - 🎥 Recording thread started for camera 2
2025-04-27 22:57:24,206 - overlay - INFO - Started recording for camera 2: rtsp://192.168.100.150:8547/h264
2025-04-27 22:57:24,215 - recording_session - INFO - 🧪 Starting GStreamer pipeline for camera 2
2025-04-27 22:57:24,215 - recording_session - INFO - 🧪 Starting GStreamer pipeline for camera 1
2025-04-27 22:57:24,215 - recording_session - INFO - 🎥 Recording thread started for camera 3
2025-04-27 22:57:24,216 - overlay - INFO - Started recording for camera 3: rtsp://192.168.100.150:8547/h264
2025-04-27 22:57:24,217 - recording_session - INFO - 🧪 Starting GStreamer pipeline for camera 3
2025-04-27 22:57:24,219 - recording_session - INFO - ✅ Pipeline set to PLAYING for camera 2
2025-04-27 22:57:24,219 - recording_session - INFO - ✅ Pipeline set to PLAYING for camera 3
2025-04-27 22:57:24,219 - recording_session - INFO - ✅ Pipeline set to PLAYING for camera 1
2025-04-27 22:57:24,233 - recording_session - INFO - 🎥 Recording thread started for camera 4
2025-04-27 22:57:24,234 - overlay - INFO - Started recording for camera 4: rtsp://192.168.100.150:8547/h264
2025-04-27 22:57:24,244 - recording_session - INFO - 🧪 Starting GStreamer pipeline for camera 4
2025-04-27 22:57:24,247 - recording_session - INFO - ✅ Pipeline set to PLAYING for camera 4
2025-04-27 22:57:24,273 - recording_session - INFO - 🔌 pad-added signal for camera 4
2025-04-27 22:57:24,273 - recording_session - INFO - 🔗 Linked rtspsrc pad to depay for camera 4
