2025-04-27 22:56:36,659 - overlay - INFO - Fetching all CameraURLs records
2025-04-27 22:56:36,668 - recording_session - INFO - 🚀 SlowMoWorker started
2025-04-27 22:56:36,669 - overlay - INFO - Fetching all CameraURLs records
2025-04-27 22:56:36,688 - recording_session - INFO - 🧹 Cleanup done. Deleted 0 files.
2025-04-27 22:56:36,696 - recording_session - INFO - 🎥 Recording thread started for camera 1
2025-04-27 22:56:36,697 - overlay - INFO - Started recording for camera 1: rtsp://192.168.100.150:8547/h264
2025-04-27 22:56:36,707 - recording_session - INFO - 🎥 Recording thread started for camera 2
2025-04-27 22:56:36,707 - overlay - INFO - Started recording for camera 2: rtsp://192.168.100.150:8547/h264
2025-04-27 22:56:36,719 - recording_session - INFO - 🎥 Recording thread started for camera 3
2025-04-27 22:56:36,720 - overlay - INFO - Started recording for camera 3: rtsp://192.168.100.150:8547/h264
2025-04-27 22:56:36,722 - recording_session - INFO - 🧪 Starting GStreamer pipeline for camera 2
2025-04-27 22:56:36,722 - recording_session - INFO - 🧪 Starting GStreamer pipeline for camera 3
2025-04-27 22:56:36,723 - recording_session - INFO - 🧪 Starting GStreamer pipeline for camera 1
2025-04-27 22:56:36,724 - recording_session - INFO - ✅ Pipeline set to PLAYING for camera 2
2025-04-27 22:56:36,724 - recording_session - INFO - ✅ Pipeline set to PLAYING for camera 3
2025-04-27 22:56:36,732 - recording_session - INFO - ✅ Pipeline set to PLAYING for camera 1
2025-04-27 22:56:36,740 - recording_session - INFO - 🎥 Recording thread started for camera 4
2025-04-27 22:56:36,741 - overlay - INFO - Started recording for camera 4: rtsp://192.168.100.150:8547/h264
2025-04-27 22:56:36,743 - recording_session - INFO - 🧪 Starting GStreamer pipeline for camera 4
2025-04-27 22:56:36,745 - recording_session - INFO - ✅ Pipeline set to PLAYING for camera 4
2025-04-27 22:56:36,776 - recording_session - INFO - 🔌 pad-added signal for camera 4
2025-04-27 22:56:36,777 - recording_session - INFO - 🔗 Linked rtspsrc pad to depay for camera 4
