2025-04-27 22:39:24,411 - overlay - INFO - Fetching all CameraURLs records
2025-04-27 22:39:24,421 - recording_session - INFO - 🚀 SlowMoWorker started
2025-04-27 22:39:24,436 - overlay - INFO - Fetching all CameraURLs records
2025-04-27 22:39:24,442 - recording_session - INFO - 🧹 Cleanup done. Deleted 0 files.
2025-04-27 22:39:24,456 - recording_session - INFO - 🎥 Recording thread started for camera 1
2025-04-27 22:39:24,462 - overlay - INFO - Started recording for camera 1: rtsp://192.168.100.150:8547/h264
2025-04-27 22:39:24,473 - recording_session - INFO - 🎥 Recording thread started for camera 2
2025-04-27 22:39:24,473 - overlay - INFO - Started recording for camera 2: rtsp://192.168.100.150:8547/h264
2025-04-27 22:39:24,479 - recording_session - INFO - 🧪 Starting GStreamer pipeline for camera 2
2025-04-27 22:39:24,480 - recording_session - INFO - 🧪 Starting GStreamer pipeline for camera 1
2025-04-27 22:39:24,481 - recording_session - INFO - ✅ Pipeline set to PLAYING for camera 2
2025-04-27 22:39:24,481 - recording_session - INFO - ✅ Pipeline set to PLAYING for camera 1
2025-04-27 22:39:24,489 - recording_session - INFO - 🎥 Recording thread started for camera 3
2025-04-27 22:39:24,490 - overlay - INFO - Started recording for camera 3: rtsp://192.168.100.150:8547/h264
2025-04-27 22:39:24,499 - recording_session - INFO - 🧪 Starting GStreamer pipeline for camera 3
2025-04-27 22:39:24,500 - recording_session - INFO - ✅ Pipeline set to PLAYING for camera 3
2025-04-27 22:39:24,507 - recording_session - INFO - 🎥 Recording thread started for camera 4
2025-04-27 22:39:24,507 - overlay - INFO - Started recording for camera 4: rtsp://192.168.100.150:8547/h264
2025-04-27 22:39:24,509 - recording_session - INFO - 🧪 Starting GStreamer pipeline for camera 4
2025-04-27 22:39:24,512 - recording_session - INFO - ✅ Pipeline set to PLAYING for camera 4
2025-04-27 22:39:24,542 - recording_session - INFO - 🔌 pad-added signal for camera 4
2025-04-27 22:39:24,543 - recording_session - INFO - 🔗 Linked rtspsrc pad to depay for camera 4
