2025-04-27 23:04:31,659 - overlay - INFO - Fetching all CameraURLs records
2025-04-27 23:04:31,668 - recording_session - INFO - 🚀 SlowMoWorker started
2025-04-27 23:04:31,669 - overlay - INFO - Fetching all CameraURLs records
2025-04-27 23:04:31,680 - recording_session - INFO - 🧹 Cleanup done. Deleted 0 files.
2025-04-27 23:04:31,692 - recording_session - INFO - 🎥 Recording thread started for camera 1
2025-04-27 23:04:31,694 - overlay - INFO - Started recording for camera 1: rtsp://192.168.100.150:8547/h264
2025-04-27 23:04:31,705 - recording_session - INFO - 🎥 Recording thread started for camera 2
2025-04-27 23:04:31,705 - overlay - INFO - Started recording for camera 2: rtsp://192.168.100.150:8547/h264
2025-04-27 23:04:31,709 - recording_session - INFO - 🧪 Starting GStreamer pipeline for camera 2
2025-04-27 23:04:31,709 - recording_session - INFO - 🧪 Starting GStreamer pipeline for camera 1
2025-04-27 23:04:31,710 - recording_session - INFO - ✅ Pipeline set to PLAYING for camera 2
2025-04-27 23:04:31,711 - recording_session - INFO - ✅ Pipeline set to PLAYING for camera 1
2025-04-27 23:04:31,721 - recording_session - INFO - 🎥 Recording thread started for camera 3
2025-04-27 23:04:31,729 - overlay - INFO - Started recording for camera 3: rtsp://192.168.100.150:8547/h264
2025-04-27 23:04:31,731 - recording_session - INFO - 🧪 Starting GStreamer pipeline for camera 3
2025-04-27 23:04:31,733 - recording_session - INFO - ✅ Pipeline set to PLAYING for camera 3
2025-04-27 23:04:31,741 - recording_session - INFO - 🎥 Recording thread started for camera 4
2025-04-27 23:04:31,741 - overlay - INFO - Started recording for camera 4: rtsp://192.168.100.150:8547/h264
2025-04-27 23:04:31,742 - recording_session - INFO - 🧪 Starting GStreamer pipeline for camera 4
2025-04-27 23:04:31,744 - recording_session - INFO - ✅ Pipeline set to PLAYING for camera 4
2025-04-27 23:04:31,769 - recording_session - INFO - 🔌 pad-added signal for camera 3
2025-04-27 23:04:31,771 - recording_session - INFO - 🔗 Linked rtspsrc pad to depay for camera 3
2025-04-27 23:04:31,778 - recording_session - INFO - 🔌 pad-added signal for camera 4
2025-04-27 23:04:31,779 - recording_session - INFO - 🔗 Linked rtspsrc pad to depay for camera 4
