2025-05-11 21:50:15,494 - overlay - INFO - Fetching all CameraURLs records
2025-05-11 21:50:15,504 - recording_session - INFO - ðŸš€ SlowMoWorkers started: 4 threads
2025-05-11 21:50:15,504 - overlay - INFO - Fetching all CameraURLs records
2025-05-11 21:50:15,513 - recording_session - INFO - ðŸŽ¥ Recording thread started for camera 1
2025-05-11 21:50:15,514 - overlay - INFO - Started recording for camera 1: rtsp://192.168.100.150:8547/h264
2025-05-11 21:50:15,534 - recording_session - INFO - ðŸŽ¥ Recording thread started for camera 2
2025-05-11 21:50:15,534 - overlay - INFO - Started recording for camera 2: rtsp://192.168.100.150:8547/h264
2025-05-11 21:50:15,539 - recording_session - INFO - ðŸ§ª Starting GStreamer pipeline for camera 2
2025-05-11 21:50:15,540 - recording_session - INFO - ðŸ§ª Starting GStreamer pipeline for camera 1
2025-05-11 21:50:15,543 - recording_session - INFO - ðŸŽ¥ Recording thread started for camera 3
2025-05-11 21:50:15,545 - overlay - INFO - Started recording for camera 3: rtsp://192.168.100.150:8547/h264
2025-05-11 21:50:15,546 - recording_session - INFO - ðŸ§ª Starting GStreamer pipeline for camera 3
2025-05-11 21:50:15,555 - recording_session - INFO - ðŸŽ¥ Recording thread started for camera 4
2025-05-11 21:50:15,556 - overlay - INFO - Started recording for camera 4: rtsp://192.168.100.150:8547/h264
2025-05-11 21:50:15,558 - recording_session - INFO - âœ… Pipeline PLAYING for camera 2
2025-05-11 21:50:15,559 - recording_session - INFO - âœ… Pipeline PLAYING for camera 1
2025-05-11 21:50:15,583 - recording_session - INFO - âœ… Pipeline PLAYING for camera 3
2025-05-11 21:50:15,605 - recording_session - INFO - ðŸ§ª Starting GStreamer pipeline for camera 4
2025-05-11 21:50:15,632 - recording_session - INFO - âœ… Pipeline PLAYING for camera 4
2025-05-11 21:50:15,732 - recording_session - INFO - âœ… Linked rtspsrc â†’ depay for camera 2
2025-05-11 21:50:15,732 - recording_session - INFO - âœ… Linked rtspsrc â†’ depay for camera 1
2025-05-11 21:50:15,739 - recording_session - INFO - âœ… Linked rtspsrc â†’ depay for camera 3
2025-05-11 21:50:15,748 - recording_session - INFO - ðŸ“ Started recording chunk: /var/www/html/public/assets/uploads/CAM1/2025-05-11/1746982215.mp4
2025-05-11 21:50:15,763 - recording_session - INFO - ðŸ“ Started recording chunk: /var/www/html/public/assets/uploads/CAM3/2025-05-11/1746982215.mp4
2025-05-11 21:50:15,771 - recording_session - INFO - âœ… Linked rtspsrc â†’ depay for camera 4
2025-05-11 21:50:15,782 - recording_session - INFO - ðŸ“ Started recording chunk: /var/www/html/public/assets/uploads/CAM2/2025-05-11/1746982215.mp4
2025-05-11 21:50:15,803 - recording_session - INFO - ðŸ“ Started recording chunk: /var/www/html/public/assets/uploads/CAM4/2025-05-11/1746982215.mp4
2025-05-11 21:50:25,268 - overlay - INFO - Fetching all graphics records
2025-05-11 21:50:25,268 - overlay - INFO - Fetching all CameraURLs records
2025-05-11 21:50:25,274 - overlay - INFO - Found 1 graphics records
2025-05-11 21:50:25,280 - overlay - INFO - Found 4 CameraURLs records
2025-05-11 21:50:25,392 - overlay - INFO - Fetching gamestats with ID: 1
2025-05-11 21:50:25,392 - overlay - INFO - Fetching graphics with ID: 1
2025-05-11 21:50:25,442 - overlay - INFO - Fetching graphics with ID: 1
2025-05-11 21:50:31,501 - overlay - INFO - Loaded stream target (ID: 1): srt => srt://origin-v2.vewbie.com:7010
2025-05-11 21:50:31,501 - overlay - INFO - Creating pipeline for srt stream to: srt://origin-v2.vewbie.com:7010
2025-05-11 21:50:31,520 - overlay - ERROR - Unexpected error: 'RTSPtoSRTStreamer' object has no attribute 'audiotestsrc'
2025-05-11 21:51:07,476 - recording_session - INFO - Finalizing chunk: /var/www/html/public/assets/uploads/CAM1/2025-05-11/1746982215.mp4
