2025-04-27 22:51:46,896 - overlay - INFO - Fetching all CameraURLs records
2025-04-27 22:51:46,905 - recording_session - INFO - 🚀 SlowMoWorker started
2025-04-27 22:51:46,907 - overlay - INFO - Fetching all CameraURLs records
2025-04-27 22:51:46,937 - recording_session - INFO - 🎥 Recording thread started for camera 1
2025-04-27 22:51:46,937 - overlay - INFO - Started recording for camera 1: rtsp://192.168.100.150:8547/h264
2025-04-27 22:51:46,938 - recording_session - INFO - 🧹 Cleanup done. Deleted 0 files.
2025-04-27 22:51:46,953 - recording_session - INFO - 🎥 Recording thread started for camera 2
2025-04-27 22:51:46,955 - recording_session - INFO - 🧪 Starting GStreamer pipeline for camera 1
2025-04-27 22:51:46,955 - overlay - INFO - Started recording for camera 2: rtsp://192.168.100.150:8547/h264
2025-04-27 22:51:46,961 - recording_session - INFO - ✅ Pipeline set to PLAYING for camera 1
2025-04-27 22:51:46,976 - recording_session - INFO - 🧪 Starting GStreamer pipeline for camera 2
2025-04-27 22:51:46,979 - recording_session - INFO - ✅ Pipeline set to PLAYING for camera 2
2025-04-27 22:51:46,985 - recording_session - INFO - 🎥 Recording thread started for camera 3
2025-04-27 22:51:46,986 - overlay - INFO - Started recording for camera 3: rtsp://192.168.100.150:8547/h264
2025-04-27 22:51:46,988 - recording_session - INFO - 🧪 Starting GStreamer pipeline for camera 3
2025-04-27 22:51:46,989 - recording_session - INFO - ✅ Pipeline set to PLAYING for camera 3
2025-04-27 22:51:46,996 - recording_session - INFO - 🎥 Recording thread started for camera 4
2025-04-27 22:51:46,996 - overlay - INFO - Started recording for camera 4: rtsp://192.168.100.150:8547/h264
2025-04-27 22:51:47,002 - recording_session - INFO - 🧪 Starting GStreamer pipeline for camera 4
2025-04-27 22:51:47,004 - recording_session - INFO - ✅ Pipeline set to PLAYING for camera 4
2025-04-27 22:51:47,020 - recording_session - INFO - 🔌 pad-added signal for camera 3
2025-04-27 22:51:47,021 - recording_session - INFO - 🔗 Linked rtspsrc pad to depay for camera 3
