2025-04-27 23:07:22,295 - overlay - INFO - Fetching all CameraURLs records
2025-04-27 23:07:22,306 - recording_session - INFO - 🚀 SlowMoWorker started
2025-04-27 23:07:22,307 - overlay - INFO - Fetching all CameraURLs records
2025-04-27 23:07:22,312 - recording_session - INFO - 🧹 Cleanup done. Deleted 0 files.
2025-04-27 23:07:22,329 - recording_session - INFO - 🎥 Recording thread started for camera 1
2025-04-27 23:07:22,334 - overlay - INFO - Started recording for camera 1: rtsp://192.168.100.150:8547/h264
2025-04-27 23:07:22,346 - recording_session - INFO - 🎥 Recording thread started for camera 2
2025-04-27 23:07:22,346 - overlay - INFO - Started recording for camera 2: rtsp://192.168.100.150:8547/h264
2025-04-27 23:07:22,356 - recording_session - INFO - 🎥 Recording thread started for camera 3
2025-04-27 23:07:22,357 - overlay - INFO - Started recording for camera 3: rtsp://192.168.100.150:8547/h264
2025-04-27 23:07:22,359 - recording_session - INFO - 🧪 Starting GStreamer pipeline for camera 2
2025-04-27 23:07:22,359 - recording_session - INFO - 🧪 Starting GStreamer pipeline for camera 3
2025-04-27 23:07:22,359 - recording_session - INFO - 🧪 Starting GStreamer pipeline for camera 1
2025-04-27 23:07:22,361 - recording_session - INFO - ✅ Pipeline set to PLAYING for camera 2
2025-04-27 23:07:22,370 - recording_session - INFO - ✅ Pipeline set to PLAYING for camera 3
2025-04-27 23:07:22,370 - recording_session - INFO - ✅ Pipeline set to PLAYING for camera 1
2025-04-27 23:07:22,376 - recording_session - INFO - 🎥 Recording thread started for camera 4
2025-04-27 23:07:22,378 - overlay - INFO - Started recording for camera 4: rtsp://192.168.100.150:8547/h264
2025-04-27 23:07:22,385 - recording_session - INFO - 🧪 Starting GStreamer pipeline for camera 4
2025-04-27 23:07:22,389 - recording_session - INFO - ✅ Pipeline set to PLAYING for camera 4
2025-04-27 23:07:22,408 - recording_session - INFO - 🔌 pad-added signal for camera 3
2025-04-27 23:07:22,409 - recording_session - INFO - 🔗 Linked rtspsrc pad to depay for camera 3
