2025-04-28 17:52:19,341 - overlay - INFO - Fetching all CameraURLs records
2025-04-28 17:52:19,350 - recording_session - INFO - 🚀 SlowMoWorkers started: 4 threads
2025-04-28 17:52:19,351 - overlay - INFO - Fetching all CameraURLs records
2025-04-28 17:52:19,352 - recording_session - INFO - 🧹 Cleanup done. Deleted 0 files.
2025-04-28 17:52:19,374 - recording_session - INFO - 🎥 Recording thread started for camera 1
2025-04-28 17:52:19,383 - overlay - INFO - Started recording for camera 1: rtsp://192.168.100.150:8547/h264
2025-04-28 17:52:19,431 - recording_session - INFO - 🎥 Recording thread started for camera 2
2025-04-28 17:52:19,431 - overlay - INFO - Started recording for camera 2: rtsp://192.168.100.150:8547/h264
2025-04-28 17:52:19,462 - recording_session - INFO - 🎥 Recording thread started for camera 3
2025-04-28 17:52:19,463 - overlay - INFO - Started recording for camera 3: rtsp://192.168.100.150:8547/h264
2025-04-28 17:52:19,492 - recording_session - INFO - 🎥 Recording thread started for camera 4
2025-04-28 17:52:19,492 - overlay - INFO - Started recording for camera 4: rtsp://192.168.100.150:8547/h264
2025-04-28 17:52:19,495 - recording_session - INFO - 🧪 Starting GStreamer pipeline for camera 2
2025-04-28 17:52:19,496 - recording_session - INFO - 🧪 Starting GStreamer pipeline for camera 3
2025-04-28 17:52:19,496 - recording_session - INFO - 🧪 Starting GStreamer pipeline for camera 1
2025-04-28 17:52:19,498 - recording_session - INFO - 🧪 Starting GStreamer pipeline for camera 4
2025-04-28 17:52:19,499 - recording_session - INFO - ✅ Pipeline set to PLAYING for camera 3
2025-04-28 17:52:19,500 - recording_session - INFO - ✅ Pipeline set to PLAYING for camera 2
2025-04-28 17:52:19,501 - recording_session - INFO - ✅ Pipeline set to PLAYING for camera 1
2025-04-28 17:52:19,511 - recording_session - INFO - ✅ Pipeline set to PLAYING for camera 4
2025-04-28 17:52:20,445 - recording_session - INFO - 📊 RAM Usage: 2.3% | CPU: 8.0%
2025-04-28 17:52:21,194 - overlay - INFO - Fetching gamestats with ID: 1
2025-04-28 17:52:21,215 - overlay - INFO - Fetching graphics with ID: 1
