2025-04-27 22:58:49,643 - overlay - INFO - Fetching all CameraURLs records
2025-04-27 22:58:49,653 - recording_session - INFO - 🚀 SlowMoWorker started
2025-04-27 22:58:49,654 - overlay - INFO - Fetching all CameraURLs records
2025-04-27 22:58:49,664 - recording_session - INFO - 🧹 Cleanup done. Deleted 0 files.
2025-04-27 22:58:49,680 - recording_session - INFO - 🎥 Recording thread started for camera 1
2025-04-27 22:58:49,681 - overlay - INFO - Started recording for camera 1: rtsp://192.168.100.150:8547/h264
2025-04-27 22:58:49,692 - recording_session - INFO - 🎥 Recording thread started for camera 2
2025-04-27 22:58:49,692 - overlay - INFO - Started recording for camera 2: rtsp://192.168.100.150:8547/h264
2025-04-27 22:58:49,696 - recording_session - INFO - 🧪 Starting GStreamer pipeline for camera 1
2025-04-27 22:58:49,697 - recording_session - INFO - 🧪 Starting GStreamer pipeline for camera 2
2025-04-27 22:58:49,698 - recording_session - INFO - ✅ Pipeline set to PLAYING for camera 1
2025-04-27 22:58:49,698 - recording_session - INFO - ✅ Pipeline set to PLAYING for camera 2
2025-04-27 22:58:49,714 - recording_session - INFO - 🎥 Recording thread started for camera 3
2025-04-27 22:58:49,716 - overlay - INFO - Started recording for camera 3: rtsp://192.168.100.150:8547/h264
2025-04-27 22:58:49,716 - recording_session - INFO - 🧪 Starting GStreamer pipeline for camera 3
2025-04-27 22:58:49,720 - recording_session - INFO - ✅ Pipeline set to PLAYING for camera 3
2025-04-27 22:58:49,726 - recording_session - INFO - 🎥 Recording thread started for camera 4
2025-04-27 22:58:49,726 - overlay - INFO - Started recording for camera 4: rtsp://192.168.100.150:8547/h264
2025-04-27 22:58:49,730 - recording_session - INFO - 🧪 Starting GStreamer pipeline for camera 4
2025-04-27 22:58:49,732 - recording_session - INFO - ✅ Pipeline set to PLAYING for camera 4
2025-04-27 22:58:49,751 - recording_session - INFO - 🔌 pad-added signal for camera 3
2025-04-27 22:58:49,752 - recording_session - INFO - 🔗 Linked rtspsrc pad to depay for camera 3
2025-04-27 22:58:49,760 - recording_session - INFO - 🔌 pad-added signal for camera 4
2025-04-27 22:58:49,761 - recording_session - INFO - 🔗 Linked rtspsrc pad to depay for camera 4
