2025-04-30 15:37:49,700 - overlay - INFO - Fetching all CameraURLs records
2025-04-30 15:37:49,713 - recording_session - INFO - 🚀 SlowMoWorkers started: 4 threads
2025-04-30 15:37:49,713 - overlay - INFO - Fetching all CameraURLs records
2025-04-30 15:37:49,730 - recording_session - INFO - 🎥 Recording thread started for camera 1
2025-04-30 15:37:49,732 - overlay - INFO - Started recording for camera 1: rtsp://192.168.100.150:8547/h264
2025-04-30 15:37:49,742 - recording_session - INFO - 🎥 Recording thread started for camera 2
2025-04-30 15:37:49,743 - overlay - INFO - Started recording for camera 2: rtsp://192.168.100.150:8547/h264
2025-04-30 15:37:49,749 - recording_session - INFO - 🧪 Starting GStreamer pipeline for camera 2
2025-04-30 15:37:49,749 - recording_session - INFO - 🧪 Starting GStreamer pipeline for camera 1
2025-04-30 15:37:49,752 - recording_session - INFO - ✅ Pipeline set to PLAYING for camera 2
2025-04-30 15:37:49,752 - recording_session - INFO - ✅ Pipeline set to PLAYING for camera 1
2025-04-30 15:37:49,762 - recording_session - INFO - 🎥 Recording thread started for camera 3
2025-04-30 15:37:49,762 - overlay - INFO - Started recording for camera 3: rtsp://192.168.100.150:8547/h264
2025-04-30 15:37:49,771 - recording_session - INFO - 🧪 Starting GStreamer pipeline for camera 3
2025-04-30 15:37:49,774 - recording_session - INFO - ✅ Pipeline set to PLAYING for camera 3
2025-04-30 15:37:49,779 - recording_session - INFO - 🎥 Recording thread started for camera 4
2025-04-30 15:37:49,780 - overlay - INFO - Started recording for camera 4: rtsp://192.168.100.150:8547/h264
2025-04-30 15:37:49,782 - recording_session - INFO - 🧪 Starting GStreamer pipeline for camera 4
2025-04-30 15:37:49,783 - recording_session - INFO - ✅ Pipeline set to PLAYING for camera 4
2025-04-30 15:37:49,796 - overlay - INFO - Deleted old file: /var/www/html/public/assets/uploads/CAM4/2025-04-29/1745916926.mp4
2025-04-30 16:11:40,751 - overlay - INFO - Fetching gamestats with ID: 1
2025-04-30 16:11:40,757 - overlay - INFO - Fetching graphics with ID: 1
2025-04-30 16:11:41,182 - overlay - INFO - Fetching graphics with ID: 1
2025-04-30 16:11:50,353 - overlay - INFO - Fetching gamestats with ID: 1
2025-04-30 16:11:50,667 - overlay - INFO - Fetching graphics with ID: 1
2025-04-30 16:12:00,594 - overlay - INFO - Fetching gamestats with ID: 1
2025-04-30 16:12:00,917 - overlay - INFO - Fetching graphics with ID: 1
2025-04-30 16:12:10,293 - overlay - INFO - Fetching gamestats with ID: 1
2025-04-30 16:12:10,602 - overlay - INFO - Fetching graphics with ID: 1
2025-04-30 16:12:20,604 - overlay - INFO - Fetching gamestats with ID: 1
2025-04-30 16:12:20,913 - overlay - INFO - Fetching graphics with ID: 1
2025-04-30 16:12:30,293 - overlay - INFO - Fetching gamestats with ID: 1
2025-04-30 16:12:32,248 - overlay - INFO - Fetching graphics with ID: 1
2025-04-30 16:12:40,629 - overlay - INFO - Fetching gamestats with ID: 1
2025-04-30 16:12:40,951 - overlay - INFO - Fetching graphics with ID: 1
2025-04-30 16:12:50,297 - overlay - INFO - Fetching gamestats with ID: 1
2025-04-30 16:12:50,609 - overlay - INFO - Fetching graphics with ID: 1
2025-04-30 16:13:00,587 - overlay - INFO - Fetching gamestats with ID: 1
2025-04-30 16:13:00,897 - overlay - INFO - Fetching graphics with ID: 1
2025-04-30 16:23:59,268 - overlay - INFO - Fetching graphics with ID: 1
2025-04-30 16:23:59,270 - overlay - INFO - Fetching gamestats with ID: 1
2025-04-30 16:23:59,577 - overlay - INFO - Fetching graphics with ID: 1
2025-04-30 16:24:08,976 - overlay - INFO - Fetching gamestats with ID: 1
2025-04-30 16:24:09,283 - overlay - INFO - Fetching graphics with ID: 1
2025-04-30 16:24:19,268 - overlay - INFO - Fetching gamestats with ID: 1
2025-04-30 16:24:19,576 - overlay - INFO - Fetching graphics with ID: 1
2025-04-30 16:24:28,972 - overlay - INFO - Fetching gamestats with ID: 1
2025-04-30 16:24:29,282 - overlay - INFO - Fetching graphics with ID: 1
2025-04-30 16:24:39,368 - overlay - INFO - Fetching gamestats with ID: 1
2025-04-30 16:24:39,684 - overlay - INFO - Fetching graphics with ID: 1
2025-04-30 16:27:46,661 - overlay - INFO - Fetching gamestats with ID: 1
2025-04-30 16:27:46,666 - overlay - INFO - Fetching graphics with ID: 1
2025-04-30 16:27:46,999 - overlay - INFO - Fetching graphics with ID: 1
2025-04-30 16:27:57,161 - overlay - INFO - Fetching gamestats with ID: 1
2025-04-30 16:27:57,472 - overlay - INFO - Fetching graphics with ID: 1
2025-04-30 16:28:06,658 - overlay - INFO - Fetching gamestats with ID: 1
2025-04-30 16:28:06,969 - overlay - INFO - Fetching graphics with ID: 1
2025-04-30 16:28:16,356 - overlay - INFO - Fetching gamestats with ID: 1
2025-04-30 16:28:16,668 - overlay - INFO - Fetching graphics with ID: 1
2025-04-30 16:30:08,932 - overlay - INFO - Fetching gamestats with ID: 1
2025-04-30 16:30:08,938 - overlay - INFO - Fetching graphics with ID: 1
2025-04-30 16:30:09,246 - overlay - INFO - Fetching graphics with ID: 1
2025-04-30 16:30:18,632 - overlay - INFO - Fetching gamestats with ID: 1
2025-04-30 16:30:18,944 - overlay - INFO - Fetching graphics with ID: 1
2025-04-30 16:30:28,927 - overlay - INFO - Fetching gamestats with ID: 1
2025-04-30 16:30:29,232 - overlay - INFO - Fetching graphics with ID: 1
2025-04-30 16:30:38,628 - overlay - INFO - Fetching gamestats with ID: 1
2025-04-30 16:30:38,932 - overlay - INFO - Fetching graphics with ID: 1
2025-04-30 16:30:48,939 - overlay - INFO - Fetching gamestats with ID: 1
2025-04-30 16:30:49,261 - overlay - INFO - Fetching graphics with ID: 1
2025-04-30 16:30:58,627 - overlay - INFO - Fetching gamestats with ID: 1
2025-04-30 16:30:58,937 - overlay - INFO - Fetching graphics with ID: 1
2025-04-30 16:31:08,939 - overlay - INFO - Fetching gamestats with ID: 1
2025-04-30 16:31:09,244 - overlay - INFO - Fetching graphics with ID: 1
2025-04-30 16:31:18,628 - overlay - INFO - Fetching gamestats with ID: 1
2025-04-30 16:31:18,933 - overlay - INFO - Fetching graphics with ID: 1
2025-04-30 16:31:28,926 - overlay - INFO - Fetching gamestats with ID: 1
2025-04-30 16:31:29,238 - overlay - INFO - Fetching graphics with ID: 1
2025-04-30 16:31:38,650 - overlay - INFO - Fetching gamestats with ID: 1
2025-04-30 16:31:38,961 - overlay - INFO - Fetching graphics with ID: 1
2025-04-30 16:31:49,024 - overlay - INFO - Fetching gamestats with ID: 1
2025-04-30 16:31:49,335 - overlay - INFO - Fetching graphics with ID: 1
2025-04-30 16:31:58,635 - overlay - INFO - Fetching gamestats with ID: 1
2025-04-30 16:31:58,946 - overlay - INFO - Fetching graphics with ID: 1
2025-04-30 16:32:08,977 - overlay - INFO - Fetching gamestats with ID: 1
2025-04-30 16:32:09,506 - overlay - INFO - Fetching graphics with ID: 1
2025-04-30 16:32:18,625 - overlay - INFO - Fetching gamestats with ID: 1
2025-04-30 16:32:18,932 - overlay - INFO - Fetching graphics with ID: 1
2025-04-30 16:32:28,962 - overlay - INFO - Fetching gamestats with ID: 1
2025-04-30 16:32:29,267 - overlay - INFO - Fetching graphics with ID: 1
2025-04-30 16:32:38,641 - overlay - INFO - Fetching gamestats with ID: 1
2025-04-30 16:32:38,959 - overlay - INFO - Fetching graphics with ID: 1
2025-04-30 16:32:48,931 - overlay - INFO - Fetching gamestats with ID: 1
2025-04-30 16:32:49,243 - overlay - INFO - Fetching graphics with ID: 1
2025-04-30 16:32:58,628 - overlay - INFO - Fetching gamestats with ID: 1
2025-04-30 16:32:58,963 - overlay - INFO - Fetching graphics with ID: 1
2025-04-30 16:33:09,248 - overlay - INFO - Fetching gamestats with ID: 1
2025-04-30 16:33:09,682 - overlay - INFO - Fetching graphics with ID: 1
2025-04-30 16:33:18,679 - overlay - INFO - Fetching gamestats with ID: 1
2025-04-30 16:33:18,987 - overlay - INFO - Fetching graphics with ID: 1
2025-04-30 16:33:28,999 - overlay - INFO - Fetching gamestats with ID: 1
2025-04-30 16:33:29,310 - overlay - INFO - Fetching graphics with ID: 1
2025-04-30 16:33:38,629 - overlay - INFO - Fetching gamestats with ID: 1
2025-04-30 16:33:38,938 - overlay - INFO - Fetching graphics with ID: 1
2025-04-30 16:33:48,926 - overlay - INFO - Fetching gamestats with ID: 1
2025-04-30 16:33:49,233 - overlay - INFO - Fetching graphics with ID: 1
2025-04-30 16:33:58,635 - overlay - INFO - Fetching gamestats with ID: 1
2025-04-30 16:33:58,955 - overlay - INFO - Fetching graphics with ID: 1
2025-04-30 16:34:08,921 - overlay - INFO - Fetching gamestats with ID: 1
2025-04-30 16:34:09,309 - overlay - INFO - Fetching graphics with ID: 1
2025-04-30 16:34:18,629 - overlay - INFO - Fetching gamestats with ID: 1
2025-04-30 16:34:18,939 - overlay - INFO - Fetching graphics with ID: 1
2025-04-30 16:34:28,928 - overlay - INFO - Fetching gamestats with ID: 1
2025-04-30 16:34:29,291 - overlay - INFO - Fetching graphics with ID: 1
