2025-04-27 22:56:17,657 - overlay - INFO - Fetching all CameraURLs records
2025-04-27 22:56:17,667 - recording_session - INFO - 🚀 SlowMoWorker started
2025-04-27 22:56:17,667 - overlay - INFO - Fetching all CameraURLs records
2025-04-27 22:56:17,672 - recording_session - INFO - 🧹 Cleanup done. Deleted 0 files.
2025-04-27 22:56:17,698 - recording_session - INFO - 🎥 Recording thread started for camera 1
2025-04-27 22:56:17,698 - overlay - INFO - Started recording for camera 1: rtsp://192.168.100.150:8547/h264
2025-04-27 22:56:17,708 - recording_session - INFO - 🎥 Recording thread started for camera 2
2025-04-27 22:56:17,709 - overlay - INFO - Started recording for camera 2: rtsp://192.168.100.150:8547/h264
2025-04-27 22:56:17,715 - recording_session - INFO - 🧪 Starting GStreamer pipeline for camera 2
2025-04-27 22:56:17,715 - recording_session - INFO - 🧪 Starting GStreamer pipeline for camera 1
2025-04-27 22:56:17,718 - recording_session - INFO - ✅ Pipeline set to PLAYING for camera 2
2025-04-27 22:56:17,718 - recording_session - INFO - ✅ Pipeline set to PLAYING for camera 1
2025-04-27 22:56:17,719 - recording_session - INFO - 🎥 Recording thread started for camera 3
2025-04-27 22:56:17,730 - overlay - INFO - Started recording for camera 3: rtsp://192.168.100.150:8547/h264
2025-04-27 22:56:17,729 - recording_session - INFO - 🧪 Starting GStreamer pipeline for camera 3
2025-04-27 22:56:17,737 - recording_session - INFO - ✅ Pipeline set to PLAYING for camera 3
2025-04-27 22:56:17,738 - recording_session - INFO - 🎥 Recording thread started for camera 4
2025-04-27 22:56:17,739 - overlay - INFO - Started recording for camera 4: rtsp://192.168.100.150:8547/h264
2025-04-27 22:56:17,743 - recording_session - INFO - 🧪 Starting GStreamer pipeline for camera 4
2025-04-27 22:56:17,745 - recording_session - INFO - ✅ Pipeline set to PLAYING for camera 4
2025-04-27 22:56:17,776 - recording_session - INFO - 🔌 pad-added signal for camera 4
2025-04-27 22:56:17,777 - recording_session - INFO - 🔗 Linked rtspsrc pad to depay for camera 4
