2025-04-27 22:35:46,047 - overlay - INFO - Fetching all CameraURLs records
2025-04-27 22:35:46,060 - recording_session - INFO - 🚀 SlowMoWorker started
2025-04-27 22:35:46,062 - overlay - INFO - Fetching all CameraURLs records
2025-04-27 22:35:46,079 - recording_session - INFO - 🧹 Cleanup done. Deleted 0 files.
2025-04-27 22:35:46,089 - recording_session - INFO - 🎥 Recording thread started for camera 1
2025-04-27 22:35:46,090 - overlay - INFO - Started recording for camera 1: rtsp://192.168.100.150:8547/h264
2025-04-27 22:35:46,104 - recording_session - INFO - 🎥 Recording thread started for camera 2
2025-04-27 22:35:46,104 - overlay - INFO - Started recording for camera 2: rtsp://192.168.100.150:8547/h264
2025-04-27 22:35:46,115 - recording_session - INFO - 🎥 Recording thread started for camera 3
2025-04-27 22:35:46,117 - overlay - INFO - Started recording for camera 3: rtsp://192.168.100.150:8547/h264
2025-04-27 22:35:46,120 - recording_session - INFO - 🧪 Starting GStreamer pipeline for camera 3
2025-04-27 22:35:46,120 - recording_session - INFO - 🧪 Starting GStreamer pipeline for camera 1
2025-04-27 22:35:46,120 - recording_session - INFO - 🧪 Starting GStreamer pipeline for camera 2
2025-04-27 22:35:46,122 - recording_session - INFO - ✅ Pipeline set to PLAYING for camera 3
2025-04-27 22:35:46,123 - recording_session - INFO - ✅ Pipeline set to PLAYING for camera 1
2025-04-27 22:35:46,151 - recording_session - INFO - ✅ Pipeline set to PLAYING for camera 2
2025-04-27 22:35:46,152 - recording_session - INFO - 🎥 Recording thread started for camera 4
2025-04-27 22:35:46,152 - overlay - INFO - Started recording for camera 4: rtsp://192.168.100.150:8547/h264
2025-04-27 22:35:46,179 - recording_session - INFO - 🧪 Starting GStreamer pipeline for camera 4
2025-04-27 22:35:46,181 - recording_session - INFO - ✅ Pipeline set to PLAYING for camera 4
2025-04-27 22:35:46,213 - recording_session - INFO - 🔌 pad-added signal for camera 4
2025-04-27 22:35:46,214 - recording_session - INFO - 🔗 Linked rtspsrc pad to depay for camera 4
