2025-04-27 22:38:18,374 - overlay - INFO - Fetching all CameraURLs records
2025-04-27 22:38:18,383 - recording_session - INFO - 🚀 SlowMoWorker started
2025-04-27 22:38:18,384 - overlay - INFO - Fetching all CameraURLs records
2025-04-27 22:38:18,397 - recording_session - INFO - 🧹 Cleanup done. Deleted 0 files.
2025-04-27 22:38:18,402 - recording_session - INFO - 🎥 Recording thread started for camera 1
2025-04-27 22:38:18,409 - overlay - INFO - Started recording for camera 1: rtsp://192.168.100.150:8547/h264
2025-04-27 22:38:18,419 - recording_session - INFO - 🎥 Recording thread started for camera 2
2025-04-27 22:38:18,419 - overlay - INFO - Started recording for camera 2: rtsp://192.168.100.150:8547/h264
2025-04-27 22:38:18,429 - recording_session - INFO - 🧪 Starting GStreamer pipeline for camera 2
2025-04-27 22:38:18,430 - recording_session - INFO - 🧪 Starting GStreamer pipeline for camera 1
2025-04-27 22:38:18,430 - recording_session - INFO - 🎥 Recording thread started for camera 3
2025-04-27 22:38:18,431 - overlay - INFO - Started recording for camera 3: rtsp://192.168.100.150:8547/h264
2025-04-27 22:38:18,431 - recording_session - INFO - 🧪 Starting GStreamer pipeline for camera 3
2025-04-27 22:38:18,433 - recording_session - INFO - ✅ Pipeline set to PLAYING for camera 3
2025-04-27 22:38:18,434 - recording_session - INFO - ✅ Pipeline set to PLAYING for camera 1
2025-04-27 22:38:18,435 - recording_session - INFO - ✅ Pipeline set to PLAYING for camera 2
2025-04-27 22:38:18,443 - recording_session - INFO - 🎥 Recording thread started for camera 4
2025-04-27 22:38:18,444 - overlay - INFO - Started recording for camera 4: rtsp://192.168.100.150:8547/h264
2025-04-27 22:38:18,456 - recording_session - INFO - 🧪 Starting GStreamer pipeline for camera 4
2025-04-27 22:38:18,458 - recording_session - INFO - ✅ Pipeline set to PLAYING for camera 4
2025-04-27 22:38:18,485 - recording_session - INFO - 🔌 pad-added signal for camera 4
2025-04-27 22:38:18,485 - recording_session - INFO - 🔗 Linked rtspsrc pad to depay for camera 4
