2025-04-27 22:50:16,877 - overlay - INFO - Fetching all CameraURLs records
2025-04-27 22:50:16,886 - recording_session - INFO - 🚀 SlowMoWorker started
2025-04-27 22:50:16,888 - overlay - INFO - Fetching all CameraURLs records
2025-04-27 22:50:16,906 - recording_session - INFO - 🧹 Cleanup done. Deleted 0 files.
2025-04-27 22:50:16,909 - recording_session - INFO - 🎥 Recording thread started for camera 1
2025-04-27 22:50:16,909 - overlay - INFO - Started recording for camera 1: rtsp://192.168.100.150:8547/h264
2025-04-27 22:50:16,919 - recording_session - INFO - 🎥 Recording thread started for camera 2
2025-04-27 22:50:16,920 - overlay - INFO - Started recording for camera 2: rtsp://192.168.100.150:8547/h264
2025-04-27 22:50:16,925 - recording_session - INFO - 🧪 Starting GStreamer pipeline for camera 1
2025-04-27 22:50:16,925 - recording_session - INFO - 🧪 Starting GStreamer pipeline for camera 2
2025-04-27 22:50:16,927 - recording_session - INFO - ✅ Pipeline set to PLAYING for camera 2
2025-04-27 22:50:16,927 - recording_session - INFO - ✅ Pipeline set to PLAYING for camera 1
2025-04-27 22:50:16,947 - recording_session - INFO - 🎥 Recording thread started for camera 3
2025-04-27 22:50:16,948 - overlay - INFO - Started recording for camera 3: rtsp://192.168.100.150:8547/h264
2025-04-27 22:50:16,963 - recording_session - INFO - 🎥 Recording thread started for camera 4
2025-04-27 22:50:16,963 - overlay - INFO - Started recording for camera 4: rtsp://192.168.100.150:8547/h264
2025-04-27 22:50:16,964 - recording_session - INFO - 🧪 Starting GStreamer pipeline for camera 3
2025-04-27 22:50:16,968 - recording_session - INFO - ✅ Pipeline set to PLAYING for camera 3
2025-04-27 22:50:16,972 - recording_session - INFO - 🧪 Starting GStreamer pipeline for camera 4
2025-04-27 22:50:16,974 - recording_session - INFO - ✅ Pipeline set to PLAYING for camera 4
2025-04-27 22:50:16,998 - recording_session - INFO - 🔌 pad-added signal for camera 4
2025-04-27 22:50:16,999 - recording_session - INFO - 🔗 Linked rtspsrc pad to depay for camera 4
