2025-04-27 23:06:10,915 - overlay - INFO - Fetching all CameraURLs records
2025-04-27 23:06:10,928 - recording_session - INFO - 🚀 SlowMoWorker started
2025-04-27 23:06:10,929 - overlay - INFO - Fetching all CameraURLs records
2025-04-27 23:06:10,933 - recording_session - INFO - 🧹 Cleanup done. Deleted 0 files.
2025-04-27 23:06:10,945 - recording_session - INFO - 🎥 Recording thread started for camera 1
2025-04-27 23:06:10,949 - overlay - INFO - Started recording for camera 1: rtsp://192.168.100.150:8547/h264
2025-04-27 23:06:10,959 - recording_session - INFO - 🎥 Recording thread started for camera 2
2025-04-27 23:06:10,959 - overlay - INFO - Started recording for camera 2: rtsp://192.168.100.150:8547/h264
2025-04-27 23:06:10,963 - recording_session - INFO - 🧪 Starting GStreamer pipeline for camera 2
2025-04-27 23:06:10,963 - recording_session - INFO - 🧪 Starting GStreamer pipeline for camera 1
2025-04-27 23:06:10,965 - recording_session - INFO - ✅ Pipeline set to PLAYING for camera 2
2025-04-27 23:06:10,972 - recording_session - INFO - ✅ Pipeline set to PLAYING for camera 1
2025-04-27 23:06:10,975 - recording_session - INFO - 🎥 Recording thread started for camera 3
2025-04-27 23:06:10,976 - overlay - INFO - Started recording for camera 3: rtsp://192.168.100.150:8547/h264
2025-04-27 23:06:10,984 - recording_session - INFO - 🧪 Starting GStreamer pipeline for camera 3
2025-04-27 23:06:10,987 - recording_session - INFO - ✅ Pipeline set to PLAYING for camera 3
2025-04-27 23:06:10,993 - recording_session - INFO - 🎥 Recording thread started for camera 4
2025-04-27 23:06:10,993 - overlay - INFO - Started recording for camera 4: rtsp://192.168.100.150:8547/h264
2025-04-27 23:06:10,997 - recording_session - INFO - 🧪 Starting GStreamer pipeline for camera 4
2025-04-27 23:06:10,999 - recording_session - INFO - ✅ Pipeline set to PLAYING for camera 4
2025-04-27 23:06:11,027 - recording_session - INFO - 🔌 pad-added signal for camera 4
2025-04-27 23:06:11,028 - recording_session - INFO - 🔗 Linked rtspsrc pad to depay for camera 4
