2025-04-27 22:59:27,640 - overlay - INFO - Fetching all CameraURLs records
2025-04-27 22:59:27,650 - recording_session - INFO - 🚀 SlowMoWorker started
2025-04-27 22:59:27,651 - overlay - INFO - Fetching all CameraURLs records
2025-04-27 22:59:27,666 - recording_session - INFO - 🧹 Cleanup done. Deleted 0 files.
2025-04-27 22:59:27,672 - recording_session - INFO - 🎥 Recording thread started for camera 1
2025-04-27 22:59:27,678 - overlay - INFO - Started recording for camera 1: rtsp://192.168.100.150:8547/h264
2025-04-27 22:59:27,688 - recording_session - INFO - 🎥 Recording thread started for camera 2
2025-04-27 22:59:27,688 - overlay - INFO - Started recording for camera 2: rtsp://192.168.100.150:8547/h264
2025-04-27 22:59:27,697 - recording_session - INFO - 🎥 Recording thread started for camera 3
2025-04-27 22:59:27,697 - overlay - INFO - Started recording for camera 3: rtsp://192.168.100.150:8547/h264
2025-04-27 22:59:27,700 - recording_session - INFO - 🧪 Starting GStreamer pipeline for camera 1
2025-04-27 22:59:27,701 - recording_session - INFO - 🧪 Starting GStreamer pipeline for camera 3
2025-04-27 22:59:27,702 - recording_session - INFO - 🧪 Starting GStreamer pipeline for camera 2
2025-04-27 22:59:27,702 - recording_session - INFO - ✅ Pipeline set to PLAYING for camera 1
2025-04-27 22:59:27,702 - recording_session - INFO - ✅ Pipeline set to PLAYING for camera 3
2025-04-27 22:59:27,712 - recording_session - INFO - ✅ Pipeline set to PLAYING for camera 2
2025-04-27 22:59:27,720 - recording_session - INFO - 🎥 Recording thread started for camera 4
2025-04-27 22:59:27,720 - overlay - INFO - Started recording for camera 4: rtsp://192.168.100.150:8547/h264
2025-04-27 22:59:27,722 - recording_session - INFO - 🧪 Starting GStreamer pipeline for camera 4
2025-04-27 22:59:27,724 - recording_session - INFO - ✅ Pipeline set to PLAYING for camera 4
2025-04-27 22:59:27,756 - recording_session - INFO - 🔌 pad-added signal for camera 4
2025-04-27 22:59:27,756 - recording_session - INFO - 🔗 Linked rtspsrc pad to depay for camera 4
