2025-05-10 17:01:21,471 - overlay - INFO - Fetching all CameraURLs records
2025-05-10 17:01:21,506 - recording_session - INFO - ðŸš€ SlowMoWorkers started: 4 threads
2025-05-10 17:01:21,507 - overlay - INFO - Fetching all CameraURLs records
2025-05-10 17:01:21,520 - recording_session - INFO - ðŸŽ¥ Recording thread started for camera 1
2025-05-10 17:01:21,524 - overlay - INFO - Started recording for camera 1: rtsp://192.168.100.150:8547/h264
2025-05-10 17:01:21,542 - recording_session - INFO - ðŸŽ¥ Recording thread started for camera 2
2025-05-10 17:01:21,542 - overlay - INFO - Started recording for camera 2: rtsp://192.168.100.150:8547/h264
2025-05-10 17:01:21,557 - recording_session - INFO - ðŸŽ¥ Recording thread started for camera 3
2025-05-10 17:01:21,557 - overlay - INFO - Started recording for camera 3: rtsp://192.168.100.150:8547/h264
2025-05-10 17:01:21,569 - recording_session - INFO - ðŸ§ª Starting GStreamer pipeline for camera 3
2025-05-10 17:01:21,569 - recording_session - INFO - ðŸ§ª Starting GStreamer pipeline for camera 1
2025-05-10 17:01:21,571 - recording_session - INFO - ðŸ§ª Starting GStreamer pipeline for camera 2
2025-05-10 17:01:21,573 - recording_session - INFO - ðŸŽ¥ Recording thread started for camera 4
2025-05-10 17:01:21,573 - overlay - INFO - Started recording for camera 4: rtsp://192.168.100.150:8547/h264
2025-05-10 17:01:21,587 - recording_session - INFO - ðŸ§ª Starting GStreamer pipeline for camera 4
2025-05-10 17:01:21,588 - recording_session - INFO - âœ… Pipeline PLAYING for camera 3
2025-05-10 17:01:21,589 - recording_session - INFO - âœ… Pipeline PLAYING for camera 2
2025-05-10 17:01:21,590 - recording_session - INFO - âœ… Pipeline PLAYING for camera 1
2025-05-10 17:01:21,618 - recording_session - INFO - âœ… Pipeline PLAYING for camera 4
2025-05-10 17:01:21,647 - overlay - INFO - Deleted oversized file: /var/www/html/public/assets/uploads/CAM3/2025-05-10/1746859084.mp4
2025-05-10 17:01:21,686 - overlay - INFO - Deleted oversized file: /var/www/html/public/assets/uploads/CAM1/2025-05-10/1746859084.mp4
2025-05-10 17:01:21,693 - overlay - INFO - Deleted oversized file: /var/www/html/public/assets/uploads/CAM2/2025-05-10/1746859084.mp4
2025-05-10 17:01:21,699 - overlay - INFO - Deleted oversized file: /var/www/html/public/assets/uploads/CAM4/2025-05-10/1746859084.mp4
2025-05-10 17:01:21,711 - overlay - INFO - Deleted oversized file: /var/www/html/public/assets/uploads/CAM4/2025-05-10/1746859024_slow.mp4
2025-05-10 17:01:21,722 - overlay - INFO - Deleted oversized file: /var/www/html/public/assets/uploads/CAM3/2025-05-10/1746859084_slow.mp4
2025-05-10 17:01:21,734 - overlay - INFO - Deleted oversized file: /var/www/html/public/assets/uploads/CAM4/2025-05-10/1746859084_slow.mp4
2025-05-10 17:01:21,745 - overlay - INFO - Deleted oversized file: /var/www/html/public/assets/uploads/CAM2/2025-05-10/1746859084_slow.mp4
2025-05-10 17:01:21,756 - overlay - INFO - Deleted oversized file: /var/www/html/public/assets/uploads/CAM1/2025-05-10/1746859084_slow.mp4
2025-05-10 17:01:21,763 - overlay - INFO - Deleted oversized file: /var/www/html/public/assets/uploads/CAM3/2025-05-10/1746859144.mp4
2025-05-10 17:01:21,784 - recording_session - INFO - âœ… Linked rtspsrc â†’ depay for camera 2
2025-05-10 17:01:21,786 - recording_session - INFO - âœ… Linked rtspsrc â†’ depay for camera 3
2025-05-10 17:01:21,787 - overlay - INFO - Deleted oversized file: /var/www/html/public/assets/uploads/CAM2/2025-05-10/1746859144.mp4
2025-05-10 17:01:21,790 - recording_session - INFO - âœ… Linked rtspsrc â†’ depay for camera 4
2025-05-10 17:01:21,791 - recording_session - INFO - âœ… Linked rtspsrc â†’ depay for camera 1
2025-05-10 17:01:21,794 - overlay - INFO - Deleted oversized file: /var/www/html/public/assets/uploads/CAM1/2025-05-10/1746859144.mp4
2025-05-10 17:01:21,840 - recording_session - INFO - ðŸ“ Started recording chunk: /var/www/html/public/assets/uploads/CAM4/2025-05-10/1746878481.mp4
2025-05-10 17:01:21,858 - recording_session - INFO - ðŸ“ Started recording chunk: /var/www/html/public/assets/uploads/CAM3/2025-05-10/1746878481.mp4
2025-05-10 17:01:21,882 - recording_session - INFO - ðŸ“ Started recording chunk: /var/www/html/public/assets/uploads/CAM1/2025-05-10/1746878481.mp4
2025-05-10 17:01:21,904 - overlay - INFO - Deleted oversized file: /var/www/html/public/assets/uploads/CAM4/2025-05-10/1746859144.mp4
2025-05-10 17:01:21,917 - recording_session - INFO - ðŸ“ Started recording chunk: /var/www/html/public/assets/uploads/CAM2/2025-05-10/1746878481.mp4
2025-05-10 17:01:21,933 - overlay - INFO - Deleted oversized file: /var/www/html/public/assets/uploads/CAM2/2025-05-10/1746859144_slow.mp4
2025-05-10 17:01:21,944 - overlay - INFO - Deleted oversized file: /var/www/html/public/assets/uploads/CAM1/2025-05-10/1746859144_slow.mp4
2025-05-10 17:01:21,955 - overlay - INFO - Deleted oversized file: /var/www/html/public/assets/uploads/CAM3/2025-05-10/1746859144_slow.mp4
2025-05-10 17:01:21,961 - overlay - INFO - Deleted oversized file: /var/www/html/public/assets/uploads/CAM2/2025-05-10/1746859204.mp4
2025-05-10 17:01:21,997 - overlay - INFO - Deleted oversized file: /var/www/html/public/assets/uploads/CAM3/2025-05-10/1746859204.mp4
2025-05-10 17:01:22,004 - overlay - INFO - Deleted oversized file: /var/www/html/public/assets/uploads/CAM4/2025-05-10/1746859204.mp4
2025-05-10 17:01:22,010 - overlay - INFO - Deleted oversized file: /var/www/html/public/assets/uploads/CAM1/2025-05-10/1746859204.mp4
2025-05-10 17:01:28,159 - overlay - INFO - Fetching all graphics records
2025-05-10 17:01:28,160 - overlay - INFO - Fetching all CameraURLs records
2025-05-10 17:01:28,171 - overlay - INFO - Found 1 graphics records
2025-05-10 17:01:28,175 - overlay - INFO - Found 4 CameraURLs records
2025-05-10 17:01:28,291 - overlay - INFO - Fetching gamestats with ID: 1
2025-05-10 17:01:28,291 - overlay - INFO - Fetching graphics with ID: 1
2025-05-10 17:01:28,347 - overlay - INFO - Fetching graphics with ID: 1
2025-05-10 17:01:30,676 - overlay - INFO - Loaded stream target (ID: 1): srt => srt://origin-v2.vewbie.com:7030
2025-05-10 17:01:37,638 - overlay - INFO - Creating pipeline for srt stream to: srt://origin-v2.vewbie.com:7030
2025-05-10 17:01:49,160 - overlay - ERROR - Unexpected error: 'NoneType' object has no attribute 'set_property'
