2025-04-27 22:52:05,893 - overlay - INFO - Fetching all CameraURLs records
2025-04-27 22:52:05,902 - recording_session - INFO - 🚀 SlowMoWorker started
2025-04-27 22:52:05,903 - overlay - INFO - Fetching all CameraURLs records
2025-04-27 22:52:05,913 - recording_session - INFO - 🧹 Cleanup done. Deleted 0 files.
2025-04-27 22:52:05,921 - recording_session - INFO - 🎥 Recording thread started for camera 1
2025-04-27 22:52:05,933 - overlay - INFO - Started recording for camera 1: rtsp://192.168.100.150:8547/h264
2025-04-27 22:52:05,948 - recording_session - INFO - 🎥 Recording thread started for camera 2
2025-04-27 22:52:05,948 - overlay - INFO - Started recording for camera 2: rtsp://192.168.100.150:8547/h264
2025-04-27 22:52:05,954 - recording_session - INFO - 🧪 Starting GStreamer pipeline for camera 1
2025-04-27 22:52:05,955 - recording_session - INFO - 🧪 Starting GStreamer pipeline for camera 2
2025-04-27 22:52:05,958 - recording_session - INFO - 🎥 Recording thread started for camera 3
2025-04-27 22:52:05,958 - overlay - INFO - Started recording for camera 3: rtsp://192.168.100.150:8547/h264
2025-04-27 22:52:05,959 - recording_session - INFO - ✅ Pipeline set to PLAYING for camera 2
2025-04-27 22:52:05,959 - recording_session - INFO - ✅ Pipeline set to PLAYING for camera 1
2025-04-27 22:52:05,959 - recording_session - INFO - 🧪 Starting GStreamer pipeline for camera 3
2025-04-27 22:52:05,970 - recording_session - INFO - ✅ Pipeline set to PLAYING for camera 3
2025-04-27 22:52:05,977 - recording_session - INFO - 🎥 Recording thread started for camera 4
2025-04-27 22:52:05,978 - overlay - INFO - Started recording for camera 4: rtsp://192.168.100.150:8547/h264
2025-04-27 22:52:05,982 - recording_session - INFO - 🧪 Starting GStreamer pipeline for camera 4
2025-04-27 22:52:05,984 - recording_session - INFO - ✅ Pipeline set to PLAYING for camera 4
2025-04-27 22:52:06,019 - recording_session - INFO - 🔌 pad-added signal for camera 4
2025-04-27 22:52:06,019 - recording_session - INFO - 🔗 Linked rtspsrc pad to depay for camera 4
