2025-04-27 22:52:58,135 - overlay - INFO - Fetching all CameraURLs records
2025-04-27 22:52:58,146 - recording_session - INFO - 🚀 SlowMoWorker started
2025-04-27 22:52:58,147 - overlay - INFO - Fetching all CameraURLs records
2025-04-27 22:52:58,151 - recording_session - INFO - 🧹 Cleanup done. Deleted 0 files.
2025-04-27 22:52:58,171 - recording_session - INFO - 🎥 Recording thread started for camera 1
2025-04-27 22:52:58,173 - overlay - INFO - Started recording for camera 1: rtsp://192.168.100.150:8547/h264
2025-04-27 22:52:58,184 - recording_session - INFO - 🎥 Recording thread started for camera 2
2025-04-27 22:52:58,185 - overlay - INFO - Started recording for camera 2: rtsp://192.168.100.150:8547/h264
2025-04-27 22:52:58,189 - recording_session - INFO - 🧪 Starting GStreamer pipeline for camera 1
2025-04-27 22:52:58,189 - recording_session - INFO - 🧪 Starting GStreamer pipeline for camera 2
2025-04-27 22:52:58,191 - recording_session - INFO - ✅ Pipeline set to PLAYING for camera 1
2025-04-27 22:52:58,191 - recording_session - INFO - ✅ Pipeline set to PLAYING for camera 2
2025-04-27 22:52:58,200 - recording_session - INFO - 🎥 Recording thread started for camera 3
2025-04-27 22:52:58,206 - overlay - INFO - Started recording for camera 3: rtsp://192.168.100.150:8547/h264
2025-04-27 22:52:58,209 - recording_session - INFO - 🧪 Starting GStreamer pipeline for camera 3
2025-04-27 22:52:58,211 - recording_session - INFO - ✅ Pipeline set to PLAYING for camera 3
2025-04-27 22:52:58,217 - recording_session - INFO - 🎥 Recording thread started for camera 4
2025-04-27 22:52:58,218 - overlay - INFO - Started recording for camera 4: rtsp://192.168.100.150:8547/h264
2025-04-27 22:52:58,225 - recording_session - INFO - 🧪 Starting GStreamer pipeline for camera 4
2025-04-27 22:52:58,226 - recording_session - INFO - ✅ Pipeline set to PLAYING for camera 4
2025-04-27 22:52:58,245 - recording_session - INFO - 🔌 pad-added signal for camera 3
2025-04-27 22:52:58,248 - recording_session - INFO - 🔗 Linked rtspsrc pad to depay for camera 3
