2025-05-08 09:37:53,166 - overlay - INFO - Fetching all CameraURLs records
2025-05-08 09:37:53,178 - recording_session - INFO - 🚀 SlowMoWorkers started: 4 threads
2025-05-08 09:37:53,179 - overlay - INFO - Fetching all CameraURLs records
2025-05-08 09:37:53,188 - recording_session - INFO - 🎥 Recording thread started for camera 1
2025-05-08 09:37:53,189 - overlay - INFO - Started recording for camera 1: rtsp://192.168.100.150:8547/h264
2025-05-08 09:37:53,204 - recording_session - INFO - 🎥 Recording thread started for camera 2
2025-05-08 09:37:53,205 - overlay - INFO - Started recording for camera 2: rtsp://192.168.100.150:8547/h264
2025-05-08 09:37:53,215 - recording_session - INFO - 🧪 Starting GStreamer pipeline for camera 1
2025-05-08 09:37:53,215 - recording_session - INFO - 🎥 Recording thread started for camera 3
2025-05-08 09:37:53,215 - recording_session - INFO - 🧪 Starting GStreamer pipeline for camera 2
2025-05-08 09:37:53,216 - overlay - INFO - Started recording for camera 3: rtsp://192.168.100.150:8547/h264
2025-05-08 09:37:53,218 - recording_session - INFO - 🧪 Starting GStreamer pipeline for camera 3
2025-05-08 09:37:53,218 - recording_session - INFO - ✅ Pipeline set to PLAYING for camera 1
2025-05-08 09:37:53,231 - recording_session - INFO - ✅ Pipeline set to PLAYING for camera 3
2025-05-08 09:37:53,232 - recording_session - INFO - ✅ Pipeline set to PLAYING for camera 2
2025-05-08 09:37:53,233 - recording_session - INFO - 🎥 Recording thread started for camera 4
2025-05-08 09:37:53,240 - overlay - INFO - Started recording for camera 4: rtsp://192.168.100.150:8547/h264
2025-05-08 09:37:53,246 - recording_session - INFO - 🧪 Starting GStreamer pipeline for camera 4
2025-05-08 09:37:53,248 - recording_session - INFO - ✅ Pipeline set to PLAYING for camera 4
2025-05-08 12:37:53,252 - overlay - INFO - Deleted old file: /var/www/html/public/assets/uploads/CAM4/2025-05-08/1746646370.mp4
2025-05-08 13:37:53,322 - overlay - INFO - Deleted old file: /var/www/html/public/assets/uploads/CAM3/2025-05-08/1746646370.mp4
2025-05-08 14:37:53,330 - overlay - INFO - Deleted old file: /var/www/html/public/assets/uploads/CAM2/2025-05-08/1746646370.mp4
2025-05-08 15:37:53,338 - overlay - INFO - Deleted old file: /var/www/html/public/assets/uploads/CAM1/2025-05-08/1746646370.mp4
2025-05-08 16:07:57,816 - overlay - INFO - Fetching all graphics records
2025-05-08 16:07:57,819 - overlay - INFO - Fetching all CameraURLs records
2025-05-08 16:07:57,821 - overlay - INFO - Found 1 graphics records
2025-05-08 16:07:57,825 - overlay - INFO - Found 4 CameraURLs records
2025-05-08 16:07:59,295 - overlay - INFO - Fetching graphics with ID: 1
2025-05-08 16:07:59,339 - overlay - INFO - Fetching gamestats with ID: 1
2025-05-08 16:37:53,350 - overlay - INFO - Deleted old file: /var/www/html/public/assets/uploads/CAM4/2025-05-08/1746646370_slow.mp4
