2025-04-27 22:39:43,386 - overlay - INFO - Fetching all CameraURLs records
2025-04-27 22:39:43,397 - recording_session - INFO - 🚀 SlowMoWorker started
2025-04-27 22:39:43,399 - overlay - INFO - Fetching all CameraURLs records
2025-04-27 22:39:43,408 - recording_session - INFO - 🧹 Cleanup done. Deleted 0 files.
2025-04-27 22:39:43,423 - recording_session - INFO - 🎥 Recording thread started for camera 1
2025-04-27 22:39:43,424 - overlay - INFO - Started recording for camera 1: rtsp://192.168.100.150:8547/h264
2025-04-27 22:39:43,435 - recording_session - INFO - 🎥 Recording thread started for camera 2
2025-04-27 22:39:43,436 - overlay - INFO - Started recording for camera 2: rtsp://192.168.100.150:8547/h264
2025-04-27 22:39:43,441 - recording_session - INFO - 🧪 Starting GStreamer pipeline for camera 1
2025-04-27 22:39:43,441 - recording_session - INFO - 🧪 Starting GStreamer pipeline for camera 2
2025-04-27 22:39:43,445 - recording_session - INFO - ✅ Pipeline set to PLAYING for camera 1
2025-04-27 22:39:43,445 - recording_session - INFO - ✅ Pipeline set to PLAYING for camera 2
2025-04-27 22:39:43,465 - recording_session - INFO - 🎥 Recording thread started for camera 3
2025-04-27 22:39:43,466 - overlay - INFO - Started recording for camera 3: rtsp://192.168.100.150:8547/h264
2025-04-27 22:39:43,468 - recording_session - INFO - 🧪 Starting GStreamer pipeline for camera 3
2025-04-27 22:39:43,471 - recording_session - INFO - ✅ Pipeline set to PLAYING for camera 3
2025-04-27 22:39:43,480 - recording_session - INFO - 🎥 Recording thread started for camera 4
2025-04-27 22:39:43,480 - overlay - INFO - Started recording for camera 4: rtsp://192.168.100.150:8547/h264
2025-04-27 22:39:43,484 - recording_session - INFO - 🧪 Starting GStreamer pipeline for camera 4
2025-04-27 22:39:43,485 - recording_session - INFO - ✅ Pipeline set to PLAYING for camera 4
2025-04-27 22:39:43,500 - recording_session - INFO - 🔌 pad-added signal for camera 2
2025-04-27 22:39:43,501 - recording_session - INFO - 🔗 Linked rtspsrc pad to depay for camera 2
2025-04-27 22:39:43,510 - recording_session - INFO - 🔌 pad-added signal for camera 3
2025-04-27 22:39:43,511 - recording_session - INFO - 🔗 Linked rtspsrc pad to depay for camera 3
