2025-04-27 23:05:42,406 - overlay - INFO - Fetching all CameraURLs records
2025-04-27 23:05:42,415 - recording_session - INFO - 🚀 SlowMoWorker started
2025-04-27 23:05:42,418 - overlay - INFO - Fetching all CameraURLs records
2025-04-27 23:05:42,427 - recording_session - INFO - 🧹 Cleanup done. Deleted 0 files.
2025-04-27 23:05:42,437 - recording_session - INFO - 🎥 Recording thread started for camera 1
2025-04-27 23:05:42,438 - overlay - INFO - Started recording for camera 1: rtsp://192.168.100.150:8547/h264
2025-04-27 23:05:42,449 - recording_session - INFO - 🎥 Recording thread started for camera 2
2025-04-27 23:05:42,449 - overlay - INFO - Started recording for camera 2: rtsp://192.168.100.150:8547/h264
2025-04-27 23:05:42,453 - recording_session - INFO - 🧪 Starting GStreamer pipeline for camera 2
2025-04-27 23:05:42,453 - recording_session - INFO - 🧪 Starting GStreamer pipeline for camera 1
2025-04-27 23:05:42,456 - recording_session - INFO - ✅ Pipeline set to PLAYING for camera 2
2025-04-27 23:05:42,456 - recording_session - INFO - ✅ Pipeline set to PLAYING for camera 1
2025-04-27 23:05:42,473 - recording_session - INFO - 🎥 Recording thread started for camera 3
2025-04-27 23:05:42,473 - overlay - INFO - Started recording for camera 3: rtsp://192.168.100.150:8547/h264
2025-04-27 23:05:42,475 - recording_session - INFO - 🧪 Starting GStreamer pipeline for camera 3
2025-04-27 23:05:42,477 - recording_session - INFO - ✅ Pipeline set to PLAYING for camera 3
2025-04-27 23:05:42,485 - recording_session - INFO - 🎥 Recording thread started for camera 4
2025-04-27 23:05:42,486 - overlay - INFO - Started recording for camera 4: rtsp://192.168.100.150:8547/h264
2025-04-27 23:05:42,490 - recording_session - INFO - 🧪 Starting GStreamer pipeline for camera 4
2025-04-27 23:05:42,498 - recording_session - INFO - ✅ Pipeline set to PLAYING for camera 4
2025-04-27 23:05:42,502 - recording_session - INFO - 🔌 pad-added signal for camera 2
2025-04-27 23:05:42,506 - recording_session - INFO - 🔗 Linked rtspsrc pad to depay for camera 2
2025-04-27 23:05:42,522 - recording_session - INFO - 🔌 pad-added signal for camera 4
2025-04-27 23:05:42,523 - recording_session - INFO - 🔗 Linked rtspsrc pad to depay for camera 4
