2025-04-27 23:04:36,418 - overlay - INFO - Fetching all CameraURLs records
2025-04-27 23:04:36,428 - recording_session - INFO - 🚀 SlowMoWorker started
2025-04-27 23:04:36,430 - overlay - INFO - Fetching all CameraURLs records
2025-04-27 23:04:36,441 - recording_session - INFO - 🧹 Cleanup done. Deleted 0 files.
2025-04-27 23:04:36,457 - recording_session - INFO - 🎥 Recording thread started for camera 1
2025-04-27 23:04:36,459 - overlay - INFO - Started recording for camera 1: rtsp://192.168.100.150:8547/h264
2025-04-27 23:04:36,469 - recording_session - INFO - 🎥 Recording thread started for camera 2
2025-04-27 23:04:36,470 - overlay - INFO - Started recording for camera 2: rtsp://192.168.100.150:8547/h264
2025-04-27 23:04:36,474 - recording_session - INFO - 🧪 Starting GStreamer pipeline for camera 1
2025-04-27 23:04:36,474 - recording_session - INFO - 🧪 Starting GStreamer pipeline for camera 2
2025-04-27 23:04:36,477 - recording_session - INFO - ✅ Pipeline set to PLAYING for camera 1
2025-04-27 23:04:36,477 - recording_session - INFO - ✅ Pipeline set to PLAYING for camera 2
2025-04-27 23:04:36,487 - recording_session - INFO - 🎥 Recording thread started for camera 3
2025-04-27 23:04:36,487 - overlay - INFO - Started recording for camera 3: rtsp://192.168.100.150:8547/h264
2025-04-27 23:04:36,488 - recording_session - INFO - 🧪 Starting GStreamer pipeline for camera 3
2025-04-27 23:04:36,494 - recording_session - INFO - ✅ Pipeline set to PLAYING for camera 3
2025-04-27 23:04:36,496 - recording_session - INFO - 🎥 Recording thread started for camera 4
2025-04-27 23:04:36,496 - overlay - INFO - Started recording for camera 4: rtsp://192.168.100.150:8547/h264
2025-04-27 23:04:36,500 - recording_session - INFO - 🧪 Starting GStreamer pipeline for camera 4
2025-04-27 23:04:36,503 - recording_session - INFO - ✅ Pipeline set to PLAYING for camera 4
2025-04-27 23:04:36,531 - recording_session - INFO - 🔌 pad-added signal for camera 4
2025-04-27 23:04:36,532 - recording_session - INFO - 🔗 Linked rtspsrc pad to depay for camera 4
