2025-05-15 17:19:56,579 - overlay - INFO - Fetching all CameraURLs records
2025-05-15 17:19:56,587 - recording_session - INFO - 游 SlowMoWorkers started: 4 threads
2025-05-15 17:19:56,587 - overlay - INFO - Fetching all CameraURLs records
2025-05-15 17:19:56,599 - recording_session - ERROR - 游대 Record loop crashed: 'CRecordingSession' object has no attribute 'camera_id'
2025-05-15 17:19:56,599 - recording_session - INFO - 游꿘 Recording thread started for camera 1
2025-05-15 17:19:56,599 - overlay - INFO - Started recording for camera 1: rtsp://192.168.100.150:8547/h264
2025-05-15 17:19:56,608 - recording_session - ERROR - 游대 Record loop crashed: 'CRecordingSession' object has no attribute 'camera_id'
2025-05-15 17:19:56,609 - recording_session - INFO - 游꿘 Recording thread started for camera 2
2025-05-15 17:19:56,609 - overlay - INFO - Started recording for camera 2: rtsp://192.168.100.150:8547/h264
2025-05-15 17:19:56,618 - recording_session - ERROR - 游대 Record loop crashed: 'CRecordingSession' object has no attribute 'camera_id'
2025-05-15 17:19:56,618 - recording_session - INFO - 游꿘 Recording thread started for camera 3
2025-05-15 17:19:56,618 - overlay - INFO - Started recording for camera 3: rtsp://192.168.100.150:8547/h264
2025-05-15 17:19:56,627 - recording_session - ERROR - 游대 Record loop crashed: 'CRecordingSession' object has no attribute 'camera_id'
2025-05-15 17:19:56,628 - recording_session - INFO - 游꿘 Recording thread started for camera 4
2025-05-15 17:19:56,628 - overlay - INFO - Started recording for camera 4: rtsp://192.168.100.150:8547/h264
2025-05-15 17:20:01,441 - overlay - INFO - Fetching all graphics records
2025-05-15 17:20:01,448 - overlay - INFO - Fetching all CameraURLs records
2025-05-15 17:20:01,450 - overlay - INFO - Found 1 graphics records
2025-05-15 17:20:01,452 - overlay - INFO - Found 4 CameraURLs records
2025-05-15 17:20:01,563 - overlay - INFO - Fetching gamestats with ID: 1
2025-05-15 17:20:01,563 - overlay - INFO - Fetching graphics with ID: 1
2025-05-15 17:20:01,614 - overlay - INFO - Fetching graphics with ID: 1
2025-05-15 17:20:45,192 - overlay - INFO - Loaded stream target (ID: 1): srt => srt://origin-v2.vewbie.com:7010
2025-05-15 17:20:45,192 - overlay - INFO - Creating pipeline for srt stream to: srt://origin-v2.vewbie.com:7010
2025-05-15 17:20:45,375 - overlay - ERROR - Unexpected error: argument dest: Expected Gst.Element, but got __gi__.GstSelectorPad
