2025-04-27 22:35:40,991 - overlay - INFO - Fetching all CameraURLs records
2025-04-27 22:35:41,000 - recording_session - INFO - 🚀 SlowMoWorker started
2025-04-27 22:35:41,001 - overlay - INFO - Fetching all CameraURLs records
2025-04-27 22:35:41,011 - recording_session - INFO - 🧹 Cleanup done. Deleted 0 files.
2025-04-27 22:35:41,024 - recording_session - INFO - 🎥 Recording thread started for camera 1
2025-04-27 22:35:41,026 - overlay - INFO - Started recording for camera 1: rtsp://192.168.100.150:8547/h264
2025-04-27 22:35:41,048 - recording_session - INFO - 🎥 Recording thread started for camera 2
2025-04-27 22:35:41,048 - overlay - INFO - Started recording for camera 2: rtsp://192.168.100.150:8547/h264
2025-04-27 22:35:41,055 - recording_session - INFO - 🧪 Starting GStreamer pipeline for camera 1
2025-04-27 22:35:41,056 - recording_session - INFO - ✅ Pipeline set to PLAYING for camera 1
2025-04-27 22:35:41,078 - recording_session - INFO - 🧪 Starting GStreamer pipeline for camera 2
2025-04-27 22:35:41,095 - recording_session - INFO - ✅ Pipeline set to PLAYING for camera 2
2025-04-27 22:35:41,098 - recording_session - INFO - 🎥 Recording thread started for camera 3
2025-04-27 22:35:41,099 - overlay - INFO - Started recording for camera 3: rtsp://192.168.100.150:8547/h264
2025-04-27 22:35:41,100 - recording_session - INFO - 🧪 Starting GStreamer pipeline for camera 3
2025-04-27 22:35:41,102 - recording_session - INFO - ✅ Pipeline set to PLAYING for camera 3
2025-04-27 22:35:41,127 - recording_session - INFO - 🎥 Recording thread started for camera 4
2025-04-27 22:35:41,128 - overlay - INFO - Started recording for camera 4: rtsp://192.168.100.150:8547/h264
2025-04-27 22:35:41,130 - recording_session - INFO - 🧪 Starting GStreamer pipeline for camera 4
2025-04-27 22:35:41,132 - recording_session - INFO - ✅ Pipeline set to PLAYING for camera 4
2025-04-27 22:35:41,159 - recording_session - INFO - 🔌 pad-added signal for camera 2
2025-04-27 22:35:41,161 - recording_session - INFO - 🔗 Linked rtspsrc pad to depay for camera 2
2025-04-27 22:35:41,170 - recording_session - INFO - 🔌 pad-added signal for camera 3
2025-04-27 22:35:41,171 - recording_session - INFO - 🔗 Linked rtspsrc pad to depay for camera 3
2025-04-27 22:35:41,180 - recording_session - INFO - 🔌 pad-added signal for camera 4
2025-04-27 22:35:41,181 - recording_session - INFO - 🔗 Linked rtspsrc pad to depay for camera 4
