2025-04-30 18:22:08,839 - overlay - INFO - Fetching all CameraURLs records
2025-04-30 18:22:08,853 - recording_session - INFO - 🚀 SlowMoWorkers started: 4 threads
2025-04-30 18:22:08,853 - overlay - INFO - Fetching all CameraURLs records
2025-04-30 18:22:08,864 - recording_session - INFO - 🎥 Recording thread started for camera 1
2025-04-30 18:22:08,866 - overlay - INFO - Started recording for camera 1: rtsp://192.168.100.150:8547/h264
2025-04-30 18:22:08,878 - recording_session - INFO - 🎥 Recording thread started for camera 2
2025-04-30 18:22:08,879 - overlay - INFO - Started recording for camera 2: rtsp://192.168.100.150:8547/h264
2025-04-30 18:22:08,884 - recording_session - INFO - 🧪 Starting GStreamer pipeline for camera 2
2025-04-30 18:22:08,885 - recording_session - INFO - 🧪 Starting GStreamer pipeline for camera 1
2025-04-30 18:22:08,888 - recording_session - INFO - ✅ Pipeline set to PLAYING for camera 2
2025-04-30 18:22:08,888 - recording_session - INFO - ✅ Pipeline set to PLAYING for camera 1
2025-04-30 18:22:08,906 - recording_session - INFO - 🎥 Recording thread started for camera 3
2025-04-30 18:22:08,907 - overlay - INFO - Started recording for camera 3: rtsp://192.168.100.150:8547/h264
2025-04-30 18:22:08,909 - recording_session - INFO - 🧪 Starting GStreamer pipeline for camera 3
2025-04-30 18:22:08,912 - recording_session - INFO - ✅ Pipeline set to PLAYING for camera 3
2025-04-30 18:22:08,916 - recording_session - INFO - 🎥 Recording thread started for camera 4
2025-04-30 18:22:08,916 - overlay - INFO - Started recording for camera 4: rtsp://192.168.100.150:8547/h264
2025-04-30 18:22:08,919 - recording_session - INFO - 🧪 Starting GStreamer pipeline for camera 4
2025-04-30 18:22:08,921 - recording_session - INFO - ✅ Pipeline set to PLAYING for camera 4
2025-04-30 18:22:08,950 - overlay - INFO - Deleted old file: /var/www/html/public/assets/uploads/CAM1/2025-04-29/1745916986.mp4
2025-04-30 18:22:08,974 - overlay - INFO - Deleted old file: /var/www/html/public/assets/uploads/CAM4/2025-04-29/1745916986.mp4
2025-04-30 18:22:08,979 - overlay - INFO - Deleted old file: /var/www/html/public/assets/uploads/CAM2/2025-04-29/1745916986.mp4
2025-04-30 18:22:08,984 - overlay - INFO - Deleted old file: /var/www/html/public/assets/uploads/CAM4/2025-04-29/1745916926_slow.mp4
2025-04-30 18:22:09,030 - recording_session - INFO - 🔌 pad-added signal for camera 2
2025-04-30 18:22:09,032 - recording_session - INFO - 🔗 Linked rtspsrc pad to depay for camera 2
2025-04-30 18:22:09,030 - recording_session - INFO - 🔌 pad-added signal for camera 1
2025-04-30 18:22:09,033 - recording_session - INFO - 🔗 Linked rtspsrc pad to depay for camera 1
2025-04-30 18:22:09,037 - recording_session - INFO - 🔌 pad-added signal for camera 3
2025-04-30 18:22:09,038 - recording_session - INFO - 🔗 Linked rtspsrc pad to depay for camera 3
2025-04-30 18:22:09,040 - recording_session - INFO - 🔌 pad-added signal for camera 4
2025-04-30 18:22:09,040 - recording_session - INFO - 🔗 Linked rtspsrc pad to depay for camera 4
2025-04-30 18:22:09,065 - recording_session - INFO - 📁 Started recording chunk: /var/www/html/public/assets/uploads/CAM1/2025-04-30/1746019329.mp4
2025-04-30 18:22:09,080 - recording_session - INFO - 📁 Started recording chunk: /var/www/html/public/assets/uploads/CAM2/2025-04-30/1746019329.mp4
2025-04-30 18:22:09,104 - recording_session - INFO - 📁 Started recording chunk: /var/www/html/public/assets/uploads/CAM3/2025-04-30/1746019329.mp4
2025-04-30 18:22:09,134 - recording_session - INFO - 📁 Started recording chunk: /var/www/html/public/assets/uploads/CAM4/2025-04-30/1746019329.mp4
2025-04-30 18:22:29,241 - overlay - INFO - Fetching all graphics records
2025-04-30 18:22:29,249 - overlay - INFO - Found 1 graphics records
2025-04-30 18:22:30,629 - overlay - INFO - Fetching all CameraURLs records
2025-04-30 18:22:30,633 - overlay - INFO - Found 4 CameraURLs records
2025-04-30 18:22:31,351 - overlay - INFO - Fetching graphics with ID: 1
2025-04-30 18:22:31,360 - overlay - INFO - Fetching gamestats with ID: 1
2025-04-30 18:22:32,108 - overlay - INFO - Fetching graphics with ID: 1
2025-04-30 18:22:36,009 - overlay - INFO - Fetching streamtargets with ID: 1
2025-04-30 18:22:36,018 - overlay - INFO - Loaded stream target (ID: 1): srt => srt://origin-v2.vewbie.com:7010
2025-04-30 18:22:36,018 - overlay - INFO - Creating pipeline for srt stream to: srt://origin-v2.vewbie.com:7010
2025-04-30 18:22:36,156 - overlay - INFO - 🧩 Dynamic overlay URL set to: http://103.217.176.16:8080/scorecards/baseball/scorecard/1
2025-04-30 18:22:36,158 - overlay - INFO - Adding overlay for position: br
2025-04-30 18:22:36,159 - overlay - INFO - Screenshot capture started...
2025-04-30 18:22:36,159 - overlay - INFO - Position set to br (X: 1310, Y: -10)
2025-04-30 18:22:36,446 - overlay - INFO - State changed: NULL -> READY
2025-04-30 18:22:36,446 - overlay - INFO - State changed: NULL -> READY
2025-04-30 18:22:36,446 - overlay - INFO - State changed: NULL -> READY
2025-04-30 18:22:36,447 - overlay - INFO - State changed: NULL -> READY
2025-04-30 18:22:36,447 - overlay - INFO - State changed: NULL -> READY
2025-04-30 18:22:36,447 - overlay - INFO - State changed: NULL -> READY
2025-04-30 18:22:36,447 - overlay - INFO - State changed: NULL -> READY
2025-04-30 18:22:36,447 - overlay - INFO - State changed: NULL -> READY
2025-04-30 18:22:36,447 - overlay - INFO - State changed: NULL -> READY
2025-04-30 18:22:36,448 - overlay - INFO - State changed: NULL -> READY
2025-04-30 18:22:36,448 - overlay - INFO - State changed: NULL -> READY
2025-04-30 18:22:36,448 - overlay - INFO - State changed: NULL -> READY
2025-04-30 18:22:36,448 - overlay - INFO - State changed: NULL -> READY
2025-04-30 18:22:36,448 - overlay - INFO - State changed: NULL -> READY
2025-04-30 18:22:36,449 - overlay - INFO - State changed: NULL -> READY
2025-04-30 18:22:36,449 - overlay - INFO - State changed: NULL -> READY
2025-04-30 18:22:36,450 - overlay - INFO - State changed: NULL -> READY
2025-04-30 18:22:36,450 - overlay - INFO - State changed: NULL -> READY
2025-04-30 18:22:36,450 - overlay - INFO - State changed: NULL -> READY
2025-04-30 18:22:36,450 - overlay - INFO - State changed: NULL -> READY
2025-04-30 18:22:36,450 - overlay - INFO - State changed: NULL -> READY
2025-04-30 18:22:36,450 - overlay - INFO - State changed: READY -> PAUSED
2025-04-30 18:22:36,450 - overlay - INFO - State changed: READY -> PAUSED
2025-04-30 18:22:36,451 - overlay - INFO - State changed: READY -> PAUSED
2025-04-30 18:22:36,451 - overlay - INFO - State changed: READY -> PAUSED
2025-04-30 18:22:36,451 - overlay - INFO - State changed: READY -> PAUSED
2025-04-30 18:22:36,451 - overlay - INFO - State changed: READY -> PAUSED
2025-04-30 18:22:36,451 - overlay - INFO - State changed: READY -> PAUSED
2025-04-30 18:22:36,451 - overlay - INFO - State changed: READY -> PAUSED
2025-04-30 18:22:36,451 - overlay - INFO - State changed: READY -> PAUSED
2025-04-30 18:22:36,451 - overlay - INFO - State changed: READY -> PAUSED
2025-04-30 18:22:36,451 - overlay - INFO - State changed: READY -> PAUSED
2025-04-30 18:22:36,451 - overlay - INFO - State changed: READY -> PAUSED
2025-04-30 18:22:36,452 - overlay - INFO - State changed: READY -> PAUSED
2025-04-30 18:22:36,452 - overlay - INFO - State changed: READY -> PAUSED
2025-04-30 18:22:36,452 - overlay - INFO - State changed: READY -> PAUSED
2025-04-30 18:22:36,452 - overlay - INFO - State changed: READY -> PAUSED
2025-04-30 18:22:36,453 - overlay - INFO - State changed: NULL -> READY
2025-04-30 18:22:36,453 - overlay - INFO - State changed: READY -> PAUSED
2025-04-30 18:22:36,453 - overlay - INFO - State changed: READY -> PAUSED
2025-04-30 18:22:36,454 - overlay - INFO - State changed: NULL -> READY
2025-04-30 18:22:36,454 - overlay - INFO - State changed: READY -> PAUSED
2025-04-30 18:22:36,455 - overlay - INFO - State changed: READY -> PAUSED
2025-04-30 18:22:36,455 - overlay - INFO - State changed: NULL -> READY
2025-04-30 18:22:36,456 - overlay - INFO - State changed: READY -> PAUSED
2025-04-30 18:22:36,456 - overlay - INFO - State changed: READY -> PAUSED
2025-04-30 18:22:36,457 - overlay - INFO - State changed: NULL -> READY
2025-04-30 18:22:36,457 - overlay - INFO - State changed: READY -> PAUSED
2025-04-30 18:22:36,458 - overlay - INFO - Pipeline thread started with state transition
2025-04-30 18:22:36,458 - overlay - INFO - State changed: READY -> PAUSED
2025-04-30 18:22:36,458 - overlay - INFO - State changed: READY -> PAUSED
2025-04-30 18:22:36,458 - overlay - INFO - State changed: PAUSED -> PAUSED
2025-04-30 18:22:36,458 - overlay - INFO - State changed: PAUSED -> PLAYING
2025-04-30 18:22:36,458 - overlay - INFO - State changed: PAUSED -> PLAYING
2025-04-30 18:22:36,458 - overlay - INFO - State changed: PAUSED -> PLAYING
2025-04-30 18:22:36,459 - overlay - INFO - State changed: PAUSED -> PLAYING
2025-04-30 18:22:36,459 - overlay - INFO - State changed: PAUSED -> PLAYING
2025-04-30 18:22:36,459 - overlay - INFO - State changed: PAUSED -> PLAYING
2025-04-30 18:22:36,459 - overlay - INFO - State changed: PAUSED -> PLAYING
2025-04-30 18:22:36,459 - overlay - INFO - State changed: PAUSED -> PLAYING
2025-04-30 18:22:36,459 - overlay - INFO - State changed: PAUSED -> PLAYING
2025-04-30 18:22:36,459 - overlay - INFO - State changed: PAUSED -> PLAYING
2025-04-30 18:22:36,459 - overlay - INFO - State changed: PAUSED -> PLAYING
2025-04-30 18:22:36,459 - overlay - INFO - State changed: PAUSED -> PLAYING
2025-04-30 18:22:36,459 - overlay - INFO - State changed: PAUSED -> PLAYING
2025-04-30 18:22:36,459 - overlay - INFO - State changed: PAUSED -> PLAYING
2025-04-30 18:22:36,460 - overlay - INFO - State changed: PAUSED -> PLAYING
2025-04-30 18:22:36,460 - overlay - INFO - State changed: PAUSED -> PLAYING
2025-04-30 18:22:36,460 - overlay - INFO - State changed: PAUSED -> PLAYING
2025-04-30 18:22:36,460 - overlay - INFO - State changed: PAUSED -> PLAYING
2025-04-30 18:22:36,460 - overlay - INFO - State changed: PAUSED -> PLAYING
2025-04-30 18:22:36,460 - overlay - INFO - State changed: PAUSED -> PLAYING
2025-04-30 18:22:36,460 - overlay - INFO - State changed: PAUSED -> PLAYING
2025-04-30 18:22:36,460 - overlay - INFO - State changed: PAUSED -> PLAYING
2025-04-30 18:22:36,460 - overlay - INFO - State changed: PAUSED -> PLAYING
2025-04-30 18:22:36,460 - overlay - INFO - State changed: PAUSED -> PLAYING
2025-04-30 18:22:36,461 - overlay - INFO - State changed: PAUSED -> PLAYING
2025-04-30 18:22:36,463 - overlay - INFO - State changed: NULL -> READY
2025-04-30 18:22:36,463 - overlay - INFO - State changed: READY -> PAUSED
2025-04-30 18:22:36,464 - overlay - INFO - State changed: NULL -> READY
2025-04-30 18:22:36,464 - overlay - INFO - State changed: READY -> PAUSED
2025-04-30 18:22:36,464 - overlay - INFO - State changed: NULL -> READY
2025-04-30 18:22:36,464 - overlay - INFO - State changed: READY -> PAUSED
2025-04-30 18:22:36,465 - overlay - INFO - State changed: NULL -> READY
2025-04-30 18:22:36,465 - overlay - INFO - State changed: READY -> PAUSED
2025-04-30 18:22:36,465 - overlay - INFO - State changed: NULL -> READY
2025-04-30 18:22:36,465 - overlay - INFO - State changed: READY -> PAUSED
2025-04-30 18:22:36,465 - overlay - INFO - State changed: NULL -> READY
2025-04-30 18:22:36,465 - overlay - INFO - State changed: READY -> PAUSED
2025-04-30 18:22:36,467 - overlay - INFO - State changed: NULL -> READY
2025-04-30 18:22:36,467 - overlay - INFO - State changed: READY -> PAUSED
2025-04-30 18:22:36,467 - overlay - INFO - State changed: NULL -> READY
2025-04-30 18:22:36,468 - overlay - INFO - State changed: READY -> PAUSED
2025-04-30 18:22:36,468 - overlay - INFO - State changed: NULL -> READY
2025-04-30 18:22:36,468 - overlay - INFO - State changed: READY -> PAUSED
2025-04-30 18:22:36,468 - overlay - INFO - State changed: NULL -> READY
2025-04-30 18:22:36,468 - overlay - INFO - State changed: READY -> PAUSED
2025-04-30 18:22:36,468 - overlay - INFO - State changed: NULL -> READY
2025-04-30 18:22:36,468 - overlay - INFO - State changed: READY -> PAUSED
2025-04-30 18:22:36,468 - overlay - INFO - State changed: NULL -> READY
2025-04-30 18:22:36,468 - overlay - INFO - State changed: READY -> PAUSED
2025-04-30 18:22:36,468 - overlay - INFO - State changed: NULL -> READY
2025-04-30 18:22:36,469 - overlay - INFO - State changed: READY -> PAUSED
2025-04-30 18:22:36,469 - overlay - INFO - State changed: NULL -> READY
2025-04-30 18:22:36,469 - overlay - INFO - State changed: READY -> PAUSED
2025-04-30 18:22:36,469 - overlay - INFO - State changed: NULL -> READY
2025-04-30 18:22:36,469 - overlay - INFO - State changed: READY -> PAUSED
2025-04-30 18:22:36,469 - overlay - INFO - State changed: NULL -> READY
2025-04-30 18:22:36,469 - overlay - INFO - State changed: READY -> PAUSED
2025-04-30 18:22:36,470 - overlay - INFO - State changed: NULL -> READY
2025-04-30 18:22:36,470 - overlay - INFO - State changed: READY -> PAUSED
2025-04-30 18:22:36,470 - overlay - INFO - State changed: PAUSED -> PLAYING
2025-04-30 18:22:36,470 - overlay - INFO - State changed: NULL -> READY
2025-04-30 18:22:36,470 - overlay - INFO - State changed: NULL -> READY
2025-04-30 18:22:36,470 - overlay - INFO - State changed: READY -> PAUSED
2025-04-30 18:22:36,470 - overlay - INFO - State changed: PAUSED -> PLAYING
2025-04-30 18:22:36,470 - overlay - INFO - State changed: NULL -> READY
2025-04-30 18:22:36,471 - overlay - INFO - State changed: READY -> PAUSED
2025-04-30 18:22:36,471 - overlay - INFO - State changed: PAUSED -> PLAYING
2025-04-30 18:22:36,471 - overlay - INFO - State changed: NULL -> READY
2025-04-30 18:22:36,471 - overlay - INFO - State changed: READY -> PAUSED
2025-04-30 18:22:36,471 - overlay - INFO - State changed: PAUSED -> PLAYING
2025-04-30 18:22:36,471 - overlay - INFO - State changed: NULL -> READY
2025-04-30 18:22:36,471 - overlay - INFO - State changed: NULL -> READY
2025-04-30 18:22:36,471 - overlay - INFO - State changed: READY -> PAUSED
2025-04-30 18:22:36,471 - overlay - INFO - State changed: PAUSED -> PLAYING
2025-04-30 18:22:36,471 - overlay - INFO - State changed: NULL -> READY
2025-04-30 18:22:36,471 - overlay - INFO - State changed: READY -> PAUSED
2025-04-30 18:22:36,472 - overlay - INFO - State changed: PAUSED -> PLAYING
2025-04-30 18:22:36,472 - overlay - INFO - State changed: READY -> PAUSED
2025-04-30 18:22:36,472 - overlay - INFO - State changed: PAUSED -> PLAYING
2025-04-30 18:22:36,472 - overlay - INFO - State changed: READY -> PAUSED
2025-04-30 18:22:36,473 - overlay - INFO - State changed: PAUSED -> PLAYING
2025-04-30 18:22:36,473 - overlay - INFO - State changed: PAUSED -> PLAYING
2025-04-30 18:22:36,473 - overlay - INFO - State changed: PAUSED -> PLAYING
2025-04-30 18:22:36,473 - overlay - INFO - State changed: PAUSED -> PLAYING
2025-04-30 18:22:36,473 - overlay - INFO - State changed: PAUSED -> PLAYING
2025-04-30 18:22:36,474 - overlay - INFO - State changed: READY -> PAUSED
2025-04-30 18:22:36,474 - overlay - INFO - State changed: PAUSED -> PLAYING
2025-04-30 18:22:36,474 - overlay - INFO - State changed: PAUSED -> PLAYING
2025-04-30 18:22:36,474 - overlay - INFO - State changed: PAUSED -> PLAYING
2025-04-30 18:22:36,474 - overlay - INFO - State changed: PAUSED -> PLAYING
2025-04-30 18:22:36,474 - overlay - INFO - State changed: PAUSED -> PLAYING
2025-04-30 18:22:36,474 - overlay - INFO - State changed: READY -> PAUSED
2025-04-30 18:22:36,474 - overlay - INFO - State changed: PAUSED -> PLAYING
2025-04-30 18:22:36,475 - overlay - INFO - State changed: READY -> PAUSED
2025-04-30 18:22:36,475 - overlay - INFO - State changed: PAUSED -> PLAYING
2025-04-30 18:22:36,475 - overlay - INFO - State changed: READY -> PAUSED
2025-04-30 18:22:36,475 - overlay - INFO - State changed: PAUSED -> PLAYING
2025-04-30 18:22:36,475 - overlay - INFO - State changed: PAUSED -> PLAYING
2025-04-30 18:22:36,475 - overlay - INFO - State changed: PAUSED -> PLAYING
2025-04-30 18:22:36,475 - overlay - INFO - State changed: PAUSED -> PLAYING
2025-04-30 18:22:36,475 - overlay - INFO - State changed: PAUSED -> PLAYING
2025-04-30 18:22:36,476 - overlay - INFO - State changed: READY -> PAUSED
2025-04-30 18:22:36,476 - overlay - INFO - State changed: PAUSED -> PLAYING
2025-04-30 18:22:36,476 - overlay - INFO - State changed: READY -> PAUSED
2025-04-30 18:22:36,476 - overlay - INFO - State changed: PAUSED -> PLAYING
2025-04-30 18:22:36,476 - overlay - INFO - State changed: PAUSED -> PLAYING
2025-04-30 18:22:36,477 - overlay - INFO - State changed: PAUSED -> PLAYING
2025-04-30 18:22:36,477 - overlay - INFO - State changed: PAUSED -> PLAYING
2025-04-30 18:22:36,477 - overlay - INFO - State changed: PAUSED -> PLAYING
2025-04-30 18:22:36,477 - overlay - INFO - State changed: READY -> PAUSED
2025-04-30 18:22:36,477 - overlay - INFO - State changed: PAUSED -> PLAYING
2025-04-30 18:22:36,477 - overlay - INFO - State changed: READY -> PAUSED
2025-04-30 18:22:36,477 - overlay - INFO - State changed: PAUSED -> PLAYING
2025-04-30 18:22:36,489 - overlay - INFO - State changed: NULL -> READY
2025-04-30 18:22:36,490 - overlay - INFO - State changed: READY -> PAUSED
2025-04-30 18:22:36,490 - overlay - INFO - State changed: PAUSED -> PLAYING
2025-04-30 18:22:36,491 - overlay - INFO - State changed: NULL -> READY
2025-04-30 18:22:36,491 - overlay - INFO - State changed: NULL -> READY
2025-04-30 18:22:36,491 - overlay - INFO - State changed: NULL -> READY
2025-04-30 18:22:36,491 - overlay - INFO - State changed: READY -> PAUSED
2025-04-30 18:22:36,491 - overlay - INFO - State changed: PAUSED -> PLAYING
2025-04-30 18:22:36,491 - overlay - INFO - State changed: NULL -> READY
2025-04-30 18:22:36,491 - overlay - INFO - State changed: READY -> PAUSED
2025-04-30 18:22:36,491 - overlay - INFO - State changed: PAUSED -> PLAYING
2025-04-30 18:22:36,491 - overlay - INFO - State changed: NULL -> READY
2025-04-30 18:22:36,492 - overlay - INFO - State changed: READY -> PAUSED
2025-04-30 18:22:36,492 - overlay - INFO - State changed: PAUSED -> PLAYING
2025-04-30 18:22:36,492 - overlay - INFO - State changed: READY -> PAUSED
2025-04-30 18:22:36,492 - overlay - INFO - State changed: PAUSED -> PLAYING
2025-04-30 18:22:36,492 - overlay - INFO - State changed: READY -> PAUSED
2025-04-30 18:22:36,492 - overlay - INFO - State changed: PAUSED -> PLAYING
2025-04-30 18:22:36,492 - overlay - INFO - State changed: NULL -> READY
2025-04-30 18:22:36,492 - overlay - INFO - State changed: READY -> PAUSED
2025-04-30 18:22:36,493 - overlay - INFO - State changed: PAUSED -> PLAYING
2025-04-30 18:22:36,493 - overlay - INFO - State changed: NULL -> READY
2025-04-30 18:22:36,493 - overlay - INFO - State changed: READY -> PAUSED
2025-04-30 18:22:36,493 - overlay - INFO - State changed: PAUSED -> PLAYING
2025-04-30 18:22:36,800 - overlay - INFO - 🌐 Opening overlay URL: http://103.217.176.16:8080/scorecards/baseball/scorecard/1
2025-04-30 18:22:37,382 - overlay - INFO - Fetching gamestats with ID: 1
2025-04-30 18:22:37,383 - overlay - INFO - Fetching graphics with ID: 1
2025-04-30 18:22:37,407 - overlay - INFO - Fetching graphics with ID: 1
2025-04-30 18:22:38,203 - overlay - INFO - 🎨 Applied transparent background styling
2025-04-30 18:22:38,479 - overlay - INFO - State changed: NULL -> READY
2025-04-30 18:22:38,480 - overlay - INFO - State changed: NULL -> READY
2025-04-30 18:22:38,480 - overlay - INFO - State changed: NULL -> READY
2025-04-30 18:22:38,480 - overlay - INFO - State changed: NULL -> READY
2025-04-30 18:22:38,480 - overlay - INFO - State changed: PAUSED -> PAUSED
2025-04-30 18:22:38,480 - overlay - INFO - State changed: PAUSED -> PAUSED
2025-04-30 18:22:38,480 - overlay - INFO - State changed: PAUSED -> PAUSED
2025-04-30 18:22:38,480 - overlay - INFO - State changed: READY -> PAUSED
2025-04-30 18:22:38,481 - overlay - INFO - State changed: READY -> PAUSED
2025-04-30 18:22:38,481 - overlay - INFO - State changed: NULL -> READY
2025-04-30 18:22:38,481 - overlay - INFO - State changed: NULL -> READY
2025-04-30 18:22:38,481 - overlay - INFO - State changed: NULL -> READY
2025-04-30 18:22:38,481 - overlay - INFO - State changed: NULL -> READY
2025-04-30 18:22:38,481 - overlay - INFO - State changed: PAUSED -> PAUSED
2025-04-30 18:22:38,481 - overlay - INFO - State changed: PAUSED -> PAUSED
2025-04-30 18:22:38,481 - overlay - INFO - State changed: READY -> PAUSED
2025-04-30 18:22:38,481 - overlay - INFO - State changed: READY -> PAUSED
2025-04-30 18:22:38,486 - overlay - INFO - State changed: NULL -> READY
2025-04-30 18:22:38,487 - overlay - INFO - State changed: READY -> PAUSED
2025-04-30 18:22:38,487 - overlay - INFO - State changed: NULL -> READY
2025-04-30 18:22:38,487 - overlay - INFO - State changed: READY -> PAUSED
2025-04-30 18:22:38,487 - overlay - INFO - State changed: NULL -> READY
2025-04-30 18:22:38,488 - overlay - INFO - State changed: NULL -> READY
2025-04-30 18:22:38,488 - overlay - INFO - State changed: READY -> PAUSED
2025-04-30 18:22:38,489 - overlay - INFO - State changed: NULL -> READY
2025-04-30 18:22:38,489 - overlay - INFO - State changed: READY -> PAUSED
2025-04-30 18:22:38,489 - overlay - INFO - State changed: READY -> PAUSED
2025-04-30 18:22:38,490 - overlay - INFO - State changed: NULL -> READY
2025-04-30 18:22:38,490 - overlay - INFO - State changed: NULL -> READY
2025-04-30 18:22:38,490 - overlay - INFO - State changed: READY -> PAUSED
2025-04-30 18:22:38,490 - overlay - INFO - State changed: NULL -> READY
2025-04-30 18:22:38,490 - overlay - INFO - State changed: READY -> PAUSED
2025-04-30 18:22:38,491 - overlay - INFO - State changed: READY -> PAUSED
2025-04-30 18:22:38,491 - overlay - INFO - State changed: NULL -> READY
2025-04-30 18:22:38,492 - overlay - INFO - State changed: READY -> PAUSED
2025-04-30 18:22:38,495 - overlay - INFO - State changed: NULL -> READY
2025-04-30 18:22:38,496 - overlay - INFO - State changed: READY -> PAUSED
2025-04-30 18:22:38,497 - overlay - INFO - State changed: NULL -> READY
2025-04-30 18:22:38,499 - overlay - INFO - State changed: READY -> PAUSED
2025-04-30 18:22:38,502 - overlay - INFO - State changed: NULL -> READY
2025-04-30 18:22:38,502 - overlay - INFO - State changed: READY -> PAUSED
2025-04-30 18:22:38,506 - overlay - INFO - 🔌 New pad added from source3 with caps: video/x-raw, format=(string)NV12, width=(int)1920, height=(int)1080, interlace-mode=(string)progressive, multiview-mode=(string)mono, multiview-flags=(GstVideoMultiviewFlagsSet)0:ffffffff:/right-view-first/left-flipped/left-flopped/right-flipped/right-flopped/half-aspect/mixed-mono, pixel-aspect-ratio=(fraction)1/1, colorimetry=(string)1:3:5:1, framerate=(fraction)30/1;
2025-04-30 18:22:38,507 - overlay - INFO - 🔌 New pad added from source2 with caps: video/x-raw, format=(string)NV12, width=(int)1920, height=(int)1080, interlace-mode=(string)progressive, multiview-mode=(string)mono, multiview-flags=(GstVideoMultiviewFlagsSet)0:ffffffff:/right-view-first/left-flipped/left-flopped/right-flipped/right-flopped/half-aspect/mixed-mono, pixel-aspect-ratio=(fraction)1/1, colorimetry=(string)1:3:5:1, framerate=(fraction)30/1;
2025-04-30 18:22:38,508 - overlay - INFO - 🔌 New pad added from source4 with caps: video/x-raw, format=(string)NV12, width=(int)1920, height=(int)1080, interlace-mode=(string)progressive, multiview-mode=(string)mono, multiview-flags=(GstVideoMultiviewFlagsSet)0:ffffffff:/right-view-first/left-flipped/left-flopped/right-flipped/right-flopped/half-aspect/mixed-mono, pixel-aspect-ratio=(fraction)1/1, colorimetry=(string)1:3:5:1, framerate=(fraction)30/1;
2025-04-30 18:22:38,509 - overlay - INFO - ✅ Requested sink pad sink_2 for rtsp://192.168.100.150:8547/h264
2025-04-30 18:22:38,510 - overlay - INFO - ✅ Requested sink pad sink_0 for rtsp://192.168.100.150:8547/h264
2025-04-30 18:22:38,511 - overlay - INFO - ✅ Requested sink pad sink_1 for rtsp://192.168.100.150:8547/h264
2025-04-30 18:22:38,523 - overlay - INFO - 🔌 New pad added from source1 with caps: video/x-raw, format=(string)NV12, width=(int)1920, height=(int)1080, interlace-mode=(string)progressive, multiview-mode=(string)mono, multiview-flags=(GstVideoMultiviewFlagsSet)0:ffffffff:/right-view-first/left-flipped/left-flopped/right-flipped/right-flopped/half-aspect/mixed-mono, pixel-aspect-ratio=(fraction)1/1, colorimetry=(string)1:3:5:1, framerate=(fraction)30/1;
2025-04-30 18:22:38,525 - overlay - INFO - ✅ Requested sink pad sink_3 for rtsp://192.168.100.150:8547/h264
2025-04-30 18:22:38,528 - overlay - INFO - ✅ Successfully linked rtsp://192.168.100.150:8547/h264 to sink_1
2025-04-30 18:22:38,528 - overlay - WARNING - ⏸️ Pipeline not in PLAYING state, deferring active pad selection
2025-04-30 18:22:38,529 - overlay - INFO - State changed: READY -> PAUSED
2025-04-30 18:22:38,529 - overlay - INFO - State changed: PAUSED -> PAUSED
2025-04-30 18:22:38,555 - overlay - INFO - ✅ Successfully linked rtsp://192.168.100.150:8547/h264 to sink_2
2025-04-30 18:22:38,555 - overlay - WARNING - ⏸️ Pipeline not in PLAYING state, deferring active pad selection
2025-04-30 18:22:38,555 - overlay - INFO - State changed: READY -> PAUSED
2025-04-30 18:22:38,555 - overlay - INFO - State changed: PAUSED -> PAUSED
2025-04-30 18:22:38,558 - overlay - INFO - ✅ Successfully linked rtsp://192.168.100.150:8547/h264 to sink_0
2025-04-30 18:22:38,558 - overlay - WARNING - ⏸️ Pipeline not in PLAYING state, deferring active pad selection
2025-04-30 18:22:38,559 - overlay - INFO - State changed: READY -> PAUSED
2025-04-30 18:22:38,559 - overlay - INFO - State changed: PAUSED -> PAUSED
2025-04-30 18:22:38,572 - overlay - INFO - ✅ Successfully linked rtsp://192.168.100.150:8547/h264 to sink_3
2025-04-30 18:22:38,572 - overlay - WARNING - ⏸️ Pipeline not in PLAYING state, deferring active pad selection
2025-04-30 18:22:38,572 - overlay - INFO - State changed: READY -> PAUSED
2025-04-30 18:22:38,572 - overlay - INFO - State changed: PAUSED -> PAUSED
2025-04-30 18:22:38,572 - overlay - INFO - State changed: PAUSED -> PAUSED
2025-04-30 18:22:38,573 - overlay - INFO - State changed: PAUSED -> PLAYING
2025-04-30 18:22:38,574 - overlay - INFO - State changed: PAUSED -> PLAYING
2025-04-30 18:22:38,574 - overlay - INFO - State changed: PAUSED -> PLAYING
2025-04-30 18:22:38,574 - overlay - INFO - State changed: PAUSED -> PLAYING
2025-04-30 18:22:38,574 - overlay - INFO - State changed: PAUSED -> PLAYING
2025-04-30 18:22:38,574 - overlay - INFO - State changed: PAUSED -> PLAYING
2025-04-30 18:22:38,574 - overlay - INFO - State changed: PAUSED -> PLAYING
2025-04-30 18:22:38,574 - overlay - INFO - State changed: PAUSED -> PLAYING
2025-04-30 18:22:38,574 - overlay - INFO - State changed: PAUSED -> PLAYING
2025-04-30 18:22:38,574 - overlay - INFO - State changed: PAUSED -> PLAYING
2025-04-30 18:22:38,574 - overlay - INFO - State changed: PAUSED -> PLAYING
2025-04-30 18:22:38,574 - overlay - INFO - State changed: PAUSED -> PLAYING
2025-04-30 18:22:38,575 - overlay - INFO - State changed: PAUSED -> PLAYING
2025-04-30 18:22:38,575 - overlay - INFO - State changed: PAUSED -> PLAYING
2025-04-30 18:22:38,575 - overlay - INFO - State changed: PAUSED -> PLAYING
2025-04-30 18:22:38,575 - overlay - INFO - State changed: PAUSED -> PLAYING
2025-04-30 18:22:38,575 - overlay - INFO - State changed: PAUSED -> PLAYING
2025-04-30 18:22:38,575 - overlay - INFO - State changed: PAUSED -> PLAYING
2025-04-30 18:22:38,575 - overlay - INFO - State changed: PAUSED -> PLAYING
2025-04-30 18:22:38,575 - overlay - INFO - State changed: PAUSED -> PLAYING
2025-04-30 18:22:38,575 - overlay - INFO - State changed: PAUSED -> PLAYING
2025-04-30 18:22:38,575 - overlay - INFO - State changed: PAUSED -> PLAYING
2025-04-30 18:22:38,575 - overlay - INFO - State changed: PAUSED -> PLAYING
2025-04-30 18:22:38,576 - overlay - INFO - State changed: PAUSED -> PLAYING
2025-04-30 18:22:38,576 - overlay - INFO - State changed: PAUSED -> PLAYING
2025-04-30 18:22:38,576 - overlay - INFO - State changed: PAUSED -> PLAYING
2025-04-30 18:22:38,576 - overlay - INFO - State changed: PAUSED -> PLAYING
2025-04-30 18:22:38,576 - overlay - INFO - State changed: PAUSED -> PLAYING
2025-04-30 18:22:38,576 - overlay - INFO - State changed: PAUSED -> PLAYING
2025-04-30 18:22:39,458 - overlay - INFO - Switching to rtsp://192.168.100.150:8547/h264 (Attempt 1/15)
2025-04-30 18:22:39,458 - overlay - INFO - Setting camera ID 1 as default
2025-04-30 18:22:39,463 - overlay - INFO - All cameras' Default fields set to false
2025-04-30 18:22:39,478 - overlay - INFO - Camera ID 1 set as default
2025-04-30 18:22:47,369 - overlay - INFO - Fetching gamestats with ID: 1
2025-04-30 18:22:47,380 - overlay - INFO - Fetching graphics with ID: 1
2025-04-30 18:22:57,367 - overlay - INFO - Fetching gamestats with ID: 1
2025-04-30 18:22:57,376 - overlay - INFO - Fetching graphics with ID: 1
2025-04-30 18:23:07,370 - overlay - INFO - Fetching gamestats with ID: 1
2025-04-30 18:23:07,385 - overlay - INFO - Fetching graphics with ID: 1
2025-04-30 18:23:09,179 - recording_session - INFO - Finalizing chunk: /var/www/html/public/assets/uploads/CAM2/2025-04-30/1746019329.mp4
2025-04-30 18:23:09,190 - recording_session - INFO - 📁 Started recording chunk: /var/www/html/public/assets/uploads/CAM2/2025-04-30/1746019389.mp4
2025-04-30 18:23:09,203 - recording_session - INFO - 📁 Started recording chunk: /var/www/html/public/assets/uploads/CAM1/2025-04-30/1746019389.mp4
2025-04-30 18:23:09,219 - recording_session - INFO - 📁 Started recording chunk: /var/www/html/public/assets/uploads/CAM3/2025-04-30/1746019389.mp4
2025-04-30 18:23:09,245 - recording_session - INFO - 📁 Started recording chunk: /var/www/html/public/assets/uploads/CAM4/2025-04-30/1746019389.mp4
2025-04-30 18:23:09,285 - recording_session - INFO - 📤 Enqueuing for slow motion: /var/www/html/public/assets/uploads/CAM2/2025-04-30/1746019329.mp4
2025-04-30 18:23:09,286 - recording_session - INFO - Finalizing chunk: /var/www/html/public/assets/uploads/CAM1/2025-04-30/1746019329.mp4
2025-04-30 18:23:09,372 - ffmpeg_post_process - INFO - 🎞️ Processing slow motion: /var/www/html/public/assets/uploads/CAM2/2025-04-30/1746019329.mp4
2025-04-30 18:23:09,411 - recording_session - INFO - 📤 Enqueuing for slow motion: /var/www/html/public/assets/uploads/CAM1/2025-04-30/1746019329.mp4
2025-04-30 18:23:09,412 - recording_session - INFO - Finalizing chunk: /var/www/html/public/assets/uploads/CAM3/2025-04-30/1746019329.mp4
2025-04-30 18:23:09,523 - ffmpeg_post_process - INFO - 🎞️ Processing slow motion: /var/www/html/public/assets/uploads/CAM1/2025-04-30/1746019329.mp4
2025-04-30 18:23:09,548 - recording_session - INFO - 📤 Enqueuing for slow motion: /var/www/html/public/assets/uploads/CAM3/2025-04-30/1746019329.mp4
2025-04-30 18:23:09,549 - recording_session - INFO - Finalizing chunk: /var/www/html/public/assets/uploads/CAM4/2025-04-30/1746019329.mp4
2025-04-30 18:23:09,679 - recording_session - INFO - 📤 Enqueuing for slow motion: /var/www/html/public/assets/uploads/CAM4/2025-04-30/1746019329.mp4
2025-04-30 18:23:09,803 - ffmpeg_post_process - INFO - 🎞️ Processing slow motion: /var/www/html/public/assets/uploads/CAM4/2025-04-30/1746019329.mp4
2025-04-30 18:23:17,373 - overlay - INFO - Fetching gamestats with ID: 1
2025-04-30 18:23:17,386 - overlay - INFO - Fetching graphics with ID: 1
2025-04-30 18:23:27,366 - overlay - INFO - Fetching gamestats with ID: 1
2025-04-30 18:23:27,378 - overlay - INFO - Fetching graphics with ID: 1
2025-04-30 18:23:37,012 - ffmpeg_post_process - INFO - ✅ Slow motion generated and recorded for /var/www/html/public/assets/uploads/CAM2/2025-04-30/1746019329.mp4
2025-04-30 18:23:37,367 - overlay - INFO - Fetching gamestats with ID: 1
2025-04-30 18:23:37,377 - overlay - INFO - Fetching graphics with ID: 1
2025-04-30 18:23:37,667 - ffmpeg_post_process - INFO - ✅ Slow motion generated and recorded for /var/www/html/public/assets/uploads/CAM1/2025-04-30/1746019329.mp4
2025-04-30 18:23:37,758 - ffmpeg_post_process - INFO - 🎞️ Processing slow motion: /var/www/html/public/assets/uploads/CAM3/2025-04-30/1746019329.mp4
2025-04-30 18:23:47,366 - overlay - INFO - Fetching gamestats with ID: 1
2025-04-30 18:23:47,375 - overlay - INFO - Fetching graphics with ID: 1
2025-04-30 18:23:57,370 - overlay - INFO - Fetching gamestats with ID: 1
2025-04-30 18:23:57,394 - overlay - INFO - Fetching graphics with ID: 1
2025-04-30 18:23:59,819 - ffmpeg_post_process - INFO - ✅ Slow motion generated and recorded for /var/www/html/public/assets/uploads/CAM4/2025-04-30/1746019329.mp4
2025-04-30 18:24:00,702 - ffmpeg_post_process - INFO - ✅ Slow motion generated and recorded for /var/www/html/public/assets/uploads/CAM3/2025-04-30/1746019329.mp4
2025-04-30 18:24:07,370 - overlay - INFO - Fetching gamestats with ID: 1
2025-04-30 18:24:07,385 - overlay - INFO - Fetching graphics with ID: 1
2025-04-30 18:24:17,368 - overlay - INFO - Fetching gamestats with ID: 1
2025-04-30 18:24:17,384 - overlay - INFO - Fetching graphics with ID: 1
2025-04-30 18:24:27,369 - overlay - INFO - Fetching gamestats with ID: 1
2025-04-30 18:24:27,381 - overlay - INFO - Fetching graphics with ID: 1
2025-04-30 18:24:37,372 - overlay - INFO - Fetching gamestats with ID: 1
2025-04-30 18:24:37,387 - overlay - INFO - Fetching graphics with ID: 1
2025-04-30 18:24:47,371 - overlay - INFO - Fetching gamestats with ID: 1
2025-04-30 18:24:47,389 - overlay - INFO - Fetching graphics with ID: 1
2025-04-30 18:24:57,371 - overlay - INFO - Fetching gamestats with ID: 1
2025-04-30 18:24:57,389 - overlay - INFO - Fetching graphics with ID: 1
2025-04-30 18:25:07,371 - overlay - INFO - Fetching gamestats with ID: 1
2025-04-30 18:25:07,387 - overlay - INFO - Fetching graphics with ID: 1
2025-04-30 18:25:17,371 - overlay - INFO - Fetching gamestats with ID: 1
2025-04-30 18:25:17,383 - overlay - INFO - Fetching graphics with ID: 1
2025-04-30 18:25:27,371 - overlay - INFO - Fetching gamestats with ID: 1
2025-04-30 18:25:27,385 - overlay - INFO - Fetching graphics with ID: 1
2025-04-30 18:25:37,372 - overlay - INFO - Fetching gamestats with ID: 1
2025-04-30 18:25:37,390 - overlay - INFO - Fetching graphics with ID: 1
2025-04-30 18:25:47,369 - overlay - INFO - Fetching gamestats with ID: 1
2025-04-30 18:25:47,380 - overlay - INFO - Fetching graphics with ID: 1
2025-04-30 18:25:55,126 - recording_session - INFO - Finalizing chunk: /var/www/html/public/assets/uploads/CAM1/2025-04-30/1746019389.mp4
2025-04-30 18:25:55,228 - overlay - ERROR - 🚨 Browser close error: Browser.close: Connection closed while reading from the driver
2025-04-30 18:25:55,229 - overlay - INFO - Stopping pipeline...
2025-04-30 18:25:55,274 - recording_session - INFO - 📤 Enqueuing for slow motion: /var/www/html/public/assets/uploads/CAM1/2025-04-30/1746019389.mp4
2025-04-30 18:25:55,274 - recording_session - INFO - Finalizing chunk: /var/www/html/public/assets/uploads/CAM2/2025-04-30/1746019389.mp4
2025-04-30 18:25:55,341 - overlay - INFO - Pipeline fully stopped and resources released
