2025-04-27 22:45:06,385 - overlay - INFO - Fetching all CameraURLs records
2025-04-27 22:45:06,395 - recording_session - INFO - 🚀 SlowMoWorker started
2025-04-27 22:45:06,397 - overlay - INFO - Fetching all CameraURLs records
2025-04-27 22:45:06,406 - recording_session - INFO - 🧹 Cleanup done. Deleted 0 files.
2025-04-27 22:45:06,419 - recording_session - INFO - 🎥 Recording thread started for camera 1
2025-04-27 22:45:06,421 - overlay - INFO - Started recording for camera 1: rtsp://192.168.100.150:8547/h264
2025-04-27 22:45:06,431 - recording_session - INFO - 🎥 Recording thread started for camera 2
2025-04-27 22:45:06,431 - overlay - INFO - Started recording for camera 2: rtsp://192.168.100.150:8547/h264
2025-04-27 22:45:06,436 - recording_session - INFO - 🧪 Starting GStreamer pipeline for camera 1
2025-04-27 22:45:06,436 - recording_session - INFO - 🧪 Starting GStreamer pipeline for camera 2
2025-04-27 22:45:06,438 - recording_session - INFO - ✅ Pipeline set to PLAYING for camera 1
2025-04-27 22:45:06,439 - recording_session - INFO - ✅ Pipeline set to PLAYING for camera 2
2025-04-27 22:45:06,448 - recording_session - INFO - 🎥 Recording thread started for camera 3
2025-04-27 22:45:06,449 - overlay - INFO - Started recording for camera 3: rtsp://192.168.100.150:8547/h264
2025-04-27 22:45:06,458 - recording_session - INFO - 🧪 Starting GStreamer pipeline for camera 3
2025-04-27 22:45:06,459 - recording_session - INFO - ✅ Pipeline set to PLAYING for camera 3
2025-04-27 22:45:06,468 - recording_session - INFO - 🎥 Recording thread started for camera 4
2025-04-27 22:45:06,468 - overlay - INFO - Started recording for camera 4: rtsp://192.168.100.150:8547/h264
2025-04-27 22:45:06,473 - recording_session - INFO - 🧪 Starting GStreamer pipeline for camera 4
2025-04-27 22:45:06,478 - recording_session - INFO - ✅ Pipeline set to PLAYING for camera 4
2025-04-27 22:45:06,493 - recording_session - INFO - 🔌 pad-added signal for camera 3
2025-04-27 22:45:06,494 - recording_session - INFO - 🔗 Linked rtspsrc pad to depay for camera 3
