2025-06-11 16:02:46,713 - overlay - INFO - Fetching all CameraURLs records
2025-06-11 16:02:47,156 - recording_session - INFO - 🚀 SlowMoWorkers started: 4 threads
2025-06-11 16:02:47,157 - overlay - INFO - Fetching all CameraURLs records
2025-06-11 16:02:47,169 - recording_session - INFO - 🎥 Recording thread started for camera 1
2025-06-11 16:02:47,170 - overlay - INFO - Started recording for camera 1: rtsp://192.168.100.150:8547/h264
2025-06-11 16:02:47,193 - recording_session - INFO - 🎥 Recording thread started for camera 2
2025-06-11 16:02:47,193 - overlay - INFO - Started recording for camera 2: rtsp://192.168.100.150:8547/h264
2025-06-11 16:02:47,231 - recording_session - INFO - 🎥 Recording thread started for camera 3
2025-06-11 16:02:47,231 - overlay - INFO - Started recording for camera 3: rtsp://192.168.100.150:8547/h264
2025-06-11 16:02:47,256 - recording_session - INFO - 🎥 Recording thread started for camera 4
2025-06-11 16:02:47,258 - overlay - INFO - Started recording for camera 4: rtsp://192.168.100.150:8547/h264
2025-06-11 16:02:47,278 - recording_session - INFO - 🧪 Starting GStreamer pipeline for camera 1
2025-06-11 16:02:47,279 - recording_session - INFO - 🧪 Starting GStreamer pipeline for camera 2
2025-06-11 16:02:47,279 - recording_session - INFO - 🧪 Starting GStreamer pipeline for camera 3
2025-06-11 16:02:47,279 - recording_session - INFO - 🧪 Starting GStreamer pipeline for camera 4
2025-06-11 16:02:47,283 - recording_session - INFO - ✅ Pipeline PLAYING for camera 2
2025-06-11 16:02:47,283 - recording_session - INFO - ✅ Pipeline PLAYING for camera 1
2025-06-11 16:02:47,290 - recording_session - INFO - ✅ Pipeline PLAYING for camera 4
2025-06-11 16:02:47,290 - recording_session - INFO - ✅ Pipeline PLAYING for camera 3
2025-06-11 16:02:47,327 - overlay - INFO - Deleted old file: /var/www/html/public/assets/uploads/CAM4/2025-05-27/1748355188.mp4
2025-06-11 17:02:47,353 - overlay - INFO - Deleted old file: /var/www/html/public/assets/uploads/CAM2/2025-05-27/1748355188.mp4
