2025-04-27 22:51:18,388 - overlay - INFO - Fetching all CameraURLs records
2025-04-27 22:51:18,397 - recording_session - INFO - 🚀 SlowMoWorker started
2025-04-27 22:51:18,399 - overlay - INFO - Fetching all CameraURLs records
2025-04-27 22:51:18,410 - recording_session - INFO - 🧹 Cleanup done. Deleted 0 files.
2025-04-27 22:51:18,416 - recording_session - INFO - 🎥 Recording thread started for camera 1
2025-04-27 22:51:18,418 - overlay - INFO - Started recording for camera 1: rtsp://192.168.100.150:8547/h264
2025-04-27 22:51:18,427 - recording_session - INFO - 🎥 Recording thread started for camera 2
2025-04-27 22:51:18,428 - overlay - INFO - Started recording for camera 2: rtsp://192.168.100.150:8547/h264
2025-04-27 22:51:18,433 - recording_session - INFO - 🧪 Starting GStreamer pipeline for camera 2
2025-04-27 22:51:18,433 - recording_session - INFO - 🧪 Starting GStreamer pipeline for camera 1
2025-04-27 22:51:18,435 - recording_session - INFO - ✅ Pipeline set to PLAYING for camera 2
2025-04-27 22:51:18,435 - recording_session - INFO - ✅ Pipeline set to PLAYING for camera 1
2025-04-27 22:51:18,443 - recording_session - INFO - 🎥 Recording thread started for camera 3
2025-04-27 22:51:18,450 - overlay - INFO - Started recording for camera 3: rtsp://192.168.100.150:8547/h264
2025-04-27 22:51:18,455 - recording_session - INFO - 🧪 Starting GStreamer pipeline for camera 3
2025-04-27 22:51:18,457 - recording_session - INFO - ✅ Pipeline set to PLAYING for camera 3
2025-04-27 22:51:18,464 - recording_session - INFO - 🎥 Recording thread started for camera 4
2025-04-27 22:51:18,465 - overlay - INFO - Started recording for camera 4: rtsp://192.168.100.150:8547/h264
2025-04-27 22:51:18,473 - recording_session - INFO - 🧪 Starting GStreamer pipeline for camera 4
2025-04-27 22:51:18,475 - recording_session - INFO - ✅ Pipeline set to PLAYING for camera 4
2025-04-27 22:51:18,498 - recording_session - INFO - 🔌 pad-added signal for camera 4
2025-04-27 22:51:18,499 - recording_session - INFO - 🔗 Linked rtspsrc pad to depay for camera 4
