2025-04-27 22:54:33,152 - overlay - INFO - Fetching all CameraURLs records
2025-04-27 22:54:33,162 - recording_session - INFO - 🚀 SlowMoWorker started
2025-04-27 22:54:33,165 - overlay - INFO - Fetching all CameraURLs records
2025-04-27 22:54:33,182 - recording_session - INFO - 🧹 Cleanup done. Deleted 0 files.
2025-04-27 22:54:33,196 - recording_session - INFO - 🎥 Recording thread started for camera 1
2025-04-27 22:54:33,197 - overlay - INFO - Started recording for camera 1: rtsp://192.168.100.150:8547/h264
2025-04-27 22:54:33,208 - recording_session - INFO - 🎥 Recording thread started for camera 2
2025-04-27 22:54:33,208 - overlay - INFO - Started recording for camera 2: rtsp://192.168.100.150:8547/h264
2025-04-27 22:54:33,212 - recording_session - INFO - 🧪 Starting GStreamer pipeline for camera 2
2025-04-27 22:54:33,212 - recording_session - INFO - 🧪 Starting GStreamer pipeline for camera 1
2025-04-27 22:54:33,214 - recording_session - INFO - ✅ Pipeline set to PLAYING for camera 2
2025-04-27 22:54:33,214 - recording_session - INFO - ✅ Pipeline set to PLAYING for camera 1
2025-04-27 22:54:33,223 - recording_session - INFO - 🎥 Recording thread started for camera 3
2025-04-27 22:54:33,230 - overlay - INFO - Started recording for camera 3: rtsp://192.168.100.150:8547/h264
2025-04-27 22:54:33,232 - recording_session - INFO - 🧪 Starting GStreamer pipeline for camera 3
2025-04-27 22:54:33,233 - recording_session - INFO - ✅ Pipeline set to PLAYING for camera 3
2025-04-27 22:54:33,240 - recording_session - INFO - 🎥 Recording thread started for camera 4
2025-04-27 22:54:33,240 - overlay - INFO - Started recording for camera 4: rtsp://192.168.100.150:8547/h264
2025-04-27 22:54:33,247 - recording_session - INFO - 🧪 Starting GStreamer pipeline for camera 4
2025-04-27 22:54:33,250 - recording_session - INFO - ✅ Pipeline set to PLAYING for camera 4
2025-04-27 22:54:33,270 - recording_session - INFO - 🔌 pad-added signal for camera 4
2025-04-27 22:54:33,270 - recording_session - INFO - 🔗 Linked rtspsrc pad to depay for camera 4
