2025-04-27 22:46:22,398 - overlay - INFO - Fetching all CameraURLs records
2025-04-27 22:46:22,407 - recording_session - INFO - 🚀 SlowMoWorker started
2025-04-27 22:46:22,408 - overlay - INFO - Fetching all CameraURLs records
2025-04-27 22:46:22,419 - recording_session - INFO - 🧹 Cleanup done. Deleted 0 files.
2025-04-27 22:46:22,433 - recording_session - INFO - 🎥 Recording thread started for camera 1
2025-04-27 22:46:22,433 - overlay - INFO - Started recording for camera 1: rtsp://192.168.100.150:8547/h264
2025-04-27 22:46:22,460 - recording_session - INFO - 🧪 Starting GStreamer pipeline for camera 1
2025-04-27 22:46:22,461 - recording_session - INFO - ✅ Pipeline set to PLAYING for camera 1
2025-04-27 22:46:22,470 - recording_session - INFO - 🎥 Recording thread started for camera 2
2025-04-27 22:46:22,476 - overlay - INFO - Started recording for camera 2: rtsp://192.168.100.150:8547/h264
2025-04-27 22:46:22,479 - recording_session - INFO - 🧪 Starting GStreamer pipeline for camera 2
2025-04-27 22:46:22,480 - recording_session - INFO - ✅ Pipeline set to PLAYING for camera 2
2025-04-27 22:46:22,485 - recording_session - INFO - 🎥 Recording thread started for camera 3
2025-04-27 22:46:22,485 - overlay - INFO - Started recording for camera 3: rtsp://192.168.100.150:8547/h264
2025-04-27 22:46:22,486 - recording_session - INFO - 🧪 Starting GStreamer pipeline for camera 3
2025-04-27 22:46:22,488 - recording_session - INFO - ✅ Pipeline set to PLAYING for camera 3
2025-04-27 22:46:22,495 - recording_session - INFO - 🎥 Recording thread started for camera 4
2025-04-27 22:46:22,496 - overlay - INFO - Started recording for camera 4: rtsp://192.168.100.150:8547/h264
2025-04-27 22:46:22,501 - recording_session - INFO - 🧪 Starting GStreamer pipeline for camera 4
2025-04-27 22:46:22,503 - recording_session - INFO - ✅ Pipeline set to PLAYING for camera 4
2025-04-27 22:46:22,541 - recording_session - INFO - 🔌 pad-added signal for camera 2
2025-04-27 22:46:22,541 - recording_session - INFO - 🔗 Linked rtspsrc pad to depay for camera 2
2025-04-27 22:46:22,550 - recording_session - INFO - 🔌 pad-added signal for camera 3
2025-04-27 22:46:22,550 - recording_session - INFO - 🔗 Linked rtspsrc pad to depay for camera 3
2025-04-27 22:46:22,559 - recording_session - INFO - 🔌 pad-added signal for camera 4
2025-04-27 22:46:22,560 - recording_session - INFO - 🔗 Linked rtspsrc pad to depay for camera 4
