2025-04-27 22:56:46,138 - overlay - INFO - Fetching all CameraURLs records
2025-04-27 22:56:46,150 - recording_session - INFO - 🚀 SlowMoWorker started
2025-04-27 22:56:46,151 - overlay - INFO - Fetching all CameraURLs records
2025-04-27 22:56:46,168 - recording_session - INFO - 🧹 Cleanup done. Deleted 0 files.
2025-04-27 22:56:46,176 - recording_session - INFO - 🎥 Recording thread started for camera 1
2025-04-27 22:56:46,178 - overlay - INFO - Started recording for camera 1: rtsp://192.168.100.150:8547/h264
2025-04-27 22:56:46,186 - recording_session - INFO - 🎥 Recording thread started for camera 2
2025-04-27 22:56:46,187 - overlay - INFO - Started recording for camera 2: rtsp://192.168.100.150:8547/h264
2025-04-27 22:56:46,191 - recording_session - INFO - 🧪 Starting GStreamer pipeline for camera 2
2025-04-27 22:56:46,191 - recording_session - INFO - 🧪 Starting GStreamer pipeline for camera 1
2025-04-27 22:56:46,194 - recording_session - INFO - ✅ Pipeline set to PLAYING for camera 2
2025-04-27 22:56:46,194 - recording_session - INFO - ✅ Pipeline set to PLAYING for camera 1
2025-04-27 22:56:46,203 - recording_session - INFO - 🎥 Recording thread started for camera 3
2025-04-27 22:56:46,209 - overlay - INFO - Started recording for camera 3: rtsp://192.168.100.150:8547/h264
2025-04-27 22:56:46,212 - recording_session - INFO - 🧪 Starting GStreamer pipeline for camera 3
2025-04-27 22:56:46,214 - recording_session - INFO - ✅ Pipeline set to PLAYING for camera 3
2025-04-27 22:56:46,221 - recording_session - INFO - 🎥 Recording thread started for camera 4
2025-04-27 22:56:46,221 - overlay - INFO - Started recording for camera 4: rtsp://192.168.100.150:8547/h264
2025-04-27 22:56:46,227 - recording_session - INFO - 🧪 Starting GStreamer pipeline for camera 4
2025-04-27 22:56:46,232 - recording_session - INFO - ✅ Pipeline set to PLAYING for camera 4
2025-04-27 22:56:46,246 - recording_session - INFO - 🔌 pad-added signal for camera 3
2025-04-27 22:56:46,247 - recording_session - INFO - 🔗 Linked rtspsrc pad to depay for camera 3
