2025-05-17 10:45:04,150 - overlay - INFO - Fetching all CameraURLs records
2025-05-17 10:45:04,226 - recording_session - INFO - ðŸš€ SlowMoWorkers started: 4 threads
2025-05-17 10:45:04,230 - overlay - INFO - Fetching all CameraURLs records
2025-05-17 10:45:04,244 - recording_session - INFO - ðŸŽ¥ Recording thread started for camera 1
2025-05-17 10:45:04,246 - overlay - INFO - Started recording for camera 1: rtsp://192.168.100.150:8547/h264
2025-05-17 10:45:04,255 - recording_session - INFO - ðŸŽ¥ Recording thread started for camera 2
2025-05-17 10:45:04,256 - overlay - INFO - Started recording for camera 2: rtsp://192.168.100.150:8547/h264
2025-05-17 10:45:04,266 - recording_session - INFO - ðŸŽ¥ Recording thread started for camera 3
2025-05-17 10:45:04,266 - overlay - INFO - Started recording for camera 3: rtsp://192.168.100.150:8547/h264
2025-05-17 10:45:04,269 - recording_session - INFO - ðŸ§ª Starting GStreamer pipeline for camera 2
2025-05-17 10:45:04,269 - recording_session - INFO - ðŸ§ª Starting GStreamer pipeline for camera 1
2025-05-17 10:45:04,272 - recording_session - INFO - âœ… Pipeline PLAYING for camera 2
2025-05-17 10:45:04,282 - recording_session - INFO - ðŸ§ª Starting GStreamer pipeline for camera 3
2025-05-17 10:45:04,283 - recording_session - INFO - ðŸŽ¥ Recording thread started for camera 4
2025-05-17 10:45:04,284 - overlay - INFO - Started recording for camera 4: rtsp://192.168.100.150:8547/h264
2025-05-17 10:45:04,286 - recording_session - INFO - âœ… Pipeline PLAYING for camera 1
2025-05-17 10:45:04,287 - recording_session - INFO - âœ… Pipeline PLAYING for camera 3
2025-05-17 10:45:04,303 - recording_session - INFO - ðŸ§ª Starting GStreamer pipeline for camera 4
2025-05-17 10:45:04,306 - recording_session - INFO - âœ… Pipeline PLAYING for camera 4
2025-05-17 10:45:04,407 - recording_session - INFO - âœ… Linked rtspsrc â†’ depay for camera 2
2025-05-17 10:45:04,413 - recording_session - INFO - âœ… Linked rtspsrc â†’ depay for camera 1
2025-05-17 10:45:04,414 - recording_session - INFO - âœ… Linked rtspsrc â†’ depay for camera 3
2025-05-17 10:45:04,423 - recording_session - INFO - âœ… Linked rtspsrc â†’ depay for camera 4
2025-05-17 10:45:04,426 - recording_session - INFO - ðŸ“ Started recording chunk: /var/www/html/public/assets/uploads/CAM2/2025-05-17/1747460704.mp4
2025-05-17 10:45:04,434 - recording_session - INFO - ðŸ“ Started recording chunk: /var/www/html/public/assets/uploads/CAM4/2025-05-17/1747460704.mp4
2025-05-17 10:45:04,445 - recording_session - INFO - ðŸ“ Started recording chunk: /var/www/html/public/assets/uploads/CAM3/2025-05-17/1747460704.mp4
2025-05-17 10:45:04,463 - recording_session - INFO - ðŸ“ Started recording chunk: /var/www/html/public/assets/uploads/CAM1/2025-05-17/1747460704.mp4
2025-05-17 10:45:34,548 - overlay - INFO - Fetching all graphics records
2025-05-17 10:45:34,548 - overlay - INFO - Fetching all CameraURLs records
2025-05-17 10:45:34,556 - overlay - INFO - Found 1 graphics records
2025-05-17 10:45:34,560 - overlay - INFO - Found 4 CameraURLs records
2025-05-17 10:45:34,724 - overlay - INFO - Fetching graphics with ID: 1
2025-05-17 10:45:34,724 - overlay - INFO - Fetching gamestats with ID: 1
2025-05-17 10:45:34,748 - overlay - INFO - Fetching graphics with ID: 1
2025-05-17 10:45:36,474 - overlay - INFO - Loaded stream target (ID: 1): srt => srt://origin-v2.vewbie.com:7010
2025-05-17 10:45:36,484 - overlay - ERROR - Unexpected error: object of type `GstVideoRate' does not have property `caps'
