2025-04-27 22:58:21,148 - overlay - INFO - Fetching all CameraURLs records
2025-04-27 22:58:21,158 - recording_session - INFO - 🚀 SlowMoWorker started
2025-04-27 22:58:21,159 - overlay - INFO - Fetching all CameraURLs records
2025-04-27 22:58:21,180 - recording_session - INFO - 🧹 Cleanup done. Deleted 0 files.
2025-04-27 22:58:21,180 - recording_session - INFO - 🎥 Recording thread started for camera 1
2025-04-27 22:58:21,185 - overlay - INFO - Started recording for camera 1: rtsp://192.168.100.150:8547/h264
2025-04-27 22:58:21,205 - recording_session - INFO - 🧪 Starting GStreamer pipeline for camera 1
2025-04-27 22:58:21,209 - recording_session - INFO - 🎥 Recording thread started for camera 2
2025-04-27 22:58:21,209 - recording_session - INFO - ✅ Pipeline set to PLAYING for camera 1
2025-04-27 22:58:21,209 - overlay - INFO - Started recording for camera 2: rtsp://192.168.100.150:8547/h264
2025-04-27 22:58:21,226 - recording_session - INFO - 🧪 Starting GStreamer pipeline for camera 2
2025-04-27 22:58:21,227 - recording_session - INFO - ✅ Pipeline set to PLAYING for camera 2
2025-04-27 22:58:21,236 - recording_session - INFO - 🎥 Recording thread started for camera 3
2025-04-27 22:58:21,237 - overlay - INFO - Started recording for camera 3: rtsp://192.168.100.150:8547/h264
2025-04-27 22:58:21,239 - recording_session - INFO - 🧪 Starting GStreamer pipeline for camera 3
2025-04-27 22:58:21,241 - recording_session - INFO - ✅ Pipeline set to PLAYING for camera 3
2025-04-27 22:58:21,249 - recording_session - INFO - 🎥 Recording thread started for camera 4
2025-04-27 22:58:21,249 - overlay - INFO - Started recording for camera 4: rtsp://192.168.100.150:8547/h264
2025-04-27 22:58:21,256 - recording_session - INFO - 🧪 Starting GStreamer pipeline for camera 4
2025-04-27 22:58:21,258 - recording_session - INFO - ✅ Pipeline set to PLAYING for camera 4
2025-04-27 22:58:21,270 - recording_session - INFO - 🔌 pad-added signal for camera 2
2025-04-27 22:58:21,273 - recording_session - INFO - 🔗 Linked rtspsrc pad to depay for camera 2
2025-04-27 22:58:21,281 - recording_session - INFO - 🔌 pad-added signal for camera 3
2025-04-27 22:58:21,282 - recording_session - INFO - 🔗 Linked rtspsrc pad to depay for camera 3
