2025-05-12 16:39:19,415 - overlay - INFO - Fetching all CameraURLs records
2025-05-12 16:39:19,428 - recording_session - INFO - 🚀 SlowMoWorkers started: 4 threads
2025-05-12 16:39:19,428 - overlay - INFO - Fetching all CameraURLs records
2025-05-12 16:39:19,443 - recording_session - INFO - 🎥 Recording thread started for camera 1
2025-05-12 16:39:19,444 - overlay - INFO - Started recording for camera 1: rtsp://192.168.100.150:8547/h264
2025-05-12 16:39:19,456 - recording_session - INFO - 🎥 Recording thread started for camera 2
2025-05-12 16:39:19,456 - overlay - INFO - Started recording for camera 2: rtsp://192.168.100.150:8547/h264
2025-05-12 16:39:19,468 - recording_session - INFO - 🎥 Recording thread started for camera 3
2025-05-12 16:39:19,468 - overlay - INFO - Started recording for camera 3: rtsp://192.168.100.150:8547/h264
2025-05-12 16:39:19,474 - recording_session - INFO - 🧪 Starting GStreamer pipeline for camera 3
2025-05-12 16:39:19,474 - recording_session - INFO - 🧪 Starting GStreamer pipeline for camera 2
2025-05-12 16:39:19,474 - recording_session - INFO - 🧪 Starting GStreamer pipeline for camera 1
2025-05-12 16:39:19,476 - recording_session - ERROR - ❌ Failed to set pipeline to PLAYING for camera 3
2025-05-12 16:39:19,476 - recording_session - ERROR - ❌ Failed to set pipeline to PLAYING for camera 2
2025-05-12 16:39:19,476 - recording_session - ERROR - ❌ Failed to set pipeline to PLAYING for camera 1
2025-05-12 16:39:19,478 - recording_session - INFO - 🎥 Recording thread started for camera 4
2025-05-12 16:39:19,478 - overlay - INFO - Started recording for camera 4: rtsp://192.168.100.150:8547/h264
2025-05-12 16:39:19,481 - overlay - INFO - Deleted old file: /var/www/html/public/assets/uploads/CAM4/2025-05-11/1746987895_slow.mp4
2025-05-12 16:39:19,481 - recording_session - INFO - 🧪 Starting GStreamer pipeline for camera 4
2025-05-12 16:39:19,482 - recording_session - ERROR - ❌ Failed to set pipeline to PLAYING for camera 4
2025-05-14 18:10:24,110 - overlay - INFO - Deleted old file: /var/www/html/public/assets/uploads/CAM1/2025-05-11/1746987956.mp4
2025-05-14 19:10:24,126 - overlay - INFO - Deleted old file: /var/www/html/public/assets/uploads/CAM3/2025-05-11/1746987956.mp4
2025-05-14 20:10:24,135 - overlay - INFO - Deleted old file: /var/www/html/public/assets/uploads/CAM4/2025-05-11/1746987956.mp4
2025-05-14 21:10:24,143 - overlay - INFO - Deleted old file: /var/www/html/public/assets/uploads/CAM2/2025-05-11/1746987956.mp4
2025-05-14 22:10:24,152 - overlay - INFO - Deleted old file: /var/www/html/public/assets/uploads/CAM3/2025-05-11/1746987895_slow.mp4
2025-05-14 23:10:24,161 - overlay - INFO - Deleted old file: /var/www/html/public/assets/uploads/CAM1/2025-05-11/1746988016.mp4
2025-05-15 00:10:24,178 - overlay - INFO - Deleted old file: /var/www/html/public/assets/uploads/CAM3/2025-05-11/1746988016.mp4
