2025-04-27 22:46:12,886 - overlay - INFO - Fetching all CameraURLs records
2025-04-27 22:46:12,897 - recording_session - INFO - 🚀 SlowMoWorker started
2025-04-27 22:46:12,897 - overlay - INFO - Fetching all CameraURLs records
2025-04-27 22:46:12,913 - recording_session - INFO - 🧹 Cleanup done. Deleted 0 files.
2025-04-27 22:46:12,927 - recording_session - INFO - 🎥 Recording thread started for camera 1
2025-04-27 22:46:12,929 - overlay - INFO - Started recording for camera 1: rtsp://192.168.100.150:8547/h264
2025-04-27 22:46:12,940 - recording_session - INFO - 🎥 Recording thread started for camera 2
2025-04-27 22:46:12,940 - overlay - INFO - Started recording for camera 2: rtsp://192.168.100.150:8547/h264
2025-04-27 22:46:12,943 - recording_session - INFO - 🧪 Starting GStreamer pipeline for camera 1
2025-04-27 22:46:12,943 - recording_session - INFO - 🧪 Starting GStreamer pipeline for camera 2
2025-04-27 22:46:12,947 - recording_session - INFO - ✅ Pipeline set to PLAYING for camera 1
2025-04-27 22:46:12,948 - recording_session - INFO - 🎥 Recording thread started for camera 3
2025-04-27 22:46:12,948 - overlay - INFO - Started recording for camera 3: rtsp://192.168.100.150:8547/h264
2025-04-27 22:46:12,954 - recording_session - INFO - ✅ Pipeline set to PLAYING for camera 2
2025-04-27 22:46:12,964 - recording_session - INFO - 🧪 Starting GStreamer pipeline for camera 3
2025-04-27 22:46:12,966 - recording_session - INFO - ✅ Pipeline set to PLAYING for camera 3
2025-04-27 22:46:12,975 - recording_session - INFO - 🎥 Recording thread started for camera 4
2025-04-27 22:46:12,975 - overlay - INFO - Started recording for camera 4: rtsp://192.168.100.150:8547/h264
2025-04-27 22:46:12,978 - recording_session - INFO - 🧪 Starting GStreamer pipeline for camera 4
2025-04-27 22:46:12,980 - recording_session - INFO - ✅ Pipeline set to PLAYING for camera 4
2025-04-27 22:46:13,008 - recording_session - INFO - 🔌 pad-added signal for camera 4
2025-04-27 22:46:13,009 - recording_session - INFO - 🔗 Linked rtspsrc pad to depay for camera 4
