2025-04-27 23:04:07,912 - overlay - INFO - Fetching all CameraURLs records
2025-04-27 23:04:07,922 - recording_session - INFO - 🚀 SlowMoWorker started
2025-04-27 23:04:07,924 - overlay - INFO - Fetching all CameraURLs records
2025-04-27 23:04:07,941 - recording_session - INFO - 🎥 Recording thread started for camera 1
2025-04-27 23:04:07,942 - recording_session - INFO - 🧹 Cleanup done. Deleted 0 files.
2025-04-27 23:04:07,944 - overlay - INFO - Started recording for camera 1: rtsp://192.168.100.150:8547/h264
2025-04-27 23:04:07,962 - recording_session - INFO - 🧪 Starting GStreamer pipeline for camera 1
2025-04-27 23:04:07,966 - recording_session - INFO - ✅ Pipeline set to PLAYING for camera 1
2025-04-27 23:04:07,975 - recording_session - INFO - 🎥 Recording thread started for camera 2
2025-04-27 23:04:07,983 - overlay - INFO - Started recording for camera 2: rtsp://192.168.100.150:8547/h264
2025-04-27 23:04:07,986 - recording_session - INFO - 🧪 Starting GStreamer pipeline for camera 2
2025-04-27 23:04:07,989 - recording_session - INFO - ✅ Pipeline set to PLAYING for camera 2
2025-04-27 23:04:07,996 - recording_session - INFO - 🎥 Recording thread started for camera 3
2025-04-27 23:04:07,996 - overlay - INFO - Started recording for camera 3: rtsp://192.168.100.150:8547/h264
2025-04-27 23:04:08,000 - recording_session - INFO - 🧪 Starting GStreamer pipeline for camera 3
2025-04-27 23:04:08,001 - recording_session - INFO - ✅ Pipeline set to PLAYING for camera 3
2025-04-27 23:04:08,006 - recording_session - INFO - 🎥 Recording thread started for camera 4
2025-04-27 23:04:08,007 - overlay - INFO - Started recording for camera 4: rtsp://192.168.100.150:8547/h264
2025-04-27 23:04:08,009 - recording_session - INFO - 🧪 Starting GStreamer pipeline for camera 4
2025-04-27 23:04:08,012 - recording_session - INFO - ✅ Pipeline set to PLAYING for camera 4
2025-04-27 23:04:08,042 - recording_session - INFO - 🔌 pad-added signal for camera 4
2025-04-27 23:04:08,043 - recording_session - INFO - 🔗 Linked rtspsrc pad to depay for camera 4
