2025-04-27 22:50:35,906 - overlay - INFO - Fetching all CameraURLs records
2025-04-27 22:50:35,915 - recording_session - INFO - 🚀 SlowMoWorker started
2025-04-27 22:50:35,916 - overlay - INFO - Fetching all CameraURLs records
2025-04-27 22:50:35,925 - recording_session - INFO - 🧹 Cleanup done. Deleted 0 files.
2025-04-27 22:50:35,937 - recording_session - INFO - 🎥 Recording thread started for camera 1
2025-04-27 22:50:35,943 - overlay - INFO - Started recording for camera 1: rtsp://192.168.100.150:8547/h264
2025-04-27 22:50:35,955 - recording_session - INFO - 🎥 Recording thread started for camera 2
2025-04-27 22:50:35,955 - overlay - INFO - Started recording for camera 2: rtsp://192.168.100.150:8547/h264
2025-04-27 22:50:35,966 - recording_session - INFO - 🎥 Recording thread started for camera 3
2025-04-27 22:50:35,966 - overlay - INFO - Started recording for camera 3: rtsp://192.168.100.150:8547/h264
2025-04-27 22:50:35,969 - recording_session - INFO - 🧪 Starting GStreamer pipeline for camera 1
2025-04-27 22:50:35,969 - recording_session - INFO - 🧪 Starting GStreamer pipeline for camera 3
2025-04-27 22:50:35,969 - recording_session - INFO - 🧪 Starting GStreamer pipeline for camera 2
2025-04-27 22:50:35,971 - recording_session - INFO - ✅ Pipeline set to PLAYING for camera 3
2025-04-27 22:50:35,971 - recording_session - INFO - ✅ Pipeline set to PLAYING for camera 2
2025-04-27 22:50:35,971 - recording_session - INFO - ✅ Pipeline set to PLAYING for camera 1
2025-04-27 22:50:35,980 - recording_session - INFO - 🎥 Recording thread started for camera 4
2025-04-27 22:50:35,985 - overlay - INFO - Started recording for camera 4: rtsp://192.168.100.150:8547/h264
2025-04-27 22:50:35,986 - recording_session - INFO - 🧪 Starting GStreamer pipeline for camera 4
2025-04-27 22:50:35,991 - recording_session - INFO - ✅ Pipeline set to PLAYING for camera 4
2025-04-27 22:50:36,025 - recording_session - INFO - 🔌 pad-added signal for camera 4
2025-04-27 22:50:36,027 - recording_session - INFO - 🔗 Linked rtspsrc pad to depay for camera 4
