2025-04-27 22:54:14,182 - overlay - INFO - Fetching all CameraURLs records
2025-04-27 22:54:14,192 - recording_session - INFO - 🚀 SlowMoWorker started
2025-04-27 22:54:14,192 - overlay - INFO - Fetching all CameraURLs records
2025-04-27 22:54:14,208 - recording_session - INFO - 🧹 Cleanup done. Deleted 0 files.
2025-04-27 22:54:14,224 - recording_session - INFO - 🎥 Recording thread started for camera 1
2025-04-27 22:54:14,224 - overlay - INFO - Started recording for camera 1: rtsp://192.168.100.150:8547/h264
2025-04-27 22:54:14,235 - recording_session - INFO - 🎥 Recording thread started for camera 2
2025-04-27 22:54:14,235 - overlay - INFO - Started recording for camera 2: rtsp://192.168.100.150:8547/h264
2025-04-27 22:54:14,241 - recording_session - INFO - 🧪 Starting GStreamer pipeline for camera 2
2025-04-27 22:54:14,241 - recording_session - INFO - 🧪 Starting GStreamer pipeline for camera 1
2025-04-27 22:54:14,243 - recording_session - INFO - ✅ Pipeline set to PLAYING for camera 1
2025-04-27 22:54:14,244 - recording_session - INFO - ✅ Pipeline set to PLAYING for camera 2
2025-04-27 22:54:14,252 - recording_session - INFO - 🎥 Recording thread started for camera 3
2025-04-27 22:54:14,252 - overlay - INFO - Started recording for camera 3: rtsp://192.168.100.150:8547/h264
2025-04-27 22:54:14,261 - recording_session - INFO - 🧪 Starting GStreamer pipeline for camera 3
2025-04-27 22:54:14,266 - recording_session - INFO - ✅ Pipeline set to PLAYING for camera 3
2025-04-27 22:54:14,269 - recording_session - INFO - 🎥 Recording thread started for camera 4
2025-04-27 22:54:14,269 - overlay - INFO - Started recording for camera 4: rtsp://192.168.100.150:8547/h264
2025-04-27 22:54:14,271 - recording_session - INFO - 🧪 Starting GStreamer pipeline for camera 4
2025-04-27 22:54:14,276 - recording_session - INFO - ✅ Pipeline set to PLAYING for camera 4
2025-04-27 22:54:14,300 - recording_session - INFO - 🔌 pad-added signal for camera 3
2025-04-27 22:54:14,301 - recording_session - INFO - 🔗 Linked rtspsrc pad to depay for camera 3
2025-04-27 22:54:14,308 - recording_session - INFO - 🔌 pad-added signal for camera 4
2025-04-27 22:54:14,309 - recording_session - INFO - 🔗 Linked rtspsrc pad to depay for camera 4
