2025-04-27 22:36:00,647 - overlay - INFO - Fetching all CameraURLs records
2025-04-27 22:36:00,655 - recording_session - INFO - 🚀 SlowMoWorker started
2025-04-27 22:36:00,657 - overlay - INFO - Fetching all CameraURLs records
2025-04-27 22:36:00,674 - recording_session - INFO - 🎥 Recording thread started for camera 1
2025-04-27 22:36:00,677 - overlay - INFO - Started recording for camera 1: rtsp://192.168.100.150:8547/h264
2025-04-27 22:36:00,684 - recording_session - INFO - 🧹 Cleanup done. Deleted 0 files.
2025-04-27 22:36:00,692 - recording_session - INFO - 🎥 Recording thread started for camera 2
2025-04-27 22:36:00,692 - overlay - INFO - Started recording for camera 2: rtsp://192.168.100.150:8547/h264
2025-04-27 22:36:00,703 - recording_session - INFO - 🧪 Starting GStreamer pipeline for camera 1
2025-04-27 22:36:00,705 - recording_session - INFO - ✅ Pipeline set to PLAYING for camera 1
2025-04-27 22:36:00,705 - recording_session - INFO - 🧪 Starting GStreamer pipeline for camera 2
2025-04-27 22:36:00,724 - recording_session - INFO - 🎥 Recording thread started for camera 3
2025-04-27 22:36:00,725 - overlay - INFO - Started recording for camera 3: rtsp://192.168.100.150:8547/h264
2025-04-27 22:36:00,725 - recording_session - INFO - ✅ Pipeline set to PLAYING for camera 2
2025-04-27 22:36:00,727 - recording_session - INFO - 🧪 Starting GStreamer pipeline for camera 3
2025-04-27 22:36:00,733 - recording_session - INFO - ✅ Pipeline set to PLAYING for camera 3
2025-04-27 22:36:00,736 - recording_session - INFO - 🎥 Recording thread started for camera 4
2025-04-27 22:36:00,737 - overlay - INFO - Started recording for camera 4: rtsp://192.168.100.150:8547/h264
2025-04-27 22:36:00,740 - recording_session - INFO - 🧪 Starting GStreamer pipeline for camera 4
2025-04-27 22:36:00,742 - recording_session - INFO - ✅ Pipeline set to PLAYING for camera 4
2025-04-27 22:36:00,768 - recording_session - INFO - 🔌 pad-added signal for camera 4
2025-04-27 22:36:00,769 - recording_session - INFO - 🔗 Linked rtspsrc pad to depay for camera 4
