2025-05-16 00:08:08,085 - overlay - INFO - Fetching all CameraURLs records
2025-05-16 00:08:08,186 - recording_session - INFO - 🚀 SlowMoWorkers started: 4 threads
2025-05-16 00:08:08,186 - overlay - INFO - Fetching all CameraURLs records
2025-05-16 00:08:08,201 - recording_session - INFO - 🎥 Recording thread started for camera 1
2025-05-16 00:08:08,202 - overlay - INFO - Started recording for camera 1: rtsp://192.168.100.150:8547/h264
2025-05-16 00:08:08,225 - recording_session - INFO - 🧪 Starting GStreamer pipeline for camera 1
2025-05-16 00:08:08,227 - recording_session - INFO - 🎥 Recording thread started for camera 2
2025-05-16 00:08:08,227 - recording_session - INFO - ✅ Pipeline PLAYING for camera 1
2025-05-16 00:08:08,227 - overlay - INFO - Started recording for camera 2: rtsp://192.168.100.150:8547/h264
2025-05-16 00:08:08,249 - recording_session - INFO - 🧪 Starting GStreamer pipeline for camera 2
2025-05-16 00:08:08,254 - recording_session - INFO - ✅ Pipeline PLAYING for camera 2
2025-05-16 00:08:08,257 - recording_session - INFO - 🎥 Recording thread started for camera 3
2025-05-16 00:08:08,257 - overlay - INFO - Started recording for camera 3: rtsp://192.168.100.150:8547/h264
2025-05-16 00:08:08,259 - recording_session - INFO - 🧪 Starting GStreamer pipeline for camera 3
2025-05-16 00:08:08,262 - recording_session - INFO - ✅ Pipeline PLAYING for camera 3
2025-05-16 00:08:08,279 - recording_session - INFO - 🎥 Recording thread started for camera 4
2025-05-16 00:08:08,280 - overlay - INFO - Started recording for camera 4: rtsp://192.168.100.150:8547/h264
2025-05-16 00:08:08,299 - recording_session - INFO - ✅ Linked rtspsrc → depay for camera 1
2025-05-16 00:08:08,302 - recording_session - INFO - ✅ Linked rtspsrc → depay for camera 2
2025-05-16 00:08:08,306 - recording_session - INFO - 🧪 Starting GStreamer pipeline for camera 4
2025-05-16 00:08:08,310 - recording_session - INFO - ✅ Pipeline PLAYING for camera 4
2025-05-16 00:08:08,320 - recording_session - INFO - ✅ Linked rtspsrc → depay for camera 3
2025-05-16 00:08:08,332 - recording_session - INFO - ✅ Linked rtspsrc → depay for camera 4
