2025-04-27 22:48:34,637 - overlay - INFO - Fetching all CameraURLs records
2025-04-27 22:48:34,646 - recording_session - INFO - 🚀 SlowMoWorker started
2025-04-27 22:48:34,647 - overlay - INFO - Fetching all CameraURLs records
2025-04-27 22:48:34,657 - recording_session - INFO - 🧹 Cleanup done. Deleted 0 files.
2025-04-27 22:48:34,664 - recording_session - INFO - 🎥 Recording thread started for camera 1
2025-04-27 22:48:34,670 - overlay - INFO - Started recording for camera 1: rtsp://192.168.100.150:8547/h264
2025-04-27 22:48:34,682 - recording_session - INFO - 🎥 Recording thread started for camera 2
2025-04-27 22:48:34,683 - overlay - INFO - Started recording for camera 2: rtsp://192.168.100.150:8547/h264
2025-04-27 22:48:34,688 - recording_session - INFO - 🧪 Starting GStreamer pipeline for camera 1
2025-04-27 22:48:34,688 - recording_session - INFO - 🧪 Starting GStreamer pipeline for camera 2
2025-04-27 22:48:34,691 - recording_session - INFO - ✅ Pipeline set to PLAYING for camera 2
2025-04-27 22:48:34,691 - recording_session - INFO - ✅ Pipeline set to PLAYING for camera 1
2025-04-27 22:48:34,705 - recording_session - INFO - 🎥 Recording thread started for camera 3
2025-04-27 22:48:34,706 - overlay - INFO - Started recording for camera 3: rtsp://192.168.100.150:8547/h264
2025-04-27 22:48:34,708 - recording_session - INFO - 🧪 Starting GStreamer pipeline for camera 3
2025-04-27 22:48:34,712 - recording_session - INFO - ✅ Pipeline set to PLAYING for camera 3
2025-04-27 22:48:34,718 - recording_session - INFO - 🎥 Recording thread started for camera 4
2025-04-27 22:48:34,718 - overlay - INFO - Started recording for camera 4: rtsp://192.168.100.150:8547/h264
2025-04-27 22:48:34,723 - recording_session - INFO - 🧪 Starting GStreamer pipeline for camera 4
2025-04-27 22:48:34,724 - recording_session - INFO - ✅ Pipeline set to PLAYING for camera 4
2025-04-27 22:48:34,753 - recording_session - INFO - 🔌 pad-added signal for camera 4
2025-04-27 22:48:34,754 - recording_session - INFO - 🔗 Linked rtspsrc pad to depay for camera 4
