2025-04-27 23:00:34,157 - overlay - INFO - Fetching all CameraURLs records
2025-04-27 23:00:34,166 - recording_session - INFO - 🚀 SlowMoWorker started
2025-04-27 23:00:34,170 - overlay - INFO - Fetching all CameraURLs records
2025-04-27 23:00:34,174 - recording_session - INFO - 🧹 Cleanup done. Deleted 0 files.
2025-04-27 23:00:34,191 - recording_session - INFO - 🎥 Recording thread started for camera 1
2025-04-27 23:00:34,196 - overlay - INFO - Started recording for camera 1: rtsp://192.168.100.150:8547/h264
2025-04-27 23:00:34,207 - recording_session - INFO - 🎥 Recording thread started for camera 2
2025-04-27 23:00:34,208 - overlay - INFO - Started recording for camera 2: rtsp://192.168.100.150:8547/h264
2025-04-27 23:00:34,219 - recording_session - INFO - 🎥 Recording thread started for camera 3
2025-04-27 23:00:34,220 - overlay - INFO - Started recording for camera 3: rtsp://192.168.100.150:8547/h264
2025-04-27 23:00:34,222 - recording_session - INFO - 🧪 Starting GStreamer pipeline for camera 1
2025-04-27 23:00:34,222 - recording_session - INFO - 🧪 Starting GStreamer pipeline for camera 2
2025-04-27 23:00:34,222 - recording_session - INFO - 🧪 Starting GStreamer pipeline for camera 3
2025-04-27 23:00:34,224 - recording_session - INFO - ✅ Pipeline set to PLAYING for camera 1
2025-04-27 23:00:34,224 - recording_session - INFO - ✅ Pipeline set to PLAYING for camera 2
2025-04-27 23:00:34,232 - recording_session - INFO - ✅ Pipeline set to PLAYING for camera 3
2025-04-27 23:00:34,243 - recording_session - INFO - 🎥 Recording thread started for camera 4
2025-04-27 23:00:34,243 - overlay - INFO - Started recording for camera 4: rtsp://192.168.100.150:8547/h264
2025-04-27 23:00:34,247 - recording_session - INFO - 🧪 Starting GStreamer pipeline for camera 4
2025-04-27 23:00:34,249 - recording_session - INFO - ✅ Pipeline set to PLAYING for camera 4
2025-04-27 23:00:34,277 - recording_session - INFO - 🔌 pad-added signal for camera 4
2025-04-27 23:00:34,278 - recording_session - INFO - 🔗 Linked rtspsrc pad to depay for camera 4
