2025-04-28 17:10:22,927 - overlay - INFO - Fetching all CameraURLs records
2025-04-28 17:10:22,938 - recording_session - INFO - 🚀 SlowMoWorkers started: 4 threads
2025-04-28 17:10:22,939 - overlay - INFO - Fetching all CameraURLs records
2025-04-28 17:10:22,940 - recording_session - INFO - 🧹 Cleanup done. Deleted 0 files.
2025-04-28 17:10:22,948 - recording_session - INFO - 🎥 Recording thread started for camera 1
2025-04-28 17:10:22,951 - overlay - INFO - Started recording for camera 1: rtsp://192.168.100.150:8547/h264
2025-04-28 17:10:22,993 - recording_session - INFO - 🎥 Recording thread started for camera 2
2025-04-28 17:10:22,995 - overlay - INFO - Started recording for camera 2: rtsp://192.168.100.150:8547/h264
2025-04-28 17:10:23,008 - recording_session - INFO - 🎥 Recording thread started for camera 3
2025-04-28 17:10:23,009 - overlay - INFO - Started recording for camera 3: rtsp://192.168.100.150:8547/h264
2025-04-28 17:10:23,020 - recording_session - INFO - 🎥 Recording thread started for camera 4
2025-04-28 17:10:23,020 - overlay - INFO - Started recording for camera 4: rtsp://192.168.100.150:8547/h264
2025-04-28 17:10:23,022 - recording_session - INFO - 🧪 Starting GStreamer pipeline for camera 2
2025-04-28 17:10:23,022 - recording_session - INFO - 🧪 Starting GStreamer pipeline for camera 1
2025-04-28 17:10:23,023 - recording_session - INFO - 🧪 Starting GStreamer pipeline for camera 3
2025-04-28 17:10:23,024 - recording_session - INFO - ✅ Pipeline set to PLAYING for camera 2
2025-04-28 17:10:23,025 - recording_session - INFO - ✅ Pipeline set to PLAYING for camera 1
2025-04-28 17:10:23,058 - recording_session - INFO - ✅ Pipeline set to PLAYING for camera 3
2025-04-28 17:10:23,058 - recording_session - INFO - 🧪 Starting GStreamer pipeline for camera 4
2025-04-28 17:10:23,061 - recording_session - INFO - ✅ Pipeline set to PLAYING for camera 4
2025-04-28 17:10:24,000 - recording_session - INFO - 📊 RAM Usage: 2.2% | CPU: 6.9%
